
HOMD BLAST_geolocation Log: 2024-03-28
Dates: 2024-02-27 17:01:49 To: 2024-03-01 13:05:37

Country Totals per IP
{
    "France": 1,
    "Germany": 1,
    "United States": 1
}

HOMD Function Totals{
    "blast": {
        "genome_blast": 17,
        "genome_blast_single_prokka": 10,
        "refseq_blast": 16
    }
}

HOMD BLAST IP/Country Report

From: 2024-02-27 17:01:49   To: 2024-03-01 13:05:37
 ____________________________________________________________________________________________________
| Date        | IP               | Country                       | Region                            |
|____________________________________________________________________________________________________|
| 2024-02-27  | 128.205.81.202   | United States                 | New York                          |
| 2024-02-29  | 128.205.81.202   | United States                 | New York                          |
| 2024-03-01  | 134.130.15.1     | Germany                       | North Rhine-Westphalia            |
| 2024-03-01  | 90.65.20.62      | France                        | Auvergne-Rhône-Alpes              |
|____________________________________________________________________________________________________|


HOMD BLAST IP/Country Report2
 ________________________________________________________________________________________________________________________________
| IP               | Num         | Fxn                       | Country                       | Region                            |
|________________________________________________________________________________________________________________________________|
| 90.65.20.62      | 17          | genome_blast              | France                        | Auvergne-Rhône-Alpes              |
| 134.130.15.1     | 9           | genome_blast_single_prokka| Germany                       | North Rhine-Westphalia            |
| 128.205.81.202   | 17          | genome_blast_single_prokka| United States                 | New York                          |
|________________________________________________________________________________________________________________________________|

