HOMD BLAST+ Country/Region Report

From: 2024-05-06 19:24:52   To: 2024-05-31 20:54:37
 ____________________________________________________________________________________________________
| Country                            | Region                             | Count        
|____________________________________________________________________________________________________|
| Brazil                             | Rio de Janeiro                     | 35           |
| Brazil                             | São Paulo                          | 3            |
| China                              | Beijing                            | 28           |
| Colombia                           | Bogota D.C.                        | 60           |
| Denmark                            | Central Jutland                    | 14           |
| Germany                            | Lower Saxony                       | 1            |
| India                              | Assam                              | 1            |
| India                              | Uttar Pradesh                      | 8            |
| India                              | West Bengal                        | 163          |
| Ireland                            | Leinster                           | 4            |
| Japan                              | Fukuoka                            | 2            |
| Japan                              | Hyōgo                              | 1            |
| Japan                              | Kyoto                              | 1            |
| Mexico                             | Mexico City                        | 2            |
| Pakistan                           | Punjab                             | 3            |
| Thailand                           | Bangkok                            | 12           |
| United Kingdom                     | England                            | 8            |
| United Kingdom                     | Scotland                           | 7            |
| United States                      | California                         | 15           |
| United States                      | Maryland                           | 2            |
| United States                      | Massachusetts                      | 111          |
| United States                      | New York                           | 94           |
| United States                      | North Carolina                     | 9            |
| United States                      | Oklahoma                           | 13           |
| United States                      | Oregon                             | 12           |
| United States                      | Pennsylvania                       | 2            |
| United States                      | Rhode Island                       | 10           |
| United States                      | Texas                              | 1            |
| United States                      | Washington                         | 71           |
|____________________________________________________________________________________________________|


Total Line Count: 693

