HOMD BLAST+ Country/Region Report

From: 2024-03-01 18:54:13   To: 2024-05-06 14:56:52
 ____________________________________________________________________________________________________
| Country                            | Region                             | Count
|____________________________________________________________________________________________________|
| Australia                          | Victoria                           | 2            |
| Belgium                            | Flanders                           | 54           |
| Canada                             | Nova Scotia                        | 19           |
| China                              | Beijing                            | 28           |
| China                              | Guangdong                          | 4            |
| China                              | Guizhou                            | 4            |
| China                              | Jiangsu                            | 31           |
| China                              | Shaanxi                            | 7            |
| China                              | Shanghai                           | 4            |
| Colombia                           | Bogota D.C.                        | 5            |
| Denmark                            | Central Jutland                    | 47           |
| France                             | Auvergne-Rhône-Alpes               | 7            |
| Germany                            | Baden-Wurttemberg                  | 2            |
| Germany                            | Lower Saxony                       | 14           |
| Germany                            | North Rhine-Westphalia             | 16           |
| Hong Kong                          | Hong Kong                          | 1            |
| India                              | Delhi                              | 57           |
| India                              | Kerala                             | 1            |
| India                              | Mizoram                            | 5            |
| India                              | Uttar Pradesh                      | 7            |
| India                              | West Bengal                        | 178          |
| Japan                              | Hokkaido                           | 1            |
| Japan                              | Tokyo                              | 1            |
| Korea, Republic of                 | Seoul                              | 15           |
| Latvia                             | Riga                               | 1            |
| Norway                             | Vestland                           | 1            |
| Russian Federation                 | Moscow                             | 1            |
| Spain                              | Madrid                             | 2            |
| Sweden                             | Västerbotten                       | 1            |
| Switzerland                        | Zurich                             | 7            |
| Taiwan, Province of China          | Taiwan                             | 1            |
| United Kingdom                     | England                            | 3            |
| United States                      | Arizona                            | 1            |
| United States                      | California                         | 80           |
| United States                      | Florida                            | 2            |
| United States                      | Indiana                            | 1            |
| United States                      | Maryland                           | 23           |
| United States                      | Massachusetts                      | 47           |
| United States                      | New Jersey                         | 2            |
| United States                      | New York                           | 84           |
| United States                      | North Carolina                     | 132          |
| United States                      | Ohio                               | 1            |
| United States                      | Oklahoma                           | 64           |
| United States                      | Oregon                             | 196          |
| United States                      | Pennsylvania                       | 1            |
| United States                      | Texas                              | 21           |
| United States                      | Virginia                           | 2            |
| United States                      | Washington                         | 12           |
|____________________________________________________________________________________________________|


Total Line Count: 1196
