# BLASTN 2.12.0+
# Query: V3V5_019_Gammaproteobacteria
# Database: ../BLAST_DATABASE_ABUNDANCE/HOMD_16S_rRNA_RefSeq_V15.22.p9.fasta
# Fields: query id, bit score, identical, % identity, q. start, q. end, subject title, alignment length, mismatches, gaps
# 30 hits found
V3V5_019_Gammaproteobacteria	427	233	99.573	1	234	718N000A | Haemophilus parainfluenzae | HMT-718 | Clone: ncd81b03c1 | GB: HM255881 | Status: Named | Preferred Habitat: Nasal/Oral | Genome: Genome: yes	234	1	0
V3V5_019_Gammaproteobacteria	427	233	99.573	1	234	718_3530 | Haemophilus parainfluenzae | HMT-718 | Strain: CIP 102513 | GB: EU083530 | Status: Named | Preferred Habitat: Nasal/Oral | Genome: Genome: yes	234	1	0
V3V5_019_Gammaproteobacteria	422	232	99.145	1	234	944_6642 | Haemophilus sputorum | HMT-944 | Strain: CCUG 13788 | GB: JF506642 | Status: Named | Preferred Habitat: Oral | Genome: Genome: yes	234	2	0
V3V5_019_Gammaproteobacteria	411	230	98.291	1	234	949_6655 | Aggregatibacter sp. HMT 949 | HMT-949 | Clone: CCUG 36139 | GB: JF506655 | Status: Phylotype | Preferred Habitat: Oral | Genome: Genome: no	234	4	0
V3V5_019_Gammaproteobacteria	411	230	98.291	1	234	035_8142 | Haemophilus paraphrohaemolyticus | HMT-035 | Strain: NCTC 10670 | GB: NR_118142 | Status: Named | Preferred Habitat: Oral | Genome: Genome: yes	234	4	0
V3V5_019_Gammaproteobacteria	411	230	98.291	1	234	035_3523 | Haemophilus paraphrohaemolyticus | HMT-035 | Clone: ELU0153-000341 | GB: HQ803523 | Status: Named | Preferred Habitat: Oral | Genome: Genome: yes	234	4	0
V3V5_019_Gammaproteobacteria	405	229	97.863	1	234	458JM053 | Aggregatibacter sp. HMT 458 | HMT-458 | Clone: JM053 | GB: AY349380 | Status: Unnamed | Preferred Habitat: Oral | Genome: Genome: yes	234	5	0
V3V5_019_Gammaproteobacteria	405	229	97.863	1	234	898-Wade | Aggregatibacter sp. HMT 898 | HMT-898 | Clone: HS19_2W_I12 | GB: KC203060 | Status: Phylotype | Preferred Habitat: Oral | Genome: Genome: no	234	5	0
V3V5_019_Gammaproteobacteria	405	229	97.863	1	234	641N000B | Haemophilus influenzae | HMT-641 | Clone: ncd2740e04c1 | GB: JF236380 | Status: Named | Preferred Habitat: Nasal | Genome: Genome: yes	234	5	0
V3V5_019_Gammaproteobacteria	405	229	97.863	1	234	535_5044 | Haemophilus aegyptius | HMT-535 | Strain: NCTC 8502 | GB: M75044 | Status: Named | Preferred Habitat: Oral | Genome: Genome: yes	234	5	0
V3V5_019_Gammaproteobacteria	405	229	97.863	1	234	641_3619 | Haemophilus influenzae | HMT-641 | Strain: M3669 | GB: AY613619 | Status: Named | Preferred Habitat: Nasal | Genome: Genome: yes	234	5	0
V3V5_019_Gammaproteobacteria	405	229	97.863	1	234	259N116A | Haemophilus sp. HMT 259 | HMT-259 | Clone: ncd2419h01c1 | GB: JF210233 | Status: Phylotype | Preferred Habitat: Unassigned | Genome: Genome: no	234	5	0
V3V5_019_Gammaproteobacteria	405	229	97.863	1	234	259N116B | Haemophilus sp. HMT 259 | HMT-259 | Clone: M10127 | GB: AY613546 | Status: Phylotype | Preferred Habitat: Unassigned | Genome: Genome: no	234	5	0
V3V5_019_Gammaproteobacteria	405	229	97.863	1	234	945_5746 | Haemophilus parahaemolyticus | HMT-945 | Strain: NCTC 8479 | GB: AJ295746 | Status: Named | Preferred Habitat: Oral | Genome: Genome: yes	234	5	0
V3V5_019_Gammaproteobacteria	405	229	97.863	1	234	945_5384 | Haemophilus parahaemolyticus | HMT-945 | Strain: G321 | GB: LK985384 | Status: Named | Preferred Habitat: Oral | Genome: Genome: yes	234	5	0
V3V5_019_Gammaproteobacteria	399	228	97.436	1	234	898_5716 | Aggregatibacter sp. HMT 898 | HMT-898 | Clone: ncd1799g05c1 | GB: JF155716 | Status: Phylotype | Preferred Habitat: Oral | Genome: Genome: no	234	6	0
V3V5_019_Gammaproteobacteria	399	228	97.436	1	234	720_5042 | Aggregatibacter paraphrophilus | HMT-720 | Strain: ATCC 29241 | GB: M75042 | Status: Named | Preferred Habitat: Oral | Genome: Genome: yes	234	6	0
V3V5_019_Gammaproteobacteria	399	228	97.436	1	234	545_5041 | Aggregatibacter aphrophilus | HMT-545 | Strain: ATCC 33389 | GB: M75041 | Status: Named | Preferred Habitat: Oral | Genome: Genome: yes	234	6	0
V3V5_019_Gammaproteobacteria	399	228	97.436	1	234	545F0387 | Aggregatibacter aphrophilus | HMT-545 | Strain: F0387 | GB: tbd | Status: Named | Preferred Habitat: Oral | Genome: Genome: yes	234	6	0
V3V5_019_Gammaproteobacteria	399	228	97.436	1	234	908_1362 | Haemophilus sp. HMT 908 | HMT-908 | Clone: ELU0149-000192 | GB: HQ801362 | Status: Phylotype | Preferred Habitat: Oral | Genome: Genome: no	234	6	0
V3V5_019_Gammaproteobacteria	399	228	97.436	1	234	908-Wade | Haemophilus sp. HMT 908 | HMT-908 | Clone: AL159 | GB: JQ406529 | Status: Phylotype | Preferred Habitat: Oral | Genome: Genome: no	234	6	0
V3V5_019_Gammaproteobacteria	399	228	97.436	1	234	851F0397 | Haemophilus haemolyticus | HMT-851 | Strain: F0397 | GB: HM596277 | Status: Named | Preferred Habitat: Oral | Genome: Genome: yes	234	6	0
V3V5_019_Gammaproteobacteria	399	228	97.436	1	234	641_5019 | Haemophilus influenzae | HMT-641 | Strain: ATCC 33391 | GB: M35019 | Status: Named | Preferred Habitat: Nasal | Genome: Genome: yes	234	6	0
V3V5_019_Gammaproteobacteria	399	228	97.436	1	234	821_3483 | Haemophilus ducreyi | HMT-821 | Strain: ATCC 33921 | GB: AY513483 | Status: Named | Preferred Habitat: Unassigned | Genome: Genome: yes	234	6	0
V3V5_019_Gammaproteobacteria	394	227	97.009	1	234	036_8981 | Haemophilus sp. HMT 036 | HMT-036 | Clone: 16slp93-3e06.p1k | GB: GQ158981 | Status: Unnamed | Preferred Habitat: Oral | Genome: Genome: yes	234	7	0
V3V5_019_Gammaproteobacteria	394	227	97.009	1	234	036_3900 | Haemophilus sp. HMT 036 | HMT-036 | Clone: ELU0098-000114 | GB: HQ783900 | Status: Unnamed | Preferred Habitat: Oral | Genome: Genome: yes	234	7	0
V3V5_019_Gammaproteobacteria	394	227	97.009	1	234	946_0755 | Haemophilus pittmaniae | HMT-946 | Strain: CCUG 48703 | GB: AJ290755 | Status: Named | Preferred Habitat: Oral | Genome: Genome: yes	234	7	0
V3V5_019_Gammaproteobacteria	388	226	96.581	1	234	512_3621 | Aggregatibacter sp. HMT 512 | HMT-512 | Clone: MB3_C24 | GB: DQ003621 | Status: Lost | Preferred Habitat: Oral | Genome: Genome: no	234	8	0
V3V5_019_Gammaproteobacteria	388	226	96.581	1	234	762_5043 | Aggregatibacter segnis | HMT-762 | Strain: ATCC 33393 | GB: M75043 | Status: Named | Preferred Habitat: Oral | Genome: Genome: yes	234	8	0
V3V5_019_Gammaproteobacteria	388	226	96.581	1	234	513_3635 | Aggregatibacter sp. HMT 513 | HMT-513 | Clone: MB3_C38 | GB: DQ003635 | Status: Phylotype | Preferred Habitat: Oral | Genome: Genome: no	234	8	0
# BLAST processed 1 queries
