# BLASTN 2.12.0+
# Query: V3V5_479_Bacteroidetes
# Database: ../BLAST_DATABASE_ABUNDANCE/HOMD_16S_rRNA_RefSeq_V15.22.p9.fasta
# Fields: query id, bit score, identical, % identity, q. start, q. end, subject title, alignment length, mismatches, gaps
# 30 hits found
V3V5_479_Bacteroidetes	259	212	86.179	2	246	317_8624 | Prevotella sp. HMT 317 | HMT-317 | Clone: C3MKM081 | GB: AY278624 | Status: Unnamed | Preferred Habitat: Oral | Genome: Genome: yes	246	27	7
V3V5_479_Bacteroidetes	259	212	86.179	2	246	317_5061 | Prevotella sp. HMT 317 | HMT-317 | Strain: B31FD | GB: AY005061 | Status: Unnamed | Preferred Habitat: Oral | Genome: Genome: yes	246	27	7
V3V5_479_Bacteroidetes	254	211	85.772	2	246	472GU027 | Prevotella sp. HMT 472 | HMT-472 | Clone: GU027 | GB: AY349398 | Status: Unnamed | Preferred Habitat: Oral | Genome: Genome: yes	246	28	7
V3V5_479_Bacteroidetes	254	211	85.772	2	246	658_6481 | Prevotella loescheii | HMT-658 | Strain: ATCC 15930 | GB: L16481 | Status: Named | Preferred Habitat: Oral | Genome: Genome: yes	246	28	7
V3V5_479_Bacteroidetes	254	211	85.772	2	246	472_2261 | Prevotella sp. HMT 472 | HMT-472 | Clone: 070034_820 | GB: JQ462261 | Status: Unnamed | Preferred Habitat: Oral | Genome: Genome: yes	246	28	7
V3V5_479_Bacteroidetes	248	209	85.306	2	246	795_8825 | Prevotella shahii | HMT-795 | Strain: JCM 12083 | GB: AB108825 | Status: Named | Preferred Habitat: Oral | Genome: Genome: yes	245	31	5
V3V5_479_Bacteroidetes	244	204	85.356	8	246	475IK053 | Prevotella sp. HMT 475 | HMT-475 | Clone: IK053 | GB: AY349401 | Status: Unnamed | Preferred Habitat: Oral | Genome: Genome: yes	239	31	4
V3V5_479_Bacteroidetes	243	211	84.739	1	246	560_6478 | Prevotella buccae | HMT-560 | Strain: ATCC 33690 | GB: L16478 | Status: Named | Preferred Habitat: Oral | Genome: Genome: yes	249	30	8
V3V5_479_Bacteroidetes	237	203	84.583	8	246	911-Wade | Bacteroidetes [G-7] bacterium HMT 911 | HMT-911 | Clone: DL325 | GB: JQ406540 | Status: Phylotype | Preferred Habitat: Unassigned | Genome: Genome: no	240	35	2
V3V5_479_Bacteroidetes	233	202	84.519	8	246	475_7238 | Prevotella sp. HMT 475 | HMT-475 | Clone: ncd2221f05c1 | GB: JF187238 | Status: Unnamed | Preferred Habitat: Oral | Genome: Genome: yes	239	33	4
V3V5_479_Bacteroidetes	233	206	84.082	2	246	665_1227 | Prevotella marshii | HMT-665 | Strain: E9_34 | GB: AF481227 | Status: Named | Preferred Habitat: Oral | Genome: Genome: yes	245	35	4
V3V5_479_Bacteroidetes	230	204	83.951	4	246	526_4134 | Prevotella sp. HMT 526 | HMT-526 | Clone: MB7_G16 | GB: DQ003633 | Status: Phylotype | Preferred Habitat: Oral | Genome: Genome: no	243	35	4
V3V5_479_Bacteroidetes	230	204	83.951	4	246	526_3633 | Prevotella sp. HMT 526 | HMT-526 | Clone: P4P_53 | GB: AY944134 | Status: Phylotype | Preferred Habitat: Oral | Genome: Genome: no	243	35	4
V3V5_479_Bacteroidetes	228	202	84.167	8	246	289_4315 | Prevotella maculosa | HMT-289 | Strain: W1609 | GB: EF534315 | Status: Named | Preferred Habitat: Oral | Genome: Genome: yes	240	33	5
V3V5_479_Bacteroidetes	228	201	84.100	8	246	299BI027 | Prevotella nanceiensis | HMT-299 | Clone: BI027 | GB: AY005064 | Status: Named | Preferred Habitat: Oral | Genome: Genome: yes	239	34	4
V3V5_479_Bacteroidetes	228	203	84.232	8	246	273_7054 | Porphyromonas endodontalis | HMT-273 | Clone: P2PB_52 | GB: AY207054 | Status: Named | Preferred Habitat: Oral | Genome: Genome: yes	241	30	8
V3V5_479_Bacteroidetes	228	203	84.232	8	246	273_6491 | Porphyromonas endodontalis | HMT-273 | Strain: ATCC 35406 | GB: L16491 | Status: Named | Preferred Habitat: Oral | Genome: Genome: yes	241	30	8
V3V5_479_Bacteroidetes	228	203	84.232	8	246	285_F016 | Porphyromonas sp. HMT 285 | HMT-285 | Clone: _F016 | GB: AY005069 | Status: Phylotype | Preferred Habitat: Oral | Genome: Genome: no	241	30	8
V3V5_479_Bacteroidetes	222	201	83.750	8	246	311_6474 | Prevotella oris | HMT-311 | Strain: ATCC 33573 | GB: L16474 | Status: Named | Preferred Habitat: Oral | Genome: Genome: yes	240	34	5
V3V5_479_Bacteroidetes	222	202	83.817	8	246	273BB134 | Porphyromonas endodontalis | HMT-273 | Clone: BB134 | GB: AY005068 | Status: Named | Preferred Habitat: Oral | Genome: Genome: yes	241	31	8
V3V5_479_Bacteroidetes	222	202	83.817	8	246	273AJ002 | Porphyromonas endodontalis | HMT-273 | Clone: AJ002 | GB: AY005067 | Status: Named | Preferred Habitat: Oral | Genome: Genome: yes	241	31	8
V3V5_479_Bacteroidetes	220	200	83.682	8	245	311_F045 | Prevotella oris | HMT-311 | Clone: _F045 | GB: AY005056 | Status: Named | Preferred Habitat: Oral | Genome: Genome: yes	239	34	5
V3V5_479_Bacteroidetes	220	203	83.884	8	246	942_6378 | Prevotella sp. HMT 942 | HMT-942 | Clone: 22B412 | GB: FJ976378 | Status: Phylotype | Preferred Habitat: Oral | Genome: Genome: no	242	28	11
V3V5_479_Bacteroidetes	220	200	83.682	8	246	378_1228 | Prevotella micans | HMT-378 | Strain: E7_56 | GB: AF481228 | Status: Named | Preferred Habitat: Oral | Genome: Genome: yes	239	34	5
V3V5_479_Bacteroidetes	219	206	83.065	1	246	916-Wade | Tannerella sp. HMT 916 | HMT-916 | Clone: CP6_C2 | GB: KC203065 | Status: Phylotype | Preferred Habitat: Oral | Genome: Genome: no	248	34	8
V3V5_479_Bacteroidetes	219	206	83.065	1	246	286BU063 | Tannerella sp. HMT 286 | HMT-286 | Clone: BU063 | GB: AY008308 | Status: Unnamed | Preferred Habitat: Oral | Genome: Genome: yes	248	34	8
V3V5_479_Bacteroidetes	217	199	83.264	8	246	820_7212 | Prevotella sp. HMT 820 | HMT-820 | Strain: P2A_FAAD4 | GB: AF537212 | Status: Unnamed | Preferred Habitat: Oral | Genome: Genome: no	239	36	4
V3V5_479_Bacteroidetes	213	205	82.661	1	246	808BU045 | Tannerella sp. HMT 808 | HMT-808 | Clone: BU045 | GB: AF385565 | Status: Phylotype | Preferred Habitat: Oral | Genome: Genome: no	248	35	8
V3V5_479_Bacteroidetes	209	198	82.845	8	246	572_3124 | Prevotella veroralis | HMT-572 | Strain: JCM 6290 | GB: NR_113124 | Status: Named | Preferred Habitat: Oral | Genome: Genome: yes	239	36	5
V3V5_479_Bacteroidetes	209	198	82.845	8	246	572_4079 | Prevotella veroralis | HMT-572 | Clone: 071062_262 | GB: JQ474079 | Status: Named | Preferred Habitat: Oral | Genome: Genome: yes	239	36	5
# BLAST processed 1 queries
