# BLASTN 2.12.0+
# Query: V3V5_480_Bacteroidetes
# Database: ../BLAST_DATABASE_ABUNDANCE/HOMD_16S_rRNA_RefSeq_V15.22.p9.fasta
# Fields: query id, bit score, identical, % identity, q. start, q. end, subject title, alignment length, mismatches, gaps
# 30 hits found
V3V5_480_Bacteroidetes	401	233	96.680	2	242	787F0041 | Bacteroides pyogenes | HMT-787 | Strain: F0041 | GB: GQ422748 | Status: Named | Preferred Habitat: Unassigned | Genome: Genome: yes	241	8	0
V3V5_480_Bacteroidetes	387	227	96.186	7	242	630F0110 | Bacteroides heparinolyticus | HMT-630 | Strain: F0110 | GB: GQ422742 | Status: Named | Preferred Habitat: Unassigned | Genome: Genome: no	236	9	0
V3V5_480_Bacteroidetes	387	227	96.186	7	242	630_6487 | Bacteroides heparinolyticus | HMT-630 | Strain: ATCC 35895 | GB: L16487 | Status: Named | Preferred Habitat: Unassigned | Genome: Genome: no	236	9	0
V3V5_480_Bacteroidetes	370	224	94.915	7	242	465_6488 | Bacteroides zoogleoformans | HMT-465 | Strain: ATCC 33285 | GB: L16488 | Status: Named | Preferred Habitat: Unassigned | Genome: Genome: no	236	12	0
V3V5_480_Bacteroidetes	339	217	92.735	9	242	914_7808 | Alloprevotella sp. HMT 914 | HMT-914 | Clone: ncd78e11c1 | GB: HM247808 | Status: Phylotype | Preferred Habitat: Oral | Genome: Genome: no	234	17	0
V3V5_480_Bacteroidetes	337	216	92.704	10	242	913_9172 | Alloprevotella sp. HMT 913 | HMT-913 | Clone: P3D1-597 | GB: EF509172 | Status: Phylotype | Preferred Habitat: Oral | Genome: Genome: no	233	17	0
V3V5_480_Bacteroidetes	337	216	92.704	10	242	912Wade2 | Alloprevotella sp. HMT 912 | HMT-912 | Clone: HS3_1W_C6 | GB: KC203063 | Status: Phylotype | Preferred Habitat: Oral | Genome: Genome: no	233	17	0
V3V5_480_Bacteroidetes	331	215	92.275	10	242	912-Wade | Alloprevotella sp. HMT 912 | HMT-912 | Clone: BL176 | GB: JQ406532 | Status: Phylotype | Preferred Habitat: Oral | Genome: Genome: no	233	18	0
V3V5_480_Bacteroidetes	326	214	91.845	10	242	473HF050 | Alloprevotella sp. HMT 473 | HMT-473 | Clone: HF050 | GB: AY349399 | Status: Unnamed | Preferred Habitat: Oral | Genome: Genome: yes	233	19	0
V3V5_480_Bacteroidetes	322	214	91.453	9	242	308DO039 | Alloprevotella sp. HMT 308 | HMT-308 | Clone: DO039 | GB: AF385513 | Status: Phylotype | Preferred Habitat: Oral | Genome: Genome: no	234	20	0
V3V5_480_Bacteroidetes	315	212	90.987	10	242	473IK062 | Alloprevotella sp. HMT 473 | HMT-473 | Clone: IK062 | GB: AY349402 | Status: Unnamed | Preferred Habitat: Oral | Genome: Genome: yes	233	21	0
V3V5_480_Bacteroidetes	311	215	90.336	7	242	619_3964 | Porphyromonas gingivalis | HMT-619 | Strain: DSM 20709 | GB: X73964 | Status: Named | Preferred Habitat: Oral | Genome: Genome: yes	238	21	2
V3V5_480_Bacteroidetes	303	218	89.344	1	242	930_8499 | Porphyromonas sp. HMT 930 | HMT-930 | Clone: 071041_260 | GB: JQ468499 | Status: Phylotype | Preferred Habitat: Oral | Genome: Genome: no	244	22	4
V3V5_480_Bacteroidetes	298	209	89.700	10	242	302F0020 | Alloprevotella rava | HMT-302 | Strain: F0020 | GB: GQ422736 | Status: Named | Preferred Habitat: Oral | Genome: Genome: yes	233	24	0
V3V5_480_Bacteroidetes	298	217	88.934	1	242	916-Wade | Tannerella sp. HMT 916 | HMT-916 | Clone: CP6_C2 | GB: KC203065 | Status: Phylotype | Preferred Habitat: Oral | Genome: Genome: no	244	23	4
V3V5_480_Bacteroidetes	298	217	88.934	1	242	286BU063 | Tannerella sp. HMT 286 | HMT-286 | Clone: BU063 | GB: AY008308 | Status: Unnamed | Preferred Habitat: Oral | Genome: Genome: yes	244	23	4
V3V5_480_Bacteroidetes	298	216	88.889	1	242	613_6495 | Tannerella forsythia | HMT-613 | Strain: FDC 338 | GB: L16495 | Status: Named | Preferred Habitat: Oral | Genome: Genome: yes	243	25	2
V3V5_480_Bacteroidetes	292	216	88.525	1	242	278BS045 | Porphyromonas sp. HMT 278 | HMT-278 | Clone: BS045 | GB: AF385560 | Status: Unnamed | Preferred Habitat: Oral | Genome: Genome: yes	244	24	4
V3V5_480_Bacteroidetes	292	216	88.525	1	242	279F450d | Porphyromonas pasteri | HMT-279 | Strain: F0450d | GB: tbd | Status: Named | Preferred Habitat: Oral | Genome: Genome: yes	244	24	4
V3V5_480_Bacteroidetes	292	216	88.525	1	242	279F450c | Porphyromonas pasteri | HMT-279 | Strain: F0450c | GB: tbd | Status: Named | Preferred Habitat: Oral | Genome: Genome: yes	244	24	4
V3V5_480_Bacteroidetes	292	216	88.525	1	242	279CW034 | Porphyromonas pasteri | HMT-279 | Clone: CW034 | GB: AY008310 | Status: Named | Preferred Habitat: Oral | Genome: Genome: yes	244	24	4
V3V5_480_Bacteroidetes	292	216	88.525	1	242	279DP023 | Porphyromonas pasteri | HMT-279 | Clone: DP023 | GB: AF385516 | Status: Named | Preferred Habitat: Oral | Genome: Genome: yes	244	24	4
V3V5_480_Bacteroidetes	292	216	88.525	1	242	279F450a | Porphyromonas pasteri | HMT-279 | Strain: F0450a | GB: tbd | Status: Named | Preferred Habitat: Oral | Genome: Genome: yes	244	24	4
V3V5_480_Bacteroidetes	292	216	88.525	1	242	279F450b | Porphyromonas pasteri | HMT-279 | Strain: F0450b | GB: tbd | Status: Named | Preferred Habitat: Oral | Genome: Genome: yes	244	24	4
V3V5_480_Bacteroidetes	292	214	88.430	1	242	285_F016 | Porphyromonas sp. HMT 285 | HMT-285 | Clone: _F016 | GB: AY005069 | Status: Phylotype | Preferred Habitat: Oral | Genome: Genome: no	242	28	0
V3V5_480_Bacteroidetes	292	216	88.525	1	242	808BU045 | Tannerella sp. HMT 808 | HMT-808 | Clone: BU045 | GB: AF385565 | Status: Phylotype | Preferred Habitat: Oral | Genome: Genome: no	244	24	4
V3V5_480_Bacteroidetes	291	214	88.797	4	242	795_8825 | Prevotella shahii | HMT-795 | Strain: JCM 12083 | GB: AB108825 | Status: Named | Preferred Habitat: Oral | Genome: Genome: yes	241	22	5
V3V5_480_Bacteroidetes	289	215	88.477	2	242	942_6378 | Prevotella sp. HMT 942 | HMT-942 | Clone: 22B412 | GB: FJ976378 | Status: Phylotype | Preferred Habitat: Oral | Genome: Genome: no	243	23	5
V3V5_480_Bacteroidetes	287	207	88.841	10	242	302_9190 | Alloprevotella rava | HMT-302 | Strain: W6968 | GB: JQ039190 | Status: Named | Preferred Habitat: Oral | Genome: Genome: yes	233	26	0
V3V5_480_Bacteroidetes	287	215	88.115	1	242	283_2823 | Porphyromonas catoniae | HMT-283 | Strain: ATCC 51270 | GB: X82823 | Status: Named | Preferred Habitat: Oral | Genome: Genome: yes	244	25	4
# BLAST processed 1 queries
