# BLASTN 2.12.0+
# Query: V3V5_143_Bacteroidetes
# Database: ../BLAST_DATABASE_ABUNDANCE/HOMD_16S_rRNA_RefSeq_V15.22.p9.fasta
# Fields: query id, bit score, identical, % identity, q. start, q. end, subject title, alignment length, mismatches, gaps
# 30 hits found
V3V5_143_Bacteroidetes	440	240	99.585	1	241	693F0103 | Prevotella nigrescens | HMT-693 | Strain: F0103 | GB: GU470890 | Status: Named | Preferred Habitat: Oral | Genome: Genome: yes	241	1	0
V3V5_143_Bacteroidetes	440	240	99.585	1	241	693_3963 | Prevotella nigrescens | HMT-693 | Strain: NCTC 9336 | GB: X73963 | Status: Named | Preferred Habitat: Oral | Genome: Genome: yes	241	1	0
V3V5_143_Bacteroidetes	366	222	94.872	8	241	643_3106 | Prevotella intermedia | HMT-643 | Strain: JCM 12248 | GB: NR_113106 | Status: Named | Preferred Habitat: Oral | Genome: Genome: yes	234	12	0
V3V5_143_Bacteroidetes	366	222	94.872	8	241	643_2907 | Prevotella intermedia | HMT-643 | Strain: 17 | GB: NR_102907 | Status: Named | Preferred Habitat: Oral | Genome: Genome: yes	234	12	0
V3V5_143_Bacteroidetes	355	220	94.017	8	241	943_2878 | Prevotella aurantiaca | HMT-943 | Strain: OMA31 | GB: NR_112878 | Status: Named | Preferred Habitat: Oral | Genome: Genome: yes	234	14	0
V3V5_143_Bacteroidetes	355	220	94.017	8	241	714_3121 | Prevotella pallens | HMT-714 | Strain: JCM 11140 | GB: NR_113121 | Status: Named | Preferred Habitat: Oral | Genome: Genome: yes	234	14	0
V3V5_143_Bacteroidetes	348	222	92.887	3	241	291AO036 | Prevotella denticola | HMT-291 | Clone: AO036 | GB: AY005054 | Status: Named | Preferred Habitat: Oral | Genome: Genome: yes	239	17	0
V3V5_143_Bacteroidetes	342	221	92.469	3	241	291_3524 | Prevotella denticola | HMT-291 | Strain: ATCC 35308 | GB: AY323524 | Status: Named | Preferred Habitat: Oral | Genome: Genome: yes	239	18	0
V3V5_143_Bacteroidetes	342	221	92.469	3	241	291AH005 | Prevotella denticola | HMT-291 | Clone: AH005 | GB: AY005053 | Status: Named | Preferred Habitat: Oral | Genome: Genome: yes	239	18	0
V3V5_143_Bacteroidetes	331	219	91.632	3	241	556_6475 | Prevotella bivia | HMT-556 | Strain: ATCC 29303 | GB: L16475 | Status: Named | Preferred Habitat: Oral | Genome: Genome: yes	239	20	0
V3V5_143_Bacteroidetes	326	218	91.213	3	241	685_2483 | Prevotella multiformis | HMT-685 | Strain: PPPA21 | GB: AB182483 | Status: Named | Preferred Habitat: Oral | Genome: Genome: yes	239	21	0
V3V5_143_Bacteroidetes	320	217	90.795	3	241	376_1226 | Prevotella sp. HMT 376 | HMT-376 | Strain: E7_34 | GB: AF481226 | Status: Unnamed | Preferred Habitat: Oral | Genome: Genome: no	239	22	0
V3V5_143_Bacteroidetes	318	215	91.102	7	241	782F0012 | Prevotella fusca | HMT-782 | Strain: F0012 | GB: GQ422745 | Status: Named | Preferred Habitat: Oral | Genome: Genome: yes	236	19	2
V3V5_143_Bacteroidetes	318	215	91.102	7	241	782_4304 | Prevotella fusca | HMT-782 | Strain: JCM 17724 | GB: NR_114304 | Status: Named | Preferred Habitat: Oral | Genome: Genome: yes	236	19	2
V3V5_143_Bacteroidetes	315	217	90.417	4	241	562_6476 | Prevotella buccalis | HMT-562 | Strain: ATCC 35310 | GB: L16476 | Status: Named | Preferred Habitat: Unassigned | Genome: Genome: yes	240	21	2
V3V5_143_Bacteroidetes	313	214	90.678	7	241	572_3124 | Prevotella veroralis | HMT-572 | Strain: JCM 6290 | GB: NR_113124 | Status: Named | Preferred Habitat: Oral | Genome: Genome: yes	236	20	2
V3V5_143_Bacteroidetes	313	214	90.678	7	241	572_4079 | Prevotella veroralis | HMT-572 | Clone: 071062_262 | GB: JQ474079 | Status: Named | Preferred Habitat: Oral | Genome: Genome: yes	236	20	2
V3V5_143_Bacteroidetes	313	214	90.678	7	241	572_6473 | Prevotella veroralis | HMT-572 | Strain: ATCC 33779 | GB: L16473 | Status: Named | Preferred Habitat: Oral | Genome: Genome: yes	236	20	2
V3V5_143_Bacteroidetes	313	214	90.678	7	241	313FM005 | Prevotella sp. HMT 313 | HMT-313 | Clone: FM005 | GB: AF432133 | Status: Unnamed | Preferred Habitat: Oral | Genome: Genome: no	236	20	2
V3V5_143_Bacteroidetes	309	216	90.000	3	241	396_7050 | Prevotella sp. HMT 396 | HMT-396 | Clone: P4PB_83 | GB: AY207050 | Status: Phylotype | Preferred Habitat: Oral | Genome: Genome: no	240	23	1
V3V5_143_Bacteroidetes	309	215	89.958	3	241	305_0424 | Prevotella sp. HMT 305 | HMT-305 | Clone: 070055_034 | GB: JQ460424 | Status: Phylotype | Preferred Habitat: Oral | Genome: Genome: no	239	24	0
V3V5_143_Bacteroidetes	307	213	90.254	7	241	885_3253 | Prevotella scopos | HMT-885 | Strain: JCM 17725 | GB: AB683253 | Status: Named | Preferred Habitat: Oral | Genome: Genome: yes	236	21	2
V3V5_143_Bacteroidetes	307	213	90.254	7	241	469_3525 | Prevotella melaninogenica | HMT-469 | Strain: ATCC 25845 | GB: AY323525 | Status: Named | Preferred Habitat: Oral | Genome: Genome: yes	236	21	2
V3V5_143_Bacteroidetes	307	213	90.254	7	241	306DO027 | Prevotella sp. HMT 306 | HMT-306 | Clone: DO027 | GB: AF385511 | Status: Unnamed | Preferred Habitat: Oral | Genome: Genome: yes	236	21	2
V3V5_143_Bacteroidetes	307	213	90.254	7	241	298BE073 | Prevotella histicola | HMT-298 | Clone: BE073 | GB: AF385551 | Status: Named | Preferred Habitat: Oral | Genome: Genome: yes	236	21	2
V3V5_143_Bacteroidetes	307	213	90.254	7	241	313_9254 | Prevotella sp. HMT 313 | HMT-313 | Clone: 069104_177 | GB: JQ449254 | Status: Unnamed | Preferred Habitat: Oral | Genome: Genome: no	236	21	2
V3V5_143_Bacteroidetes	307	213	90.254	7	241	314FU048 | Prevotella sp. HMT 314 | HMT-314 | Clone: FU048 | GB: AY349393 | Status: Unnamed | Preferred Habitat: Oral | Genome: Genome: no	236	21	2
V3V5_143_Bacteroidetes	305	218	90.083	7	241	583_1876 | Prevotella dentalis | HMT-583 | Strain: DSM 3688 | GB: X81876 | Status: Named | Preferred Habitat: Oral | Genome: Genome: yes	242	14	10
V3V5_143_Bacteroidetes	303	215	89.583	3	241	288F0390 | Prevotella oulorum | HMT-288 | Strain: F0390 | GB: tbd | Status: Named | Preferred Habitat: Oral | Genome: Genome: yes	240	24	1
V3V5_143_Bacteroidetes	303	215	89.583	3	241	288_6472 | Prevotella oulorum | HMT-288 | Strain: ATCC 43324 | GB: L16472 | Status: Named | Preferred Habitat: Oral | Genome: Genome: yes	240	24	1
# BLAST processed 1 queries
