# BLASTN 2.12.0+
# Query: V3V5_443_Firmicutes
# Database: ../BLAST_DATABASE_ABUNDANCE/HOMD_16S_rRNA_RefSeq_V15.22.p9.fasta
# Fields: query id, bit score, identical, % identity, q. start, q. end, subject title, alignment length, mismatches, gaps
# 30 hits found
V3V5_443_Firmicutes	348	229	91.968	2	249	094DA074 | Lachnospiraceae [G-10] bacterium HMT 094 | HMT-094 | Clone: DA074 | GB: AF287768 | Status: Phylotype | Preferred Habitat: Unassigned | Genome: Genome: no	249	18	2
V3V5_443_Firmicutes	337	224	91.803	1	244	539_6962 | Filifactor alocis | HMT-539 | Strain: ATCC 35896 | GB: AJ006962 | Status: Named | Preferred Habitat: Oral | Genome: Genome: yes	244	16	4
V3V5_443_Firmicutes	337	226	91.129	2	249	095_9956 | Shuttleworthia satelles | HMT-095 | Strain: D143K-13 | GB: AF399956 | Status: Named | Preferred Habitat: Oral | Genome: Genome: yes	248	22	0
V3V5_443_Firmicutes	333	219	92.017	14	249	086BU061 | Lachnospiraceae [G-7] bacterium HMT 086 | HMT-086 | Clone: BU061 | GB: AF385567 | Status: Phylotype | Preferred Habitat: Oral | Genome: Genome: no	238	17	2
V3V5_443_Firmicutes	331	224	91.057	1	246	383_8856 | Peptostreptococcaceae [XI][G-1] bacterium HMT 383 | HMT-383 | Clone: P2PB_46 | GB: AF538856 | Status: Phylotype | Preferred Habitat: Unassigned | Genome: Genome: no	246	21	1
V3V5_443_Firmicutes	331	225	90.726	2	249	934_5570 | Oribacterium parvum | HMT-934 | Strain: ACB1 | GB: NR_125570 | Status: Named | Preferred Habitat: Oral | Genome: Genome: yes	248	23	0
V3V5_443_Firmicutes	331	225	90.726	2	249	457F0268 | Oribacterium sinus | HMT-457 | Strain: F0268 | GB: FJ577261 | Status: Named | Preferred Habitat: Oral | Genome: Genome: yes	248	23	0
V3V5_443_Firmicutes	331	226	90.763	2	249	078F0262 | Oribacterium sp. HMT 078 | HMT-078 | Strain: F0262 | GB: tbd | Status: Unnamed | Preferred Habitat: Oral | Genome: Genome: yes	249	21	2
V3V5_443_Firmicutes	331	226	90.763	2	249	078AO068 | Oribacterium sp. HMT 078 | HMT-078 | Clone: AO068 | GB: AF287771 | Status: Unnamed | Preferred Habitat: Oral | Genome: Genome: yes	249	21	2
V3V5_443_Firmicutes	331	226	90.763	2	249	078F263a | Oribacterium sp. HMT 078 | HMT-078 | Strain: F0263a | GB: tbd | Status: Unnamed | Preferred Habitat: Oral | Genome: Genome: yes	249	21	2
V3V5_443_Firmicutes	331	226	90.763	2	249	078F263b | Oribacterium sp. HMT 078 | HMT-078 | Strain: F0263b | GB: tbd | Status: Unnamed | Preferred Habitat: Oral | Genome: Genome: yes	249	21	2
V3V5_443_Firmicutes	331	226	90.763	2	249	102FB046 | Oribacterium sp. HMT 102 | HMT-102 | Clone: FB046 | GB: GQ422713 | Status: Unnamed | Preferred Habitat: Oral | Genome: Genome: no	249	21	2
V3V5_443_Firmicutes	331	226	90.763	2	249	096DO008 | Lachnospiraceae [G-2] bacterium HMT 096 | HMT-096 | Clone: DO008 | GB: AF385508 | Status: Unnamed | Preferred Habitat: Oral | Genome: Genome: no	249	21	2
V3V5_443_Firmicutes	327	218	91.597	14	249	163AH153 | Lachnospiraceae [G-7] bacterium HMT 163 | HMT-163 | Clone: AH153 | GB: AF287769 | Status: Phylotype | Preferred Habitat: Oral | Genome: Genome: no	238	18	2
V3V5_443_Firmicutes	326	222	90.984	1	243	467_6963 | Peptostreptococcaceae [XI][G-1] [Eubacterium] sulci | HMT-467 | Strain: ATCC 35585 | GB: AJ006963 | Status: Named | Preferred Habitat: Oral | Genome: Genome: yes	244	19	3
V3V5_443_Firmicutes	326	224	90.323	2	249	108_5571 | Oribacterium asaccharolyticum | HMT-108 | Strain: ACB7 | GB: NR_125571 | Status: Named | Preferred Habitat: Oral | Genome: Genome: yes	248	24	0
V3V5_443_Firmicutes	326	224	90.323	2	249	108F0425 | Oribacterium asaccharolyticum | HMT-108 | Strain: F0425 | GB: tbd | Status: Named | Preferred Habitat: Oral | Genome: Genome: yes	248	24	0
V3V5_443_Firmicutes	326	224	90.323	2	249	934FTB41 | Oribacterium parvum | HMT-934 | Strain: FTB41 | GB: AF287770 | Status: Named | Preferred Habitat: Oral | Genome: Genome: yes	248	24	0
V3V5_443_Firmicutes	326	225	90.361	2	249	102_1218 | Oribacterium sp. HMT 102 | HMT-102 | Clone: MCE7_60 | GB: AF481218 | Status: Unnamed | Preferred Habitat: Oral | Genome: Genome: no	249	22	2
V3V5_443_Firmicutes	326	224	90.323	2	249	166CK051 | Johnsonella sp. HMT 166 | HMT-166 | Clone: CK051 | GB: AF287774 | Status: Phylotype | Preferred Habitat: Oral | Genome: Genome: no	248	24	0
V3V5_443_Firmicutes	320	221	90.574	1	243	105_3039 | Peptostreptococcaceae [XI][G-1] [Eubacterium] infirmum | HMT-105 | Strain: W1471 | GB: U13039 | Status: Named | Preferred Habitat: Oral | Genome: Genome: yes	244	20	3
V3V5_443_Firmicutes	320	223	89.919	2	249	097DO016 | Stomatobaculum sp. HMT 097 | HMT-097 | Clone: DO016 | GB: AF385510 | Status: Unnamed | Preferred Habitat: Oral | Genome: Genome: no	248	25	0
V3V5_443_Firmicutes	320	223	89.919	2	249	419_8618 | Stomatobaculum longum | HMT-419 | Clone: C4ALM087 | GB: AY278618 | Status: Named | Preferred Habitat: Oral | Genome: Genome: yes	248	25	0
V3V5_443_Firmicutes	320	223	89.919	2	249	910-Wade | Stomatobaculum sp. HMT 910 | HMT-910 | Clone: CL133 | GB: JQ406544 | Status: Phylotype | Preferred Habitat: Oral | Genome: Genome: no	248	25	0
V3V5_443_Firmicutes	320	223	89.919	2	249	496JI012 | Lachnoanaerobaculum sp. HMT 496 | HMT-496 | Clone: JI012 | GB: AY349379 | Status: Phylotype | Preferred Habitat: Unassigned | Genome: Genome: no	248	25	0
V3V5_443_Firmicutes	320	224	89.960	2	249	165_7151 | Catonella morbi | HMT-165 | Strain: ATCC 51271 | GB: X87151 | Status: Named | Preferred Habitat: Oral | Genome: Genome: yes	249	24	1
V3V5_443_Firmicutes	315	224	89.600	1	249	495JS001 | Peptostreptococcaceae [XI][G-3] bacterium HMT 495 | HMT-495 | Clone: JS001 | GB: AY349378 | Status: Phylotype | Preferred Habitat: Oral | Genome: Genome: no	250	23	3
V3V5_443_Firmicutes	315	224	89.600	2	249	168_I070 | Peptococcus sp. HMT 168 | HMT-168 | Clone: _I070 | GB: AF287780 | Status: Phylotype | Preferred Habitat: Oral | Genome: Genome: no	250	23	3
V3V5_443_Firmicutes	315	224	89.600	2	249	167_1292 | Peptococcus sp. HMT 167 | HMT-167 | Clone: 34q_22 | GB: HE681292 | Status: Lost | Preferred Habitat: Oral | Genome: Genome: no	250	23	3
V3V5_443_Firmicutes	315	224	89.600	2	249	167GEA8 | Peptococcus sp. HMT 167 | HMT-167 | Strain: GEA8 | GB: GQ422727 | Status: Lost | Preferred Habitat: Oral | Genome: Genome: no	250	23	3
# BLAST processed 1 queries
