# BLASTN 2.12.0+
# Query: V3V5_360_Spirochaetes
# Database: ../BLAST_DATABASE_ABUNDANCE/HOMD_16S_rRNA_RefSeq_V15.22.p9.fasta
# Fields: query id, bit score, identical, % identity, q. start, q. end, subject title, alignment length, mismatches, gaps
# 30 hits found
V3V5_360_Spirochaetes	381	210	99.057	1	212	490JU025 | Treponema sp. HMT 490 | HMT-490 | Clone: JU025 | GB: AY349417 | Status: Unnamed | Preferred Habitat: Unassigned | Genome: Genome: no	212	2	0
V3V5_360_Spirochaetes	381	210	99.057	1	212	490_9247 | Treponema sp. HMT 490 | HMT-490 | Strain: OMZ 839 | GB: AY369247 | Status: Unnamed | Preferred Habitat: Unassigned | Genome: Genome: no	212	2	0
V3V5_360_Spirochaetes	381	210	99.057	1	212	258_C009 | Treponema sp. HMT 258 | HMT-258 | Clone: _C009 | GB: AF023042 | Status: Phylotype | Preferred Habitat: Oral | Genome: Genome: no	212	2	0
V3V5_360_Spirochaetes	353	205	96.698	1	212	664_C021 | Treponema maltophilum | HMT-664 | Clone: _C021 | GB: AF023038 | Status: Named | Preferred Habitat: Oral | Genome: Genome: yes	212	7	0
V3V5_360_Spirochaetes	353	205	96.698	1	212	260_D031 | Treponema sp. HMT 260 | HMT-260 | Clone: _D031 | GB: AF023041 | Status: Phylotype | Preferred Habitat: Unassigned | Genome: Genome: no	212	7	0
V3V5_360_Spirochaetes	346	203	96.209	2	212	664_3039 | Treponema maltophilum | HMT-664 | Strain: Smibert D4B | GB: AF023039 | Status: Named | Preferred Habitat: Oral | Genome: Genome: yes	211	8	0
V3V5_360_Spirochaetes	337	202	95.283	1	212	653_3040 | Treponema lecithinolyticum | HMT-653 | Clone: GF6 | GB: AF023040 | Status: Named | Preferred Habitat: Oral | Genome: Genome: yes	212	10	0
V3V5_360_Spirochaetes	298	195	91.981	1	212	724_3304 | Treponema parvum | HMT-724 | Strain: D96NR-3 | GB: AF033304 | Status: Named | Preferred Habitat: Oral | Genome: Genome: no	212	17	0
V3V5_360_Spirochaetes	291	194	91.509	2	212	271_C025 | Treponema sp. HMT 271 | HMT-271 | Clone: _C025 | GB: AF023043 | Status: Phylotype | Preferred Habitat: Unassigned | Genome: Genome: no	212	16	2
V3V5_360_Spirochaetes	285	193	91.038	2	212	239AF026 | Treponema sp. HMT 239 | HMT-239 | Clone: AF026 | GB: AF061348 | Status: Phylotype | Preferred Habitat: Oral | Genome: Genome: no	212	17	2
V3V5_360_Spirochaetes	285	193	91.038	2	212	239JU031 | Treponema sp. HMT 239 | HMT-239 | Clone: JU031 | GB: AY349416 | Status: Phylotype | Preferred Habitat: Oral | Genome: Genome: no	212	17	2
V3V5_360_Spirochaetes	276	191	90.094	1	212	257_D36 | Treponema sp. HMT 257 | HMT-257 | Strain: D36ER-1 | GB: AF023044 | Status: Lost | Preferred Habitat: Oral | Genome: Genome: no	212	21	0
V3V5_360_Spirochaetes	276	191	90.094	1	212	541_3045 | Treponema amylovorum | HMT-541 | Strain: D62CR12 | GB: AF023045 | Status: Named | Preferred Habitat: Oral | Genome: Genome: no	212	21	0
V3V5_360_Spirochaetes	276	192	90.141	1	212	725_1237 | Treponema pectinovorum | HMT-725 | Strain: ATCC 33768 | GB: M71237 | Status: Named | Preferred Habitat: Oral | Genome: Genome: no	213	19	2
V3V5_360_Spirochaetes	274	191	90.094	2	212	234_Y001 | Treponema sp. HMT 234 | HMT-234 | Clone: _Y001 | GB: AF023056 | Status: Phylotype | Preferred Habitat: Oral | Genome: Genome: no	212	19	2
V3V5_360_Spirochaetes	270	190	89.623	1	212	265_U007 | Treponema sp. HMT 265 | HMT-265 | Clone: _U007A | GB: AF023046 | Status: Phylotype | Preferred Habitat: Unassigned | Genome: Genome: no	212	22	0
V3V5_360_Spirochaetes	268	190	89.623	2	212	238AT020 | Treponema sp. HMT 238 | HMT-238 | Clone: AT020 | GB: AF061347 | Status: Phylotype | Preferred Habitat: Oral | Genome: Genome: no	212	20	2
V3V5_360_Spirochaetes	268	190	89.623	2	212	242AU076 | Treponema sp. HMT 242 | HMT-242 | Clone: AU076 | GB: AF182831 | Status: Phylotype | Preferred Habitat: Oral | Genome: Genome: no	212	20	2
V3V5_360_Spirochaetes	265	191	89.252	1	212	270DD012 | Treponema sp. HMT 270 | HMT-270 | Clone: DD012 | GB: GQ422733 | Status: Phylotype | Preferred Habitat: Oral | Genome: Genome: no	214	19	4
V3V5_360_Spirochaetes	263	189	89.151	2	212	237_G057 | Treponema sp. HMT 237 | HMT-237 | Clone: _G057 | GB: AF056337 | Status: Phylotype | Preferred Habitat: Oral | Genome: Genome: no	212	21	2
V3V5_360_Spirochaetes	263	189	89.151	2	212	237AT024 | Treponema sp. HMT 237 | HMT-237 | Clone: AT024 | GB: AF061350 | Status: Phylotype | Preferred Habitat: Oral | Genome: Genome: no	212	21	2
V3V5_360_Spirochaetes	263	189	89.151	2	212	237_1822 | Treponema sp. HMT 237 | HMT-237 | Clone: P4GB_42 | GB: AY341822 | Status: Phylotype | Preferred Habitat: Oral | Genome: Genome: no	212	21	2
V3V5_360_Spirochaetes	263	189	89.151	2	212	237AT039 | Treponema sp. HMT 237 | HMT-237 | Clone: AT039 | GB: AF061349 | Status: Phylotype | Preferred Habitat: Oral | Genome: Genome: no	212	21	2
V3V5_360_Spirochaetes	263	189	89.151	2	212	667_3051 | Treponema medium | HMT-667 | Clone: _C007 | GB: AF023051 | Status: Named | Preferred Habitat: Oral | Genome: Genome: yes	212	21	2
V3V5_360_Spirochaetes	263	189	89.151	2	212	236AF016 | Treponema sp. HMT 236 | HMT-236 | Clone: AF016 | GB: AF056338 | Status: Phylotype | Preferred Habitat: Oral | Genome: Genome: no	212	21	2
V3V5_360_Spirochaetes	263	189	89.151	2	212	227BA223 | Treponema sp. HMT 227 | HMT-227 | Clone: BA223 | GB: AF056339 | Status: Phylotype | Preferred Habitat: Oral | Genome: Genome: no	212	21	2
V3V5_360_Spirochaetes	263	189	89.151	2	212	230_D013 | Treponema sp. HMT 230 | HMT-230 | Clone: _D013 | GB: AF023053 | Status: Phylotype | Preferred Habitat: Oral | Genome: Genome: no	212	21	2
V3V5_360_Spirochaetes	263	189	89.151	2	212	230AF068 | Treponema sp. HMT 230 | HMT-230 | Clone: AF068 | GB: AY005081 | Status: Phylotype | Preferred Habitat: Oral | Genome: Genome: no	212	21	2
V3V5_360_Spirochaetes	263	189	89.151	2	212	226_G054 | Treponema sp. HMT 226 | HMT-226 | Clone: _G054 | GB: AF023062 | Status: Phylotype | Preferred Habitat: Oral | Genome: Genome: no	212	21	2
V3V5_360_Spirochaetes	263	189	89.151	2	212	235_D047 | Treponema sp. HMT 235 | HMT-235 | Clone: _D047 | GB: AF023063 | Status: Phylotype | Preferred Habitat: Oral | Genome: Genome: no	212	21	2
# BLAST processed 1 queries
