# BLASTN 2.12.0+
# Query: V3V5_224_Spirochaetes
# Database: ../BLAST_DATABASE_ABUNDANCE/HOMD_16S_rRNA_RefSeq_V15.22.p9.fasta
# Fields: query id, bit score, identical, % identity, q. start, q. end, subject title, alignment length, mismatches, gaps
# 30 hits found
V3V5_224_Spirochaetes	392	212	100.000	1	212	653_3040 | Treponema lecithinolyticum | HMT-653 | Clone: GF6 | GB: AF023040 | Status: Named | Preferred Habitat: Oral | Genome: Genome: yes	212	0	0
V3V5_224_Spirochaetes	359	206	97.170	1	212	664_C021 | Treponema maltophilum | HMT-664 | Clone: _C021 | GB: AF023038 | Status: Named | Preferred Habitat: Oral | Genome: Genome: yes	212	6	0
V3V5_224_Spirochaetes	359	206	97.170	1	212	260_D031 | Treponema sp. HMT 260 | HMT-260 | Clone: _D031 | GB: AF023041 | Status: Phylotype | Preferred Habitat: Unassigned | Genome: Genome: no	212	6	0
V3V5_224_Spirochaetes	351	204	96.682	2	212	664_3039 | Treponema maltophilum | HMT-664 | Strain: Smibert D4B | GB: AF023039 | Status: Named | Preferred Habitat: Oral | Genome: Genome: yes	211	7	0
V3V5_224_Spirochaetes	348	204	96.226	1	212	490JU025 | Treponema sp. HMT 490 | HMT-490 | Clone: JU025 | GB: AY349417 | Status: Unnamed | Preferred Habitat: Unassigned | Genome: Genome: no	212	8	0
V3V5_224_Spirochaetes	348	204	96.226	1	212	490_9247 | Treponema sp. HMT 490 | HMT-490 | Strain: OMZ 839 | GB: AY369247 | Status: Unnamed | Preferred Habitat: Unassigned | Genome: Genome: no	212	8	0
V3V5_224_Spirochaetes	326	200	94.340	1	212	258_C009 | Treponema sp. HMT 258 | HMT-258 | Clone: _C009 | GB: AF023042 | Status: Phylotype | Preferred Habitat: Oral | Genome: Genome: no	212	12	0
V3V5_224_Spirochaetes	318	200	93.897	2	212	271_C025 | Treponema sp. HMT 271 | HMT-271 | Clone: _C025 | GB: AF023043 | Status: Phylotype | Preferred Habitat: Unassigned | Genome: Genome: no	213	9	4
V3V5_224_Spirochaetes	298	195	91.981	1	212	724_3304 | Treponema parvum | HMT-724 | Strain: D96NR-3 | GB: AF033304 | Status: Named | Preferred Habitat: Oral | Genome: Genome: no	212	17	0
V3V5_224_Spirochaetes	281	192	90.566	1	212	541_3045 | Treponema amylovorum | HMT-541 | Strain: D62CR12 | GB: AF023045 | Status: Named | Preferred Habitat: Oral | Genome: Genome: no	212	20	0
V3V5_224_Spirochaetes	276	191	90.094	1	212	262AT040 | Treponema sp. HMT 262 | HMT-262 | Clone: AT040 | GB: AF182834 | Status: Phylotype | Preferred Habitat: Oral | Genome: Genome: no	212	21	0
V3V5_224_Spirochaetes	276	191	90.094	1	212	265_U007 | Treponema sp. HMT 265 | HMT-265 | Clone: _U007A | GB: AF023046 | Status: Phylotype | Preferred Habitat: Unassigned | Genome: Genome: no	212	21	0
V3V5_224_Spirochaetes	270	190	89.623	1	212	257_D36 | Treponema sp. HMT 257 | HMT-257 | Strain: D36ER-1 | GB: AF023044 | Status: Lost | Preferred Habitat: Oral | Genome: Genome: no	212	22	0
V3V5_224_Spirochaetes	270	191	89.671	1	212	270DD012 | Treponema sp. HMT 270 | HMT-270 | Clone: DD012 | GB: GQ422733 | Status: Phylotype | Preferred Habitat: Oral | Genome: Genome: no	213	20	2
V3V5_224_Spirochaetes	265	191	89.252	1	212	725_1237 | Treponema pectinovorum | HMT-725 | Strain: ATCC 33768 | GB: M71237 | Status: Named | Preferred Habitat: Oral | Genome: Genome: no	214	19	4
V3V5_224_Spirochaetes	263	190	89.202	2	212	236AF016 | Treponema sp. HMT 236 | HMT-236 | Clone: AF016 | GB: AF056338 | Status: Phylotype | Preferred Habitat: Oral | Genome: Genome: no	213	19	4
V3V5_224_Spirochaetes	259	190	88.785	1	212	769_G047 | Treponema socranskii | HMT-769 | Clone: _G047 | GB: AF056343 | Status: Named | Preferred Habitat: Oral | Genome: Genome: yes	214	20	4
V3V5_224_Spirochaetes	259	190	88.785	1	212	769_C044 | Treponema socranskii | HMT-769 | Clone: _C044 | GB: AF056344 | Status: Named | Preferred Habitat: Oral | Genome: Genome: yes	214	20	4
V3V5_224_Spirochaetes	259	190	88.785	1	212	769_3305 | Treponema socranskii | HMT-769 | Strain: ATCC 35534 | GB: AF033305 | Status: Named | Preferred Habitat: Oral | Genome: Genome: yes	214	20	4
V3V5_224_Spirochaetes	259	190	88.785	1	212	769_3308 | Treponema socranskii | HMT-769 | Strain: D11B-2 | GB: AF033308 | Status: Named | Preferred Habitat: Oral | Genome: Genome: yes	214	20	4
V3V5_224_Spirochaetes	259	190	88.785	1	212	268IL034 | Treponema sp. HMT 268 | HMT-268 | Clone: IL034 | GB: AY349418 | Status: Lost | Preferred Habitat: Oral | Genome: Genome: no	214	20	4
V3V5_224_Spirochaetes	259	190	88.785	1	212	268_D120 | Treponema sp. HMT 268 | HMT-268 | Strain: D120CR-1 | GB: AF033303 | Status: Lost | Preferred Habitat: Oral | Genome: Genome: no	214	20	4
V3V5_224_Spirochaetes	259	190	88.785	1	212	769_3306 | Treponema socranskii | HMT-769 | Strain: ATCC 35536 | GB: AF033306 | Status: Named | Preferred Habitat: Oral | Genome: Genome: yes	214	20	4
V3V5_224_Spirochaetes	259	190	88.785	1	212	769_3307 | Treponema socranskii | HMT-769 | Strain: ATCC 35535 | GB: AF033307 | Status: Named | Preferred Habitat: Oral | Genome: Genome: yes	214	20	4
V3V5_224_Spirochaetes	259	190	88.785	1	212	269_D15 | Treponema sp. HMT 269 | HMT-269 | Strain: D15A-4 | GB: AY005083 | Status: Lost | Preferred Habitat: Oral | Genome: Genome: no	214	20	4
V3V5_224_Spirochaetes	259	188	88.679	1	212	264BZ013 | Treponema sp. HMT 264 | HMT-264 | Clone: BZ013 | GB: AF385536 | Status: Phylotype | Preferred Habitat: Unassigned | Genome: Genome: no	212	24	0
V3V5_224_Spirochaetes	259	190	88.785	1	212	263BH022 | Treponema sp. HMT 263 | HMT-263 | Clone: BH022 | GB: AF182837 | Status: Phylotype | Preferred Habitat: Unassigned | Genome: Genome: no	214	20	4
V3V5_224_Spirochaetes	257	189	88.732	2	212	237_G057 | Treponema sp. HMT 237 | HMT-237 | Clone: _G057 | GB: AF056337 | Status: Phylotype | Preferred Habitat: Oral | Genome: Genome: no	213	20	4
V3V5_224_Spirochaetes	257	189	88.732	2	212	237AT024 | Treponema sp. HMT 237 | HMT-237 | Clone: AT024 | GB: AF061350 | Status: Phylotype | Preferred Habitat: Oral | Genome: Genome: no	213	20	4
V3V5_224_Spirochaetes	257	189	88.732	2	212	237_1822 | Treponema sp. HMT 237 | HMT-237 | Clone: P4GB_42 | GB: AY341822 | Status: Phylotype | Preferred Habitat: Oral | Genome: Genome: no	213	20	4
# BLAST processed 1 queries
