# BLASTN 2.12.0+
# Query: V3V5_381_Bacteroidetes
# Database: ../BLAST_DATABASE_ABUNDANCE/HOMD_16S_rRNA_RefSeq_V15.22.p9.fasta
# Fields: query id, bit score, identical, % identity, q. start, q. end, subject title, alignment length, mismatches, gaps
# 30 hits found
V3V5_381_Bacteroidetes	311	213	90.638	9	242	913_9172 | Alloprevotella sp. HMT 913 | HMT-913 | Clone: P3D1-597 | GB: EF509172 | Status: Phylotype | Preferred Habitat: Oral | Genome: Genome: no	235	20	2
V3V5_381_Bacteroidetes	311	213	90.638	9	242	912Wade2 | Alloprevotella sp. HMT 912 | HMT-912 | Clone: HS3_1W_C6 | GB: KC203063 | Status: Phylotype | Preferred Habitat: Oral | Genome: Genome: no	235	20	2
V3V5_381_Bacteroidetes	311	213	90.638	9	242	912-Wade | Alloprevotella sp. HMT 912 | HMT-912 | Clone: BL176 | GB: JQ406532 | Status: Phylotype | Preferred Habitat: Oral | Genome: Genome: no	235	20	2
V3V5_381_Bacteroidetes	309	211	90.558	10	242	705_5176 | Prevotella oralis | HMT-705 | Clone: ELU0173-000438 | GB: HQ815176 | Status: Named | Preferred Habitat: Oral | Genome: Genome: yes	233	22	0
V3V5_381_Bacteroidetes	309	211	90.558	10	242	705_3522 | Prevotella oralis | HMT-705 | Strain: ATCC 33269 | GB: AY323522 | Status: Named | Preferred Habitat: Oral | Genome: Genome: yes	233	22	0
V3V5_381_Bacteroidetes	309	211	90.558	10	242	465_6488 | Bacteroides zoogleoformans | HMT-465 | Strain: ATCC 33285 | GB: L16488 | Status: Named | Preferred Habitat: Unassigned | Genome: Genome: no	233	22	0
V3V5_381_Bacteroidetes	305	214	90.295	9	242	302_9190 | Alloprevotella rava | HMT-302 | Strain: W6968 | GB: JQ039190 | Status: Named | Preferred Habitat: Oral | Genome: Genome: yes	237	17	6
V3V5_381_Bacteroidetes	305	214	90.295	9	242	302F0020 | Alloprevotella rava | HMT-302 | Strain: F0020 | GB: GQ422736 | Status: Named | Preferred Habitat: Oral | Genome: Genome: yes	237	17	6
V3V5_381_Bacteroidetes	303	210	90.129	10	242	630F0110 | Bacteroides heparinolyticus | HMT-630 | Strain: F0110 | GB: GQ422742 | Status: Named | Preferred Habitat: Unassigned | Genome: Genome: no	233	23	0
V3V5_381_Bacteroidetes	303	210	90.129	10	242	630_6487 | Bacteroides heparinolyticus | HMT-630 | Strain: ATCC 35895 | GB: L16487 | Status: Named | Preferred Habitat: Unassigned | Genome: Genome: no	233	23	0
V3V5_381_Bacteroidetes	298	210	89.744	10	242	301BS041 | Prevotella sp. HMT 301 | HMT-301 | Clone: BS041 | GB: AF385558 | Status: Phylotype | Preferred Habitat: Oral | Genome: Genome: no	234	23	1
V3V5_381_Bacteroidetes	296	214	88.797	2	242	272_X083 | Bacteroidaceae [G-1] bacterium HMT 272 | HMT-272 | Clone: _X083 | GB: AY005066 | Status: Unnamed | Preferred Habitat: Oral | Genome: Genome: yes	241	27	0
V3V5_381_Bacteroidetes	292	209	89.316	10	242	308DO039 | Alloprevotella sp. HMT 308 | HMT-308 | Clone: DO039 | GB: AF385513 | Status: Phylotype | Preferred Habitat: Oral | Genome: Genome: no	234	23	2
V3V5_381_Bacteroidetes	291	208	89.270	10	242	942_6378 | Prevotella sp. HMT 942 | HMT-942 | Clone: 22B412 | GB: FJ976378 | Status: Phylotype | Preferred Habitat: Oral | Genome: Genome: no	233	24	1
V3V5_381_Bacteroidetes	287	209	88.936	10	242	309DO045 | Prevotella sp. HMT 309 | HMT-309 | Clone: DO045 | GB: AF385515 | Status: Phylotype | Preferred Habitat: Oral | Genome: Genome: no	235	22	4
V3V5_381_Bacteroidetes	287	209	88.936	10	242	309_6203 | Prevotella sp. HMT 309 | HMT-309 | Clone: 3083 | GB: FJ976203 | Status: Phylotype | Preferred Habitat: Oral | Genome: Genome: no	235	22	4
V3V5_381_Bacteroidetes	287	207	88.841	10	242	526_3633 | Prevotella sp. HMT 526 | HMT-526 | Clone: P4P_53 | GB: AY944134 | Status: Phylotype | Preferred Habitat: Oral | Genome: Genome: no	233	26	0
V3V5_381_Bacteroidetes	287	209	88.936	10	242	820_7212 | Prevotella sp. HMT 820 | HMT-820 | Strain: P2A_FAAD4 | GB: AF537212 | Status: Unnamed | Preferred Habitat: Oral | Genome: Genome: no	235	22	4
V3V5_381_Bacteroidetes	287	209	88.936	10	242	443_1415 | Prevotella sp. HMT 443 | HMT-443 | Clone: P4PB_24 | GB: AY331415 | Status: Phylotype | Preferred Habitat: Oral | Genome: Genome: no	235	22	4
V3V5_381_Bacteroidetes	287	208	88.889	10	242	914_7808 | Alloprevotella sp. HMT 914 | HMT-914 | Clone: ncd78e11c1 | GB: HM247808 | Status: Phylotype | Preferred Habitat: Oral | Genome: Genome: no	234	24	2
V3V5_381_Bacteroidetes	285	207	88.841	10	242	378_1228 | Prevotella micans | HMT-378 | Strain: E7_56 | GB: AF481228 | Status: Named | Preferred Habitat: Oral | Genome: Genome: yes	233	25	1
V3V5_381_Bacteroidetes	283	208	88.511	9	242	473IK062 | Alloprevotella sp. HMT 473 | HMT-473 | Clone: IK062 | GB: AY349402 | Status: Unnamed | Preferred Habitat: Oral | Genome: Genome: yes	235	25	2
V3V5_381_Bacteroidetes	281	208	88.511	10	242	288F0390 | Prevotella oulorum | HMT-288 | Strain: F0390 | GB: tbd | Status: Named | Preferred Habitat: Oral | Genome: Genome: yes	235	23	4
V3V5_381_Bacteroidetes	281	208	88.511	10	242	288_6472 | Prevotella oulorum | HMT-288 | Strain: ATCC 43324 | GB: L16472 | Status: Named | Preferred Habitat: Oral | Genome: Genome: yes	235	23	4
V3V5_381_Bacteroidetes	281	207	88.462	9	242	305DO014 | Prevotella sp. HMT 305 | HMT-305 | Clone: DO014 | GB: AF385509 | Status: Phylotype | Preferred Habitat: Oral | Genome: Genome: no	234	26	1
V3V5_381_Bacteroidetes	281	208	88.511	10	242	600_5635 | Prevotella enoeca | HMT-600 | Strain: ATCC 51261 | GB: AJ005635 | Status: Named | Preferred Habitat: Oral | Genome: Genome: yes	235	23	4
V3V5_381_Bacteroidetes	279	206	88.412	10	242	305_0424 | Prevotella sp. HMT 305 | HMT-305 | Clone: 070055_034 | GB: JQ460424 | Status: Phylotype | Preferred Habitat: Oral | Genome: Genome: no	233	26	1
V3V5_381_Bacteroidetes	279	206	88.412	10	242	317_5061 | Prevotella sp. HMT 317 | HMT-317 | Strain: B31FD | GB: AY005061 | Status: Unnamed | Preferred Habitat: Oral | Genome: Genome: yes	233	26	1
V3V5_381_Bacteroidetes	279	206	88.412	10	242	795_8825 | Prevotella shahii | HMT-795 | Strain: JCM 12083 | GB: AB108825 | Status: Named | Preferred Habitat: Oral | Genome: Genome: yes	233	26	1
V3V5_381_Bacteroidetes	278	207	88.085	9	242	473HF050 | Alloprevotella sp. HMT 473 | HMT-473 | Clone: HF050 | GB: AY349399 | Status: Unnamed | Preferred Habitat: Oral | Genome: Genome: yes	235	26	2
# BLAST processed 1 queries
