# BLASTN 2.12.0+
# Query: V3V5_046_Bacteroidetes
# Database: ../BLAST_DATABASE_ABUNDANCE/HOMD_16S_rRNA_RefSeq_V15.22.p9.fasta
# Fields: query id, bit score, identical, % identity, q. start, q. end, subject title, alignment length, mismatches, gaps
# 30 hits found
V3V5_046_Bacteroidetes	448	242	100.000	1	242	914_7808 | Alloprevotella sp. HMT 914 | HMT-914 | Clone: ncd78e11c1 | GB: HM247808 | Status: Phylotype | Preferred Habitat: Oral | Genome: Genome: no	242	0	0
V3V5_046_Bacteroidetes	431	239	98.760	1	242	308DO039 | Alloprevotella sp. HMT 308 | HMT-308 | Clone: DO039 | GB: AF385513 | Status: Phylotype | Preferred Habitat: Oral | Genome: Genome: no	242	3	0
V3V5_046_Bacteroidetes	431	239	98.760	1	242	473HF050 | Alloprevotella sp. HMT 473 | HMT-473 | Clone: HF050 | GB: AY349399 | Status: Unnamed | Preferred Habitat: Oral | Genome: Genome: yes	242	3	0
V3V5_046_Bacteroidetes	414	236	97.521	1	242	473IK062 | Alloprevotella sp. HMT 473 | HMT-473 | Clone: IK062 | GB: AY349402 | Status: Unnamed | Preferred Habitat: Oral | Genome: Genome: yes	242	6	0
V3V5_046_Bacteroidetes	387	231	95.455	1	242	913_9172 | Alloprevotella sp. HMT 913 | HMT-913 | Clone: P3D1-597 | GB: EF509172 | Status: Phylotype | Preferred Habitat: Oral | Genome: Genome: no	242	11	0
V3V5_046_Bacteroidetes	387	231	95.455	1	242	912Wade2 | Alloprevotella sp. HMT 912 | HMT-912 | Clone: HS3_1W_C6 | GB: KC203063 | Status: Phylotype | Preferred Habitat: Oral | Genome: Genome: no	242	11	0
V3V5_046_Bacteroidetes	381	230	95.041	1	242	912-Wade | Alloprevotella sp. HMT 912 | HMT-912 | Clone: BL176 | GB: JQ406532 | Status: Phylotype | Preferred Habitat: Oral | Genome: Genome: no	242	12	0
V3V5_046_Bacteroidetes	339	217	92.735	9	242	465_6488 | Bacteroides zoogleoformans | HMT-465 | Strain: ATCC 33285 | GB: L16488 | Status: Named | Preferred Habitat: Unassigned | Genome: Genome: no	234	17	0
V3V5_046_Bacteroidetes	333	216	92.308	9	242	630F0110 | Bacteroides heparinolyticus | HMT-630 | Strain: F0110 | GB: GQ422742 | Status: Named | Preferred Habitat: Unassigned | Genome: Genome: no	234	18	0
V3V5_046_Bacteroidetes	333	216	92.308	9	242	630_6487 | Bacteroides heparinolyticus | HMT-630 | Strain: ATCC 35895 | GB: L16487 | Status: Named | Preferred Habitat: Unassigned | Genome: Genome: no	234	18	0
V3V5_046_Bacteroidetes	320	219	90.496	1	242	302_9190 | Alloprevotella rava | HMT-302 | Strain: W6968 | GB: JQ039190 | Status: Named | Preferred Habitat: Oral | Genome: Genome: yes	242	23	0
V3V5_046_Bacteroidetes	316	213	91.026	9	242	787F0041 | Bacteroides pyogenes | HMT-787 | Strain: F0041 | GB: GQ422748 | Status: Named | Preferred Habitat: Unassigned | Genome: Genome: yes	234	21	0
V3V5_046_Bacteroidetes	315	218	90.083	1	242	302F0020 | Alloprevotella rava | HMT-302 | Strain: F0020 | GB: GQ422736 | Status: Named | Preferred Habitat: Oral | Genome: Genome: yes	242	24	0
V3V5_046_Bacteroidetes	272	208	87.764	9	242	288F0390 | Prevotella oulorum | HMT-288 | Strain: F0390 | GB: tbd | Status: Named | Preferred Habitat: Oral | Genome: Genome: yes	237	23	6
V3V5_046_Bacteroidetes	272	208	87.764	9	242	288_6472 | Prevotella oulorum | HMT-288 | Strain: ATCC 43324 | GB: L16472 | Status: Named | Preferred Habitat: Oral | Genome: Genome: yes	237	23	6
V3V5_046_Bacteroidetes	272	208	87.764	9	242	309DO045 | Prevotella sp. HMT 309 | HMT-309 | Clone: DO045 | GB: AF385515 | Status: Phylotype | Preferred Habitat: Oral | Genome: Genome: no	237	23	6
V3V5_046_Bacteroidetes	272	208	87.764	9	242	309_6203 | Prevotella sp. HMT 309 | HMT-309 | Clone: 3083 | GB: FJ976203 | Status: Phylotype | Preferred Habitat: Oral | Genome: Genome: no	237	23	6
V3V5_046_Bacteroidetes	272	207	87.712	9	242	930_8499 | Porphyromonas sp. HMT 930 | HMT-930 | Clone: 071041_260 | GB: JQ468499 | Status: Phylotype | Preferred Habitat: Oral | Genome: Genome: no	236	25	4
V3V5_046_Bacteroidetes	268	206	87.288	9	242	619_3964 | Porphyromonas gingivalis | HMT-619 | Strain: DSM 20709 | GB: X73964 | Status: Named | Preferred Habitat: Oral | Genome: Genome: yes	236	28	2
V3V5_046_Bacteroidetes	267	208	87.029	5	242	943_2878 | Prevotella aurantiaca | HMT-943 | Strain: OMA31 | GB: NR_112878 | Status: Named | Preferred Habitat: Oral | Genome: Genome: yes	239	27	4
V3V5_046_Bacteroidetes	265	209	87.083	6	242	885_3253 | Prevotella scopos | HMT-885 | Strain: JCM 17725 | GB: AB683253 | Status: Named | Preferred Habitat: Oral | Genome: Genome: yes	240	24	7
V3V5_046_Bacteroidetes	265	209	87.083	6	242	469_3525 | Prevotella melaninogenica | HMT-469 | Strain: ATCC 25845 | GB: AY323525 | Status: Named | Preferred Habitat: Oral | Genome: Genome: yes	240	24	7
V3V5_046_Bacteroidetes	265	209	87.083	6	242	306DO027 | Prevotella sp. HMT 306 | HMT-306 | Clone: DO027 | GB: AF385511 | Status: Unnamed | Preferred Habitat: Oral | Genome: Genome: yes	240	24	7
V3V5_046_Bacteroidetes	265	209	87.083	6	242	298BE073 | Prevotella histicola | HMT-298 | Clone: BE073 | GB: AF385551 | Status: Named | Preferred Habitat: Oral | Genome: Genome: yes	240	24	7
V3V5_046_Bacteroidetes	265	209	87.083	6	242	313_9254 | Prevotella sp. HMT 313 | HMT-313 | Clone: 069104_177 | GB: JQ449254 | Status: Unnamed | Preferred Habitat: Oral | Genome: Genome: no	240	24	7
V3V5_046_Bacteroidetes	265	209	87.083	6	242	314FU048 | Prevotella sp. HMT 314 | HMT-314 | Clone: FU048 | GB: AY349393 | Status: Unnamed | Preferred Habitat: Oral | Genome: Genome: no	240	24	7
V3V5_046_Bacteroidetes	265	206	87.288	9	242	556_6475 | Prevotella bivia | HMT-556 | Strain: ATCC 29303 | GB: L16475 | Status: Named | Preferred Habitat: Oral | Genome: Genome: yes	236	25	5
V3V5_046_Bacteroidetes	261	207	86.611	5	242	714_3121 | Prevotella pallens | HMT-714 | Strain: JCM 11140 | GB: NR_113121 | Status: Named | Preferred Habitat: Oral | Genome: Genome: yes	239	28	4
V3V5_046_Bacteroidetes	261	205	86.864	9	242	278BS045 | Porphyromonas sp. HMT 278 | HMT-278 | Clone: BS045 | GB: AF385560 | Status: Unnamed | Preferred Habitat: Oral | Genome: Genome: yes	236	27	4
V3V5_046_Bacteroidetes	261	205	86.864	9	242	279F450d | Porphyromonas pasteri | HMT-279 | Strain: F0450d | GB: tbd | Status: Named | Preferred Habitat: Oral | Genome: Genome: yes	236	27	4
# BLAST processed 1 queries
