# BLASTN 2.12.0+
# Query: V3V5_091_Actinobacteria
# Database: ../BLAST_DATABASE_ABUNDANCE/HOMD_16S_rRNA_RefSeq_V15.22.p9.fasta
# Fields: query id, bit score, identical, % identity, q. start, q. end, subject title, alignment length, mismatches, gaps
# 30 hits found
V3V5_091_Actinobacteria	451	244	100.000	1	244	866_2167 | Actinomyces graevenitzii | HMT-866 | Strain: CCUG 27294 | GB: NR_042167 | Status: Named | Preferred Habitat: Oral | Genome: Genome: yes	244	0	0
V3V5_091_Actinobacteria	446	243	99.590	1	244	866F0530 | Actinomyces graevenitzii | HMT-866 | Strain: F0530 | GB: tbd | Status: Named | Preferred Habitat: Oral | Genome: Genome: yes	244	1	0
V3V5_091_Actinobacteria	387	232	95.473	3	244	746_1986 | Actinomyces radicidentis | HMT-746 | Strain: CCUG 36733 | GB: AJ251986 | Status: Named | Preferred Habitat: Unassigned | Genome: Genome: yes	243	9	2
V3V5_091_Actinobacteria	375	230	94.650	3	244	175_5563 | Actinomyces sp. HMT 175 | HMT-175 | Clone: ncd1455a04c1 | GB: JF125563 | Status: Unnamed | Preferred Habitat: Oral | Genome: Genome: yes	243	12	1
V3V5_091_Actinobacteria	375	230	94.650	3	244	175EP005 | Actinomyces sp. HMT 175 | HMT-175 | Clone: EP005 | GB: AY008314 | Status: Unnamed | Preferred Habitat: Oral | Genome: Genome: yes	243	12	1
V3V5_091_Actinobacteria	375	230	94.650	3	244	893_5935 | Actinomyces oris | HMT-893 | Strain: JCM 16131 | GB: AB545935 | Status: Named | Preferred Habitat: Oral | Genome: Genome: yes	243	12	1
V3V5_091_Actinobacteria	375	230	94.650	3	244	893_4727 | Actinomyces oris | HMT-893 | Clone: 070043_377 | GB: JQ464727 | Status: Named | Preferred Habitat: Oral | Genome: Genome: yes	243	12	1
V3V5_091_Actinobacteria	375	230	94.650	3	244	169AG004 | Actinomyces sp. HMT 169 | HMT-169 | Clone: AG004 | GB: AF287747 | Status: Unnamed | Preferred Habitat: Oral | Genome: Genome: no	243	12	1
V3V5_091_Actinobacteria	375	230	94.650	3	244	169F496a | Actinomyces sp. HMT 169 | HMT-169 | Strain: F0496a | GB: tbd | Status: Unnamed | Preferred Habitat: Oral | Genome: Genome: no	243	12	1
V3V5_091_Actinobacteria	375	230	94.650	3	244	169F496b | Actinomyces sp. HMT 169 | HMT-169 | Strain: F0496b | GB: tbd | Status: Unnamed | Preferred Habitat: Oral | Genome: Genome: no	243	12	1
V3V5_091_Actinobacteria	375	230	94.650	3	244	176_1062 | Actinomyces naeslundii | HMT-176 | Strain: NCTC 10301 | GB: X81062 | Status: Named | Preferred Habitat: Oral | Genome: Genome: yes	243	12	1
V3V5_091_Actinobacteria	375	230	94.650	3	244	171BL008 | Actinomyces sp. HMT 171 | HMT-171 | Clone: BL008 | GB: AF385553 | Status: Unnamed | Preferred Habitat: Oral | Genome: Genome: yes	243	12	1
V3V5_091_Actinobacteria	375	230	94.650	3	244	852F0489 | Actinomyces massiliensis | HMT-852 | Strain: F0489 | GB: tbd | Status: Named | Preferred Habitat: Oral | Genome: Genome: yes	243	12	1
V3V5_091_Actinobacteria	375	229	94.628	3	244	830_7625 | Mobiluncus mulieris | HMT-830 | Strain: CCUG 20071 | GB: AJ427625 | Status: Named | Preferred Habitat: Unassigned | Genome: Genome: yes	242	13	0
V3V5_091_Actinobacteria	374	229	94.628	4	244	176_0512 | Actinomyces naeslundii | HMT-176 | Clone: 069082_029 | GB: JQ450512 | Status: Named | Preferred Habitat: Oral | Genome: Genome: yes	242	12	1
V3V5_091_Actinobacteria	374	229	94.628	4	244	176EP011 | Actinomyces naeslundii | HMT-176 | Clone: EP011 | GB: AY008315 | Status: Named | Preferred Habitat: Oral | Genome: Genome: yes	242	12	1
V3V5_091_Actinobacteria	374	229	94.628	4	244	171JA063 | Actinomyces sp. HMT 171 | HMT-171 | Clone: JA063 | GB: AY349367 | Status: Unnamed | Preferred Habitat: Oral | Genome: Genome: yes	242	12	1
V3V5_091_Actinobacteria	374	229	94.628	4	244	170AP064 | Actinomyces sp. HMT 170 | HMT-170 | Clone: AP064 | GB: AF287749 | Status: Unnamed | Preferred Habitat: Oral | Genome: Genome: yes	242	12	1
V3V5_091_Actinobacteria	374	228	94.606	4	244	618_1735 | Actinomyces gerencseriae | HMT-618 | Clone: 069086_229 | GB: JQ451735 | Status: Named | Preferred Habitat: Oral | Genome: Genome: yes	241	13	0
V3V5_091_Actinobacteria	374	228	94.606	4	244	708_7295 | Actinomyces oricola | HMT-708 | Strain: CCUG 46090 | GB: AJ507295 | Status: Named | Preferred Habitat: Unassigned | Genome: Genome: no	241	13	0
V3V5_091_Actinobacteria	372	230	94.262	1	244	811_4059 | Arcanobacterium haemolyticum | HMT-811 | Strain: CIP 103370 | GB: AJ234059 | Status: Named | Preferred Habitat: Unassigned | Genome: Genome: yes	244	13	1
V3V5_091_Actinobacteria	370	229	94.239	3	244	688_2453 | Actinomyces viscosus | HMT-688 | Strain: NCTC 10951 | GB: X82453 | Status: Named | Preferred Habitat: Oral | Genome: Genome: yes	243	13	1
V3V5_091_Actinobacteria	370	229	94.239	4	244	849F0330 | Actinomyces johnsonii | HMT-849 | Strain: F0330 | GB: GU470900 | Status: Named | Preferred Habitat: Oral | Genome: Genome: yes	243	12	2
V3V5_091_Actinobacteria	368	227	94.191	4	244	618_0414 | Actinomyces gerencseriae | HMT-618 | Strain: DSM 6844 | GB: X80414 | Status: Named | Preferred Habitat: Oral | Genome: Genome: yes	241	14	0
V3V5_091_Actinobacteria	368	228	94.215	3	244	180_8611 | Schaalia sp. HMT 180 | HMT-180 | Strain: C3M24 | GB: AY278611 | Status: Unnamed | Preferred Habitat: Oral | Genome: Genome: yes	242	12	2
V3V5_091_Actinobacteria	368	228	94.215	3	244	180C29KA | Schaalia sp. HMT 180 | HMT-180 | Strain: C29KA | GB: AF287751 | Status: Unnamed | Preferred Habitat: Oral | Genome: Genome: yes	242	12	2
V3V5_091_Actinobacteria	368	228	94.215	3	244	180H1083 | Schaalia sp. HMT 180 | HMT-180 | Strain: Hal-1083 | GB: AF385522 | Status: Unnamed | Preferred Habitat: Oral | Genome: Genome: yes	242	12	2
V3V5_091_Actinobacteria	368	228	94.215	3	244	172CT047 | Schaalia sp. HMT 172 | HMT-172 | Clone: CT047 | GB: AF385504 | Status: Unnamed | Preferred Habitat: Oral | Genome: Genome: yes	242	12	2
V3V5_091_Actinobacteria	368	228	94.215	3	244	701_0504 | Schaalia odontolyticus | HMT-701 | Strain: NCTC 9935 | GB: X80504 | Status: Named | Preferred Habitat: Oral | Genome: Genome: yes	242	12	2
V3V5_091_Actinobacteria	368	228	94.215	3	244	181H1065 | Schaalia lingnae [Not Validly Published] | HMT-181 | Strain: Hal-1065 | GB: AF385521 | Status: Named | Preferred Habitat: Oral | Genome: Genome: yes	242	12	2
# BLAST processed 1 queries
