# BLASTN 2.12.0+
# Query: V3V5_165_Bacteroidetes
# Database: ../BLAST_DATABASE_ABUNDANCE/HOMD_16S_rRNA_RefSeq_V15.22.p9.fasta
# Fields: query id, bit score, identical, % identity, q. start, q. end, subject title, alignment length, mismatches, gaps
# 30 hits found
V3V5_165_Bacteroidetes	448	242	100.000	1	242	329BR085 | Capnocytophaga leadbetteri | HMT-329 | Clone: BR085 | GB: GU350453 | Status: Named | Preferred Habitat: Oral | Genome: Genome: yes	242	0	0
V3V5_165_Bacteroidetes	448	242	100.000	1	242	329BU084 | Capnocytophaga leadbetteri | HMT-329 | Clone: BU084 | GB: AF385569 | Status: Named | Preferred Habitat: Oral | Genome: Genome: yes	242	0	0
V3V5_165_Bacteroidetes	448	242	100.000	1	242	329BM058 | Capnocytophaga leadbetteri | HMT-329 | Clone: BM058 | GB: AY005075 | Status: Named | Preferred Habitat: Oral | Genome: Genome: yes	242	0	0
V3V5_165_Bacteroidetes	431	239	98.760	1	242	901-Wade | Capnocytophaga sp. HMT 901 | HMT-901 | Clone: BL218 | GB: JQ406535 | Status: Phylotype | Preferred Habitat: Unassigned | Genome: Genome: no	242	3	0
V3V5_165_Bacteroidetes	425	234	99.153	1	236	335_4775 | Capnocytophaga sp. HMT 335 | HMT-335 | Clone: 069096_232 | GB: JQ454775 | Status: Unnamed | Preferred Habitat: Oral | Genome: Genome: yes	236	2	0
V3V5_165_Bacteroidetes	425	234	99.153	1	236	902-Wade | Capnocytophaga sp. HMT 902 | HMT-902 | Clone: FL163 | GB: JQ406542 | Status: Phylotype | Preferred Habitat: Oral | Genome: Genome: no	236	2	0
V3V5_165_Bacteroidetes	420	233	98.729	1	236	878F0545 | Capnocytophaga sp. HMT 878 | HMT-878 | Strain: F0545 | GB: tbd | Status: Unnamed | Preferred Habitat: Oral | Genome: Genome: no	236	3	0
V3V5_165_Bacteroidetes	420	237	97.934	1	242	332DS022 | Capnocytophaga sp. HMT 332 | HMT-332 | Clone: DS022 | GB: AF366270 | Status: Unnamed | Preferred Habitat: Oral | Genome: Genome: yes	242	5	0
V3V5_165_Bacteroidetes	412	236	97.521	1	242	775_7609 | Capnocytophaga sputigena | HMT-775 | Strain: ATCC 33612 | GB: X67609 | Status: Named | Preferred Habitat: Oral | Genome: Genome: yes	242	4	2
V3V5_165_Bacteroidetes	412	236	97.521	1	242	775_4920 | Capnocytophaga sputigena | HMT-775 | Clone: 071064_219 | GB: JQ474920 | Status: Named | Preferred Habitat: Oral | Genome: Genome: yes	242	4	2
V3V5_165_Bacteroidetes	409	232	97.890	1	236	323_2733 | Capnocytophaga sp. HMT 323 | HMT-323 | Clone: 071057_454 | GB: JQ472733 | Status: Unnamed | Preferred Habitat: Oral | Genome: Genome: yes	237	3	2
V3V5_165_Bacteroidetes	409	232	97.890	1	236	412_8613 | Capnocytophaga sp. HMT 412 | HMT-412 | Clone: C2MKM106 | GB: AY278613 | Status: Unnamed | Preferred Habitat: Oral | Genome: Genome: yes	237	3	2
V3V5_165_Bacteroidetes	409	232	97.890	1	236	336F0502 | Capnocytophaga sp. HMT 336 | HMT-336 | Strain: F0502 | GB: tbd | Status: Unnamed | Preferred Habitat: Oral | Genome: Genome: yes	237	3	2
V3V5_165_Bacteroidetes	409	232	97.890	1	236	324AA032 | Capnocytophaga sp. HMT 324 | HMT-324 | Clone: AA032 | GB: AY005079 | Status: Unnamed | Preferred Habitat: Oral | Genome: Genome: yes	237	3	2
V3V5_165_Bacteroidetes	403	231	97.468	1	236	334EL043 | Capnocytophaga sp. HMT 334 | HMT-334 | Clone: EL043 | GB: AY008312 | Status: Phylotype | Preferred Habitat: Unassigned | Genome: Genome: no	237	4	2
V3V5_165_Bacteroidetes	401	230	97.458	1	236	412F0487 | Capnocytophaga sp. HMT 412 | HMT-412 | Strain: F0487 | GB: tbd | Status: Unnamed | Preferred Habitat: Oral | Genome: Genome: yes	236	4	2
V3V5_165_Bacteroidetes	401	230	97.458	1	236	700_4635 | Capnocytophaga ochracea | HMT-700 | Strain: ATCC 33596 | GB: L14635 | Status: Named | Preferred Habitat: Oral | Genome: Genome: yes	236	4	2
V3V5_165_Bacteroidetes	401	230	97.458	1	236	903-Wade | Capnocytophaga sp. HMT 903 | HMT-903 | Clone: HS5_2W_I24 | GB: KC203061 | Status: Phylotype | Preferred Habitat: Oral | Genome: Genome: no	236	4	2
V3V5_165_Bacteroidetes	396	229	97.034	1	236	336_X089 | Capnocytophaga sp. HMT 336 | HMT-336 | Clone: _X089 | GB: AY005080 | Status: Unnamed | Preferred Habitat: Oral | Genome: Genome: yes	236	5	2
V3V5_165_Bacteroidetes	396	229	97.034	1	236	380F0488 | Capnocytophaga sp. HMT 380 | HMT-380 | Strain: F0488 | GB: tbd | Status: Unnamed | Preferred Habitat: Oral | Genome: Genome: yes	236	5	2
V3V5_165_Bacteroidetes	392	228	96.610	1	236	864_1335 | Capnocytophaga sp. HMT 864 | HMT-864 | Clone: GEJ8 | GB: GU561335 | Status: Unnamed | Preferred Habitat: Oral | Genome: Genome: no	236	8	0
V3V5_165_Bacteroidetes	392	228	96.610	1	236	336_2363 | Capnocytophaga sp. HMT 336 | HMT-336 | Clone: 070035_613 | GB: JQ462363 | Status: Unnamed | Preferred Habitat: Oral | Genome: Genome: yes	236	8	0
V3V5_165_Bacteroidetes	387	227	96.186	1	236	335_X066 | Capnocytophaga sp. HMT 335 | HMT-335 | Clone: _X066 | GB: AY005078 | Status: Unnamed | Preferred Habitat: Oral | Genome: Genome: yes	236	9	0
V3V5_165_Bacteroidetes	387	227	96.186	1	236	864F0512 | Capnocytophaga sp. HMT 864 | HMT-864 | Strain: F0512 | GB: tbd | Status: Unnamed | Preferred Habitat: Oral | Genome: Genome: no	236	9	0
V3V5_165_Bacteroidetes	381	226	95.763	1	236	326F0382 | Capnocytophaga sp. HMT 326 | HMT-326 | Strain: F0382 | GB: tbd | Status: Unnamed | Preferred Habitat: Oral | Genome: Genome: yes	236	10	0
V3V5_165_Bacteroidetes	364	228	93.827	1	242	627_1349 | Capnocytophaga haemolytica | HMT-627 | Strain: JCM 8565 | GB: U41349 | Status: Named | Preferred Habitat: Oral | Genome: Genome: yes	243	14	1
V3V5_165_Bacteroidetes	364	228	93.827	1	242	627_1748 | Capnocytophaga haemolytica | HMT-627 | Clone: 069086_014 | GB: JQ451748 | Status: Named | Preferred Habitat: Oral | Genome: Genome: yes	243	14	1
V3V5_165_Bacteroidetes	357	226	93.388	1	242	337_7608 | Capnocytophaga gingivalis | HMT-337 | Strain: ATCC 33624 | GB: X67608 | Status: Named | Preferred Habitat: Oral | Genome: Genome: yes	242	14	2
V3V5_165_Bacteroidetes	357	226	93.388	1	242	863F0517 | Capnocytophaga sp. HMT 863 | HMT-863 | Strain: F0517 | GB: tbd | Status: Unnamed | Preferred Habitat: Oral | Genome: Genome: yes	242	14	2
V3V5_165_Bacteroidetes	353	225	92.975	1	242	338Capn8 | Capnocytophaga sp. HMT 338 | HMT-338 | Strain: FDC 8 | GB: U41352 | Status: Unnamed | Preferred Habitat: Oral | Genome: Genome: yes	242	17	0
# BLAST processed 1 queries
