# BLASTN 2.12.0+
# Query: V3V5_121_Bacteroidetes
# Database: ../BLAST_DATABASE_ABUNDANCE/HOMD_16S_rRNA_RefSeq_V15.22.p9.fasta
# Fields: query id, bit score, identical, % identity, q. start, q. end, subject title, alignment length, mismatches, gaps
# 30 hits found
V3V5_121_Bacteroidetes	448	242	100.000	1	242	299BI027 | Prevotella nanceiensis | HMT-299 | Clone: BI027 | GB: AY005064 | Status: Named | Preferred Habitat: Oral | Genome: Genome: yes	242	0	0
V3V5_121_Bacteroidetes	396	233	96.281	1	242	942_6378 | Prevotella sp. HMT 942 | HMT-942 | Clone: 22B412 | GB: FJ976378 | Status: Phylotype | Preferred Habitat: Oral | Genome: Genome: no	242	8	1
V3V5_121_Bacteroidetes	357	225	93.750	4	242	378_1228 | Prevotella micans | HMT-378 | Strain: E7_56 | GB: AF481228 | Status: Named | Preferred Habitat: Oral | Genome: Genome: yes	240	12	3
V3V5_121_Bacteroidetes	350	221	93.249	6	242	705_5176 | Prevotella oralis | HMT-705 | Clone: ELU0173-000438 | GB: HQ815176 | Status: Named | Preferred Habitat: Oral | Genome: Genome: yes	237	16	0
V3V5_121_Bacteroidetes	350	221	93.249	6	242	705_3522 | Prevotella oralis | HMT-705 | Strain: ATCC 33269 | GB: AY323522 | Status: Named | Preferred Habitat: Oral | Genome: Genome: yes	237	16	0
V3V5_121_Bacteroidetes	339	220	92.437	6	242	301BS041 | Prevotella sp. HMT 301 | HMT-301 | Clone: BS041 | GB: AF385558 | Status: Phylotype | Preferred Habitat: Oral | Genome: Genome: no	238	17	1
V3V5_121_Bacteroidetes	335	220	92.050	4	242	795_8825 | Prevotella shahii | HMT-795 | Strain: JCM 12083 | GB: AB108825 | Status: Named | Preferred Habitat: Oral | Genome: Genome: yes	239	18	1
V3V5_121_Bacteroidetes	331	220	91.667	4	242	309DO045 | Prevotella sp. HMT 309 | HMT-309 | Clone: DO045 | GB: AF385515 | Status: Phylotype | Preferred Habitat: Oral | Genome: Genome: no	240	18	2
V3V5_121_Bacteroidetes	331	220	91.667	4	242	309_6203 | Prevotella sp. HMT 309 | HMT-309 | Clone: 3083 | GB: FJ976203 | Status: Phylotype | Preferred Habitat: Oral | Genome: Genome: no	240	18	2
V3V5_121_Bacteroidetes	331	221	91.322	1	242	526_3633 | Prevotella sp. HMT 526 | HMT-526 | Clone: P4P_53 | GB: AY944134 | Status: Phylotype | Preferred Habitat: Oral | Genome: Genome: no	242	21	0
V3V5_121_Bacteroidetes	329	219	91.632	4	242	556_6475 | Prevotella bivia | HMT-556 | Strain: ATCC 29303 | GB: L16475 | Status: Named | Preferred Habitat: Oral | Genome: Genome: yes	239	19	1
V3V5_121_Bacteroidetes	326	220	90.909	1	242	526_4134 | Prevotella sp. HMT 526 | HMT-526 | Clone: MB7_G16 | GB: DQ003633 | Status: Phylotype | Preferred Habitat: Oral | Genome: Genome: no	242	22	0
V3V5_121_Bacteroidetes	320	218	90.833	4	242	288F0390 | Prevotella oulorum | HMT-288 | Strain: F0390 | GB: tbd | Status: Named | Preferred Habitat: Oral | Genome: Genome: yes	240	20	2
V3V5_121_Bacteroidetes	320	218	90.833	4	242	288_6472 | Prevotella oulorum | HMT-288 | Strain: ATCC 43324 | GB: L16472 | Status: Named | Preferred Habitat: Oral | Genome: Genome: yes	240	20	2
V3V5_121_Bacteroidetes	320	216	91.139	6	242	305_0424 | Prevotella sp. HMT 305 | HMT-305 | Clone: 070055_034 | GB: JQ460424 | Status: Phylotype | Preferred Habitat: Oral | Genome: Genome: no	237	20	1
V3V5_121_Bacteroidetes	320	220	90.535	1	242	665_1227 | Prevotella marshii | HMT-665 | Strain: E9_34 | GB: AF481227 | Status: Named | Preferred Habitat: Oral | Genome: Genome: yes	243	21	2
V3V5_121_Bacteroidetes	318	219	90.871	4	242	572_3124 | Prevotella veroralis | HMT-572 | Strain: JCM 6290 | GB: NR_113124 | Status: Named | Preferred Habitat: Oral | Genome: Genome: yes	241	17	5
V3V5_121_Bacteroidetes	318	219	90.871	4	242	572_4079 | Prevotella veroralis | HMT-572 | Clone: 071062_262 | GB: JQ474079 | Status: Named | Preferred Habitat: Oral | Genome: Genome: yes	241	17	5
V3V5_121_Bacteroidetes	318	219	90.871	4	242	572_6473 | Prevotella veroralis | HMT-572 | Strain: ATCC 33779 | GB: L16473 | Status: Named | Preferred Habitat: Oral | Genome: Genome: yes	241	17	5
V3V5_121_Bacteroidetes	318	219	90.871	4	242	313FM005 | Prevotella sp. HMT 313 | HMT-313 | Clone: FM005 | GB: AF432133 | Status: Unnamed | Preferred Habitat: Oral | Genome: Genome: no	241	17	5
V3V5_121_Bacteroidetes	318	217	90.795	4	242	317_5061 | Prevotella sp. HMT 317 | HMT-317 | Strain: B31FD | GB: AY005061 | Status: Unnamed | Preferred Habitat: Oral | Genome: Genome: yes	239	21	1
V3V5_121_Bacteroidetes	316	217	90.417	3	242	303_9992 | Prevotella pleuritidis | HMT-303 | Clone: 102D01 | GB: AM419992 | Status: Named | Preferred Habitat: Oral | Genome: Genome: yes	240	23	0
V3V5_121_Bacteroidetes	315	215	90.717	6	242	305DO014 | Prevotella sp. HMT 305 | HMT-305 | Clone: DO014 | GB: AF385509 | Status: Phylotype | Preferred Habitat: Oral | Genome: Genome: no	237	21	1
V3V5_121_Bacteroidetes	313	218	90.456	4	242	782F0012 | Prevotella fusca | HMT-782 | Strain: F0012 | GB: GQ422745 | Status: Named | Preferred Habitat: Oral | Genome: Genome: yes	241	18	5
V3V5_121_Bacteroidetes	313	218	90.456	4	242	782_4304 | Prevotella fusca | HMT-782 | Strain: JCM 17724 | GB: NR_114304 | Status: Named | Preferred Habitat: Oral | Genome: Genome: yes	241	18	5
V3V5_121_Bacteroidetes	313	218	90.456	4	242	943_2878 | Prevotella aurantiaca | HMT-943 | Strain: OMA31 | GB: NR_112878 | Status: Named | Preferred Habitat: Oral | Genome: Genome: yes	241	18	5
V3V5_121_Bacteroidetes	313	218	90.456	4	242	714_3121 | Prevotella pallens | HMT-714 | Strain: JCM 11140 | GB: NR_113121 | Status: Named | Preferred Habitat: Oral | Genome: Genome: yes	241	18	5
V3V5_121_Bacteroidetes	313	216	90.377	4	242	317_8624 | Prevotella sp. HMT 317 | HMT-317 | Clone: C3MKM081 | GB: AY278624 | Status: Unnamed | Preferred Habitat: Oral | Genome: Genome: yes	239	22	1
V3V5_121_Bacteroidetes	307	212	90.213	8	242	600_5635 | Prevotella enoeca | HMT-600 | Strain: ATCC 51261 | GB: AJ005635 | Status: Named | Preferred Habitat: Oral | Genome: Genome: yes	235	23	0
V3V5_121_Bacteroidetes	307	215	89.958	4	242	472GU027 | Prevotella sp. HMT 472 | HMT-472 | Clone: GU027 | GB: AY349398 | Status: Unnamed | Preferred Habitat: Oral | Genome: Genome: yes	239	23	1
# BLAST processed 1 queries
