# BLASTN 2.12.0+
# Query: V3V5_264_Bacteroidetes
# Database: ../BLAST_DATABASE_ABUNDANCE/HOMD_16S_rRNA_RefSeq_V15.22.p9.fasta
# Fields: query id, bit score, identical, % identity, q. start, q. end, subject title, alignment length, mismatches, gaps
# 30 hits found
V3V5_264_Bacteroidetes	448	242	100.000	1	242	443_1415 | Prevotella sp. HMT 443 | HMT-443 | Clone: P4PB_24 | GB: AY331415 | Status: Phylotype | Preferred Habitat: Oral | Genome: Genome: no	242	0	0
V3V5_264_Bacteroidetes	387	232	95.473	1	242	820_7212 | Prevotella sp. HMT 820 | HMT-820 | Strain: P2A_FAAD4 | GB: AF537212 | Status: Unnamed | Preferred Habitat: Oral | Genome: Genome: no	243	9	2
V3V5_264_Bacteroidetes	377	231	94.672	1	242	307_8826 | Prevotella salivae | HMT-307 | Strain: DSM 15606 | GB: AB108826 | Status: Named | Preferred Habitat: Oral | Genome: Genome: yes	244	11	2
V3V5_264_Bacteroidetes	375	230	94.650	1	242	292AU120 | Prevotella sp. HMT 292 | HMT-292 | Clone: AU120 | GB: GQ422735 | Status: Phylotype | Preferred Habitat: Oral | Genome: Genome: no	243	12	1
V3V5_264_Bacteroidetes	375	230	94.650	1	242	292AH125 | Prevotella sp. HMT 292 | HMT-292 | Clone: AH125 | GB: AY005060 | Status: Phylotype | Preferred Habitat: Oral | Genome: Genome: no	243	12	1
V3V5_264_Bacteroidetes	375	230	94.650	1	242	300_0563 | Prevotella sp. HMT 300 | HMT-300 | Clone: ncd2142e01c1 | GB: JF180563 | Status: Phylotype | Preferred Habitat: Oral | Genome: Genome: no	243	12	1
V3V5_264_Bacteroidetes	375	230	94.650	1	242	300BR014 | Prevotella sp. HMT 300 | HMT-300 | Clone: BR014 | GB: AF385554 | Status: Phylotype | Preferred Habitat: Oral | Genome: Genome: no	243	12	1
V3V5_264_Bacteroidetes	375	230	94.650	1	242	293AO009 | Prevotella sp. HMT 293 | HMT-293 | Clone: AO009 | GB: AY005059 | Status: Phylotype | Preferred Habitat: Oral | Genome: Genome: no	243	12	1
V3V5_264_Bacteroidetes	370	229	94.239	1	242	300_8625 | Prevotella sp. HMT 300 | HMT-300 | Clone: C3MLM058 | GB: AY278625 | Status: Phylotype | Preferred Habitat: Oral | Genome: Genome: no	243	13	1
V3V5_264_Bacteroidetes	368	229	94.239	1	242	305_0424 | Prevotella sp. HMT 305 | HMT-305 | Clone: 070055_034 | GB: JQ460424 | Status: Phylotype | Preferred Habitat: Oral | Genome: Genome: no	243	11	3
V3V5_264_Bacteroidetes	364	228	93.827	1	242	289AA020 | Prevotella maculosa | HMT-289 | Clone: AA020 | GB: AY005057 | Status: Named | Preferred Habitat: Oral | Genome: Genome: yes	243	13	2
V3V5_264_Bacteroidetes	364	229	93.852	1	242	289AA016 | Prevotella maculosa | HMT-289 | Clone: AA016 | GB: AY005058 | Status: Named | Preferred Habitat: Oral | Genome: Genome: yes	244	12	3
V3V5_264_Bacteroidetes	364	229	93.852	1	242	311_6474 | Prevotella oris | HMT-311 | Strain: ATCC 33573 | GB: L16474 | Status: Named | Preferred Habitat: Oral | Genome: Genome: yes	244	12	3
V3V5_264_Bacteroidetes	363	228	93.827	1	241	311_F045 | Prevotella oris | HMT-311 | Clone: _F045 | GB: AY005056 | Status: Named | Preferred Habitat: Oral | Genome: Genome: yes	243	12	3
V3V5_264_Bacteroidetes	363	228	93.827	1	242	305DO014 | Prevotella sp. HMT 305 | HMT-305 | Clone: DO014 | GB: AF385509 | Status: Phylotype | Preferred Habitat: Oral | Genome: Genome: no	243	12	3
V3V5_264_Bacteroidetes	357	226	93.388	2	242	553_2605 | Prevotella baroniae | HMT-553 | Clone: PUS9.180 | GB: AJ012605 | Status: Named | Preferred Habitat: Oral | Genome: Genome: yes	242	15	1
V3V5_264_Bacteroidetes	353	227	93.033	1	242	289_4315 | Prevotella maculosa | HMT-289 | Strain: W1609 | GB: EF534315 | Status: Named | Preferred Habitat: Oral | Genome: Genome: yes	244	14	3
V3V5_264_Bacteroidetes	353	225	92.975	1	242	288F0390 | Prevotella oulorum | HMT-288 | Strain: F0390 | GB: tbd | Status: Named | Preferred Habitat: Oral | Genome: Genome: yes	242	17	0
V3V5_264_Bacteroidetes	353	225	92.975	1	242	288_6472 | Prevotella oulorum | HMT-288 | Strain: ATCC 43324 | GB: L16472 | Status: Named | Preferred Habitat: Oral | Genome: Genome: yes	242	17	0
V3V5_264_Bacteroidetes	353	225	92.975	1	242	309DO045 | Prevotella sp. HMT 309 | HMT-309 | Clone: DO045 | GB: AF385515 | Status: Phylotype | Preferred Habitat: Oral | Genome: Genome: no	242	17	0
V3V5_264_Bacteroidetes	353	225	92.975	1	242	309_6203 | Prevotella sp. HMT 309 | HMT-309 | Clone: 3083 | GB: FJ976203 | Status: Phylotype | Preferred Habitat: Oral | Genome: Genome: no	242	17	0
V3V5_264_Bacteroidetes	342	225	92.213	1	242	396_7050 | Prevotella sp. HMT 396 | HMT-396 | Clone: P4PB_83 | GB: AY207050 | Status: Phylotype | Preferred Habitat: Oral | Genome: Genome: no	244	15	4
V3V5_264_Bacteroidetes	337	222	92.116	4	242	705_5176 | Prevotella oralis | HMT-705 | Clone: ELU0173-000438 | GB: HQ815176 | Status: Named | Preferred Habitat: Oral | Genome: Genome: yes	241	15	4
V3V5_264_Bacteroidetes	337	222	92.116	4	242	705_3522 | Prevotella oralis | HMT-705 | Strain: ATCC 33269 | GB: AY323522 | Status: Named | Preferred Habitat: Oral | Genome: Genome: yes	241	15	4
V3V5_264_Bacteroidetes	337	222	92.116	4	242	301BS041 | Prevotella sp. HMT 301 | HMT-301 | Clone: BS041 | GB: AF385558 | Status: Phylotype | Preferred Habitat: Oral | Genome: Genome: no	241	16	3
V3V5_264_Bacteroidetes	333	221	91.701	2	242	378_1228 | Prevotella micans | HMT-378 | Strain: E7_56 | GB: AF481228 | Status: Named | Preferred Habitat: Oral | Genome: Genome: yes	241	19	1
V3V5_264_Bacteroidetes	324	220	90.909	1	242	782F0012 | Prevotella fusca | HMT-782 | Strain: F0012 | GB: GQ422745 | Status: Named | Preferred Habitat: Oral | Genome: Genome: yes	242	21	1
V3V5_264_Bacteroidetes	324	220	90.909	1	242	782_4304 | Prevotella fusca | HMT-782 | Strain: JCM 17724 | GB: NR_114304 | Status: Named | Preferred Habitat: Oral | Genome: Genome: yes	242	21	1
V3V5_264_Bacteroidetes	324	220	90.909	1	242	885_3253 | Prevotella scopos | HMT-885 | Strain: JCM 17725 | GB: AB683253 | Status: Named | Preferred Habitat: Oral | Genome: Genome: yes	242	21	1
V3V5_264_Bacteroidetes	324	220	90.909	1	242	469_3525 | Prevotella melaninogenica | HMT-469 | Strain: ATCC 25845 | GB: AY323525 | Status: Named | Preferred Habitat: Oral | Genome: Genome: yes	242	21	1
# BLAST processed 1 queries
