# BLASTN 2.12.0+
# Query: V3V5_268_Firmicutes
# Database: ../BLAST_DATABASE_ABUNDANCE/HOMD_16S_rRNA_RefSeq_V15.22.p9.fasta
# Fields: query id, bit score, identical, % identity, q. start, q. end, subject title, alignment length, mismatches, gaps
# 30 hits found
V3V5_268_Firmicutes	460	249	100.000	1	249	078F0262 | Oribacterium sp. HMT 078 | HMT-078 | Strain: F0262 | GB: tbd | Status: Unnamed | Preferred Habitat: Oral | Genome: Genome: yes	249	0	0
V3V5_268_Firmicutes	460	249	100.000	1	249	078AO068 | Oribacterium sp. HMT 078 | HMT-078 | Clone: AO068 | GB: AF287771 | Status: Unnamed | Preferred Habitat: Oral | Genome: Genome: yes	249	0	0
V3V5_268_Firmicutes	460	249	100.000	1	249	078F263a | Oribacterium sp. HMT 078 | HMT-078 | Strain: F0263a | GB: tbd | Status: Unnamed | Preferred Habitat: Oral | Genome: Genome: yes	249	0	0
V3V5_268_Firmicutes	460	249	100.000	1	249	078F263b | Oribacterium sp. HMT 078 | HMT-078 | Strain: F0263b | GB: tbd | Status: Unnamed | Preferred Habitat: Oral | Genome: Genome: yes	249	0	0
V3V5_268_Firmicutes	387	235	94.758	2	249	102FB046 | Oribacterium sp. HMT 102 | HMT-102 | Clone: FB046 | GB: GQ422713 | Status: Unnamed | Preferred Habitat: Oral | Genome: Genome: no	248	13	0
V3V5_268_Firmicutes	381	234	94.355	2	249	102_1218 | Oribacterium sp. HMT 102 | HMT-102 | Clone: MCE7_60 | GB: AF481218 | Status: Unnamed | Preferred Habitat: Oral | Genome: Genome: no	248	14	0
V3V5_268_Firmicutes	377	234	93.976	1	249	934_5570 | Oribacterium parvum | HMT-934 | Strain: ACB1 | GB: NR_125570 | Status: Named | Preferred Habitat: Oral | Genome: Genome: yes	249	15	0
V3V5_268_Firmicutes	377	234	93.976	1	249	457F0268 | Oribacterium sinus | HMT-457 | Strain: F0268 | GB: FJ577261 | Status: Named | Preferred Habitat: Oral | Genome: Genome: yes	249	15	0
V3V5_268_Firmicutes	370	232	93.548	2	249	095_9956 | Shuttleworthia satelles | HMT-095 | Strain: D143K-13 | GB: AF399956 | Status: Named | Preferred Habitat: Oral | Genome: Genome: yes	248	16	0
V3V5_268_Firmicutes	366	232	93.173	1	249	108_5571 | Oribacterium asaccharolyticum | HMT-108 | Strain: ACB7 | GB: NR_125571 | Status: Named | Preferred Habitat: Oral | Genome: Genome: yes	249	17	0
V3V5_268_Firmicutes	366	232	93.173	1	249	108F0425 | Oribacterium asaccharolyticum | HMT-108 | Strain: F0425 | GB: tbd | Status: Named | Preferred Habitat: Oral | Genome: Genome: yes	249	17	0
V3V5_268_Firmicutes	366	232	93.173	1	249	934FTB41 | Oribacterium parvum | HMT-934 | Strain: FTB41 | GB: AF287770 | Status: Named | Preferred Habitat: Oral | Genome: Genome: yes	249	17	0
V3V5_268_Firmicutes	342	227	91.532	2	249	419_8618 | Stomatobaculum longum | HMT-419 | Clone: C4ALM087 | GB: AY278618 | Status: Named | Preferred Habitat: Oral | Genome: Genome: yes	248	21	0
V3V5_268_Firmicutes	342	227	91.532	2	249	910-Wade | Stomatobaculum sp. HMT 910 | HMT-910 | Clone: CL133 | GB: JQ406544 | Status: Phylotype | Preferred Habitat: Oral | Genome: Genome: no	248	21	0
V3V5_268_Firmicutes	337	226	91.129	2	249	097DO016 | Stomatobaculum sp. HMT 097 | HMT-097 | Clone: DO016 | GB: AF385510 | Status: Unnamed | Preferred Habitat: Oral | Genome: Genome: no	248	22	0
V3V5_268_Firmicutes	331	225	90.726	2	249	496JI012 | Lachnoanaerobaculum sp. HMT 496 | HMT-496 | Clone: JI012 | GB: AY349379 | Status: Phylotype | Preferred Habitat: Unassigned | Genome: Genome: no	248	23	0
V3V5_268_Firmicutes	326	225	90.361	2	249	373_1221 | Stomatobaculum sp. HMT 373 | HMT-373 | Clone: MCE9_173 | GB: AF481221 | Status: Phylotype | Preferred Habitat: Oral | Genome: Genome: no	249	22	2
V3V5_268_Firmicutes	322	224	89.960	1	249	455GI038 | Butyrivibrio sp. HMT 455 | HMT-455 | Clone: GI038 | GB: AY349374 | Status: Phylotype | Preferred Habitat: Oral | Genome: Genome: no	249	25	0
V3V5_268_Firmicutes	322	225	90.000	1	249	090CK030 | Butyrivibrio sp. HMT 090 | HMT-090 | Clone: CK030 | GB: AF287773 | Status: Phylotype | Preferred Habitat: Unassigned | Genome: Genome: no	250	23	2
V3V5_268_Firmicutes	322	217	91.176	14	249	086BU061 | Lachnospiraceae [G-7] bacterium HMT 086 | HMT-086 | Clone: BU061 | GB: AF385567 | Status: Phylotype | Preferred Habitat: Oral | Genome: Genome: no	238	19	2
V3V5_268_Firmicutes	320	223	89.919	2	249	166CK051 | Johnsonella sp. HMT 166 | HMT-166 | Clone: CK051 | GB: AF287774 | Status: Phylotype | Preferred Habitat: Oral | Genome: Genome: no	248	25	0
V3V5_268_Firmicutes	316	219	90.123	7	249	080BB124 | Butyrivibrio sp. HMT 080 | HMT-080 | Clone: BB124 | GB: AF287772 | Status: Phylotype | Preferred Habitat: Oral | Genome: Genome: no	243	24	0
V3V5_268_Firmicutes	315	223	89.558	2	249	089CK004 | Lachnoanaerobaculum sp. HMT 089 | HMT-089 | Clone: CK004 | GB: AF287776 | Status: Phylotype | Preferred Habitat: Unassigned | Genome: Genome: no	249	25	1
V3V5_268_Firmicutes	315	222	89.516	2	249	096DO008 | Lachnospiraceae [G-2] bacterium HMT 096 | HMT-096 | Clone: DO008 | GB: AF385508 | Status: Unnamed | Preferred Habitat: Oral | Genome: Genome: no	248	26	0
V3V5_268_Firmicutes	311	215	90.336	14	249	163AH153 | Lachnospiraceae [G-7] bacterium HMT 163 | HMT-163 | Clone: AH153 | GB: AF287769 | Status: Phylotype | Preferred Habitat: Oral | Genome: Genome: no	238	21	2
V3V5_268_Firmicutes	309	222	89.157	2	249	082BE088 | Lachnoanaerobaculum orale | HMT-082 | Clone: BE088 | GB: AF385552 | Status: Named | Preferred Habitat: Oral | Genome: Genome: yes	249	26	1
V3V5_268_Firmicutes	309	222	89.157	2	249	082F0431 | Lachnoanaerobaculum orale | HMT-082 | Strain: F0431 | GB: tbd | Status: Named | Preferred Habitat: Oral | Genome: Genome: yes	249	26	1
V3V5_268_Firmicutes	309	222	89.157	2	249	494_RDP | Lachnoanaerobaculum saburreum | HMT-494 | Strain: DSM 3986 | GB: RDP | Status: Named | Preferred Habitat: Oral | Genome: Genome: yes	249	26	1
V3V5_268_Firmicutes	309	222	89.157	2	249	494IR009 | Lachnoanaerobaculum saburreum | HMT-494 | Clone: IR009 | GB: AY349376 | Status: Named | Preferred Habitat: Oral | Genome: Genome: yes	249	26	1
V3V5_268_Firmicutes	309	223	89.200	2	249	088CH017 | Lachnospiraceae [G-2] bacterium HMT 088 | HMT-088 | Clone: CH017 | GB: AF287775 | Status: Phylotype | Preferred Habitat: Oral | Genome: Genome: no	250	23	4
# BLAST processed 1 queries
