# BLASTN 2.12.0+
# Query: V3V5_083_Bacteroidetes
# Database: ../BLAST_DATABASE_ABUNDANCE/HOMD_16S_rRNA_RefSeq_V15.22.p9.fasta
# Fields: query id, bit score, identical, % identity, q. start, q. end, subject title, alignment length, mismatches, gaps
# 30 hits found
V3V5_083_Bacteroidetes	446	241	100.000	1	241	291_3524 | Prevotella denticola | HMT-291 | Strain: ATCC 35308 | GB: AY323524 | Status: Named | Preferred Habitat: Oral | Genome: Genome: yes	241	0	0
V3V5_083_Bacteroidetes	446	241	100.000	1	241	291AH005 | Prevotella denticola | HMT-291 | Clone: AH005 | GB: AY005053 | Status: Named | Preferred Habitat: Oral | Genome: Genome: yes	241	0	0
V3V5_083_Bacteroidetes	440	240	99.585	1	241	291AO036 | Prevotella denticola | HMT-291 | Clone: AO036 | GB: AY005054 | Status: Named | Preferred Habitat: Oral | Genome: Genome: yes	241	1	0
V3V5_083_Bacteroidetes	429	238	98.755	1	241	685_2483 | Prevotella multiformis | HMT-685 | Strain: PPPA21 | GB: AB182483 | Status: Named | Preferred Habitat: Oral | Genome: Genome: yes	241	3	0
V3V5_083_Bacteroidetes	368	227	94.191	1	241	376_1226 | Prevotella sp. HMT 376 | HMT-376 | Strain: E7_34 | GB: AF481226 | Status: Unnamed | Preferred Habitat: Oral | Genome: Genome: no	241	14	0
V3V5_083_Bacteroidetes	366	226	94.167	2	241	515_3622 | Prevotella sp. HMT 515 | HMT-515 | Clone: MB3_P13 | GB: DQ003622 | Status: Phylotype | Preferred Habitat: Oral | Genome: Genome: no	240	14	0
V3V5_083_Bacteroidetes	363	226	93.776	1	241	782F0012 | Prevotella fusca | HMT-782 | Strain: F0012 | GB: GQ422745 | Status: Named | Preferred Habitat: Oral | Genome: Genome: yes	241	15	0
V3V5_083_Bacteroidetes	357	225	93.361	1	241	782_4304 | Prevotella fusca | HMT-782 | Strain: JCM 17724 | GB: NR_114304 | Status: Named | Preferred Habitat: Oral | Genome: Genome: yes	241	16	0
V3V5_083_Bacteroidetes	357	225	93.361	1	241	306DO027 | Prevotella sp. HMT 306 | HMT-306 | Clone: DO027 | GB: AF385511 | Status: Unnamed | Preferred Habitat: Oral | Genome: Genome: yes	241	16	0
V3V5_083_Bacteroidetes	357	225	93.361	1	241	298BE073 | Prevotella histicola | HMT-298 | Clone: BE073 | GB: AF385551 | Status: Named | Preferred Habitat: Oral | Genome: Genome: yes	241	16	0
V3V5_083_Bacteroidetes	353	226	93.004	1	241	311_6474 | Prevotella oris | HMT-311 | Strain: ATCC 33573 | GB: L16474 | Status: Named | Preferred Habitat: Oral | Genome: Genome: yes	243	15	2
V3V5_083_Bacteroidetes	351	224	92.946	1	241	572_6473 | Prevotella veroralis | HMT-572 | Strain: ATCC 33779 | GB: L16473 | Status: Named | Preferred Habitat: Oral | Genome: Genome: yes	241	17	0
V3V5_083_Bacteroidetes	351	224	92.946	1	241	313FM005 | Prevotella sp. HMT 313 | HMT-313 | Clone: FM005 | GB: AF432133 | Status: Unnamed | Preferred Habitat: Oral | Genome: Genome: no	241	17	0
V3V5_083_Bacteroidetes	351	225	92.975	1	240	311_F045 | Prevotella oris | HMT-311 | Clone: _F045 | GB: AY005056 | Status: Named | Preferred Habitat: Oral | Genome: Genome: yes	242	15	2
V3V5_083_Bacteroidetes	346	223	92.531	1	241	885_3253 | Prevotella scopos | HMT-885 | Strain: JCM 17725 | GB: AB683253 | Status: Named | Preferred Habitat: Oral | Genome: Genome: yes	241	18	0
V3V5_083_Bacteroidetes	346	223	92.531	1	241	469_3525 | Prevotella melaninogenica | HMT-469 | Strain: ATCC 25845 | GB: AY323525 | Status: Named | Preferred Habitat: Oral | Genome: Genome: yes	241	18	0
V3V5_083_Bacteroidetes	346	223	92.531	1	241	572_3124 | Prevotella veroralis | HMT-572 | Strain: JCM 6290 | GB: NR_113124 | Status: Named | Preferred Habitat: Oral | Genome: Genome: yes	241	18	0
V3V5_083_Bacteroidetes	346	223	92.531	1	241	572_4079 | Prevotella veroralis | HMT-572 | Clone: 071062_262 | GB: JQ474079 | Status: Named | Preferred Habitat: Oral | Genome: Genome: yes	241	18	0
V3V5_083_Bacteroidetes	346	223	92.531	1	241	313_9254 | Prevotella sp. HMT 313 | HMT-313 | Clone: 069104_177 | GB: JQ449254 | Status: Unnamed | Preferred Habitat: Oral | Genome: Genome: no	241	18	0
V3V5_083_Bacteroidetes	346	223	92.531	1	241	314FU048 | Prevotella sp. HMT 314 | HMT-314 | Clone: FU048 | GB: AY349393 | Status: Unnamed | Preferred Habitat: Oral | Genome: Genome: no	241	18	0
V3V5_083_Bacteroidetes	346	224	92.562	1	241	289AA020 | Prevotella maculosa | HMT-289 | Clone: AA020 | GB: AY005057 | Status: Named | Preferred Habitat: Oral | Genome: Genome: yes	242	17	1
V3V5_083_Bacteroidetes	346	224	92.562	1	241	288F0390 | Prevotella oulorum | HMT-288 | Strain: F0390 | GB: tbd | Status: Named | Preferred Habitat: Oral | Genome: Genome: yes	242	17	1
V3V5_083_Bacteroidetes	346	224	92.562	1	241	288_6472 | Prevotella oulorum | HMT-288 | Strain: ATCC 43324 | GB: L16472 | Status: Named | Preferred Habitat: Oral | Genome: Genome: yes	242	17	1
V3V5_083_Bacteroidetes	346	224	92.562	1	241	309DO045 | Prevotella sp. HMT 309 | HMT-309 | Clone: DO045 | GB: AF385515 | Status: Phylotype | Preferred Habitat: Oral | Genome: Genome: no	242	17	1
V3V5_083_Bacteroidetes	346	224	92.562	1	241	309_6203 | Prevotella sp. HMT 309 | HMT-309 | Clone: 3083 | GB: FJ976203 | Status: Phylotype | Preferred Habitat: Oral | Genome: Genome: no	242	17	1
V3V5_083_Bacteroidetes	342	224	92.181	1	241	289_4315 | Prevotella maculosa | HMT-289 | Strain: W1609 | GB: EF534315 | Status: Named | Preferred Habitat: Oral | Genome: Genome: yes	243	17	2
V3V5_083_Bacteroidetes	342	224	92.181	1	241	289AA016 | Prevotella maculosa | HMT-289 | Clone: AA016 | GB: AY005058 | Status: Named | Preferred Habitat: Oral | Genome: Genome: yes	243	17	2
V3V5_083_Bacteroidetes	339	225	91.837	1	241	583_1876 | Prevotella dentalis | HMT-583 | Strain: DSM 3688 | GB: X81876 | Status: Named | Preferred Habitat: Oral | Genome: Genome: yes	245	16	4
V3V5_083_Bacteroidetes	337	220	92.050	3	241	693F0103 | Prevotella nigrescens | HMT-693 | Strain: F0103 | GB: GU470890 | Status: Named | Preferred Habitat: Oral | Genome: Genome: yes	239	19	0
V3V5_083_Bacteroidetes	337	220	92.050	3	241	693_3963 | Prevotella nigrescens | HMT-693 | Strain: NCTC 9336 | GB: X73963 | Status: Named | Preferred Habitat: Oral | Genome: Genome: yes	239	19	0
# BLAST processed 1 queries
