# BLASTN 2.12.0+
# Query: V3V5_286_Actinobacteria
# Database: ../BLAST_DATABASE_ABUNDANCE/HOMD_16S_rRNA_RefSeq_V15.22.p9.fasta
# Fields: query id, bit score, identical, % identity, q. start, q. end, subject title, alignment length, mismatches, gaps
# 30 hits found
V3V5_286_Actinobacteria	435	240	99.174	1	242	666_3287 | Corynebacterium matruchotii | HMT-666 | Strain: ChDC OS35 | GB: AF543287 | Status: Named | Preferred Habitat: Oral | Genome: Genome: yes	242	1	1
V3V5_286_Actinobacteria	431	239	98.760	1	242	666N000A | Corynebacterium matruchotii | HMT-666 | Clone: ncd2560d03c1 | GB: JF218742 | Status: Named | Preferred Habitat: Oral | Genome: Genome: yes	242	3	0
V3V5_286_Actinobacteria	429	239	98.760	1	242	666_2065 | Corynebacterium matruchotii | HMT-666 | Strain: CIP 81.82 | GB: X82065 | Status: Named | Preferred Habitat: Oral | Genome: Genome: yes	242	2	1
V3V5_286_Actinobacteria	381	230	95.041	1	242	832_9809 | Turicella otitidis | HMT-832 | Clone: nbw13b04c1 | GB: GQ059809 | Status: Named | Preferred Habitat: Unassigned | Genome: Genome: yes	242	12	0
V3V5_286_Actinobacteria	377	230	95.041	3	242	595_7069 | Corynebacterium durum | HMT-595 | Strain: IBS G15036 | GB: Z97069 | Status: Named | Preferred Habitat: Oral | Genome: Genome: yes	242	8	4
V3V5_286_Actinobacteria	377	230	95.041	3	242	595F235a | Corynebacterium durum | HMT-595 | Strain: F0235a | GB: tbd | Status: Named | Preferred Habitat: Oral | Genome: Genome: yes	242	8	4
V3V5_286_Actinobacteria	377	230	95.041	3	242	595F235b | Corynebacterium durum | HMT-595 | Strain: F0235b | GB: tbd | Status: Named | Preferred Habitat: Oral | Genome: Genome: yes	242	8	4
V3V5_286_Actinobacteria	375	231	94.672	1	242	072N044A | Corynebacterium striatum | HMT-072 | Strain: Minnett | GB: NR_037041 | Status: Named | Preferred Habitat: Unassigned | Genome: Genome: yes	244	9	4
V3V5_286_Actinobacteria	375	231	94.672	1	242	062N042A | Corynebacterium simulans | HMT-062 | Strain: UCL553 | GB: NR_025309 | Status: Named | Preferred Habitat: Unassigned | Genome: Genome: yes	244	9	4
V3V5_286_Actinobacteria	375	230	94.650	1	242	853_7597 | Corynebacterium urealyticum | HMT-853 | Strain: DSM 7109 | GB: NR_027597 | Status: Named | Preferred Habitat: Unassigned | Genome: Genome: yes	243	11	2
V3V5_286_Actinobacteria	370	230	94.262	1	242	053N038A | Corynebacterium minutissimum | HMT-053 | Strain: NCTC 10288 | GB: NR_119182 | Status: Named | Preferred Habitat: Unassigned | Genome: Genome: yes	244	10	4
V3V5_286_Actinobacteria	370	230	94.262	1	242	063N043A | Corynebacterium singulare | HMT-063 | Strain: IBS B52218 | GB: NR_026394 | Status: Named | Preferred Habitat: Unassigned | Genome: Genome: yes	244	10	4
V3V5_286_Actinobacteria	366	226	94.167	3	242	060N041A | Corynebacterium pseudodiphtheriticum | HMT-060 | Strain: CIP 103420 | GB: NR_042137 | Status: Named | Preferred Habitat: Nasal | Genome: Genome: yes	240	14	0
V3V5_286_Actinobacteria	366	227	94.191	3	242	059N040A | Corynebacterium propinquum | HMT-059 | Strain: B 77159 | GB: NR_037038 | Status: Named | Preferred Habitat: Nasal | Genome: Genome: yes	241	12	2
V3V5_286_Actinobacteria	366	229	93.852	1	242	047N034A | Corynebacterium jeikeium | HMT-047 | Strain: A376/84 | GB: NR_037035 | Status: Named | Preferred Habitat: Unassigned | Genome: Genome: yes	244	13	2
V3V5_286_Actinobacteria	364	229	93.852	1	242	034N030A | Corynebacterium aurimucosum | HMT-034 | Strain: IMMIB D-1488 | GB: NR_028941 | Status: Named | Preferred Habitat: Unassigned | Genome: Genome: yes	244	11	4
V3V5_286_Actinobacteria	355	226	93.388	3	242	050N037A | Corynebacterium macginleyi | HMT-050 | Strain: JCL-2 | GB: NR_042138 | Status: Named | Preferred Habitat: Unassigned | Genome: Genome: no	242	13	3
V3V5_286_Actinobacteria	350	226	93.004	3	242	019N026A | Corynebacterium accolens | HMT-019 | Strain: CNCTC Th1/57 | GB: NR_042139 | Status: Named | Preferred Habitat: Nasal | Genome: Genome: yes	243	12	5
V3V5_286_Actinobacteria	350	225	92.975	3	242	077N045A | Corynebacterium tuberculostearicum | HMT-077 | Strain: Medalle X | GB: NR_028975 | Status: Named | Preferred Habitat: Unassigned | Genome: Genome: yes	242	14	3
V3V5_286_Actinobacteria	348	226	92.623	2	242	830_7625 | Mobiluncus mulieris | HMT-830 | Strain: CCUG 20071 | GB: AJ427625 | Status: Named | Preferred Habitat: Unassigned | Genome: Genome: yes	244	14	4
V3V5_286_Actinobacteria	346	222	92.887	5	242	811_4059 | Arcanobacterium haemolyticum | HMT-811 | Strain: CIP 103370 | GB: AJ234059 | Status: Named | Preferred Habitat: Unassigned | Genome: Genome: yes	239	16	1
V3V5_286_Actinobacteria	342	223	92.149	1	242	850F0333 | Schaalia cardiffensis | HMT-850 | Strain: F0333 | GB: GU470888 | Status: Named | Preferred Habitat: Oral | Genome: Genome: yes	242	19	0
V3V5_286_Actinobacteria	342	226	92.245	1	242	339N140A | Janibacter indicus | HMT-339 | Strain: 0704P10-1 | GB: NR_134061 | Status: Named | Preferred Habitat: Unassigned | Genome: Genome: yes	245	14	5
V3V5_286_Actinobacteria	337	224	91.803	1	242	822_2917 | Mycobacterium tuberculosis | HMT-822 | Strain: not listed | GB: X52917 | Status: Named | Preferred Habitat: Unassigned | Genome: Genome: yes	244	17	3
V3V5_286_Actinobacteria	337	224	91.803	1	242	692_9564 | Mycobacterium neoaurum | HMT-692 | Strain: ATCC 25795 | GB: M29564 | Status: Named | Preferred Habitat: Unassigned | Genome: Genome: yes	244	17	3
V3V5_286_Actinobacteria	333	227	91.532	1	242	448F0400 | Actinomyces sp. HMT 448 | HMT-448 | Strain: F0400 | GB: tbd | Status: Unnamed | Preferred Habitat: Oral | Genome: Genome: yes	248	12	9
V3V5_286_Actinobacteria	333	227	91.532	1	242	448_3317 | Actinomyces sp. HMT 448 | HMT-448 | Clone: 071059_594 | GB: JQ473317 | Status: Unnamed | Preferred Habitat: Oral | Genome: Genome: yes	248	12	9
V3V5_286_Actinobacteria	331	221	91.322	1	242	180_8611 | Schaalia sp. HMT 180 | HMT-180 | Strain: C3M24 | GB: AY278611 | Status: Unnamed | Preferred Habitat: Oral | Genome: Genome: yes	242	21	0
V3V5_286_Actinobacteria	331	221	91.322	1	242	180C29KA | Schaalia sp. HMT 180 | HMT-180 | Strain: C29KA | GB: AF287751 | Status: Unnamed | Preferred Habitat: Oral | Genome: Genome: yes	242	21	0
V3V5_286_Actinobacteria	331	221	91.322	1	242	180H1083 | Schaalia sp. HMT 180 | HMT-180 | Strain: Hal-1083 | GB: AF385522 | Status: Unnamed | Preferred Habitat: Oral | Genome: Genome: yes	242	21	0
# BLAST processed 1 queries
