# BLASTN 2.12.0+
# Query: V3V5_153_Firmicutes
# Database: ../BLAST_DATABASE_ABUNDANCE/HOMD_16S_rRNA_RefSeq_V15.22.p9.fasta
# Fields: query id, bit score, identical, % identity, q. start, q. end, subject title, alignment length, mismatches, gaps
# 30 hits found
V3V5_153_Firmicutes	451	244	100.000	1	244	106A03MT | Peptostreptococcaceae [XI][G-7] [Eubacterium] yurii subsp. schtitka | HMT-106 | Strain: A03MT | GB: AF287765 | Status: Named | Preferred Habitat: Oral | Genome: Genome: no	244	0	0
V3V5_153_Firmicutes	451	244	100.000	1	244	377_5259 | Peptostreptococcaceae [XI][G-7] [Eubacterium] yurii subsps. yurii & margaretiae | HMT-377 | Strain: ATCC 43715 | GB: NR_115259 | Status: Named | Preferred Habitat: Oral | Genome: Genome: yes	244	0	0
V3V5_153_Firmicutes	451	244	100.000	1	244	377_4629 | Peptostreptococcaceae [XI][G-7] [Eubacterium] yurii subsps. yurii & margaretiae | HMT-377 | Strain: ATCC 43713 | GB: L34629 | Status: Named | Preferred Habitat: Oral | Genome: Genome: yes	244	0	0
V3V5_153_Firmicutes	440	242	99.180	1	244	922_2838 | Peptostreptococcaceae [XI][G-7] bacterium HMT 922 | HMT-922 | Clone: ncd2459c12c2 | GB: JF212838 | Status: Phylotype | Preferred Habitat: Oral | Genome: Genome: no	244	2	0
V3V5_153_Firmicutes	418	238	97.541	1	244	081W5028 | Peptostreptococcaceae [XI][G-7] bacterium HMT 081 | HMT-081 | Strain: W5028 | GB: tbd | Status: Unnamed | Preferred Habitat: Oral | Genome: Genome: no	244	6	0
V3V5_153_Firmicutes	418	238	97.541	1	244	081BB142 | Peptostreptococcaceae [XI][G-7] bacterium HMT 081 | HMT-081 | Clone: BB142 | GB: AF287764 | Status: Unnamed | Preferred Habitat: Oral | Genome: Genome: no	244	6	0
V3V5_153_Firmicutes	322	225	90.361	2	244	102FB046 | Oribacterium sp. HMT 102 | HMT-102 | Clone: FB046 | GB: GQ422713 | Status: Unnamed | Preferred Habitat: Oral | Genome: Genome: no	249	18	6
V3V5_153_Firmicutes	322	225	90.361	2	244	088CH017 | Lachnospiraceae [G-2] bacterium HMT 088 | HMT-088 | Clone: CH017 | GB: AF287775 | Status: Phylotype | Preferred Habitat: Oral | Genome: Genome: no	249	18	6
V3V5_153_Firmicutes	316	223	89.919	1	244	383_8856 | Peptostreptococcaceae [XI][G-1] bacterium HMT 383 | HMT-383 | Clone: P2PB_46 | GB: AF538856 | Status: Phylotype | Preferred Habitat: Unassigned | Genome: Genome: no	248	21	4
V3V5_153_Firmicutes	316	223	89.919	1	244	382_1251 | Peptostreptococcaceae [XI][G-8] bacterium HMT 382 | HMT-382 | Clone: 44q_16 | GB: HE681251 | Status: Phylotype | Preferred Habitat: Unassigned | Genome: Genome: no	248	21	4
V3V5_153_Firmicutes	316	224	89.960	2	244	102_1218 | Oribacterium sp. HMT 102 | HMT-102 | Clone: MCE7_60 | GB: AF481218 | Status: Unnamed | Preferred Habitat: Oral | Genome: Genome: no	249	19	6
V3V5_153_Firmicutes	315	218	90.456	2	238	091CK047 | Peptostreptococcaceae [XI][G-2] bacterium HMT 091 | HMT-091 | Clone: CK047 | GB: AF287762 | Status: Phylotype | Preferred Habitat: Oral | Genome: Genome: no	241	19	4
V3V5_153_Firmicutes	311	223	89.558	1	244	950_9965 | Peptostreptococcaceae [XI][G-3] bacterium HMT 950 | HMT-950 | Clone: 101E03 | GB: AM419965 | Status: Phylotype | Preferred Habitat: Unassigned | Genome: Genome: no	249	21	5
V3V5_153_Firmicutes	311	223	89.558	2	244	108_5571 | Oribacterium asaccharolyticum | HMT-108 | Strain: ACB7 | GB: NR_125571 | Status: Named | Preferred Habitat: Oral | Genome: Genome: yes	249	20	6
V3V5_153_Firmicutes	311	223	89.558	2	244	108F0425 | Oribacterium asaccharolyticum | HMT-108 | Strain: F0425 | GB: tbd | Status: Named | Preferred Habitat: Oral | Genome: Genome: yes	249	20	6
V3V5_153_Firmicutes	311	223	89.558	2	244	934FTB41 | Oribacterium parvum | HMT-934 | Strain: FTB41 | GB: AF287770 | Status: Named | Preferred Habitat: Oral | Genome: Genome: yes	249	20	6
V3V5_153_Firmicutes	311	223	89.558	2	244	166CK051 | Johnsonella sp. HMT 166 | HMT-166 | Clone: CK051 | GB: AF287774 | Status: Phylotype | Preferred Habitat: Oral | Genome: Genome: no	249	20	6
V3V5_153_Firmicutes	311	224	89.600	2	244	096DO008 | Lachnospiraceae [G-2] bacterium HMT 096 | HMT-096 | Clone: DO008 | GB: AF385508 | Status: Unnamed | Preferred Habitat: Oral | Genome: Genome: no	250	18	8
V3V5_153_Firmicutes	309	222	89.516	2	244	635_7152 | Johnsonella ignava | HMT-635 | Strain: ATCC 51276 | GB: X87152 | Status: Named | Preferred Habitat: Oral | Genome: Genome: yes	248	21	5
V3V5_153_Firmicutes	307	220	89.431	1	244	539_6962 | Filifactor alocis | HMT-539 | Strain: ATCC 35896 | GB: AJ006962 | Status: Named | Preferred Habitat: Oral | Genome: Genome: yes	246	23	3
V3V5_153_Firmicutes	307	224	89.243	2	244	100EI074 | Lachnospiraceae [G-3] bacterium HMT 100 | HMT-100 | Clone: EI074 | GB: AF385573 | Status: Phylotype | Preferred Habitat: Oral | Genome: Genome: no	251	19	8
V3V5_153_Firmicutes	305	222	89.157	1	244	495JS001 | Peptostreptococcaceae [XI][G-3] bacterium HMT 495 | HMT-495 | Clone: JS001 | GB: AY349378 | Status: Phylotype | Preferred Habitat: Oral | Genome: Genome: no	249	22	5
V3V5_153_Firmicutes	305	222	89.157	2	244	496JI012 | Lachnoanaerobaculum sp. HMT 496 | HMT-496 | Clone: JI012 | GB: AY349379 | Status: Phylotype | Preferred Habitat: Unassigned | Genome: Genome: no	249	21	6
V3V5_153_Firmicutes	303	216	89.627	1	238	493JH012 | Peptostreptococcaceae [XI][G-5] bacterium HMT 493 | HMT-493 | Clone: JH012 | GB: AY349373 | Status: Phylotype | Preferred Habitat: Unassigned | Genome: Genome: no	241	22	3
V3V5_153_Firmicutes	300	217	88.934	2	244	386_8859 | Peptoniphilus sp. HMT 386 | HMT-386 | Clone: P4PA_156 | GB: AF538859 | Status: Unnamed | Preferred Habitat: Unassigned | Genome: Genome: yes	244	26	1
V3V5_153_Firmicutes	300	216	89.256	1	238	673_3037 | Peptostreptococcaceae [XI][G-6] [Eubacterium] minutum | HMT-673 | Strain: SC 87K | GB: U13037 | Status: Named | Preferred Habitat: Oral | Genome: Genome: no	242	22	4
V3V5_153_Firmicutes	300	221	88.755	2	244	924_9209 | Lachnospiraceae [G-9] bacterium HMT 924 | HMT-924 | Clone: rRNA436 | GB: AY959209 | Status: Phylotype | Preferred Habitat: Unassigned | Genome: Genome: no	249	22	6
V3V5_153_Firmicutes	300	221	88.755	2	244	094DA074 | Lachnospiraceae [G-10] bacterium HMT 094 | HMT-094 | Clone: DA074 | GB: AF287768 | Status: Phylotype | Preferred Habitat: Unassigned | Genome: Genome: no	249	22	6
V3V5_153_Firmicutes	298	219	88.664	1	244	790EX153 | Peptoniphilaceae [G-2] bacterium HMT 790 | HMT-790 | Clone: EX153 | GB: AY134899 | Status: Phylotype | Preferred Habitat: Unassigned | Genome: Genome: no	247	25	3
V3V5_153_Firmicutes	296	213	89.121	1	237	111BS044 | Parvimonas micra | HMT-111 | Clone: BS044 | GB: AF385559 | Status: Named | Preferred Habitat: Oral | Genome: Genome: yes	239	24	2
# BLAST processed 1 queries
