# BLASTN 2.12.0+
# Query: V3V5_314_Fusobacteria
# Database: ../BLAST_DATABASE_ABUNDANCE/HOMD_16S_rRNA_RefSeq_V15.22.p9.fasta
# Fields: query id, bit score, identical, % identity, q. start, q. end, subject title, alignment length, mismatches, gaps
# 30 hits found
V3V5_314_Fusobacteria	483	261	100.000	1	261	690_4948 | Fusobacterium necrophorum | HMT-690 | Strain: D4 | GB: AF044948 | Status: Named | Preferred Habitat: Oral | Genome: Genome: yes	261	0	0
V3V5_314_Fusobacteria	483	261	100.000	1	261	860_9686 | Fusobacterium gonidiaformans | HMT-860 | Strain: VE32H03 | GB: GQ179686 | Status: Named | Preferred Habitat: Unassigned | Genome: Genome: yes	261	0	0
V3V5_314_Fusobacteria	457	253	98.828	6	261	248N122A | Fusobacterium sp. HMT 248 | HMT-248 | Strain: Marseille-P2749 | GB: LT576389 | Status: Unnamed | Preferred Habitat: Unassigned | Genome: Genome: yes	256	3	0
V3V5_314_Fusobacteria	451	252	98.438	6	261	420_5404 | Fusobacterium nucleatum subsp. animalis | HMT-420 | Strain: NCTC 12276 | GB: X55404 | Status: Named | Preferred Habitat: Oral | Genome: Genome: yes	256	4	0
V3V5_314_Fusobacteria	451	252	98.438	6	261	420_8617 | Fusobacterium nucleatum subsp. animalis | HMT-420 | Clone: C4AKM033 | GB: AY278617 | Status: Named | Preferred Habitat: Oral | Genome: Genome: yes	256	4	0
V3V5_314_Fusobacteria	451	252	98.438	6	261	201_5405 | Fusobacterium periodonticum | HMT-201 | Strain: ATCC 33693 | GB: X55405 | Status: Named | Preferred Habitat: Oral | Genome: Genome: yes	256	4	0
V3V5_314_Fusobacteria	451	252	98.438	6	261	201BS011 | Fusobacterium periodonticum | HMT-201 | Clone: BS011 | GB: AF432130 | Status: Named | Preferred Habitat: Oral | Genome: Genome: yes	256	4	0
V3V5_314_Fusobacteria	446	251	98.047	6	261	200_R002 | Fusobacterium nucleatum subsp. vincentii | HMT-200 | Clone: _R002 | GB: AF287806 | Status: Named | Preferred Habitat: Oral | Genome: Genome: yes	256	5	0
V3V5_314_Fusobacteria	446	251	98.047	6	261	953_0020 | Fusobacterium hwasookii | HMT-953 | Strain: ChDC F128 | GB: ALVD01000020 | Status: Named | Preferred Habitat: Oral | Genome: Genome: yes	256	5	0
V3V5_314_Fusobacteria	446	251	98.047	6	261	370_1217 | Fusobacterium sp. HMT 370 | HMT-370 | Strain: E9_12 | GB: AF481217 | Status: Unnamed | Preferred Habitat: Oral | Genome: Genome: yes	256	5	0
V3V5_314_Fusobacteria	440	250	97.656	6	261	200AJ050 | Fusobacterium nucleatum subsp. vincentii | HMT-200 | Clone: AJ050 | GB: AF287805 | Status: Named | Preferred Habitat: Oral | Genome: Genome: yes	256	6	0
V3V5_314_Fusobacteria	440	250	97.656	6	261	200_7962 | Fusobacterium nucleatum subsp. vincentii | HMT-200 | Clone: 071075_343 | GB: JQ477962 | Status: Named | Preferred Habitat: Oral | Genome: Genome: yes	256	6	0
V3V5_314_Fusobacteria	440	250	97.656	6	261	200_0026 | Fusobacterium nucleatum subsp. vincentii | HMT-200 | Strain: ATCC 49256 | GB: NZ_AABF02000026 | Status: Named | Preferred Habitat: Oral | Genome: Genome: yes	256	6	0
V3V5_314_Fusobacteria	440	250	97.656	6	261	689_6965 | Fusobacterium naviforme | HMT-689 | Strain: DMS 20699 | GB: AJ006965 | Status: Named | Preferred Habitat: Oral | Genome: Genome: no	256	6	0
V3V5_314_Fusobacteria	440	250	97.656	6	261	698_3496 | Fusobacterium nucleatum subsp. nucleatum | HMT-698 | Strain: ATCC 25586 | GB: AJ133496 | Status: Named | Preferred Habitat: Oral | Genome: Genome: yes	256	6	0
V3V5_314_Fusobacteria	440	250	97.656	6	261	203_I035 | Fusobacterium sp. HMT 203 | HMT-203 | Clone: _I035 | GB: AF287815 | Status: Unnamed | Preferred Habitat: Oral | Genome: Genome: yes	256	6	0
V3V5_314_Fusobacteria	440	250	97.656	6	261	203CY024 | Fusobacterium sp. HMT 203 | HMT-203 | Clone: CY024 | GB: AF287809 | Status: Unnamed | Preferred Habitat: Oral | Genome: Genome: yes	256	6	0
V3V5_314_Fusobacteria	440	250	97.656	6	261	203FV003 | Fusobacterium sp. HMT 203 | HMT-203 | Clone: FV003 | GB: GQ422730 | Status: Unnamed | Preferred Habitat: Oral | Genome: Genome: yes	256	6	0
V3V5_314_Fusobacteria	440	250	97.656	6	261	202_7812 | Fusobacterium nucleatum subsp. polymorphum | HMT-202 | Strain: ATCC 10953 | GB: AF287812 | Status: Named | Preferred Habitat: Oral | Genome: Genome: yes	256	6	0
V3V5_314_Fusobacteria	435	249	97.266	6	261	204CZ006 | Fusobacterium sp. HMT 204 | HMT-204 | Clone: CZ006 | GB: AF287810 | Status: Phylotype | Preferred Habitat: Oral | Genome: Genome: no	256	7	0
V3V5_314_Fusobacteria	435	249	97.266	6	261	205FL002 | Fusobacterium sp. HMT 205 | HMT-205 | Clone: FL002 | GB: GU350452 | Status: Phylotype | Preferred Habitat: Oral | Genome: Genome: no	256	7	0
V3V5_314_Fusobacteria	268	221	85.659	6	261	844_8425 | Sneathia amnii [Not Validly Published] | HMT-844 | Strain: AMN-1 | GB: AY078425 | Status: Named | Preferred Habitat: Oral | Genome: Genome: yes	258	34	3
V3V5_314_Fusobacteria	263	219	85.214	6	261	837_8342 | Sneathia sanguinegens | HMT-837 | Strain: CCUG 41628 | GB: NR_118342 | Status: Named | Preferred Habitat: Oral | Genome: Genome: yes	257	37	1
V3V5_314_Fusobacteria	261	215	85.657	7	255	221FP036 | Leptotrichia sp. HMT 221 | HMT-221 | Clone: FP036 | GB: AF432138 | Status: Unnamed | Preferred Habitat: Oral | Genome: Genome: no	251	33	3
V3V5_314_Fusobacteria	250	213	84.861	7	255	219EI022 | Leptotrichia sp. HMT 219 | HMT-219 | Clone: EI022 | GB: AF385572 | Status: Phylotype | Preferred Habitat: Oral | Genome: Genome: no	251	35	3
V3V5_314_Fusobacteria	244	212	84.462	7	255	222_7816 | Leptotrichia wadei | HMT-222 | Strain: A39FD | GB: AF287816 | Status: Named | Preferred Habitat: Oral | Genome: Genome: yes	251	36	3
V3V5_314_Fusobacteria	244	212	84.462	7	255	417_8621 | Leptotrichia sp. HMT 417 | HMT-417 | Clone: C3MKM102 | GB: AY278621 | Status: Unnamed | Preferred Habitat: Oral | Genome: Genome: no	251	36	3
V3V5_314_Fusobacteria	244	212	84.462	7	255	463GT020 | Leptotrichia sp. HMT 463 | HMT-463 | Clone: GT020 | GB: AY349385 | Status: Phylotype | Preferred Habitat: Oral | Genome: Genome: no	251	36	3
V3V5_314_Fusobacteria	239	211	84.064	7	255	214DE081 | Leptotrichia shahii | HMT-214 | Clone: DE081 | GB: AF366268 | Status: Named | Preferred Habitat: Oral | Genome: Genome: yes	251	37	3
V3V5_314_Fusobacteria	239	211	84.064	7	255	222F0279 | Leptotrichia wadei | HMT-222 | Strain: F0279 | GB: tbd | Status: Named | Preferred Habitat: Oral | Genome: Genome: yes	251	37	3
# BLAST processed 1 queries
