# BLASTN 2.12.0+
# Query: V3V5_465_Bacteroidetes
# Database: ../BLAST_DATABASE_ABUNDANCE/HOMD_16S_rRNA_RefSeq_V15.22.p9.fasta
# Fields: query id, bit score, identical, % identity, q. start, q. end, subject title, alignment length, mismatches, gaps
# 30 hits found
V3V5_465_Bacteroidetes	259	207	86.250	8	246	911-Wade | Bacteroidetes [G-7] bacterium HMT 911 | HMT-911 | Clone: DL325 | GB: JQ406540 | Status: Phylotype | Preferred Habitat: Unassigned | Genome: Genome: no	240	31	2
V3V5_465_Bacteroidetes	257	207	86.250	8	246	560_6478 | Prevotella buccae | HMT-560 | Strain: ATCC 33690 | GB: L16478 | Status: Named | Preferred Habitat: Oral | Genome: Genome: yes	240	29	4
V3V5_465_Bacteroidetes	252	208	85.597	4	246	526_4134 | Prevotella sp. HMT 526 | HMT-526 | Clone: MB7_G16 | GB: DQ003633 | Status: Phylotype | Preferred Habitat: Oral | Genome: Genome: no	243	31	4
V3V5_465_Bacteroidetes	250	208	85.597	4	246	942_6378 | Prevotella sp. HMT 942 | HMT-942 | Clone: 22B412 | GB: FJ976378 | Status: Phylotype | Preferred Habitat: Oral | Genome: Genome: no	243	30	5
V3V5_465_Bacteroidetes	248	205	85.774	8	246	291_3524 | Prevotella denticola | HMT-291 | Strain: ATCC 35308 | GB: AY323524 | Status: Named | Preferred Habitat: Oral | Genome: Genome: yes	239	29	5
V3V5_465_Bacteroidetes	248	205	85.774	8	246	291AH005 | Prevotella denticola | HMT-291 | Clone: AH005 | GB: AY005053 | Status: Named | Preferred Habitat: Oral | Genome: Genome: yes	239	29	5
V3V5_465_Bacteroidetes	246	208	85.246	4	246	526_3633 | Prevotella sp. HMT 526 | HMT-526 | Clone: P4P_53 | GB: AY944134 | Status: Phylotype | Preferred Habitat: Oral | Genome: Genome: no	244	30	6
V3V5_465_Bacteroidetes	246	207	85.185	4	246	299BI027 | Prevotella nanceiensis | HMT-299 | Clone: BI027 | GB: AY005064 | Status: Named | Preferred Habitat: Oral | Genome: Genome: yes	243	32	4
V3V5_465_Bacteroidetes	244	204	85.356	8	246	289_4315 | Prevotella maculosa | HMT-289 | Strain: W1609 | GB: EF534315 | Status: Named | Preferred Habitat: Oral | Genome: Genome: yes	239	32	3
V3V5_465_Bacteroidetes	244	204	85.356	8	246	311_6474 | Prevotella oris | HMT-311 | Strain: ATCC 33573 | GB: L16474 | Status: Named | Preferred Habitat: Oral | Genome: Genome: yes	239	32	3
V3V5_465_Bacteroidetes	244	204	85.356	8	246	787F0041 | Bacteroides pyogenes | HMT-787 | Strain: F0041 | GB: GQ422748 | Status: Named | Preferred Habitat: Unassigned | Genome: Genome: yes	239	31	4
V3V5_465_Bacteroidetes	243	204	85.356	8	246	291AO036 | Prevotella denticola | HMT-291 | Clone: AO036 | GB: AY005054 | Status: Named | Preferred Habitat: Oral | Genome: Genome: yes	239	30	5
V3V5_465_Bacteroidetes	243	204	85.356	8	246	685_2483 | Prevotella multiformis | HMT-685 | Strain: PPPA21 | GB: AB182483 | Status: Named | Preferred Habitat: Oral | Genome: Genome: yes	239	30	5
V3V5_465_Bacteroidetes	243	203	85.294	8	245	311_F045 | Prevotella oris | HMT-311 | Clone: _F045 | GB: AY005056 | Status: Named | Preferred Habitat: Oral | Genome: Genome: yes	238	32	3
V3V5_465_Bacteroidetes	241	207	84.836	4	246	288F0390 | Prevotella oulorum | HMT-288 | Strain: F0390 | GB: tbd | Status: Named | Preferred Habitat: Oral | Genome: Genome: yes	244	31	6
V3V5_465_Bacteroidetes	241	207	84.836	4	246	288_6472 | Prevotella oulorum | HMT-288 | Strain: ATCC 43324 | GB: L16472 | Status: Named | Preferred Habitat: Oral | Genome: Genome: yes	244	31	6
V3V5_465_Bacteroidetes	241	206	84.774	4	246	309DO045 | Prevotella sp. HMT 309 | HMT-309 | Clone: DO045 | GB: AF385515 | Status: Phylotype | Preferred Habitat: Oral | Genome: Genome: no	243	33	4
V3V5_465_Bacteroidetes	241	206	84.774	4	246	309_6203 | Prevotella sp. HMT 309 | HMT-309 | Clone: 3083 | GB: FJ976203 | Status: Phylotype | Preferred Habitat: Oral | Genome: Genome: no	243	33	4
V3V5_465_Bacteroidetes	241	209	84.615	1	246	273_7054 | Porphyromonas endodontalis | HMT-273 | Clone: P2PB_52 | GB: AY207054 | Status: Named | Preferred Habitat: Oral | Genome: Genome: yes	247	32	6
V3V5_465_Bacteroidetes	241	209	84.615	1	246	273_6491 | Porphyromonas endodontalis | HMT-273 | Strain: ATCC 35406 | GB: L16491 | Status: Named | Preferred Habitat: Oral | Genome: Genome: yes	247	32	6
V3V5_465_Bacteroidetes	241	209	84.615	1	246	285_F016 | Porphyromonas sp. HMT 285 | HMT-285 | Clone: _F016 | GB: AY005069 | Status: Phylotype | Preferred Habitat: Oral | Genome: Genome: no	247	32	6
V3V5_465_Bacteroidetes	239	203	84.937	8	246	289AA020 | Prevotella maculosa | HMT-289 | Clone: AA020 | GB: AY005057 | Status: Named | Preferred Habitat: Oral | Genome: Genome: yes	239	32	4
V3V5_465_Bacteroidetes	239	203	84.937	8	246	289AA016 | Prevotella maculosa | HMT-289 | Clone: AA016 | GB: AY005058 | Status: Named | Preferred Habitat: Oral | Genome: Genome: yes	239	33	3
V3V5_465_Bacteroidetes	235	208	84.211	1	246	273BB134 | Porphyromonas endodontalis | HMT-273 | Clone: BB134 | GB: AY005068 | Status: Named | Preferred Habitat: Oral | Genome: Genome: yes	247	33	6
V3V5_465_Bacteroidetes	235	208	84.211	1	246	273AJ002 | Porphyromonas endodontalis | HMT-273 | Clone: AJ002 | GB: AY005067 | Status: Named | Preferred Habitat: Oral | Genome: Genome: yes	247	33	6
V3V5_465_Bacteroidetes	233	203	84.583	8	246	553_2605 | Prevotella baroniae | HMT-553 | Clone: PUS9.180 | GB: AJ012605 | Status: Named | Preferred Habitat: Oral | Genome: Genome: yes	240	32	5
V3V5_465_Bacteroidetes	233	203	84.583	8	246	820_7212 | Prevotella sp. HMT 820 | HMT-820 | Strain: P2A_FAAD4 | GB: AF537212 | Status: Unnamed | Preferred Habitat: Oral | Genome: Genome: no	240	31	6
V3V5_465_Bacteroidetes	233	203	84.583	8	246	443_1415 | Prevotella sp. HMT 443 | HMT-443 | Clone: P4PB_24 | GB: AY331415 | Status: Phylotype | Preferred Habitat: Oral | Genome: Genome: no	240	31	6
V3V5_465_Bacteroidetes	233	207	84.146	1	246	378_1228 | Prevotella micans | HMT-378 | Strain: E7_56 | GB: AF481228 | Status: Named | Preferred Habitat: Oral | Genome: Genome: yes	246	34	5
V3V5_465_Bacteroidetes	233	202	84.519	8	246	630F0110 | Bacteroides heparinolyticus | HMT-630 | Strain: F0110 | GB: GQ422742 | Status: Named | Preferred Habitat: Unassigned | Genome: Genome: no	239	33	4
# BLAST processed 1 queries
