# BLASTN 2.12.0+
# Query: V3V5_164_Firmicutes
# Database: ../BLAST_DATABASE_ABUNDANCE/HOMD_16S_rRNA_RefSeq_V15.22.p9.fasta
# Fields: query id, bit score, identical, % identity, q. start, q. end, subject title, alignment length, mismatches, gaps
# 30 hits found
V3V5_164_Firmicutes	459	248	100.000	1	248	467_6963 | Peptostreptococcaceae [XI][G-1] [Eubacterium] sulci | HMT-467 | Strain: ATCC 35585 | GB: AJ006963 | Status: Named | Preferred Habitat: Oral | Genome: Genome: yes	248	0	0
V3V5_164_Firmicutes	453	247	99.597	1	248	105_3039 | Peptostreptococcaceae [XI][G-1] [Eubacterium] infirmum | HMT-105 | Strain: W1471 | GB: U13039 | Status: Named | Preferred Habitat: Oral | Genome: Genome: yes	248	1	0
V3V5_164_Firmicutes	403	234	96.694	1	242	383_8856 | Peptostreptococcaceae [XI][G-1] bacterium HMT 383 | HMT-383 | Clone: P2PB_46 | GB: AF538856 | Status: Phylotype | Preferred Habitat: Unassigned | Genome: Genome: no	242	8	0
V3V5_164_Firmicutes	392	232	95.868	1	242	950_9965 | Peptostreptococcaceae [XI][G-3] bacterium HMT 950 | HMT-950 | Clone: 101E03 | GB: AM419965 | Status: Phylotype | Preferred Habitat: Unassigned | Genome: Genome: no	242	10	0
V3V5_164_Firmicutes	392	236	95.161	1	248	382_1251 | Peptostreptococcaceae [XI][G-8] bacterium HMT 382 | HMT-382 | Clone: 44q_16 | GB: HE681251 | Status: Phylotype | Preferred Habitat: Unassigned | Genome: Genome: no	248	12	0
V3V5_164_Firmicutes	387	231	95.455	1	242	495JS001 | Peptostreptococcaceae [XI][G-3] bacterium HMT 495 | HMT-495 | Clone: JS001 | GB: AY349378 | Status: Phylotype | Preferred Habitat: Oral | Genome: Genome: no	242	11	0
V3V5_164_Firmicutes	387	236	94.779	1	248	369_1212 | Peptostreptococcaceae [XI][G-4] bacterium HMT 369 | HMT-369 | Clone: MCE10_174 | GB: AF481212 | Status: Phylotype | Preferred Habitat: Oral | Genome: Genome: no	249	12	1
V3V5_164_Firmicutes	383	231	95.062	1	243	103_2604 | Peptostreptococcaceae [XI][G-4] bacterium HMT 103 | HMT-103 | Clone: PUS9.170 | GB: AJ012604 | Status: Phylotype | Preferred Habitat: Oral | Genome: Genome: no	243	12	0
V3V5_164_Firmicutes	381	235	94.378	1	248	557_3038 | Peptostreptococcaceae [XI][G-9] [Eubacterium] brachy | HMT-557 | Strain: ATCC 33089 | GB: U13038 | Status: Named | Preferred Habitat: Oral | Genome: Genome: yes	249	13	1
V3V5_164_Firmicutes	379	234	94.355	1	248	493JH012 | Peptostreptococcaceae [XI][G-5] bacterium HMT 493 | HMT-493 | Clone: JH012 | GB: AY349373 | Status: Phylotype | Preferred Habitat: Unassigned | Genome: Genome: no	248	13	1
V3V5_164_Firmicutes	375	234	93.976	1	248	694_6274 | Peptostreptococcaceae [XI][G-6] [Eubacterium] nodatum | HMT-694 | Strain: ATCC 33099 | GB: Z36274 | Status: Named | Preferred Habitat: Oral | Genome: Genome: yes	249	14	1
V3V5_164_Firmicutes	372	233	93.952	1	248	539_6962 | Filifactor alocis | HMT-539 | Strain: ATCC 35896 | GB: AJ006962 | Status: Named | Preferred Habitat: Oral | Genome: Genome: yes	248	12	3
V3V5_164_Firmicutes	368	232	93.548	1	248	691_7875 | Mogibacterium neglectum | HMT-691 | Strain: ATCC 700924 | GB: AB037875 | Status: Named | Preferred Habitat: Oral | Genome: Genome: no	248	15	1
V3V5_164_Firmicutes	368	232	93.548	1	248	742_1701 | Mogibacterium pumilum | HMT-742 | Strain: ATCC 700696 | GB: AB021701 | Status: Named | Preferred Habitat: Unassigned | Genome: Genome: yes	248	15	1
V3V5_164_Firmicutes	364	231	93.145	1	248	593_7874 | Mogibacterium diversum | HMT-593 | Strain: ATCC 700923 | GB: AB037874 | Status: Named | Preferred Habitat: Oral | Genome: Genome: no	248	17	0
V3V5_164_Firmicutes	364	232	93.173	1	248	042W9173 | Mogibacterium timidum | HMT-042 | Strain: W9173 | GB: tbd | Status: Named | Preferred Habitat: Oral | Genome: Genome: yes	249	15	2
V3V5_164_Firmicutes	364	232	93.173	1	248	673_3037 | Peptostreptococcaceae [XI][G-6] [Eubacterium] minutum | HMT-673 | Strain: SC 87K | GB: U13037 | Status: Named | Preferred Habitat: Oral | Genome: Genome: no	249	16	1
V3V5_164_Firmicutes	357	231	92.771	2	248	091CK047 | Peptostreptococcaceae [XI][G-2] bacterium HMT 091 | HMT-091 | Clone: CK047 | GB: AF287762 | Status: Phylotype | Preferred Habitat: Oral | Genome: Genome: no	249	15	3
V3V5_164_Firmicutes	351	229	92.339	1	248	008_1702 | Mogibacterium vescum | HMT-008 | Strain: ATCC 700697 | GB: AB021702 | Status: Named | Preferred Habitat: Unassigned | Genome: Genome: no	248	18	1
V3V5_164_Firmicutes	346	227	92.276	3	248	759_5987 | Peptostreptococcaceae [XI][G-5] [Eubacterium] saphenum | HMT-759 | Strain: ATCC 49989 | GB: U65987 | Status: Named | Preferred Habitat: Oral | Genome: Genome: yes	246	16	3
V3V5_164_Firmicutes	342	229	91.600	1	248	112A21H2 | Peptostreptococcus stomatis | HMT-112 | Strain: A21H2 | GB: GQ422715 | Status: Named | Preferred Habitat: Oral | Genome: Genome: yes	250	18	3
V3V5_164_Firmicutes	342	229	91.600	1	248	112CK035 | Peptostreptococcus stomatis | HMT-112 | Clone: CK035 | GB: AF287763 | Status: Named | Preferred Habitat: Oral | Genome: Genome: yes	250	18	3
V3V5_164_Firmicutes	342	229	91.600	1	248	542_6462 | Peptostreptococcus anaerobius | HMT-542 | Strain: NCTC 11460 | GB: AY326462 | Status: Named | Preferred Habitat: Oral | Genome: Genome: yes	250	18	3
V3V5_164_Firmicutes	337	224	91.803	1	243	790EX153 | Peptoniphilaceae [G-2] bacterium HMT 790 | HMT-790 | Clone: EX153 | GB: AY134899 | Status: Phylotype | Preferred Habitat: Unassigned | Genome: Genome: no	244	16	4
V3V5_164_Firmicutes	324	226	90.400	1	248	113W5053 | Peptoniphilaceae [G-1] bacterium HMT 113 | HMT-113 | Strain: W5053 | GB: tbd | Status: Unnamed | Preferred Habitat: Oral | Genome: Genome: yes	250	19	5
V3V5_164_Firmicutes	324	226	90.400	1	248	113DA014 | Peptoniphilaceae [G-1] bacterium HMT 113 | HMT-113 | Clone: DA014 | GB: AF287766 | Status: Unnamed | Preferred Habitat: Oral | Genome: Genome: yes	250	19	5
V3V5_164_Firmicutes	324	220	90.909	2	242	876F0540 | Clostridiales [F-3][G-1] bacterium HMT 876 | HMT-876 | Strain: F0540 | GB: tbd | Status: Unnamed | Preferred Habitat: Unassigned | Genome: Genome: yes	242	21	1
V3V5_164_Firmicutes	311	223	89.558	2	248	662N000B | Finegoldia magna | HMT-662 | Strain: JCM 1766 | GB: NR_113383 | Status: Named | Preferred Habitat: Unassigned | Genome: Genome: yes	249	21	5
V3V5_164_Firmicutes	311	223	89.558	2	248	662_4677 | Finegoldia magna | HMT-662 | Strain: ATCC 29328 | GB: NR_074677 | Status: Named | Preferred Habitat: Unassigned | Genome: Genome: yes	249	21	5
V3V5_164_Firmicutes	309	217	89.669	1	242	757C24KA | Gemella sanguinis | HMT-757 | Strain: C24KA | GB: AY005051 | Status: Named | Preferred Habitat: Oral | Genome: Genome: yes	242	25	0
# BLAST processed 1 queries
