# BLASTN 2.12.0+
# Query: V3V5_249_Gammaproteobacteria
# Database: ../BLAST_DATABASE_ABUNDANCE/HOMD_16S_rRNA_RefSeq_V15.22.p9.fasta
# Fields: query id, bit score, identical, % identity, q. start, q. end, subject title, alignment length, mismatches, gaps
# 30 hits found
V3V5_249_Gammaproteobacteria	438	237	100.000	1	237	663_5923 | Stenotrophomonas maltophilia | HMT-663 | Strain: LMG 958 | GB: X95923 | Status: Named | Preferred Habitat: Unassigned | Genome: Genome: yes	237	0	0
V3V5_249_Gammaproteobacteria	411	232	97.890	1	237	037AY088 | Stenotrophomonas nitritireducens | HMT-037 | Clone: AY088 | GB: AF385546 | Status: Named | Preferred Habitat: Unassigned | Genome: Genome: yes	237	5	0
V3V5_249_Gammaproteobacteria	248	201	86.266	2	232	571_7530 | Burkholderia cepacia | HMT-571 | Strain: ATCC 25416 | GB: AF097530 | Status: Named | Preferred Habitat: Unassigned | Genome: Genome: yes	233	26	6
V3V5_249_Gammaproteobacteria	244	199	85.776	1	232	343_4907 | Achromobacter xylosoxidans | HMT-343 | Strain: DSM 30026 | GB: Y14907 | Status: Named | Preferred Habitat: Unassigned | Genome: Genome: yes	232	31	2
V3V5_249_Gammaproteobacteria	243	198	85.714	1	231	858_9161 | Comamonas testosteroni | HMT-858 | Strain: ATCC 11996 | GB: NR_029161 | Status: Named | Preferred Habitat: Oral | Genome: Genome: yes	231	31	2
V3V5_249_Gammaproteobacteria	243	198	85.714	1	231	211N113A | Acidovorax caeni | HMT-211 | Strain: R-24608 | GB: NR_042427 | Status: Named | Preferred Habitat: Unassigned | Genome: Genome: yes	231	31	2
V3V5_249_Gammaproteobacteria	243	201	85.897	1	231	894-Wade | Ottowia sp. HMT 894 | HMT-894 | Strain: W10237 | GB: tbd | Status: Unnamed | Preferred Habitat: Unassigned | Genome: Genome: yes	234	25	8
V3V5_249_Gammaproteobacteria	243	201	85.897	1	231	894Wade2 | Ottowia sp. HMT 894 | HMT-894 | Clone: BL117 | GB: JQ406530 | Status: Unnamed | Preferred Habitat: Unassigned | Genome: Genome: yes	234	25	8
V3V5_249_Gammaproteobacteria	243	200	85.837	1	231	026CA004 | Schlegelella aquatica | HMT-026 | Clone: CA004 | GB: AF385538 | Status: Named | Preferred Habitat: Unassigned | Genome: Genome: no	233	27	6
V3V5_249_Gammaproteobacteria	243	200	85.837	2	232	406AK168 | Ralstonia sp. HMT 406 | HMT-406 | Clone: AK168 | GB: AY005032 | Status: Phylotype | Preferred Habitat: Unassigned | Genome: Genome: no	233	27	6
V3V5_249_Gammaproteobacteria	243	200	85.837	2	232	854_3152 | Ralstonia pickettii | HMT-854 | Strain: ATCC 27511 | GB: NR_043152 | Status: Named | Preferred Habitat: Unassigned | Genome: Genome: yes	233	27	6
V3V5_249_Gammaproteobacteria	239	198	85.345	1	232	828_2327 | Bordetella pertussis | HMT-828 | Strain: CIP 105.894 | GB: AF142327 | Status: Named | Preferred Habitat: Unassigned | Genome: Genome: yes	232	32	2
V3V5_249_Gammaproteobacteria	237	197	85.281	1	231	209N112A | Acidovorax ebreus | HMT-209 | Strain: YW12 | GB: KM287569 | Status: Named | Preferred Habitat: Unassigned | Genome: Genome: yes	231	32	2
V3V5_249_Gammaproteobacteria	233	197	84.914	1	231	028_5031 | Rhodocyclus sp. HMT 028 | HMT-028 | Strain: A08KA | GB: AY005031 | Status: Unnamed | Preferred Habitat: Unassigned | Genome: Genome: no	232	33	2
V3V5_249_Gammaproteobacteria	228	196	84.483	1	232	042W9173 | Mogibacterium timidum | HMT-042 | Strain: W9173 | GB: tbd | Status: Named | Preferred Habitat: Oral | Genome: Genome: yes	232	34	2
V3V5_249_Gammaproteobacteria	226	197	84.549	1	232	742_1701 | Mogibacterium pumilum | HMT-742 | Strain: ATCC 700696 | GB: AB021701 | Status: Named | Preferred Habitat: Unassigned | Genome: Genome: yes	233	31	5
V3V5_249_Gammaproteobacteria	226	198	84.615	1	231	612_4476 | Pseudomonas fluorescens | HMT-612 | Strain: ATCC 13525 | GB: NR_114476 | Status: Named | Preferred Habitat: Unassigned | Genome: Genome: yes	234	29	7
V3V5_249_Gammaproteobacteria	222	196	84.120	1	232	593_7874 | Mogibacterium diversum | HMT-593 | Strain: ATCC 700923 | GB: AB037874 | Status: Named | Preferred Habitat: Oral | Genome: Genome: no	233	33	4
V3V5_249_Gammaproteobacteria	220	196	84.120	1	232	691_7875 | Mogibacterium neglectum | HMT-691 | Strain: ATCC 700924 | GB: AB037875 | Status: Named | Preferred Habitat: Oral | Genome: Genome: no	233	32	5
V3V5_249_Gammaproteobacteria	220	197	84.188	1	231	740_6666 | Pseudomonas pseudoalcaligenes | HMT-740 | Strain: LMG 1225 | GB: Z76666 | Status: Named | Preferred Habitat: Unassigned | Genome: Genome: yes	234	30	7
V3V5_249_Gammaproteobacteria	220	196	84.120	2	232	669_2273 | Neisseria meningitidis | HMT-669 | Strain: M8067 | GB: AF382273 | Status: Named | Preferred Habitat: Oral | Genome: Genome: yes	233	32	5
V3V5_249_Gammaproteobacteria	220	197	84.188	2	232	013_9613 | Neisseria bacilliformis | HMT-013 | Clone: P4D1-729 | GB: EF509613 | Status: Named | Preferred Habitat: Oral | Genome: Genome: yes	234	30	7
V3V5_249_Gammaproteobacteria	220	197	84.188	2	232	013_5756 | Neisseria bacilliformis | HMT-013 | Strain: S4 | GB: KM225756 | Status: Named | Preferred Habitat: Oral | Genome: Genome: yes	234	30	7
V3V5_249_Gammaproteobacteria	220	197	84.188	1	231	024_5876 | Schlegelella thermodepolymerans | HMT-024 | Strain: DhA-71 | GB: AF125876 | Status: Named | Preferred Habitat: Unassigned | Genome: Genome: no	234	29	8
V3V5_249_Gammaproteobacteria	215	195	83.691	1	231	382_1251 | Peptostreptococcaceae [XI][G-8] bacterium HMT 382 | HMT-382 | Clone: 44q_16 | GB: HE681251 | Status: Phylotype | Preferred Habitat: Unassigned | Genome: Genome: no	233	32	6
V3V5_249_Gammaproteobacteria	215	195	83.691	2	232	101N065A | Neisseria perflava | HMT-101 | Strain: Branham 7078 | GB: NR_117694 | Status: Named | Preferred Habitat: Unassigned | Genome: Genome: no	233	33	5
V3V5_249_Gammaproteobacteria	215	195	83.691	2	232	610_1998 | Neisseria flavescens | HMT-610 | Clone: P1D1-762 | GB: EF511998 | Status: Named | Preferred Habitat: Oral | Genome: Genome: yes	233	33	5
V3V5_249_Gammaproteobacteria	215	195	83.691	2	232	476_9291 | Neisseria subflava | HMT-476 | Strain: U37 | GB: AJ239291 | Status: Named | Preferred Habitat: Oral | Genome: Genome: yes	233	33	5
V3V5_249_Gammaproteobacteria	215	196	83.761	2	232	013AK105 | Neisseria bacilliformis | HMT-013 | Clone: AK105 | GB: AY005029 | Status: Named | Preferred Habitat: Oral | Genome: Genome: yes	234	31	7
V3V5_249_Gammaproteobacteria	215	197	83.830	2	232	020_1395 | Neisseria sp. HMT 020 | HMT-020 | Clone: 069085_216 | GB: JQ451395 | Status: Unnamed | Preferred Habitat: Oral | Genome: Genome: yes	235	29	9
# BLAST processed 1 queries
