# BLASTN 2.12.0+
# Query: V3V5_272_Bacteroidetes
# Database: ../BLAST_DATABASE_ABUNDANCE/HOMD_16S_rRNA_RefSeq_V15.22.p9.fasta
# Fields: query id, bit score, identical, % identity, q. start, q. end, subject title, alignment length, mismatches, gaps
# 30 hits found
V3V5_272_Bacteroidetes	444	242	99.588	1	243	781_3320 | Prevotella saccharolytica | HMT-781 | Strain: JCM 17484 | GB: NR_113320 | Status: Named | Preferred Habitat: Oral | Genome: Genome: yes	243	1	0
V3V5_272_Bacteroidetes	433	240	98.765	1	243	781F0055 | Prevotella saccharolytica | HMT-781 | Strain: F0055 | GB: GQ422744 | Status: Named | Preferred Habitat: Oral | Genome: Genome: yes	243	3	0
V3V5_272_Bacteroidetes	372	228	94.606	3	243	317_8624 | Prevotella sp. HMT 317 | HMT-317 | Clone: C3MKM081 | GB: AY278624 | Status: Unnamed | Preferred Habitat: Oral | Genome: Genome: yes	241	12	1
V3V5_272_Bacteroidetes	372	229	94.628	3	243	317_5061 | Prevotella sp. HMT 317 | HMT-317 | Strain: B31FD | GB: AY005061 | Status: Unnamed | Preferred Habitat: Oral | Genome: Genome: yes	242	10	3
V3V5_272_Bacteroidetes	366	227	94.191	3	243	795_8825 | Prevotella shahii | HMT-795 | Strain: JCM 12083 | GB: AB108825 | Status: Named | Preferred Habitat: Oral | Genome: Genome: yes	241	13	1
V3V5_272_Bacteroidetes	361	226	93.776	3	243	472GU027 | Prevotella sp. HMT 472 | HMT-472 | Clone: GU027 | GB: AY349398 | Status: Unnamed | Preferred Habitat: Oral | Genome: Genome: yes	241	14	1
V3V5_272_Bacteroidetes	361	226	93.776	3	243	472_2261 | Prevotella sp. HMT 472 | HMT-472 | Clone: 070034_820 | GB: JQ462261 | Status: Unnamed | Preferred Habitat: Oral | Genome: Genome: yes	241	14	1
V3V5_272_Bacteroidetes	355	225	93.361	3	243	658_6481 | Prevotella loescheii | HMT-658 | Strain: ATCC 15930 | GB: L16481 | Status: Named | Preferred Habitat: Oral | Genome: Genome: yes	241	15	1
V3V5_272_Bacteroidetes	339	224	91.803	1	243	705_5176 | Prevotella oralis | HMT-705 | Clone: ELU0173-000438 | GB: HQ815176 | Status: Named | Preferred Habitat: Oral | Genome: Genome: yes	244	18	2
V3V5_272_Bacteroidetes	339	224	91.803	1	243	705_3522 | Prevotella oralis | HMT-705 | Strain: ATCC 33269 | GB: AY323522 | Status: Named | Preferred Habitat: Oral | Genome: Genome: yes	244	18	2
V3V5_272_Bacteroidetes	333	219	92.017	7	243	475IK053 | Prevotella sp. HMT 475 | HMT-475 | Clone: IK053 | GB: AY349401 | Status: Unnamed | Preferred Habitat: Oral | Genome: Genome: yes	238	17	2
V3V5_272_Bacteroidetes	333	219	92.017	7	243	475_7238 | Prevotella sp. HMT 475 | HMT-475 | Clone: ncd2221f05c1 | GB: JF187238 | Status: Unnamed | Preferred Habitat: Oral | Genome: Genome: yes	238	17	2
V3V5_272_Bacteroidetes	327	222	90.984	1	243	562_6476 | Prevotella buccalis | HMT-562 | Strain: ATCC 35310 | GB: L16476 | Status: Named | Preferred Habitat: Unassigned | Genome: Genome: yes	244	21	1
V3V5_272_Bacteroidetes	326	218	91.213	5	243	820_7212 | Prevotella sp. HMT 820 | HMT-820 | Strain: P2A_FAAD4 | GB: AF537212 | Status: Unnamed | Preferred Habitat: Oral | Genome: Genome: no	239	21	0
V3V5_272_Bacteroidetes	320	217	90.795	5	243	289AA020 | Prevotella maculosa | HMT-289 | Clone: AA020 | GB: AY005057 | Status: Named | Preferred Habitat: Oral | Genome: Genome: yes	239	22	0
V3V5_272_Bacteroidetes	320	218	90.833	5	243	311_6474 | Prevotella oris | HMT-311 | Strain: ATCC 33573 | GB: L16474 | Status: Named | Preferred Habitat: Oral | Genome: Genome: yes	240	21	1
V3V5_272_Bacteroidetes	318	217	90.795	5	242	311_F045 | Prevotella oris | HMT-311 | Clone: _F045 | GB: AY005056 | Status: Named | Preferred Habitat: Oral | Genome: Genome: yes	239	21	1
V3V5_272_Bacteroidetes	316	220	90.164	1	243	665_1227 | Prevotella marshii | HMT-665 | Strain: E9_34 | GB: AF481227 | Status: Named | Preferred Habitat: Oral | Genome: Genome: yes	244	22	2
V3V5_272_Bacteroidetes	311	220	89.796	1	243	301BS041 | Prevotella sp. HMT 301 | HMT-301 | Clone: BS041 | GB: AF385558 | Status: Phylotype | Preferred Habitat: Oral | Genome: Genome: no	245	22	3
V3V5_272_Bacteroidetes	309	216	90.000	5	243	289_4315 | Prevotella maculosa | HMT-289 | Strain: W1609 | GB: EF534315 | Status: Named | Preferred Habitat: Oral | Genome: Genome: yes	240	23	1
V3V5_272_Bacteroidetes	309	216	90.000	5	243	289AA016 | Prevotella maculosa | HMT-289 | Clone: AA016 | GB: AY005058 | Status: Named | Preferred Habitat: Oral | Genome: Genome: yes	240	23	1
V3V5_272_Bacteroidetes	309	215	89.958	5	243	443_1415 | Prevotella sp. HMT 443 | HMT-443 | Clone: P4PB_24 | GB: AY331415 | Status: Phylotype | Preferred Habitat: Oral | Genome: Genome: no	239	24	0
V3V5_272_Bacteroidetes	309	219	89.754	1	243	942_6378 | Prevotella sp. HMT 942 | HMT-942 | Clone: 22B412 | GB: FJ976378 | Status: Phylotype | Preferred Habitat: Oral | Genome: Genome: no	244	22	3
V3V5_272_Bacteroidetes	291	212	88.703	5	243	305_0424 | Prevotella sp. HMT 305 | HMT-305 | Clone: 070055_034 | GB: JQ460424 | Status: Phylotype | Preferred Habitat: Oral | Genome: Genome: no	239	26	1
V3V5_272_Bacteroidetes	287	212	88.333	5	243	553_2605 | Prevotella baroniae | HMT-553 | Clone: PUS9.180 | GB: AJ012605 | Status: Named | Preferred Habitat: Oral | Genome: Genome: yes	240	27	1
V3V5_272_Bacteroidetes	287	214	88.066	3	243	560_6478 | Prevotella buccae | HMT-560 | Strain: ATCC 33690 | GB: L16478 | Status: Named | Preferred Habitat: Oral | Genome: Genome: yes	243	27	2
V3V5_272_Bacteroidetes	285	211	88.285	7	243	307_8826 | Prevotella salivae | HMT-307 | Strain: DSM 15606 | GB: AB108826 | Status: Named | Preferred Habitat: Oral | Genome: Genome: yes	239	26	2
V3V5_272_Bacteroidetes	285	211	88.285	5	243	305DO014 | Prevotella sp. HMT 305 | HMT-305 | Clone: DO014 | GB: AF385509 | Status: Phylotype | Preferred Habitat: Oral | Genome: Genome: no	239	27	1
V3V5_272_Bacteroidetes	283	209	88.186	7	243	309DO045 | Prevotella sp. HMT 309 | HMT-309 | Clone: DO045 | GB: AF385515 | Status: Phylotype | Preferred Habitat: Oral | Genome: Genome: no	237	28	0
V3V5_272_Bacteroidetes	283	209	88.186	7	243	309_6203 | Prevotella sp. HMT 309 | HMT-309 | Clone: 3083 | GB: FJ976203 | Status: Phylotype | Preferred Habitat: Oral | Genome: Genome: no	237	28	0
# BLAST processed 1 queries
