# BLASTN 2.12.0+
# Query: V3V5_261_Fusobacteria
# Database: ../BLAST_DATABASE_ABUNDANCE/HOMD_16S_rRNA_RefSeq_V15.22.p9.fasta
# Fields: query id, bit score, identical, % identity, q. start, q. end, subject title, alignment length, mismatches, gaps
# 30 hits found
V3V5_261_Fusobacteria	479	261	99.618	1	262	417_8621 | Leptotrichia sp. HMT 417 | HMT-417 | Clone: C3MKM102 | GB: AY278621 | Status: Unnamed | Preferred Habitat: Oral | Genome: Genome: no	262	1	0
V3V5_261_Fusobacteria	479	261	99.618	1	262	463GT020 | Leptotrichia sp. HMT 463 | HMT-463 | Clone: GT020 | GB: AY349385 | Status: Phylotype | Preferred Habitat: Oral | Genome: Genome: no	262	1	0
V3V5_261_Fusobacteria	477	258	100.000	5	262	222_7816 | Leptotrichia wadei | HMT-222 | Strain: A39FD | GB: AF287816 | Status: Named | Preferred Habitat: Oral | Genome: Genome: yes	258	0	0
V3V5_261_Fusobacteria	472	257	99.612	5	262	222F0279 | Leptotrichia wadei | HMT-222 | Strain: F0279 | GB: tbd | Status: Named | Preferred Habitat: Oral | Genome: Genome: yes	258	1	0
V3V5_261_Fusobacteria	466	256	99.225	5	262	214DE081 | Leptotrichia shahii | HMT-214 | Clone: DE081 | GB: AF366268 | Status: Named | Preferred Habitat: Oral | Genome: Genome: yes	258	2	0
V3V5_261_Fusobacteria	460	255	98.837	5	262	879F0557 | Leptotrichia sp. HMT 879 | HMT-879 | Strain: F0557 | GB: tbd | Status: Unnamed | Preferred Habitat: Oral | Genome: Genome: yes	258	3	0
V3V5_261_Fusobacteria	460	255	98.837	5	262	213DA069 | Leptotrichia hongkongensis | HMT-213 | Clone: DA069 | GB: AF287811 | Status: Named | Preferred Habitat: Oral | Genome: Genome: no	258	3	0
V3V5_261_Fusobacteria	457	255	98.456	4	262	225_FEA2 | Leptotrichia sp. HMT 225 | HMT-225 | Strain: FEA2 | GB: GQ422731 | Status: Unnamed | Preferred Habitat: Oral | Genome: Genome: yes	259	4	0
V3V5_261_Fusobacteria	455	254	98.450	5	262	498IK040 | Leptotrichia sp. HMT 498 | HMT-498 | Clone: IK040 | GB: AY349387 | Status: Unnamed | Preferred Habitat: Oral | Genome: Genome: no	258	4	0
V3V5_261_Fusobacteria	453	253	98.444	6	262	847F0260 | Leptotrichia sp. HMT 847 | HMT-847 | Strain: F0260 | GB: FJ577250 | Status: Unnamed | Preferred Habitat: Unassigned | Genome: Genome: yes	257	4	0
V3V5_261_Fusobacteria	451	254	98.069	4	262	563_7788 | Leptotrichia buccalis | HMT-563 | Strain: not listed | GB: L37788 | Status: Named | Preferred Habitat: Oral | Genome: Genome: yes	259	5	0
V3V5_261_Fusobacteria	451	254	98.069	4	262	225HE052 | Leptotrichia sp. HMT 225 | HMT-225 | Clone: HE052 | GB: GQ422732 | Status: Unnamed | Preferred Habitat: Oral | Genome: Genome: yes	259	5	0
V3V5_261_Fusobacteria	440	252	97.297	4	262	909-Wade | Leptotrichia sp. HMT 909 | HMT-909 | Clone: CP4_C6 | GB: KC203062 | Status: Phylotype | Preferred Habitat: Oral | Genome: Genome: no	259	7	0
V3V5_261_Fusobacteria	440	252	97.297	4	262	224_7813 | Leptotrichia hofstadii | HMT-224 | Strain: FAC5 | GB: AF287813 | Status: Named | Preferred Habitat: Oral | Genome: Genome: yes	259	7	0
V3V5_261_Fusobacteria	440	252	97.297	4	262	218EI013 | Leptotrichia sp. HMT 218 | HMT-218 | Clone: EI013 | GB: AF385571 | Status: Phylotype | Preferred Habitat: Oral | Genome: Genome: no	259	7	0
V3V5_261_Fusobacteria	435	251	96.911	4	262	223F138 | Leptotrichia sp. HMT 223 | HMT-223 | Clone: _F138 | GB: AF287814 | Status: Phylotype | Preferred Habitat: Oral | Genome: Genome: no	259	8	0
V3V5_261_Fusobacteria	424	247	96.484	7	262	221FP036 | Leptotrichia sp. HMT 221 | HMT-221 | Clone: FP036 | GB: AF432138 | Status: Unnamed | Preferred Habitat: Oral | Genome: Genome: no	256	9	0
V3V5_261_Fusobacteria	422	248	96.124	5	262	212BU064 | Leptotrichia sp. HMT 212 | HMT-212 | Clone: BU064 | GB: AY008309 | Status: Unnamed | Preferred Habitat: Oral | Genome: Genome: yes	258	10	0
V3V5_261_Fusobacteria	411	249	95.038	1	262	215DR011 | Leptotrichia sp. HMT 215 | HMT-215 | Clone: DR011 | GB: AF385518 | Status: Unnamed | Preferred Habitat: Oral | Genome: Genome: yes	262	12	1
V3V5_261_Fusobacteria	411	246	95.349	5	262	217DT031 | Leptotrichia sp. HMT 217 | HMT-217 | Clone: DT031 | GB: AF366276 | Status: Phylotype | Preferred Habitat: Oral | Genome: Genome: no	258	12	0
V3V5_261_Fusobacteria	409	245	95.331	6	262	219EI022 | Leptotrichia sp. HMT 219 | HMT-219 | Clone: EI022 | GB: AF385572 | Status: Phylotype | Preferred Habitat: Oral | Genome: Genome: no	257	12	0
V3V5_261_Fusobacteria	399	246	94.253	2	262	392_7053 | Leptotrichia sp. HMT 392 | HMT-392 | Clone: P2PB_51 | GB: AY207053 | Status: Phylotype | Preferred Habitat: Oral | Genome: Genome: no	261	15	0
V3V5_261_Fusobacteria	385	242	93.436	4	262	845F0264 | Leptotrichia goodfellowii | HMT-845 | Strain: F0264 | GB: FJ577259 | Status: Named | Preferred Habitat: Oral | Genome: Genome: yes	259	17	0
V3V5_261_Fusobacteria	346	229	91.600	7	256	844_8425 | Sneathia amnii [Not Validly Published] | HMT-844 | Strain: AMN-1 | GB: AY078425 | Status: Named | Preferred Habitat: Oral | Genome: Genome: yes	250	21	0
V3V5_261_Fusobacteria	340	228	91.200	7	256	837_8342 | Sneathia sanguinegens | HMT-837 | Strain: CCUG 41628 | GB: NR_118342 | Status: Named | Preferred Habitat: Oral | Genome: Genome: yes	250	22	0
V3V5_261_Fusobacteria	244	212	84.462	7	256	690_4948 | Fusobacterium necrophorum | HMT-690 | Strain: D4 | GB: AF044948 | Status: Named | Preferred Habitat: Oral | Genome: Genome: yes	251	36	3
V3V5_261_Fusobacteria	244	212	84.462	7	256	860_9686 | Fusobacterium gonidiaformans | HMT-860 | Strain: VE32H03 | GB: GQ179686 | Status: Named | Preferred Habitat: Unassigned | Genome: Genome: yes	251	36	3
V3V5_261_Fusobacteria	239	212	84.127	7	256	200_R002 | Fusobacterium nucleatum subsp. vincentii | HMT-200 | Clone: _R002 | GB: AF287806 | Status: Named | Preferred Habitat: Oral | Genome: Genome: yes	252	35	5
V3V5_261_Fusobacteria	239	212	84.127	7	256	205FL002 | Fusobacterium sp. HMT 205 | HMT-205 | Clone: FL002 | GB: GU350452 | Status: Phylotype | Preferred Habitat: Oral | Genome: Genome: no	252	35	5
V3V5_261_Fusobacteria	239	212	84.127	7	256	248N122A | Fusobacterium sp. HMT 248 | HMT-248 | Strain: Marseille-P2749 | GB: LT576389 | Status: Unnamed | Preferred Habitat: Unassigned | Genome: Genome: yes	252	35	5
# BLAST processed 1 queries
