# BLASTN 2.12.0+
# Query: V3V5_328_Actinobacteria
# Database: ../BLAST_DATABASE_ABUNDANCE/HOMD_16S_rRNA_RefSeq_V15.22.p9.fasta
# Fields: query id, bit score, identical, % identity, q. start, q. end, subject title, alignment length, mismatches, gaps
# 30 hits found
V3V5_328_Actinobacteria	451	244	100.000	1	244	618_0414 | Actinomyces gerencseriae | HMT-618 | Strain: DSM 6844 | GB: X80414 | Status: Named | Preferred Habitat: Oral | Genome: Genome: yes	244	0	0
V3V5_328_Actinobacteria	446	243	99.590	1	244	618_1735 | Actinomyces gerencseriae | HMT-618 | Clone: 069086_229 | GB: JQ451735 | Status: Named | Preferred Habitat: Oral | Genome: Genome: yes	244	1	0
V3V5_328_Actinobacteria	440	242	99.180	1	244	645_2450 | Actinomyces israelii | HMT-645 | Strain: CIP 103259 | GB: X82450 | Status: Named | Preferred Habitat: Oral | Genome: Genome: yes	244	2	0
V3V5_328_Actinobacteria	429	241	98.367	1	244	448F0400 | Actinomyces sp. HMT 448 | HMT-448 | Strain: F0400 | GB: tbd | Status: Unnamed | Preferred Habitat: Oral | Genome: Genome: yes	245	3	1
V3V5_328_Actinobacteria	429	241	98.367	1	244	448_3317 | Actinomyces sp. HMT 448 | HMT-448 | Clone: 071059_594 | GB: JQ473317 | Status: Unnamed | Preferred Habitat: Oral | Genome: Genome: yes	245	3	1
V3V5_328_Actinobacteria	424	240	97.959	1	244	176EP011 | Actinomyces naeslundii | HMT-176 | Clone: EP011 | GB: AY008315 | Status: Named | Preferred Habitat: Oral | Genome: Genome: yes	245	4	1
V3V5_328_Actinobacteria	424	240	97.959	1	244	852F0489 | Actinomyces massiliensis | HMT-852 | Strain: F0489 | GB: tbd | Status: Named | Preferred Habitat: Oral | Genome: Genome: yes	245	4	1
V3V5_328_Actinobacteria	424	239	97.951	1	244	179B19SC | Actinomyces timonensis | HMT-179 | Strain: B19SC | GB: AF287748 | Status: Named | Preferred Habitat: Oral | Genome: Genome: yes	244	5	0
V3V5_328_Actinobacteria	424	239	97.951	1	244	179F0378 | Actinomyces timonensis | HMT-179 | Strain: F0378 | GB: tbd | Status: Named | Preferred Habitat: Oral | Genome: Genome: yes	244	5	0
V3V5_328_Actinobacteria	420	240	97.561	1	244	849F0330 | Actinomyces johnsonii | HMT-849 | Strain: F0330 | GB: GU470900 | Status: Named | Preferred Habitat: Oral | Genome: Genome: yes	246	4	2
V3V5_328_Actinobacteria	418	239	97.551	1	244	175_5563 | Actinomyces sp. HMT 175 | HMT-175 | Clone: ncd1455a04c1 | GB: JF125563 | Status: Unnamed | Preferred Habitat: Oral | Genome: Genome: yes	245	5	1
V3V5_328_Actinobacteria	418	239	97.551	1	244	175EP005 | Actinomyces sp. HMT 175 | HMT-175 | Clone: EP005 | GB: AY008314 | Status: Unnamed | Preferred Habitat: Oral | Genome: Genome: yes	245	5	1
V3V5_328_Actinobacteria	418	239	97.551	1	244	893_5935 | Actinomyces oris | HMT-893 | Strain: JCM 16131 | GB: AB545935 | Status: Named | Preferred Habitat: Oral | Genome: Genome: yes	245	5	1
V3V5_328_Actinobacteria	418	239	97.551	1	244	893_4727 | Actinomyces oris | HMT-893 | Clone: 070043_377 | GB: JQ464727 | Status: Named | Preferred Habitat: Oral | Genome: Genome: yes	245	5	1
V3V5_328_Actinobacteria	418	239	97.551	1	244	169AG004 | Actinomyces sp. HMT 169 | HMT-169 | Clone: AG004 | GB: AF287747 | Status: Unnamed | Preferred Habitat: Oral | Genome: Genome: no	245	5	1
V3V5_328_Actinobacteria	418	239	97.551	1	244	169F496b | Actinomyces sp. HMT 169 | HMT-169 | Strain: F0496b | GB: tbd | Status: Unnamed | Preferred Habitat: Oral | Genome: Genome: no	245	5	1
V3V5_328_Actinobacteria	418	239	97.551	1	244	176_0512 | Actinomyces naeslundii | HMT-176 | Clone: 069082_029 | GB: JQ450512 | Status: Named | Preferred Habitat: Oral | Genome: Genome: yes	245	5	1
V3V5_328_Actinobacteria	418	239	97.551	1	244	176_1062 | Actinomyces naeslundii | HMT-176 | Strain: NCTC 10301 | GB: X81062 | Status: Named | Preferred Habitat: Oral | Genome: Genome: yes	245	5	1
V3V5_328_Actinobacteria	418	239	97.551	1	244	171BL008 | Actinomyces sp. HMT 171 | HMT-171 | Clone: BL008 | GB: AF385553 | Status: Unnamed | Preferred Habitat: Oral | Genome: Genome: yes	245	5	1
V3V5_328_Actinobacteria	418	239	97.551	1	244	171JA063 | Actinomyces sp. HMT 171 | HMT-171 | Clone: JA063 | GB: AY349367 | Status: Unnamed | Preferred Habitat: Oral | Genome: Genome: yes	245	5	1
V3V5_328_Actinobacteria	418	239	97.551	1	244	170AP064 | Actinomyces sp. HMT 170 | HMT-170 | Clone: AP064 | GB: AF287749 | Status: Unnamed | Preferred Habitat: Oral | Genome: Genome: yes	245	5	1
V3V5_328_Actinobacteria	418	238	97.541	1	244	708_7295 | Actinomyces oricola | HMT-708 | Strain: CCUG 46090 | GB: AJ507295 | Status: Named | Preferred Habitat: Unassigned | Genome: Genome: no	244	6	0
V3V5_328_Actinobacteria	414	239	97.154	1	244	897-Wade | Actinomyces sp. HMT 897 | HMT-897 | Clone: HS14_2W_C6 | GB: KC203057 | Status: Phylotype | Preferred Habitat: Oral | Genome: Genome: no	246	5	2
V3V5_328_Actinobacteria	412	238	97.143	1	244	169F496a | Actinomyces sp. HMT 169 | HMT-169 | Strain: F0496a | GB: tbd | Status: Unnamed | Preferred Habitat: Oral | Genome: Genome: no	245	6	1
V3V5_328_Actinobacteria	412	238	97.143	1	244	688_2453 | Actinomyces viscosus | HMT-688 | Strain: NCTC 10951 | GB: X82453 | Status: Named | Preferred Habitat: Oral | Genome: Genome: yes	245	6	1
V3V5_328_Actinobacteria	412	237	97.131	1	244	746_1986 | Actinomyces radicidentis | HMT-746 | Strain: CCUG 36733 | GB: AJ251986 | Status: Named | Preferred Habitat: Unassigned | Genome: Genome: yes	244	7	0
V3V5_328_Actinobacteria	399	238	95.968	1	244	525_3632 | Actinomyces sp. HMT 525 | HMT-525 | Clone: MB6_C03 | GB: DQ003632 | Status: Phylotype | Preferred Habitat: Oral | Genome: Genome: no	248	6	4
V3V5_328_Actinobacteria	396	239	95.600	1	244	896-Wade | Actinomyces sp. HMT 896 | HMT-896 | Clone: FL377 | GB: JQ406543 | Status: Phylotype | Preferred Habitat: Oral | Genome: Genome: no	250	5	6
V3V5_328_Actinobacteria	394	235	95.918	1	244	877F0543 | Schaalia sp. HMT 877 | HMT-877 | Strain: F0543 | GB: tbd | Status: Unnamed | Preferred Habitat: Oral | Genome: Genome: yes	245	6	4
V3V5_328_Actinobacteria	394	235	95.918	1	244	178B27SC | Schaalia sp. HMT 178 | HMT-178 | Strain: B27SC | GB: AF287750 | Status: Unnamed | Preferred Habitat: Oral | Genome: Genome: yes	245	6	4
# BLAST processed 1 queries
