# BLASTN 2.12.0+
# Query: V3V5_266_Firmicutes
# Database: ../BLAST_DATABASE_ABUNDANCE/HOMD_16S_rRNA_RefSeq_V15.22.p9.fasta
# Fields: query id, bit score, identical, % identity, q. start, q. end, subject title, alignment length, mismatches, gaps
# 30 hits found
V3V5_266_Firmicutes	246	200	85.837	4	234	375_1225 | Peptoniphilus sp. HMT 375 | HMT-375 | Strain: E3_32 | GB: AF481225 | Status: Unnamed | Preferred Habitat: Unassigned | Genome: Genome: yes	233	31	2
V3V5_266_Firmicutes	244	203	85.654	4	235	539_6962 | Filifactor alocis | HMT-539 | Strain: ATCC 35896 | GB: AJ006962 | Status: Named | Preferred Habitat: Oral | Genome: Genome: yes	237	29	5
V3V5_266_Firmicutes	241	200	85.470	4	234	548_3382 | Peptoniphilus asaccharolyticus | HMT-548 | Strain: JCM 1765 | GB: NR_113382 | Status: Named | Preferred Habitat: Unassigned | Genome: Genome: no	234	30	4
V3V5_266_Firmicutes	239	200	85.106	2	234	109N074A | Peptoniphilus harei | HMT-109 | Strain: DSM 10020 | GB: NR_026358 | Status: Named | Preferred Habitat: Unassigned | Genome: Genome: yes	235	33	2
V3V5_266_Firmicutes	239	200	85.106	2	234	187N108A | Peptoniphilus sp. HMT 187 | HMT-187 | Clone: nbu60f02c1 | GB: GQ004621 | Status: Unnamed | Preferred Habitat: Unassigned | Genome: Genome: yes	235	33	2
V3V5_266_Firmicutes	237	201	85.169	4	234	386_8859 | Peptoniphilus sp. HMT 386 | HMT-386 | Clone: P4PA_156 | GB: AF538859 | Status: Unnamed | Preferred Habitat: Unassigned | Genome: Genome: yes	236	29	6
V3V5_266_Firmicutes	235	198	84.979	4	234	603_0064 | Bulleidia extructa | HMT-603 | Strain: DSM 13220 | GB: AF220064 | Status: Named | Preferred Habitat: Oral | Genome: Genome: yes	233	33	2
V3V5_266_Firmicutes	233	205	84.362	4	240	111BS044 | Parvimonas micra | HMT-111 | Clone: BS044 | GB: AF385559 | Status: Named | Preferred Habitat: Oral | Genome: Genome: yes	243	32	6
V3V5_266_Firmicutes	233	205	84.362	4	240	111_3523 | Parvimonas micra | HMT-111 | Strain: ATCC 33270 | GB: AY323523 | Status: Named | Preferred Habitat: Oral | Genome: Genome: yes	243	32	6
V3V5_266_Firmicutes	233	205	84.362	4	240	110_6545 | Parvimonas sp. HMT 110 | HMT-110 | Strain: MDA2346-2 | GB: AY286545 | Status: Unnamed | Preferred Habitat: Oral | Genome: Genome: yes	243	32	6
V3V5_266_Firmicutes	233	205	84.362	4	240	110HE064 | Parvimonas sp. HMT 110 | HMT-110 | Clone: HE064 | GB: GQ422714 | Status: Unnamed | Preferred Habitat: Oral | Genome: Genome: yes	243	32	6
V3V5_266_Firmicutes	233	205	84.362	4	240	393_7059 | Parvimonas sp. HMT 393 | HMT-393 | Strain: P4P_31 | GB: AY207059 | Status: Unnamed | Preferred Habitat: Oral | Genome: Genome: yes	243	32	6
V3V5_266_Firmicutes	233	199	84.681	2	234	840_4147 | Peptoniphilus indolicus | HMT-840 | Strain: ATCC 29427 | GB: D14147 | Status: Named | Preferred Habitat: Unassigned | Genome: Genome: yes	235	34	2
V3V5_266_Firmicutes	230	197	84.549	4	234	484_4201 | Erysipelothrix tonsillarum | HMT-484 | Strain: NA | GB: AB034201 | Status: Named | Preferred Habitat: Unassigned | Genome: Genome: yes	233	34	2
V3V5_266_Firmicutes	230	197	84.549	4	234	655_4533 | Eubacterium limosum | HMT-655 | Strain: KIST612 | GB: NR_074533 | Status: Named | Preferred Habitat: Unassigned | Genome: Genome: yes	233	34	2
V3V5_266_Firmicutes	228	204	83.951	4	240	111FG014 | Parvimonas micra | HMT-111 | Clone: FG014 | GB: AF385543 | Status: Named | Preferred Habitat: Oral | Genome: Genome: yes	243	33	6
V3V5_266_Firmicutes	222	198	83.898	2	234	836_1812 | Peptoniphilus lacrimalis | HMT-836 | Strain: JCM 8139 | GB: AB971812 | Status: Named | Preferred Habitat: Oral | Genome: Genome: yes	236	34	4
V3V5_266_Firmicutes	222	198	83.898	2	234	836F0141 | Peptoniphilus lacrimalis | HMT-836 | Strain: F0141 | GB: GQ422750 | Status: Named | Preferred Habitat: Oral | Genome: Genome: yes	236	34	4
V3V5_266_Firmicutes	222	203	83.884	4	235	843_3837 | Dialister micraerophilus | HMT-843 | Strain: ADV 04.01 | GB: AF473837 | Status: Named | Preferred Habitat: Oral | Genome: Genome: yes	242	29	10
V3V5_266_Firmicutes	219	204	83.265	4	240	495JS001 | Peptostreptococcaceae [XI][G-3] bacterium HMT 495 | HMT-495 | Clone: JS001 | GB: AY349378 | Status: Phylotype | Preferred Habitat: Oral | Genome: Genome: no	245	33	8
V3V5_266_Firmicutes	217	197	83.830	13	240	616_7334 | Mycoplasma genitalium | HMT-616 | Strain: G37 | GB: X77334 | Status: Named | Preferred Habitat: Unassigned | Genome: Genome: yes	235	30	8
V3V5_266_Firmicutes	217	198	83.544	4	234	113W5053 | Peptoniphilaceae [G-1] bacterium HMT 113 | HMT-113 | Strain: W5053 | GB: tbd | Status: Unnamed | Preferred Habitat: Oral | Genome: Genome: yes	237	33	6
V3V5_266_Firmicutes	217	198	83.544	4	234	113DA014 | Peptoniphilaceae [G-1] bacterium HMT 113 | HMT-113 | Clone: DA014 | GB: AF287766 | Status: Unnamed | Preferred Habitat: Oral | Genome: Genome: yes	237	33	6
V3V5_266_Firmicutes	217	198	83.898	14	240	094DA074 | Lachnospiraceae [G-10] bacterium HMT 094 | HMT-094 | Clone: DA074 | GB: AF287768 | Status: Phylotype | Preferred Habitat: Unassigned | Genome: Genome: no	236	29	9
V3V5_266_Firmicutes	215	200	83.333	4	235	383_8856 | Peptostreptococcaceae [XI][G-1] bacterium HMT 383 | HMT-383 | Clone: P2PB_46 | GB: AF538856 | Status: Phylotype | Preferred Habitat: Unassigned | Genome: Genome: no	240	32	8
V3V5_266_Firmicutes	213	194	83.262	4	234	678_4915 | Solobacterium moorei | HMT-678 | Strain: AHP 13983 | GB: AY044915 | Status: Named | Preferred Habitat: Oral | Genome: Genome: yes	233	37	2
V3V5_266_Firmicutes	211	202	82.787	4	240	500-Wade | Lachnospiraceae [G-8] bacterium HMT 500 | HMT-500 | Strain: W11650 | GB: tbd | Status: Unnamed | Preferred Habitat: Oral | Genome: Genome: no	244	35	7
V3V5_266_Firmicutes	211	202	82.787	4	240	500JM048 | Lachnospiraceae [G-8] bacterium HMT 500 | HMT-500 | Clone: JM048 | GB: AY349389 | Status: Unnamed | Preferred Habitat: Oral | Genome: Genome: no	244	35	7
V3V5_266_Firmicutes	211	152	88.889	4	174	119BS016 | Dialister sp. HMT 119 | HMT-119 | Clone: BS016 | GB: AF287786 | Status: Phylotype | Preferred Habitat: Oral | Genome: Genome: no	171	19	0
V3V5_266_Firmicutes	209	190	83.700	14	234	569_3729 | Eggerthia catenaformis | HMT-569 | Strain: ATCC 25536 | GB: M23729 | Status: Named | Preferred Habitat: Oral | Genome: Genome: yes	227	31	6
# BLAST processed 1 queries
