# BLASTN 2.12.0+
# Query: V3V5_280_Firmicutes
# Database: ../BLAST_DATABASE_ABUNDANCE/HOMD_16S_rRNA_RefSeq_V15.22.p9.fasta
# Fields: query id, bit score, identical, % identity, q. start, q. end, subject title, alignment length, mismatches, gaps
# 30 hits found
V3V5_280_Firmicutes	462	250	100.000	1	250	917-Wade | Veillonella sp. HMT 917 | HMT-917 | Clone: EL130 | GB: JQ406541 | Status: Phylotype | Preferred Habitat: Oral | Genome: Genome: no	250	0	0
V3V5_280_Firmicutes	462	250	100.000	1	250	917_6290 | Veillonella sp. HMT 917 | HMT-917 | Clone: H2-plate10_E12 | GB: HQ176290 | Status: Phylotype | Preferred Habitat: Oral | Genome: Genome: no	250	0	0
V3V5_280_Firmicutes	424	243	97.200	1	250	158F0412 | Veillonella rogosae | HMT-158 | Strain: F0412 | GB: tbd | Status: Named | Preferred Habitat: Oral | Genome: Genome: yes	250	7	0
V3V5_280_Firmicutes	424	243	97.200	1	250	158BI029 | Veillonella rogosae | HMT-158 | Clone: BI029 | GB: GQ422725 | Status: Named | Preferred Habitat: Oral | Genome: Genome: yes	250	7	0
V3V5_280_Firmicutes	424	243	97.200	1	250	161BU083 | Veillonella parvula | HMT-161 | Clone: BU083 | GB: AF366266 | Status: Named | Preferred Habitat: Oral | Genome: Genome: yes	250	7	0
V3V5_280_Firmicutes	424	243	97.200	1	250	161Vparv | Veillonella parvula | HMT-161 | Strain: DSM 2008 | GB: X84005 | Status: Named | Preferred Habitat: Oral | Genome: Genome: yes	250	7	0
V3V5_280_Firmicutes	424	243	97.200	1	250	161AA050 | Veillonella parvula | HMT-161 | Clone: AA050 | GB: AF287782 | Status: Named | Preferred Habitat: Oral | Genome: Genome: yes	250	7	0
V3V5_280_Firmicutes	424	243	97.200	1	250	161_X002 | Veillonella parvula | HMT-161 | Clone: _X002 | GB: GU350451 | Status: Named | Preferred Habitat: Oral | Genome: Genome: yes	250	7	0
V3V5_280_Firmicutes	424	243	97.200	1	250	161_X042 | Veillonella parvula | HMT-161 | Clone: _X042 | GB: AF287781 | Status: Named | Preferred Habitat: Oral | Genome: Genome: yes	250	7	0
V3V5_280_Firmicutes	424	243	97.200	1	250	887_5167 | Veillonella denticariosi | HMT-887 | Strain: CCUG 54362 | GB: EF185167 | Status: Named | Preferred Habitat: Oral | Genome: Genome: yes	250	7	0
V3V5_280_Firmicutes	424	243	97.200	1	250	160Vdisp | Veillonella dispar | HMT-160 | Strain: DSM 20735 | GB: X84006 | Status: Named | Preferred Habitat: Oral | Genome: Genome: yes	250	7	0
V3V5_280_Firmicutes	424	243	97.200	1	250	160_X031 | Veillonella dispar | HMT-160 | Clone: _X031 | GB: GQ422726 | Status: Named | Preferred Habitat: Oral | Genome: Genome: yes	250	7	0
V3V5_280_Firmicutes	424	243	97.200	1	250	524Vatyp | Veillonella atypica | HMT-524 | Strain: DSM 20739 | GB: X84007 | Status: Named | Preferred Habitat: Oral | Genome: Genome: yes	250	7	0
V3V5_280_Firmicutes	424	243	97.200	1	250	524_3631 | Veillonella atypica | HMT-524 | Clone: MB5_P17 | GB: DQ003631 | Status: Named | Preferred Habitat: Oral | Genome: Genome: yes	250	7	0
V3V5_280_Firmicutes	418	242	96.800	1	250	122_6527 | Megasphaera micronuciformis | HMT-122 | Clone: 16sps19-3e12.p1k | GB: FM996527 | Status: Named | Preferred Habitat: Oral | Genome: Genome: yes	250	8	0
V3V5_280_Firmicutes	418	242	96.800	1	250	122BU057 | Megasphaera micronuciformis | HMT-122 | Clone: BU057 | GB: AF385566 | Status: Named | Preferred Habitat: Oral | Genome: Genome: yes	250	8	0
V3V5_280_Firmicutes	407	240	96.000	1	250	780F0009 | Veillonella sp. HMT 780 | HMT-780 | Strain: F0009 | GB: GQ422743 | Status: Unnamed | Preferred Habitat: Oral | Genome: Genome: yes	250	10	0
V3V5_280_Firmicutes	401	239	95.600	1	250	780_7189 | Veillonella sp. HMT 780 | HMT-780 | Clone: HB016 | GB: DQ087189 | Status: Unnamed | Preferred Habitat: Oral | Genome: Genome: yes	250	11	0
V3V5_280_Firmicutes	396	238	95.200	1	250	123_9314 | Megasphaera sp. HMT 123 | HMT-123 | Clone: ELU0026-000399 | GB: HQ749314 | Status: Phylotype | Preferred Habitat: Oral | Genome: Genome: no	250	12	0
V3V5_280_Firmicutes	396	238	95.200	1	250	123_9043 | Megasphaera sp. HMT 123 | HMT-123 | Clone: ELU0026-000128 | GB: HQ749043 | Status: Phylotype | Preferred Habitat: Oral | Genome: Genome: no	250	12	0
V3V5_280_Firmicutes	396	238	95.200	1	250	121BB166 | Anaeroglobus geminatus | HMT-121 | Clone: BB166 | GB: AF287783 | Status: Named | Preferred Habitat: Oral | Genome: Genome: yes	250	12	0
V3V5_280_Firmicutes	368	229	93.852	1	244	150_7052 | Veillonellaceae [G-1] bacterium HMT 150 | HMT-150 | Clone: P2PA_80 | GB: AY207052 | Status: Phylotype | Preferred Habitat: Oral | Genome: Genome: no	244	15	0
V3V5_280_Firmicutes	363	228	93.443	1	244	148EZ011 | Veillonellaceae [G-1] bacterium HMT 148 | HMT-148 | Clone: EZ011 | GB: AF385578 | Status: Phylotype | Preferred Habitat: Unassigned | Genome: Genome: no	244	16	0
V3V5_280_Firmicutes	363	228	93.443	1	244	135DM071 | Veillonellaceae [G-1] bacterium HMT 135 | HMT-135 | Clone: DM071 | GB: AF287790 | Status: Phylotype | Preferred Habitat: Oral | Genome: Genome: no	244	16	0
V3V5_280_Firmicutes	363	228	93.443	1	244	150_K024 | Veillonellaceae [G-1] bacterium HMT 150 | HMT-150 | Clone: _K024 | GB: GQ422721 | Status: Phylotype | Preferred Habitat: Oral | Genome: Genome: no	244	16	0
V3V5_280_Firmicutes	363	228	93.443	1	244	132CS015 | Veillonellaceae [G-1] bacterium HMT 132 | HMT-132 | Clone: CS015 | GB: AF287791 | Status: Phylotype | Preferred Habitat: Oral | Genome: Genome: no	244	16	0
V3V5_280_Firmicutes	363	228	93.443	1	244	129FNA3 | Veillonellaceae [G-1] bacterium HMT 129 | HMT-129 | Strain: FNA3 | GB: GQ422718 | Status: Lost | Preferred Habitat: Oral | Genome: Genome: no	244	16	0
V3V5_280_Firmicutes	363	232	92.800	1	250	841_6094 | Megasphaera sp. HMT 841 | HMT-841 | Clone: Y14 | GB: DQ666094 | Status: Phylotype | Preferred Habitat: Unassigned | Genome: Genome: no	250	18	0
V3V5_280_Firmicutes	363	232	92.800	1	250	119BS016 | Dialister sp. HMT 119 | HMT-119 | Clone: BS016 | GB: AF287786 | Status: Phylotype | Preferred Habitat: Oral | Genome: Genome: no	250	18	0
V3V5_280_Firmicutes	361	232	92.800	2	250	125_6593 | Selenomonas flueggei | HMT-125 | Clone: ELU0080-000358 | GB: HQ776593 | Status: Named | Preferred Habitat: Oral | Genome: Genome: yes	250	16	2
# BLAST processed 1 queries
