# BLASTN 2.12.0+
# Query: V3V5_469_Firmicutes
# Database: ../BLAST_DATABASE_ABUNDANCE/HOMD_16S_rRNA_RefSeq_V15.22.p9.fasta
# Fields: query id, bit score, identical, % identity, q. start, q. end, subject title, alignment length, mismatches, gaps
# 30 hits found
V3V5_469_Firmicutes	287	214	88.066	1	243	112A21H2 | Peptostreptococcus stomatis | HMT-112 | Strain: A21H2 | GB: GQ422715 | Status: Named | Preferred Habitat: Oral | Genome: Genome: yes	243	28	1
V3V5_469_Firmicutes	287	214	88.066	1	243	112CK035 | Peptostreptococcus stomatis | HMT-112 | Clone: CK035 | GB: AF287763 | Status: Named | Preferred Habitat: Oral | Genome: Genome: yes	243	28	1
V3V5_469_Firmicutes	287	214	88.066	1	243	542_6462 | Peptostreptococcus anaerobius | HMT-542 | Strain: NCTC 11460 | GB: AY326462 | Status: Named | Preferred Habitat: Oral | Genome: Genome: yes	243	28	1
V3V5_469_Firmicutes	283	214	87.705	1	243	402_7065 | Clostridiales [F-1][G-2] bacterium HMT 402 | HMT-402 | Clone: P4PA_66 | GB: AY207065 | Status: Phylotype | Preferred Habitat: Unassigned | Genome: Genome: no	244	29	1
V3V5_469_Firmicutes	278	217	86.800	1	249	684_1878 | Mitsuokella multacida | HMT-684 | Strain: NCTC 10934 | GB: X81878 | Status: Named | Preferred Habitat: Unassigned | Genome: Genome: yes	250	32	1
V3V5_469_Firmicutes	272	209	87.083	4	243	876F0540 | Clostridiales [F-3][G-1] bacterium HMT 876 | HMT-876 | Strain: F0540 | GB: tbd | Status: Unnamed | Preferred Habitat: Unassigned | Genome: Genome: yes	240	31	0
V3V5_469_Firmicutes	268	209	87.083	12	249	935_8649 | Fastidiosipila sanguinis | HMT-935 | Clone: nck255g10c1 | GB: KF098649 | Status: Named | Preferred Habitat: Unassigned | Genome: Genome: no	240	28	3
V3V5_469_Firmicutes	267	219	86.220	1	249	389_0541 | Abiotrophia defectiva | HMT-389 | Strain: ATCC 49176 | GB: D50541 | Status: Named | Preferred Habitat: Oral | Genome: Genome: yes	254	26	9
V3V5_469_Firmicutes	267	217	86.111	1	249	786F0064 | Paenibacillus phoenicis | HMT-786 | Strain: F0064 | GB: GQ422747 | Status: Named | Preferred Habitat: Unassigned | Genome: Genome: yes	252	30	5
V3V5_469_Firmicutes	261	217	85.771	1	249	534_2027 | Granulicatella adiacens | HMT-534 | Strain: TKT1 | GB: AB022027 | Status: Named | Preferred Habitat: Oral | Genome: Genome: yes	253	29	7
V3V5_469_Firmicutes	261	217	85.771	1	249	534_0540 | Granulicatella adiacens | HMT-534 | Strain: ATCC 49175 | GB: D50540 | Status: Named | Preferred Habitat: Oral | Genome: Genome: yes	253	29	7
V3V5_469_Firmicutes	261	217	85.771	1	249	596_5408 | Granulicatella elegans | HMT-596 | Strain: 2640-91 | GB: Y15408 | Status: Named | Preferred Habitat: Oral | Genome: Genome: yes	253	29	7
V3V5_469_Firmicutes	261	217	85.771	1	249	596_2532 | Granulicatella elegans | HMT-596 | Clone: ncd32a06c1 | GB: HM252532 | Status: Named | Preferred Habitat: Oral | Genome: Genome: yes	253	29	7
V3V5_469_Firmicutes	261	207	86.250	4	243	102FB046 | Oribacterium sp. HMT 102 | HMT-102 | Clone: FB046 | GB: GQ422713 | Status: Unnamed | Preferred Habitat: Oral | Genome: Genome: no	240	33	0
V3V5_469_Firmicutes	261	214	85.600	1	249	501JI021 | Selenomonas sp. HMT 501 | HMT-501 | Clone: JI021 | GB: AY349409 | Status: Phylotype | Preferred Habitat: Unassigned | Genome: Genome: no	250	35	1
V3V5_469_Firmicutes	261	212	85.830	4	249	119BS016 | Dialister sp. HMT 119 | HMT-119 | Clone: BS016 | GB: AF287786 | Status: Phylotype | Preferred Habitat: Oral | Genome: Genome: no	247	34	1
V3V5_469_Firmicutes	259	204	86.809	14	246	366_1208 | Ruminococcaceae [G-3] bacterium HMT 366 | HMT-366 | Clone: MCE3_9 | GB: AF481208 | Status: Phylotype | Preferred Habitat: Unassigned | Genome: Genome: no	235	28	3
V3V5_469_Firmicutes	257	200	86.957	14	243	493JH012 | Peptostreptococcaceae [XI][G-5] bacterium HMT 493 | HMT-493 | Clone: JH012 | GB: AY349373 | Status: Phylotype | Preferred Habitat: Unassigned | Genome: Genome: no	230	28	2
V3V5_469_Firmicutes	257	206	86.192	7	243	086BU061 | Lachnospiraceae [G-7] bacterium HMT 086 | HMT-086 | Clone: BU061 | GB: AF385567 | Status: Phylotype | Preferred Habitat: Oral | Genome: Genome: no	239	31	2
V3V5_469_Firmicutes	255	216	85.375	1	249	803_6902 | Enterococcus italicus | HMT-803 | Strain: LMG 21727 | GB: AJ626902 | Status: Named | Preferred Habitat: Unassigned | Genome: Genome: yes	253	30	7
V3V5_469_Firmicutes	255	216	85.375	1	249	880_0801 | Enterococcus durans | HMT-880 | Strain: CECT 411 | GB: AJ420801 | Status: Named | Preferred Habitat: Unassigned | Genome: Genome: yes	253	30	7
V3V5_469_Firmicutes	255	216	85.375	1	249	756_9108 | Lactobacillus salivarius | HMT-756 | Strain: ATCC 11741 | GB: AF089108 | Status: Named | Preferred Habitat: Oral | Genome: Genome: yes	253	30	7
V3V5_469_Firmicutes	255	215	85.317	1	249	241N118A | Brochothrix thermosphacta | HMT-241 | Strain: FSL F6-1036 | GB: NR_113587 | Status: Named | Preferred Habitat: Unassigned | Genome: Genome: yes	252	32	5
V3V5_469_Firmicutes	255	215	85.317	1	249	243N119A | Jeotgalicoccus huakuii | HMT-243 | Strain: NY-2 | GB: NR_116550 | Status: Named | Preferred Habitat: Unassigned | Genome: Genome: no	252	32	5
V3V5_469_Firmicutes	255	209	85.656	1	243	048_5540 | Paenibacillus sp. HMT 048 | HMT-048 | Clone: CA007 | GB: AF385540 | Status: Phylotype | Preferred Habitat: Unassigned | Genome: Genome: no	244	34	1
V3V5_469_Firmicutes	255	215	85.317	1	249	045_7498 | Bacillus clausii | HMT-045 | Strain: SIN84 | GB: AJ297498 | Status: Named | Preferred Habitat: Unassigned | Genome: Genome: yes	252	32	5
V3V5_469_Firmicutes	255	215	85.317	1	249	045_3853 | Bacillus clausii | HMT-045 | Strain: O-4 | GB: AB043853 | Status: Named | Preferred Habitat: Unassigned | Genome: Genome: yes	252	32	5
V3V5_469_Firmicutes	255	206	85.833	4	243	108_5571 | Oribacterium asaccharolyticum | HMT-108 | Strain: ACB7 | GB: NR_125571 | Status: Named | Preferred Habitat: Oral | Genome: Genome: yes	240	34	0
V3V5_469_Firmicutes	255	206	85.833	4	243	108F0425 | Oribacterium asaccharolyticum | HMT-108 | Strain: F0425 | GB: tbd | Status: Named | Preferred Habitat: Oral | Genome: Genome: yes	240	34	0
V3V5_469_Firmicutes	255	206	85.833	4	243	934_5570 | Oribacterium parvum | HMT-934 | Strain: ACB1 | GB: NR_125570 | Status: Named | Preferred Habitat: Oral | Genome: Genome: yes	240	34	0
# BLAST processed 1 queries
