# BLASTN 2.12.0+
# Query: V3V5_412_Firmicutes
# Database: ../BLAST_DATABASE_ABUNDANCE/HOMD_16S_rRNA_RefSeq_V15.22.p9.fasta
# Fields: query id, bit score, identical, % identity, q. start, q. end, subject title, alignment length, mismatches, gaps
# 30 hits found
V3V5_412_Firmicutes	311	218	89.712	1	243	094DA074 | Lachnospiraceae [G-10] bacterium HMT 094 | HMT-094 | Clone: DA074 | GB: AF287768 | Status: Phylotype | Preferred Habitat: Unassigned | Genome: Genome: no	243	25	0
V3V5_412_Firmicutes	296	220	88.353	3	249	935_8649 | Fastidiosipila sanguinis | HMT-935 | Clone: nck255g10c1 | GB: KF098649 | Status: Named | Preferred Habitat: Unassigned | Genome: Genome: no	249	26	3
V3V5_412_Firmicutes	294	217	88.571	1	243	082BE088 | Lachnoanaerobaculum orale | HMT-082 | Clone: BE088 | GB: AF385552 | Status: Named | Preferred Habitat: Oral | Genome: Genome: yes	245	25	3
V3V5_412_Firmicutes	294	217	88.571	1	243	082F0431 | Lachnoanaerobaculum orale | HMT-082 | Strain: F0431 | GB: tbd | Status: Named | Preferred Habitat: Oral | Genome: Genome: yes	245	25	3
V3V5_412_Firmicutes	294	217	88.571	1	243	494_RDP | Lachnoanaerobaculum saburreum | HMT-494 | Strain: DSM 3986 | GB: RDP | Status: Named | Preferred Habitat: Oral | Genome: Genome: yes	245	25	3
V3V5_412_Firmicutes	294	217	88.571	1	243	494IR009 | Lachnoanaerobaculum saburreum | HMT-494 | Clone: IR009 | GB: AY349376 | Status: Named | Preferred Habitat: Oral | Genome: Genome: yes	245	25	3
V3V5_412_Firmicutes	294	217	88.571	1	243	089CK004 | Lachnoanaerobaculum sp. HMT 089 | HMT-089 | Clone: CK004 | GB: AF287776 | Status: Phylotype | Preferred Habitat: Unassigned | Genome: Genome: no	245	25	3
V3V5_412_Firmicutes	294	220	88.000	1	249	841_6094 | Megasphaera sp. HMT 841 | HMT-841 | Clone: Y14 | GB: DQ666094 | Status: Phylotype | Preferred Habitat: Unassigned | Genome: Genome: no	250	29	1
V3V5_412_Firmicutes	287	216	88.163	2	243	876F0540 | Clostridiales [F-3][G-1] bacterium HMT 876 | HMT-876 | Strain: F0540 | GB: tbd | Status: Unnamed | Preferred Habitat: Unassigned | Genome: Genome: yes	245	23	6
V3V5_412_Firmicutes	287	219	87.600	2	249	684_1878 | Mitsuokella multacida | HMT-684 | Strain: NCTC 10934 | GB: X81878 | Status: Named | Preferred Habitat: Unassigned | Genome: Genome: yes	250	28	3
V3V5_412_Firmicutes	283	214	87.705	1	243	102FB046 | Oribacterium sp. HMT 102 | HMT-102 | Clone: FB046 | GB: GQ422713 | Status: Unnamed | Preferred Habitat: Oral | Genome: Genome: no	244	28	2
V3V5_412_Firmicutes	283	214	87.705	1	243	419_8618 | Stomatobaculum longum | HMT-419 | Clone: C4ALM087 | GB: AY278618 | Status: Named | Preferred Habitat: Oral | Genome: Genome: yes	244	28	2
V3V5_412_Firmicutes	283	214	87.705	1	243	910-Wade | Stomatobaculum sp. HMT 910 | HMT-910 | Clone: CL133 | GB: JQ406544 | Status: Phylotype | Preferred Habitat: Oral | Genome: Genome: no	244	28	2
V3V5_412_Firmicutes	283	215	87.755	1	243	107F0167 | Lachnoanaerobaculum umeaense | HMT-107 | Strain: F0167 | GB: tbd | Status: Named | Preferred Habitat: Oral | Genome: Genome: yes	245	27	3
V3V5_412_Firmicutes	283	215	87.755	1	243	083BS091 | Lachnoanaerobaculum sp. HMT 083 | HMT-083 | Clone: BS091 | GB: AF385562 | Status: Phylotype | Preferred Habitat: Oral | Genome: Genome: yes	245	27	3
V3V5_412_Firmicutes	283	215	87.755	1	243	083BR088 | Lachnoanaerobaculum sp. HMT 083 | HMT-083 | Clone: BR088 | GB: AF385557 | Status: Phylotype | Preferred Habitat: Oral | Genome: Genome: yes	245	27	3
V3V5_412_Firmicutes	283	214	87.705	1	243	088CH017 | Lachnospiraceae [G-2] bacterium HMT 088 | HMT-088 | Clone: CH017 | GB: AF287775 | Status: Phylotype | Preferred Habitat: Oral | Genome: Genome: no	244	28	2
V3V5_412_Firmicutes	283	214	87.705	1	243	843_3837 | Dialister micraerophilus | HMT-843 | Strain: ADV 04.01 | GB: AF473837 | Status: Named | Preferred Habitat: Oral | Genome: Genome: yes	244	29	1
V3V5_412_Firmicutes	279	213	87.654	2	243	495JS001 | Peptostreptococcaceae [XI][G-3] bacterium HMT 495 | HMT-495 | Clone: JS001 | GB: AY349378 | Status: Phylotype | Preferred Habitat: Oral | Genome: Genome: no	243	27	3
V3V5_412_Firmicutes	279	214	87.347	1	243	100EI074 | Lachnospiraceae [G-3] bacterium HMT 100 | HMT-100 | Clone: EI074 | GB: AF385573 | Status: Phylotype | Preferred Habitat: Oral | Genome: Genome: no	245	29	2
V3V5_412_Firmicutes	278	213	87.295	1	243	102_1218 | Oribacterium sp. HMT 102 | HMT-102 | Clone: MCE7_60 | GB: AF481218 | Status: Unnamed | Preferred Habitat: Oral | Genome: Genome: no	244	29	2
V3V5_412_Firmicutes	278	213	87.295	1	243	097DO016 | Stomatobaculum sp. HMT 097 | HMT-097 | Clone: DO016 | GB: AF385510 | Status: Unnamed | Preferred Habitat: Oral | Genome: Genome: no	244	29	2
V3V5_412_Firmicutes	278	213	87.295	1	243	080BB124 | Butyrivibrio sp. HMT 080 | HMT-080 | Clone: BB124 | GB: AF287772 | Status: Phylotype | Preferred Habitat: Oral | Genome: Genome: no	244	29	2
V3V5_412_Firmicutes	278	214	87.347	1	243	496JI012 | Lachnoanaerobaculum sp. HMT 496 | HMT-496 | Clone: JI012 | GB: AY349379 | Status: Phylotype | Preferred Habitat: Unassigned | Genome: Genome: no	245	27	4
V3V5_412_Firmicutes	278	213	87.295	1	243	166CK051 | Johnsonella sp. HMT 166 | HMT-166 | Clone: CK051 | GB: AF287774 | Status: Phylotype | Preferred Habitat: Oral | Genome: Genome: no	244	29	2
V3V5_412_Firmicutes	278	212	87.243	1	243	096DO008 | Lachnospiraceae [G-2] bacterium HMT 096 | HMT-096 | Clone: DO008 | GB: AF385508 | Status: Unnamed | Preferred Habitat: Oral | Genome: Genome: no	243	31	0
V3V5_412_Firmicutes	278	214	87.347	1	243	118BS095 | Dialister invisus | HMT-118 | Clone: BS095 | GB: AF287787 | Status: Named | Preferred Habitat: Oral | Genome: Genome: yes	245	28	3
V3V5_412_Firmicutes	278	214	87.347	1	243	118GBA27 | Dialister invisus | HMT-118 | Strain: GBA27 | GB: AF287788 | Status: Named | Preferred Habitat: Oral | Genome: Genome: yes	245	28	3
V3V5_412_Firmicutes	278	217	86.800	1	249	119BS016 | Dialister sp. HMT 119 | HMT-119 | Clone: BS016 | GB: AF287786 | Status: Phylotype | Preferred Habitat: Oral | Genome: Genome: no	250	32	1
V3V5_412_Firmicutes	276	212	87.243	2	243	402_7065 | Clostridiales [F-1][G-2] bacterium HMT 402 | HMT-402 | Clone: P4PA_66 | GB: AY207065 | Status: Phylotype | Preferred Habitat: Unassigned | Genome: Genome: no	243	30	1
# BLAST processed 1 queries
