# BLASTN 2.12.0+
# Query: V3V5_173_Bacteroidetes
# Database: ../BLAST_DATABASE_ABUNDANCE/HOMD_16S_rRNA_RefSeq_V15.22.p9.fasta
# Fields: query id, bit score, identical, % identity, q. start, q. end, subject title, alignment length, mismatches, gaps
# 30 hits found
V3V5_173_Bacteroidetes	449	243	100.000	1	243	292AU120 | Prevotella sp. HMT 292 | HMT-292 | Clone: AU120 | GB: GQ422735 | Status: Phylotype | Preferred Habitat: Oral | Genome: Genome: no	243	0	0
V3V5_173_Bacteroidetes	449	243	100.000	1	243	292AH125 | Prevotella sp. HMT 292 | HMT-292 | Clone: AH125 | GB: AY005060 | Status: Phylotype | Preferred Habitat: Oral | Genome: Genome: no	243	0	0
V3V5_173_Bacteroidetes	449	243	100.000	1	243	300_0563 | Prevotella sp. HMT 300 | HMT-300 | Clone: ncd2142e01c1 | GB: JF180563 | Status: Phylotype | Preferred Habitat: Oral | Genome: Genome: no	243	0	0
V3V5_173_Bacteroidetes	449	243	100.000	1	243	300BR014 | Prevotella sp. HMT 300 | HMT-300 | Clone: BR014 | GB: AF385554 | Status: Phylotype | Preferred Habitat: Oral | Genome: Genome: no	243	0	0
V3V5_173_Bacteroidetes	449	243	100.000	1	243	293AO009 | Prevotella sp. HMT 293 | HMT-293 | Clone: AO009 | GB: AY005059 | Status: Phylotype | Preferred Habitat: Oral | Genome: Genome: no	243	0	0
V3V5_173_Bacteroidetes	444	242	99.588	1	243	300_8625 | Prevotella sp. HMT 300 | HMT-300 | Clone: C3MLM058 | GB: AY278625 | Status: Phylotype | Preferred Habitat: Oral | Genome: Genome: no	243	1	0
V3V5_173_Bacteroidetes	414	237	97.531	1	243	305_0424 | Prevotella sp. HMT 305 | HMT-305 | Clone: 070055_034 | GB: JQ460424 | Status: Phylotype | Preferred Habitat: Oral | Genome: Genome: no	243	4	2
V3V5_173_Bacteroidetes	409	236	97.119	1	243	305DO014 | Prevotella sp. HMT 305 | HMT-305 | Clone: DO014 | GB: AF385509 | Status: Phylotype | Preferred Habitat: Oral | Genome: Genome: no	243	5	2
V3V5_173_Bacteroidetes	403	235	96.708	1	243	396_7050 | Prevotella sp. HMT 396 | HMT-396 | Clone: P4PB_83 | GB: AY207050 | Status: Phylotype | Preferred Habitat: Oral | Genome: Genome: no	243	7	1
V3V5_173_Bacteroidetes	383	232	95.082	1	243	289AA016 | Prevotella maculosa | HMT-289 | Clone: AA016 | GB: AY005058 | Status: Named | Preferred Habitat: Oral | Genome: Genome: yes	244	10	2
V3V5_173_Bacteroidetes	377	232	94.694	1	243	311_6474 | Prevotella oris | HMT-311 | Strain: ATCC 33573 | GB: L16474 | Status: Named | Preferred Habitat: Oral | Genome: Genome: yes	245	9	4
V3V5_173_Bacteroidetes	375	232	94.694	1	243	289AA020 | Prevotella maculosa | HMT-289 | Clone: AA020 | GB: AY005057 | Status: Named | Preferred Habitat: Oral | Genome: Genome: yes	245	8	5
V3V5_173_Bacteroidetes	375	231	94.672	1	242	311_F045 | Prevotella oris | HMT-311 | Clone: _F045 | GB: AY005056 | Status: Named | Preferred Habitat: Oral | Genome: Genome: yes	244	9	4
V3V5_173_Bacteroidetes	375	230	94.650	1	243	443_1415 | Prevotella sp. HMT 443 | HMT-443 | Clone: P4PB_24 | GB: AY331415 | Status: Phylotype | Preferred Habitat: Oral | Genome: Genome: no	243	12	1
V3V5_173_Bacteroidetes	370	229	94.239	1	243	288F0390 | Prevotella oulorum | HMT-288 | Strain: F0390 | GB: tbd | Status: Named | Preferred Habitat: Oral | Genome: Genome: yes	243	13	1
V3V5_173_Bacteroidetes	370	229	94.239	1	243	288_6472 | Prevotella oulorum | HMT-288 | Strain: ATCC 43324 | GB: L16472 | Status: Named | Preferred Habitat: Oral | Genome: Genome: yes	243	13	1
V3V5_173_Bacteroidetes	366	231	93.902	1	243	289_4315 | Prevotella maculosa | HMT-289 | Strain: W1609 | GB: EF534315 | Status: Named | Preferred Habitat: Oral | Genome: Genome: yes	246	9	6
V3V5_173_Bacteroidetes	355	227	93.033	1	243	307_8826 | Prevotella salivae | HMT-307 | Strain: DSM 15606 | GB: AB108826 | Status: Named | Preferred Habitat: Oral | Genome: Genome: yes	244	16	1
V3V5_173_Bacteroidetes	348	225	92.593	1	243	309DO045 | Prevotella sp. HMT 309 | HMT-309 | Clone: DO045 | GB: AF385515 | Status: Phylotype | Preferred Habitat: Oral | Genome: Genome: no	243	17	1
V3V5_173_Bacteroidetes	348	225	92.593	1	243	309_6203 | Prevotella sp. HMT 309 | HMT-309 | Clone: 3083 | GB: FJ976203 | Status: Phylotype | Preferred Habitat: Oral | Genome: Genome: no	243	17	1
V3V5_173_Bacteroidetes	348	226	92.623	1	243	820_7212 | Prevotella sp. HMT 820 | HMT-820 | Strain: P2A_FAAD4 | GB: AF537212 | Status: Unnamed | Preferred Habitat: Oral | Genome: Genome: no	244	15	3
V3V5_173_Bacteroidetes	344	224	92.181	1	243	304DA058 | Prevotella sp. HMT 304 | HMT-304 | Clone: DA058 | GB: AY005065 | Status: Phylotype | Preferred Habitat: Oral | Genome: Genome: no	243	19	0
V3V5_173_Bacteroidetes	342	222	92.500	4	243	705_5176 | Prevotella oralis | HMT-705 | Clone: ELU0173-000438 | GB: HQ815176 | Status: Named | Preferred Habitat: Oral | Genome: Genome: yes	240	17	1
V3V5_173_Bacteroidetes	342	222	92.500	4	243	705_3522 | Prevotella oralis | HMT-705 | Strain: ATCC 33269 | GB: AY323522 | Status: Named | Preferred Habitat: Oral | Genome: Genome: yes	240	17	1
V3V5_173_Bacteroidetes	337	223	91.770	1	243	291AO036 | Prevotella denticola | HMT-291 | Clone: AO036 | GB: AY005054 | Status: Named | Preferred Habitat: Oral | Genome: Genome: yes	243	18	2
V3V5_173_Bacteroidetes	337	223	91.770	1	243	782F0012 | Prevotella fusca | HMT-782 | Strain: F0012 | GB: GQ422745 | Status: Named | Preferred Habitat: Oral | Genome: Genome: yes	243	18	2
V3V5_173_Bacteroidetes	337	223	91.770	1	243	782_4304 | Prevotella fusca | HMT-782 | Strain: JCM 17724 | GB: NR_114304 | Status: Named | Preferred Habitat: Oral | Genome: Genome: yes	243	18	2
V3V5_173_Bacteroidetes	337	223	91.770	1	243	306DO027 | Prevotella sp. HMT 306 | HMT-306 | Clone: DO027 | GB: AF385511 | Status: Unnamed | Preferred Habitat: Oral | Genome: Genome: yes	243	18	2
V3V5_173_Bacteroidetes	337	223	91.770	1	243	298BE073 | Prevotella histicola | HMT-298 | Clone: BE073 | GB: AF385551 | Status: Named | Preferred Habitat: Oral | Genome: Genome: yes	243	18	2
V3V5_173_Bacteroidetes	333	221	91.701	4	243	301BS041 | Prevotella sp. HMT 301 | HMT-301 | Clone: BS041 | GB: AF385558 | Status: Phylotype | Preferred Habitat: Oral | Genome: Genome: no	241	18	2
# BLAST processed 1 queries
