# BLASTN 2.12.0+
# Query: V3V5_405_Firmicutes
# Database: ../BLAST_DATABASE_ABUNDANCE/HOMD_16S_rRNA_RefSeq_V15.22.p9.fasta
# Fields: query id, bit score, identical, % identity, q. start, q. end, subject title, alignment length, mismatches, gaps
# 30 hits found
V3V5_405_Firmicutes	374	234	93.600	1	250	684_1878 | Mitsuokella multacida | HMT-684 | Strain: NCTC 10934 | GB: X81878 | Status: Named | Preferred Habitat: Unassigned | Genome: Genome: yes	250	16	0
V3V5_405_Firmicutes	351	226	92.623	1	244	402_7065 | Clostridiales [F-1][G-2] bacterium HMT 402 | HMT-402 | Clone: P4PA_66 | GB: AY207065 | Status: Phylotype | Preferred Habitat: Unassigned | Genome: Genome: no	244	18	0
V3V5_405_Firmicutes	351	230	92.000	1	250	134DD020 | Selenomonas sp. HMT 134 | HMT-134 | Clone: DD020 | GB: AF287794 | Status: Phylotype | Preferred Habitat: Oral | Genome: Genome: no	250	20	0
V3V5_405_Firmicutes	351	230	92.000	1	250	501JI021 | Selenomonas sp. HMT 501 | HMT-501 | Clone: JI021 | GB: AY349409 | Status: Phylotype | Preferred Habitat: Unassigned | Genome: Genome: no	250	20	0
V3V5_405_Firmicutes	350	230	92.000	2	250	841_6094 | Megasphaera sp. HMT 841 | HMT-841 | Clone: Y14 | GB: DQ666094 | Status: Phylotype | Preferred Habitat: Unassigned | Genome: Genome: no	250	18	2
V3V5_405_Firmicutes	348	227	92.276	3	247	366_1208 | Ruminococcaceae [G-3] bacterium HMT 366 | HMT-366 | Clone: MCE3_9 | GB: AF481208 | Status: Phylotype | Preferred Habitat: Unassigned | Genome: Genome: no	246	17	2
V3V5_405_Firmicutes	340	224	91.803	1	244	151_N011 | Selenomonas sputigena | HMT-151 | Clone: _N001 | GB: GQ422723 | Status: Named | Preferred Habitat: Oral | Genome: Genome: yes	244	20	0
V3V5_405_Firmicutes	340	224	91.803	1	244	151Ssput | Selenomonas sputigena | HMT-151 | Strain: ATCC 35185 | GB: AF287793 | Status: Named | Preferred Habitat: Oral | Genome: Genome: yes	244	20	0
V3V5_405_Firmicutes	340	224	91.803	1	244	151_K168 | Selenomonas sputigena | HMT-151 | Clone: _K168 | GB: GQ422722 | Status: Named | Preferred Habitat: Oral | Genome: Genome: yes	244	20	0
V3V5_405_Firmicutes	340	224	91.803	1	244	442_1820 | Selenomonas sp. HMT 442 | HMT-442 | Clone: P4PA_145 | GB: AY341820 | Status: Phylotype | Preferred Habitat: Oral | Genome: Genome: no	244	20	0
V3V5_405_Firmicutes	339	228	91.200	2	250	119BS016 | Dialister sp. HMT 119 | HMT-119 | Clone: BS016 | GB: AF287786 | Status: Phylotype | Preferred Habitat: Oral | Genome: Genome: no	250	20	2
V3V5_405_Firmicutes	335	227	90.800	1	250	131_8627 | Mitsuokella sp. HMT 131 | HMT-131 | Clone: C5AKM062 | GB: AY278627 | Status: Unnamed | Preferred Habitat: Oral | Genome: Genome: yes	250	23	0
V3V5_405_Firmicutes	335	227	90.800	1	250	131CS002 | Mitsuokella sp. HMT 131 | HMT-131 | Clone: CS002 | GB: AF287795 | Status: Unnamed | Preferred Habitat: Oral | Genome: Genome: yes	250	23	0
V3V5_405_Firmicutes	331	226	90.763	3	250	935_8649 | Fastidiosipila sanguinis | HMT-935 | Clone: nck255g10c1 | GB: KF098649 | Status: Named | Preferred Habitat: Unassigned | Genome: Genome: no	249	21	2
V3V5_405_Firmicutes	324	227	90.079	1	250	786F0064 | Paenibacillus phoenicis | HMT-786 | Strain: F0064 | GB: GQ422747 | Status: Named | Preferred Habitat: Unassigned | Genome: Genome: yes	252	21	4
V3V5_405_Firmicutes	318	224	89.600	1	250	125_6593 | Selenomonas flueggei | HMT-125 | Clone: ELU0080-000358 | GB: HQ776593 | Status: Named | Preferred Habitat: Oral | Genome: Genome: yes	250	26	0
V3V5_405_Firmicutes	318	224	89.600	1	250	125AH132 | Selenomonas flueggei | HMT-125 | Clone: AH132 | GB: AF287804 | Status: Named | Preferred Habitat: Oral | Genome: Genome: yes	250	26	0
V3V5_405_Firmicutes	318	224	89.600	1	250	388_8861 | Selenomonas sp. HMT 388 | HMT-388 | Clone: P4PA_36 | GB: AF538861 | Status: Phylotype | Preferred Habitat: Unassigned | Genome: Genome: no	250	26	0
V3V5_405_Firmicutes	318	224	89.600	1	250	130Snoxi | Selenomonas noxia | HMT-130 | Strain: ATCC 43541 | GB: AF287799 | Status: Named | Preferred Habitat: Oral | Genome: Genome: yes	250	26	0
V3V5_405_Firmicutes	318	224	89.600	1	250	130CI002 | Selenomonas noxia | HMT-130 | Clone: CI002 | GB: AF287798 | Status: Named | Preferred Habitat: Oral | Genome: Genome: yes	250	26	0
V3V5_405_Firmicutes	318	220	90.164	1	244	521_3628 | Mitsuokella sp. HMT 521 | HMT-521 | Clone: MB5_P06 | GB: DQ003628 | Status: Phylotype | Preferred Habitat: Oral | Genome: Genome: no	244	24	0
V3V5_405_Firmicutes	316	219	90.123	2	244	118BS095 | Dialister invisus | HMT-118 | Clone: BS095 | GB: AF287787 | Status: Named | Preferred Habitat: Oral | Genome: Genome: yes	243	24	0
V3V5_405_Firmicutes	316	219	90.123	2	244	118GBA27 | Dialister invisus | HMT-118 | Strain: GBA27 | GB: AF287788 | Status: Named | Preferred Habitat: Oral | Genome: Genome: yes	243	24	0
V3V5_405_Firmicutes	316	219	90.123	2	244	843_3837 | Dialister micraerophilus | HMT-843 | Strain: ADV 04.01 | GB: AF473837 | Status: Named | Preferred Habitat: Oral | Genome: Genome: yes	243	24	0
V3V5_405_Firmicutes	313	221	89.837	1	244	048_5540 | Paenibacillus sp. HMT 048 | HMT-048 | Clone: CA007 | GB: AF385540 | Status: Phylotype | Preferred Habitat: Unassigned | Genome: Genome: no	246	21	4
V3V5_405_Firmicutes	313	223	89.200	1	250	478GI064 | Selenomonas sp. HMT 478 | HMT-478 | Clone: GI064 | GB: AY349404 | Status: Unnamed | Preferred Habitat: Oral | Genome: Genome: yes	250	27	0
V3V5_405_Firmicutes	313	223	89.200	1	250	478F0592 | Selenomonas sp. HMT 478 | HMT-478 | Strain: F0592 | GB: tbd | Status: Unnamed | Preferred Habitat: Oral | Genome: Genome: yes	250	27	0
V3V5_405_Firmicutes	313	223	89.200	1	250	136DO042 | Selenomonas sp. HMT 136 | HMT-136 | Clone: DO042 | GB: AF385514 | Status: Unnamed | Preferred Habitat: Oral | Genome: Genome: no	250	27	0
V3V5_405_Firmicutes	313	223	89.200	1	250	136_3497 | Selenomonas sp. HMT 136 | HMT-136 | Clone: ncd2234b08c1 | GB: JF193497 | Status: Unnamed | Preferred Habitat: Oral | Genome: Genome: no	250	27	0
V3V5_405_Firmicutes	313	223	89.200	1	250	149_7169 | Selenomonas sp. HMT 149 | HMT-149 | Clone: 070007_022 | GB: JQ457169 | Status: Unnamed | Preferred Habitat: Oral | Genome: Genome: yes	250	27	0
# BLAST processed 1 queries
