# BLASTN 2.12.0+
# Query: V3V5_402_Betaproteobacteria
# Database: ../BLAST_DATABASE_ABUNDANCE/HOMD_16S_rRNA_RefSeq_V15.22.p9.fasta
# Fields: query id, bit score, identical, % identity, q. start, q. end, subject title, alignment length, mismatches, gaps
# 30 hits found
V3V5_402_Betaproteobacteria	305	212	90.213	2	235	406AK168 | Ralstonia sp. HMT 406 | HMT-406 | Clone: AK168 | GB: AY005032 | Status: Phylotype | Preferred Habitat: Unassigned | Genome: Genome: no	235	21	2
V3V5_402_Betaproteobacteria	305	212	90.213	2	235	854_3152 | Ralstonia pickettii | HMT-854 | Strain: ATCC 27511 | GB: NR_043152 | Status: Named | Preferred Habitat: Unassigned | Genome: Genome: yes	235	21	2
V3V5_402_Betaproteobacteria	305	213	90.254	2	235	027_5039 | Cupriavidus gilardii | HMT-027 | Strain: C37KA | GB: AY005039 | Status: Named | Preferred Habitat: Unassigned | Genome: Genome: yes	236	20	3
V3V5_402_Betaproteobacteria	305	212	90.213	2	235	571_7530 | Burkholderia cepacia | HMT-571 | Strain: ATCC 25416 | GB: AF097530 | Status: Named | Preferred Habitat: Unassigned | Genome: Genome: yes	235	21	2
V3V5_402_Betaproteobacteria	296	211	89.407	1	235	022_3223 | Lautropia mirabilis | HMT-022 | Strain: Fredericksen | GB: X73223 | Status: Named | Preferred Habitat: Oral | Genome: Genome: yes	236	23	2
V3V5_402_Betaproteobacteria	296	211	89.407	1	235	022AP009 | Lautropia mirabilis | HMT-022 | Clone: AP009 | GB: AY005030 | Status: Named | Preferred Habitat: Oral | Genome: Genome: yes	236	23	2
V3V5_402_Betaproteobacteria	291	205	89.520	1	229	894-Wade | Ottowia sp. HMT 894 | HMT-894 | Strain: W10237 | GB: tbd | Status: Unnamed | Preferred Habitat: Unassigned | Genome: Genome: yes	229	24	0
V3V5_402_Betaproteobacteria	291	205	89.520	1	229	894Wade2 | Ottowia sp. HMT 894 | HMT-894 | Clone: BL117 | GB: JQ406530 | Status: Unnamed | Preferred Habitat: Unassigned | Genome: Genome: yes	229	24	0
V3V5_402_Betaproteobacteria	291	209	88.936	1	235	343_4907 | Achromobacter xylosoxidans | HMT-343 | Strain: DSM 30026 | GB: Y14907 | Status: Named | Preferred Habitat: Unassigned | Genome: Genome: yes	235	26	0
V3V5_402_Betaproteobacteria	287	208	89.270	1	229	028_5031 | Rhodocyclus sp. HMT 028 | HMT-028 | Strain: A08KA | GB: AY005031 | Status: Unnamed | Preferred Habitat: Unassigned | Genome: Genome: no	233	19	6
V3V5_402_Betaproteobacteria	285	205	89.130	1	229	023_2803 | Delftia acidovorans | HMT-023 | Strain: 158 | GB: AJ002803 | Status: Named | Preferred Habitat: Unassigned | Genome: Genome: yes	230	23	2
V3V5_402_Betaproteobacteria	285	205	89.130	1	229	023_0186 | Delftia acidovorans | HMT-023 | Strain: MBIC 1305 | GB: AB020186 | Status: Named | Preferred Habitat: Unassigned | Genome: Genome: yes	230	23	2
V3V5_402_Betaproteobacteria	285	204	89.083	1	229	858_9161 | Comamonas testosteroni | HMT-858 | Strain: ATCC 11996 | GB: NR_029161 | Status: Named | Preferred Habitat: Oral | Genome: Genome: yes	229	25	0
V3V5_402_Betaproteobacteria	285	204	89.083	1	229	211N113A | Acidovorax caeni | HMT-211 | Strain: R-24608 | GB: NR_042427 | Status: Named | Preferred Habitat: Unassigned | Genome: Genome: yes	229	25	0
V3V5_402_Betaproteobacteria	285	208	88.511	1	235	828_2327 | Bordetella pertussis | HMT-828 | Strain: CIP 105.894 | GB: AF142327 | Status: Named | Preferred Habitat: Unassigned | Genome: Genome: yes	235	27	0
V3V5_402_Betaproteobacteria	279	203	88.646	1	229	209N112A | Acidovorax ebreus | HMT-209 | Strain: YW12 | GB: KM287569 | Status: Named | Preferred Habitat: Unassigned | Genome: Genome: yes	229	26	0
V3V5_402_Betaproteobacteria	279	203	88.646	1	229	216N114A | Acidovorax temperans | HMT-216 | Strain: PHL | GB: NR_028715 | Status: Named | Preferred Habitat: Unassigned | Genome: Genome: yes	229	26	0
V3V5_402_Betaproteobacteria	279	203	88.646	1	229	717_3736 | Variovorax paradoxus | HMT-717 | Strain: NBRC 15149 | GB: NR_113736 | Status: Named | Preferred Habitat: Unassigned | Genome: Genome: yes	229	26	0
V3V5_402_Betaproteobacteria	274	202	88.210	1	229	026CA004 | Schlegelella aquatica | HMT-026 | Clone: CA004 | GB: AF385538 | Status: Named | Preferred Habitat: Unassigned | Genome: Genome: no	229	27	0
V3V5_402_Betaproteobacteria	272	207	87.712	2	235	669_2273 | Neisseria meningitidis | HMT-669 | Strain: M8067 | GB: AF382273 | Status: Named | Preferred Habitat: Oral | Genome: Genome: yes	236	26	3
V3V5_402_Betaproteobacteria	268	202	87.826	1	229	025AV011 | Leptothrix sp. HMT 025 | HMT-025 | Clone: AV011a | GB: AF385528 | Status: Phylotype | Preferred Habitat: Unassigned | Genome: Genome: no	230	26	2
V3V5_402_Betaproteobacteria	267	206	87.288	2	235	956_1687 | Neisseria cinerea | HMT-956 | Strain: ATCC 14685 | GB: NR_121687 | Status: Named | Preferred Habitat: Oral | Genome: Genome: yes	236	27	3
V3V5_402_Betaproteobacteria	267	206	87.288	2	235	101N065A | Neisseria perflava | HMT-101 | Strain: Branham 7078 | GB: NR_117694 | Status: Named | Preferred Habitat: Unassigned | Genome: Genome: no	236	27	3
V3V5_402_Betaproteobacteria	267	206	87.288	2	235	610_1998 | Neisseria flavescens | HMT-610 | Clone: P1D1-762 | GB: EF511998 | Status: Named | Preferred Habitat: Oral | Genome: Genome: yes	236	27	3
V3V5_402_Betaproteobacteria	267	206	87.288	2	235	476_9291 | Neisseria subflava | HMT-476 | Strain: U37 | GB: AJ239291 | Status: Named | Preferred Habitat: Oral | Genome: Genome: yes	236	27	3
V3V5_402_Betaproteobacteria	263	203	87.500	1	229	633_4697 | Cardiobacterium hominis | HMT-633 | Strain: AB 2167 | GB: AF144697 | Status: Named | Preferred Habitat: Oral | Genome: Genome: yes	232	23	6
V3V5_402_Betaproteobacteria	263	201	87.391	1	229	266N124A | Leptothrix sp. HMT 266 | HMT-266 | Clone: EV818SWSAP20 | GB: DQ337065 | Status: Phylotype | Preferred Habitat: Unassigned | Genome: Genome: no	230	27	2
V3V5_402_Betaproteobacteria	261	204	86.809	2	235	609_9301 | Neisseria flava | HMT-609 | Strain: U40 | GB: AJ239301 | Status: Named | Preferred Habitat: Oral | Genome: Genome: no	235	30	1
V3V5_402_Betaproteobacteria	261	204	86.809	2	235	764_9292 | Neisseria sicca | HMT-764 | Strain: Q13 | GB: AJ239292 | Status: Named | Preferred Habitat: Oral | Genome: Genome: yes	235	30	1
V3V5_402_Betaproteobacteria	261	204	86.809	2	235	099N064A | Neisseria macacae | HMT-099 | Strain: M-740 | GB: NR_117701 | Status: Named | Preferred Habitat: Unassigned | Genome: Genome: yes	235	30	1
# BLAST processed 1 queries
