# BLASTN 2.12.0+
# Query: V3V5_473_Bacteroidetes
# Database: ../BLAST_DATABASE_ABUNDANCE/HOMD_16S_rRNA_RefSeq_V15.22.p9.fasta
# Fields: query id, bit score, identical, % identity, q. start, q. end, subject title, alignment length, mismatches, gaps
# 30 hits found
V3V5_473_Bacteroidetes	374	228	94.606	2	242	630F0110 | Bacteroides heparinolyticus | HMT-630 | Strain: F0110 | GB: GQ422742 | Status: Named | Preferred Habitat: Unassigned | Genome: Genome: no	241	13	0
V3V5_473_Bacteroidetes	374	228	94.606	2	242	630_6487 | Bacteroides heparinolyticus | HMT-630 | Strain: ATCC 35895 | GB: L16487 | Status: Named | Preferred Habitat: Unassigned | Genome: Genome: no	241	13	0
V3V5_473_Bacteroidetes	368	227	94.191	2	242	787F0041 | Bacteroides pyogenes | HMT-787 | Strain: F0041 | GB: GQ422748 | Status: Named | Preferred Habitat: Unassigned | Genome: Genome: yes	241	14	0
V3V5_473_Bacteroidetes	351	224	92.946	2	242	465_6488 | Bacteroides zoogleoformans | HMT-465 | Strain: ATCC 33285 | GB: L16488 | Status: Named | Preferred Habitat: Unassigned | Genome: Genome: no	241	17	0
V3V5_473_Bacteroidetes	307	217	89.669	3	242	619_3964 | Porphyromonas gingivalis | HMT-619 | Strain: DSM 20709 | GB: X73964 | Status: Named | Preferred Habitat: Oral | Genome: Genome: yes	242	23	2
V3V5_473_Bacteroidetes	302	214	89.540	4	242	795_8825 | Prevotella shahii | HMT-795 | Strain: JCM 12083 | GB: AB108825 | Status: Named | Preferred Habitat: Oral | Genome: Genome: yes	239	24	1
V3V5_473_Bacteroidetes	296	215	88.843	2	242	526_4134 | Prevotella sp. HMT 526 | HMT-526 | Clone: MB7_G16 | GB: DQ003633 | Status: Phylotype | Preferred Habitat: Oral | Genome: Genome: no	242	25	2
V3V5_473_Bacteroidetes	292	214	88.430	1	242	930_8499 | Porphyromonas sp. HMT 930 | HMT-930 | Clone: 071041_260 | GB: JQ468499 | Status: Phylotype | Preferred Habitat: Oral | Genome: Genome: no	242	28	0
V3V5_473_Bacteroidetes	289	214	88.430	2	242	942_6378 | Prevotella sp. HMT 942 | HMT-942 | Clone: 22B412 | GB: FJ976378 | Status: Phylotype | Preferred Habitat: Oral | Genome: Genome: no	242	25	3
V3V5_473_Bacteroidetes	287	207	88.841	10	242	272_X083 | Bacteroidaceae [G-1] bacterium HMT 272 | HMT-272 | Clone: _X083 | GB: AY005066 | Status: Unnamed | Preferred Habitat: Oral | Genome: Genome: yes	233	26	0
V3V5_473_Bacteroidetes	287	214	88.066	1	242	613_6495 | Tannerella forsythia | HMT-613 | Strain: FDC 338 | GB: L16495 | Status: Named | Preferred Habitat: Oral | Genome: Genome: yes	243	27	2
V3V5_473_Bacteroidetes	281	212	87.603	1	242	278BS045 | Porphyromonas sp. HMT 278 | HMT-278 | Clone: BS045 | GB: AF385560 | Status: Unnamed | Preferred Habitat: Oral | Genome: Genome: yes	242	30	0
V3V5_473_Bacteroidetes	281	212	87.603	1	242	279F450d | Porphyromonas pasteri | HMT-279 | Strain: F0450d | GB: tbd | Status: Named | Preferred Habitat: Oral | Genome: Genome: yes	242	30	0
V3V5_473_Bacteroidetes	281	212	87.603	1	242	279F450c | Porphyromonas pasteri | HMT-279 | Strain: F0450c | GB: tbd | Status: Named | Preferred Habitat: Oral | Genome: Genome: yes	242	30	0
V3V5_473_Bacteroidetes	281	212	87.603	1	242	279CW034 | Porphyromonas pasteri | HMT-279 | Clone: CW034 | GB: AY008310 | Status: Named | Preferred Habitat: Oral | Genome: Genome: yes	242	30	0
V3V5_473_Bacteroidetes	281	212	87.603	1	242	279DP023 | Porphyromonas pasteri | HMT-279 | Clone: DP023 | GB: AF385516 | Status: Named | Preferred Habitat: Oral | Genome: Genome: yes	242	30	0
V3V5_473_Bacteroidetes	281	212	87.603	1	242	279F450a | Porphyromonas pasteri | HMT-279 | Strain: F0450a | GB: tbd | Status: Named | Preferred Habitat: Oral | Genome: Genome: yes	242	30	0
V3V5_473_Bacteroidetes	281	212	87.603	1	242	279F450b | Porphyromonas pasteri | HMT-279 | Strain: F0450b | GB: tbd | Status: Named | Preferred Habitat: Oral | Genome: Genome: yes	242	30	0
V3V5_473_Bacteroidetes	281	212	87.603	1	242	273_7054 | Porphyromonas endodontalis | HMT-273 | Clone: P2PB_52 | GB: AY207054 | Status: Named | Preferred Habitat: Oral | Genome: Genome: yes	242	30	0
V3V5_473_Bacteroidetes	281	212	87.603	1	242	273_6491 | Porphyromonas endodontalis | HMT-273 | Strain: ATCC 35406 | GB: L16491 | Status: Named | Preferred Habitat: Oral | Genome: Genome: yes	242	30	0
V3V5_473_Bacteroidetes	281	212	87.603	1	242	285_F016 | Porphyromonas sp. HMT 285 | HMT-285 | Clone: _F016 | GB: AY005069 | Status: Phylotype | Preferred Habitat: Oral | Genome: Genome: no	242	30	0
V3V5_473_Bacteroidetes	281	213	87.654	1	242	916-Wade | Tannerella sp. HMT 916 | HMT-916 | Clone: CP6_C2 | GB: KC203065 | Status: Phylotype | Preferred Habitat: Oral | Genome: Genome: no	243	28	2
V3V5_473_Bacteroidetes	281	213	87.654	1	242	286BU063 | Tannerella sp. HMT 286 | HMT-286 | Clone: BU063 | GB: AY008308 | Status: Unnamed | Preferred Habitat: Oral | Genome: Genome: yes	243	28	2
V3V5_473_Bacteroidetes	279	215	87.755	2	242	475IK053 | Prevotella sp. HMT 475 | HMT-475 | Clone: IK053 | GB: AY349401 | Status: Unnamed | Preferred Habitat: Oral | Genome: Genome: yes	245	22	8
V3V5_473_Bacteroidetes	276	210	87.500	4	242	309DO045 | Prevotella sp. HMT 309 | HMT-309 | Clone: DO045 | GB: AF385515 | Status: Phylotype | Preferred Habitat: Oral | Genome: Genome: no	240	28	2
V3V5_473_Bacteroidetes	276	210	87.500	4	242	309_6203 | Prevotella sp. HMT 309 | HMT-309 | Clone: 3083 | GB: FJ976203 | Status: Phylotype | Preferred Habitat: Oral | Genome: Genome: no	240	28	2
V3V5_473_Bacteroidetes	276	205	87.983	10	242	302F0020 | Alloprevotella rava | HMT-302 | Strain: F0020 | GB: GQ422736 | Status: Named | Preferred Habitat: Oral | Genome: Genome: yes	233	28	0
V3V5_473_Bacteroidetes	276	211	87.190	1	242	283_2823 | Porphyromonas catoniae | HMT-283 | Strain: ATCC 51270 | GB: X82823 | Status: Named | Preferred Habitat: Oral | Genome: Genome: yes	242	31	0
V3V5_473_Bacteroidetes	276	211	87.190	1	242	283DS033 | Porphyromonas catoniae | HMT-283 | Clone: DS033 | GB: AF366271 | Status: Named | Preferred Habitat: Oral | Genome: Genome: yes	242	31	0
V3V5_473_Bacteroidetes	276	211	87.190	1	242	284EP003 | Porphyromonas sp. HMT 284 | HMT-284 | Clone: EP003 | GB: AY008313 | Status: Lost | Preferred Habitat: Oral | Genome: Genome: no	242	31	0
# BLAST processed 1 queries
