# BLASTN 2.12.0+
# Query: V3V5_129_Bacteroidetes
# Database: ../BLAST_DATABASE_ABUNDANCE/HOMD_16S_rRNA_RefSeq_V15.22.p9.fasta
# Fields: query id, bit score, identical, % identity, q. start, q. end, subject title, alignment length, mismatches, gaps
# 30 hits found
V3V5_129_Bacteroidetes	448	242	100.000	1	242	288F0390 | Prevotella oulorum | HMT-288 | Strain: F0390 | GB: tbd | Status: Named | Preferred Habitat: Oral | Genome: Genome: yes	242	0	0
V3V5_129_Bacteroidetes	448	242	100.000	1	242	288_6472 | Prevotella oulorum | HMT-288 | Strain: ATCC 43324 | GB: L16472 | Status: Named | Preferred Habitat: Oral | Genome: Genome: yes	242	0	0
V3V5_129_Bacteroidetes	425	238	98.347	1	242	309DO045 | Prevotella sp. HMT 309 | HMT-309 | Clone: DO045 | GB: AF385515 | Status: Phylotype | Preferred Habitat: Oral | Genome: Genome: no	242	4	0
V3V5_129_Bacteroidetes	425	238	98.347	1	242	309_6203 | Prevotella sp. HMT 309 | HMT-309 | Clone: 3083 | GB: FJ976203 | Status: Phylotype | Preferred Habitat: Oral | Genome: Genome: no	242	4	0
V3V5_129_Bacteroidetes	399	235	96.311	1	242	307_8826 | Prevotella salivae | HMT-307 | Strain: DSM 15606 | GB: AB108826 | Status: Named | Preferred Habitat: Oral | Genome: Genome: yes	244	7	2
V3V5_129_Bacteroidetes	374	229	94.628	1	242	885_3253 | Prevotella scopos | HMT-885 | Strain: JCM 17725 | GB: AB683253 | Status: Named | Preferred Habitat: Oral | Genome: Genome: yes	242	12	1
V3V5_129_Bacteroidetes	374	229	94.628	1	242	469_3525 | Prevotella melaninogenica | HMT-469 | Strain: ATCC 25845 | GB: AY323525 | Status: Named | Preferred Habitat: Oral | Genome: Genome: yes	242	12	1
V3V5_129_Bacteroidetes	374	229	94.628	1	242	306DO027 | Prevotella sp. HMT 306 | HMT-306 | Clone: DO027 | GB: AF385511 | Status: Unnamed | Preferred Habitat: Oral | Genome: Genome: yes	242	12	1
V3V5_129_Bacteroidetes	374	229	94.628	1	242	298BE073 | Prevotella histicola | HMT-298 | Clone: BE073 | GB: AF385551 | Status: Named | Preferred Habitat: Oral | Genome: Genome: yes	242	12	1
V3V5_129_Bacteroidetes	374	229	94.628	1	242	313_9254 | Prevotella sp. HMT 313 | HMT-313 | Clone: 069104_177 | GB: JQ449254 | Status: Unnamed | Preferred Habitat: Oral | Genome: Genome: no	242	12	1
V3V5_129_Bacteroidetes	374	229	94.628	1	242	314FU048 | Prevotella sp. HMT 314 | HMT-314 | Clone: FU048 | GB: AY349393 | Status: Unnamed | Preferred Habitat: Oral | Genome: Genome: no	242	12	1
V3V5_129_Bacteroidetes	370	229	94.239	1	242	292AU120 | Prevotella sp. HMT 292 | HMT-292 | Clone: AU120 | GB: GQ422735 | Status: Phylotype | Preferred Habitat: Oral | Genome: Genome: no	243	13	1
V3V5_129_Bacteroidetes	370	229	94.239	1	242	292AH125 | Prevotella sp. HMT 292 | HMT-292 | Clone: AH125 | GB: AY005060 | Status: Phylotype | Preferred Habitat: Oral | Genome: Genome: no	243	13	1
V3V5_129_Bacteroidetes	370	229	94.239	1	242	300_0563 | Prevotella sp. HMT 300 | HMT-300 | Clone: ncd2142e01c1 | GB: JF180563 | Status: Phylotype | Preferred Habitat: Oral | Genome: Genome: no	243	13	1
V3V5_129_Bacteroidetes	370	229	94.239	1	242	300BR014 | Prevotella sp. HMT 300 | HMT-300 | Clone: BR014 | GB: AF385554 | Status: Phylotype | Preferred Habitat: Oral | Genome: Genome: no	243	13	1
V3V5_129_Bacteroidetes	370	229	94.239	1	242	293AO009 | Prevotella sp. HMT 293 | HMT-293 | Clone: AO009 | GB: AY005059 | Status: Phylotype | Preferred Habitat: Oral | Genome: Genome: no	243	13	1
V3V5_129_Bacteroidetes	368	228	94.215	1	242	572_6473 | Prevotella veroralis | HMT-572 | Strain: ATCC 33779 | GB: L16473 | Status: Named | Preferred Habitat: Oral | Genome: Genome: yes	242	13	1
V3V5_129_Bacteroidetes	368	228	94.215	1	242	313FM005 | Prevotella sp. HMT 313 | HMT-313 | Clone: FM005 | GB: AF432133 | Status: Unnamed | Preferred Habitat: Oral | Genome: Genome: no	242	13	1
V3V5_129_Bacteroidetes	368	228	94.215	1	242	556_6475 | Prevotella bivia | HMT-556 | Strain: ATCC 29303 | GB: L16475 | Status: Named | Preferred Habitat: Oral | Genome: Genome: yes	242	13	1
V3V5_129_Bacteroidetes	364	228	93.827	1	242	300_8625 | Prevotella sp. HMT 300 | HMT-300 | Clone: C3MLM058 | GB: AY278625 | Status: Phylotype | Preferred Habitat: Oral | Genome: Genome: no	243	14	1
V3V5_129_Bacteroidetes	363	227	93.802	1	242	782F0012 | Prevotella fusca | HMT-782 | Strain: F0012 | GB: GQ422745 | Status: Named | Preferred Habitat: Oral | Genome: Genome: yes	242	14	1
V3V5_129_Bacteroidetes	363	227	93.802	1	242	782_4304 | Prevotella fusca | HMT-782 | Strain: JCM 17724 | GB: NR_114304 | Status: Named | Preferred Habitat: Oral | Genome: Genome: yes	242	14	1
V3V5_129_Bacteroidetes	363	227	93.802	1	242	572_3124 | Prevotella veroralis | HMT-572 | Strain: JCM 6290 | GB: NR_113124 | Status: Named | Preferred Habitat: Oral | Genome: Genome: yes	242	14	1
V3V5_129_Bacteroidetes	363	227	93.802	1	242	572_4079 | Prevotella veroralis | HMT-572 | Clone: 071062_262 | GB: JQ474079 | Status: Named | Preferred Habitat: Oral | Genome: Genome: yes	242	14	1
V3V5_129_Bacteroidetes	361	227	93.802	2	242	378_1228 | Prevotella micans | HMT-378 | Strain: E7_56 | GB: AF481228 | Status: Named | Preferred Habitat: Oral | Genome: Genome: yes	242	12	3
V3V5_129_Bacteroidetes	357	226	93.388	1	242	305_0424 | Prevotella sp. HMT 305 | HMT-305 | Clone: 070055_034 | GB: JQ460424 | Status: Phylotype | Preferred Habitat: Oral | Genome: Genome: no	242	15	1
V3V5_129_Bacteroidetes	353	225	92.975	1	242	443_1415 | Prevotella sp. HMT 443 | HMT-443 | Clone: P4PB_24 | GB: AY331415 | Status: Phylotype | Preferred Habitat: Oral | Genome: Genome: no	242	17	0
V3V5_129_Bacteroidetes	351	225	92.975	1	242	291AO036 | Prevotella denticola | HMT-291 | Clone: AO036 | GB: AY005054 | Status: Named | Preferred Habitat: Oral | Genome: Genome: yes	242	16	1
V3V5_129_Bacteroidetes	351	225	92.975	1	242	305DO014 | Prevotella sp. HMT 305 | HMT-305 | Clone: DO014 | GB: AF385509 | Status: Phylotype | Preferred Habitat: Oral | Genome: Genome: no	242	16	1
V3V5_129_Bacteroidetes	348	226	92.623	1	242	311_6474 | Prevotella oris | HMT-311 | Strain: ATCC 33573 | GB: L16474 | Status: Named | Preferred Habitat: Oral | Genome: Genome: yes	244	15	3
# BLAST processed 1 queries
