# BLASTN 2.12.0+
# Query: V3V5_136_Bacteroidetes
# Database: ../BLAST_DATABASE_ABUNDANCE/HOMD_16S_rRNA_RefSeq_V15.22.p9.fasta
# Fields: query id, bit score, identical, % identity, q. start, q. end, subject title, alignment length, mismatches, gaps
# 30 hits found
V3V5_136_Bacteroidetes	448	242	100.000	1	242	323_2733 | Capnocytophaga sp. HMT 323 | HMT-323 | Clone: 071057_454 | GB: JQ472733 | Status: Unnamed | Preferred Habitat: Oral | Genome: Genome: yes	242	0	0
V3V5_136_Bacteroidetes	448	242	100.000	1	242	412_8613 | Capnocytophaga sp. HMT 412 | HMT-412 | Clone: C2MKM106 | GB: AY278613 | Status: Unnamed | Preferred Habitat: Oral | Genome: Genome: yes	242	0	0
V3V5_136_Bacteroidetes	448	242	100.000	1	242	336F0502 | Capnocytophaga sp. HMT 336 | HMT-336 | Strain: F0502 | GB: tbd | Status: Unnamed | Preferred Habitat: Oral | Genome: Genome: yes	242	0	0
V3V5_136_Bacteroidetes	448	242	100.000	1	242	324AA032 | Capnocytophaga sp. HMT 324 | HMT-324 | Clone: AA032 | GB: AY005079 | Status: Unnamed | Preferred Habitat: Oral | Genome: Genome: yes	242	0	0
V3V5_136_Bacteroidetes	442	241	99.587	1	242	334EL043 | Capnocytophaga sp. HMT 334 | HMT-334 | Clone: EL043 | GB: AY008312 | Status: Phylotype | Preferred Habitat: Unassigned | Genome: Genome: no	242	1	0
V3V5_136_Bacteroidetes	431	240	98.765	1	242	335_4775 | Capnocytophaga sp. HMT 335 | HMT-335 | Clone: 069096_232 | GB: JQ454775 | Status: Unnamed | Preferred Habitat: Oral | Genome: Genome: yes	243	1	2
V3V5_136_Bacteroidetes	431	240	98.765	1	242	902-Wade | Capnocytophaga sp. HMT 902 | HMT-902 | Clone: FL163 | GB: JQ406542 | Status: Phylotype | Preferred Habitat: Oral | Genome: Genome: no	243	1	2
V3V5_136_Bacteroidetes	431	240	98.765	1	242	878F0545 | Capnocytophaga sp. HMT 878 | HMT-878 | Strain: F0545 | GB: tbd | Status: Unnamed | Preferred Habitat: Oral | Genome: Genome: no	243	1	2
V3V5_136_Bacteroidetes	412	236	97.521	1	242	412F0487 | Capnocytophaga sp. HMT 412 | HMT-412 | Strain: F0487 | GB: tbd | Status: Unnamed | Preferred Habitat: Oral | Genome: Genome: yes	242	4	2
V3V5_136_Bacteroidetes	412	236	97.521	1	242	700_4635 | Capnocytophaga ochracea | HMT-700 | Strain: ATCC 33596 | GB: L14635 | Status: Named | Preferred Habitat: Oral | Genome: Genome: yes	242	4	2
V3V5_136_Bacteroidetes	412	236	97.521	1	242	903-Wade | Capnocytophaga sp. HMT 903 | HMT-903 | Clone: HS5_2W_I24 | GB: KC203061 | Status: Phylotype | Preferred Habitat: Oral | Genome: Genome: no	242	4	2
V3V5_136_Bacteroidetes	409	235	97.107	1	242	864_1335 | Capnocytophaga sp. HMT 864 | HMT-864 | Clone: GEJ8 | GB: GU561335 | Status: Unnamed | Preferred Habitat: Oral | Genome: Genome: no	242	7	0
V3V5_136_Bacteroidetes	409	238	97.143	1	242	336_2363 | Capnocytophaga sp. HMT 336 | HMT-336 | Clone: 070035_613 | GB: JQ462363 | Status: Unnamed | Preferred Habitat: Oral | Genome: Genome: yes	245	1	6
V3V5_136_Bacteroidetes	409	232	97.890	1	236	329BR085 | Capnocytophaga leadbetteri | HMT-329 | Clone: BR085 | GB: GU350453 | Status: Named | Preferred Habitat: Oral | Genome: Genome: yes	237	3	2
V3V5_136_Bacteroidetes	409	232	97.890	1	236	329BU084 | Capnocytophaga leadbetteri | HMT-329 | Clone: BU084 | GB: AF385569 | Status: Named | Preferred Habitat: Oral | Genome: Genome: yes	237	3	2
V3V5_136_Bacteroidetes	409	232	97.890	1	236	329BM058 | Capnocytophaga leadbetteri | HMT-329 | Clone: BM058 | GB: AY005075 | Status: Named | Preferred Habitat: Oral | Genome: Genome: yes	237	3	2
V3V5_136_Bacteroidetes	407	235	97.107	1	242	336_X089 | Capnocytophaga sp. HMT 336 | HMT-336 | Clone: _X089 | GB: AY005080 | Status: Unnamed | Preferred Habitat: Oral | Genome: Genome: yes	242	5	2
V3V5_136_Bacteroidetes	407	235	97.107	1	242	380F0488 | Capnocytophaga sp. HMT 380 | HMT-380 | Strain: F0488 | GB: tbd | Status: Unnamed | Preferred Habitat: Oral | Genome: Genome: yes	242	5	2
V3V5_136_Bacteroidetes	403	237	96.735	1	242	335_X066 | Capnocytophaga sp. HMT 335 | HMT-335 | Clone: _X066 | GB: AY005078 | Status: Unnamed | Preferred Habitat: Oral | Genome: Genome: yes	245	2	6
V3V5_136_Bacteroidetes	403	237	96.735	1	242	864F0512 | Capnocytophaga sp. HMT 864 | HMT-864 | Strain: F0512 | GB: tbd | Status: Unnamed | Preferred Habitat: Oral | Genome: Genome: no	245	2	6
V3V5_136_Bacteroidetes	403	231	97.468	1	236	901-Wade | Capnocytophaga sp. HMT 901 | HMT-901 | Clone: BL218 | GB: JQ406535 | Status: Phylotype | Preferred Habitat: Unassigned | Genome: Genome: no	237	4	2
V3V5_136_Bacteroidetes	398	236	96.327	1	242	326F0382 | Capnocytophaga sp. HMT 326 | HMT-326 | Strain: F0382 | GB: tbd | Status: Unnamed | Preferred Habitat: Oral | Genome: Genome: yes	245	3	6
V3V5_136_Bacteroidetes	392	228	96.610	1	236	332DS022 | Capnocytophaga sp. HMT 332 | HMT-332 | Clone: DS022 | GB: AF366270 | Status: Unnamed | Preferred Habitat: Oral | Genome: Genome: yes	236	8	0
V3V5_136_Bacteroidetes	379	226	95.763	1	236	775_7609 | Capnocytophaga sputigena | HMT-775 | Strain: ATCC 33612 | GB: X67609 | Status: Named | Preferred Habitat: Oral | Genome: Genome: yes	236	8	2
V3V5_136_Bacteroidetes	379	226	95.763	1	236	775_4920 | Capnocytophaga sputigena | HMT-775 | Clone: 071064_219 | GB: JQ474920 | Status: Named | Preferred Habitat: Oral | Genome: Genome: yes	236	8	2
V3V5_136_Bacteroidetes	337	219	92.405	1	236	627_1349 | Capnocytophaga haemolytica | HMT-627 | Strain: JCM 8565 | GB: U41349 | Status: Named | Preferred Habitat: Oral | Genome: Genome: yes	237	17	1
V3V5_136_Bacteroidetes	337	219	92.405	1	236	627_1748 | Capnocytophaga haemolytica | HMT-627 | Clone: 069086_014 | GB: JQ451748 | Status: Named | Preferred Habitat: Oral | Genome: Genome: yes	237	17	1
V3V5_136_Bacteroidetes	329	218	91.983	1	236	337-S3 | Capnocytophaga gingivalis | HMT-337 | Strain: S3 | GB: AY005073 | Status: Named | Preferred Habitat: Oral | Genome: Genome: yes	237	16	3
V3V5_136_Bacteroidetes	326	216	91.525	1	236	338Capn8 | Capnocytophaga sp. HMT 338 | HMT-338 | Strain: FDC 8 | GB: U41352 | Status: Unnamed | Preferred Habitat: Oral | Genome: Genome: yes	236	20	0
V3V5_136_Bacteroidetes	324	216	91.525	1	236	337_7608 | Capnocytophaga gingivalis | HMT-337 | Strain: ATCC 33624 | GB: X67608 | Status: Named | Preferred Habitat: Oral | Genome: Genome: yes	236	18	2
# BLAST processed 1 queries
