# BLASTN 2.12.0+
# Query: V3V5_278_Fusobacteria
# Database: ../BLAST_DATABASE_ABUNDANCE/HOMD_16S_rRNA_RefSeq_V15.22.p9.fasta
# Fields: query id, bit score, identical, % identity, q. start, q. end, subject title, alignment length, mismatches, gaps
# 30 hits found
V3V5_278_Fusobacteria	479	261	99.618	1	262	563_7788 | Leptotrichia buccalis | HMT-563 | Strain: not listed | GB: L37788 | Status: Named | Preferred Habitat: Oral | Genome: Genome: yes	262	1	0
V3V5_278_Fusobacteria	462	256	98.842	4	262	909-Wade | Leptotrichia sp. HMT 909 | HMT-909 | Clone: CP4_C6 | GB: KC203062 | Status: Phylotype | Preferred Habitat: Oral | Genome: Genome: no	259	3	0
V3V5_278_Fusobacteria	462	256	98.842	4	262	224_7813 | Leptotrichia hofstadii | HMT-224 | Strain: FAC5 | GB: AF287813 | Status: Named | Preferred Habitat: Oral | Genome: Genome: yes	259	3	0
V3V5_278_Fusobacteria	457	255	98.456	4	262	223F138 | Leptotrichia sp. HMT 223 | HMT-223 | Clone: _F138 | GB: AF287814 | Status: Phylotype | Preferred Habitat: Oral | Genome: Genome: no	259	4	0
V3V5_278_Fusobacteria	451	254	98.069	4	262	463GT020 | Leptotrichia sp. HMT 463 | HMT-463 | Clone: GT020 | GB: AY349385 | Status: Phylotype | Preferred Habitat: Oral | Genome: Genome: no	259	5	0
V3V5_278_Fusobacteria	451	256	97.710	1	262	225_FEA2 | Leptotrichia sp. HMT 225 | HMT-225 | Strain: FEA2 | GB: GQ422731 | Status: Unnamed | Preferred Habitat: Oral | Genome: Genome: yes	262	6	0
V3V5_278_Fusobacteria	446	253	97.683	4	262	417_8621 | Leptotrichia sp. HMT 417 | HMT-417 | Clone: C3MKM102 | GB: AY278621 | Status: Unnamed | Preferred Habitat: Oral | Genome: Genome: no	259	6	0
V3V5_278_Fusobacteria	446	255	97.328	1	262	225HE052 | Leptotrichia sp. HMT 225 | HMT-225 | Clone: HE052 | GB: GQ422732 | Status: Unnamed | Preferred Habitat: Oral | Genome: Genome: yes	262	7	0
V3V5_278_Fusobacteria	444	252	97.674	5	262	214DE081 | Leptotrichia shahii | HMT-214 | Clone: DE081 | GB: AF366268 | Status: Named | Preferred Habitat: Oral | Genome: Genome: yes	258	6	0
V3V5_278_Fusobacteria	444	252	97.674	5	262	222_7816 | Leptotrichia wadei | HMT-222 | Strain: A39FD | GB: AF287816 | Status: Named | Preferred Habitat: Oral | Genome: Genome: yes	258	6	0
V3V5_278_Fusobacteria	444	252	97.674	5	262	498IK040 | Leptotrichia sp. HMT 498 | HMT-498 | Clone: IK040 | GB: AY349387 | Status: Unnamed | Preferred Habitat: Oral | Genome: Genome: no	258	6	0
V3V5_278_Fusobacteria	438	251	97.287	5	262	222F0279 | Leptotrichia wadei | HMT-222 | Strain: F0279 | GB: tbd | Status: Named | Preferred Habitat: Oral | Genome: Genome: yes	258	7	0
V3V5_278_Fusobacteria	433	250	96.899	5	262	215DR011 | Leptotrichia sp. HMT 215 | HMT-215 | Clone: DR011 | GB: AF385518 | Status: Unnamed | Preferred Habitat: Oral | Genome: Genome: yes	258	8	0
V3V5_278_Fusobacteria	427	249	96.512	5	262	879F0557 | Leptotrichia sp. HMT 879 | HMT-879 | Strain: F0557 | GB: tbd | Status: Unnamed | Preferred Habitat: Oral | Genome: Genome: yes	258	9	0
V3V5_278_Fusobacteria	427	249	96.512	5	262	213DA069 | Leptotrichia hongkongensis | HMT-213 | Clone: DA069 | GB: AF287811 | Status: Named | Preferred Habitat: Oral | Genome: Genome: no	258	9	0
V3V5_278_Fusobacteria	424	251	95.802	1	262	217DT031 | Leptotrichia sp. HMT 217 | HMT-217 | Clone: DT031 | GB: AF366276 | Status: Phylotype | Preferred Habitat: Oral | Genome: Genome: no	262	11	0
V3V5_278_Fusobacteria	422	248	96.124	5	262	212BU064 | Leptotrichia sp. HMT 212 | HMT-212 | Clone: BU064 | GB: AY008309 | Status: Unnamed | Preferred Habitat: Oral | Genome: Genome: yes	258	10	0
V3V5_278_Fusobacteria	422	248	96.124	5	262	392_7053 | Leptotrichia sp. HMT 392 | HMT-392 | Clone: P2PB_51 | GB: AY207053 | Status: Phylotype | Preferred Habitat: Oral | Genome: Genome: no	258	10	0
V3V5_278_Fusobacteria	420	250	95.785	2	262	847F0260 | Leptotrichia sp. HMT 847 | HMT-847 | Strain: F0260 | GB: FJ577250 | Status: Unnamed | Preferred Habitat: Unassigned | Genome: Genome: yes	261	10	1
V3V5_278_Fusobacteria	418	248	95.753	4	262	218EI013 | Leptotrichia sp. HMT 218 | HMT-218 | Clone: EI013 | GB: AF385571 | Status: Phylotype | Preferred Habitat: Oral | Genome: Genome: no	259	11	0
V3V5_278_Fusobacteria	412	245	95.703	7	262	221FP036 | Leptotrichia sp. HMT 221 | HMT-221 | Clone: FP036 | GB: AF432138 | Status: Unnamed | Preferred Habitat: Oral | Genome: Genome: no	256	11	0
V3V5_278_Fusobacteria	398	243	94.553	6	262	219EI022 | Leptotrichia sp. HMT 219 | HMT-219 | Clone: EI022 | GB: AF385572 | Status: Phylotype | Preferred Habitat: Oral | Genome: Genome: no	257	14	0
V3V5_278_Fusobacteria	375	241	92.692	3	262	845F0264 | Leptotrichia goodfellowii | HMT-845 | Strain: F0264 | GB: FJ577259 | Status: Named | Preferred Habitat: Oral | Genome: Genome: yes	260	19	0
V3V5_278_Fusobacteria	324	225	90.000	7	256	844_8425 | Sneathia amnii [Not Validly Published] | HMT-844 | Strain: AMN-1 | GB: AY078425 | Status: Named | Preferred Habitat: Oral | Genome: Genome: yes	250	25	0
V3V5_278_Fusobacteria	318	224	89.600	7	256	837_8342 | Sneathia sanguinegens | HMT-837 | Strain: CCUG 41628 | GB: NR_118342 | Status: Named | Preferred Habitat: Oral | Genome: Genome: yes	250	26	0
V3V5_278_Fusobacteria	228	209	83.267	7	256	690_4948 | Fusobacterium necrophorum | HMT-690 | Strain: D4 | GB: AF044948 | Status: Named | Preferred Habitat: Oral | Genome: Genome: yes	251	39	3
V3V5_278_Fusobacteria	228	209	83.267	7	256	860_9686 | Fusobacterium gonidiaformans | HMT-860 | Strain: VE32H03 | GB: GQ179686 | Status: Named | Preferred Habitat: Unassigned | Genome: Genome: yes	251	39	3
V3V5_278_Fusobacteria	169	179	80.631	41	262	538CK057 | Pseudoramibacter alactolyticus | HMT-538 | Clone: CK057 | GB: AF287778 | Status: Named | Preferred Habitat: Oral | Genome: Genome: yes	222	40	3
V3V5_278_Fusobacteria	163	189	79.747	30	262	664_C021 | Treponema maltophilum | HMT-664 | Clone: _C021 | GB: AF023038 | Status: Named | Preferred Habitat: Oral | Genome: Genome: yes	237	39	9
V3V5_278_Fusobacteria	163	189	79.747	30	262	260_D031 | Treponema sp. HMT 260 | HMT-260 | Clone: _D031 | GB: AF023041 | Status: Phylotype | Preferred Habitat: Unassigned | Genome: Genome: no	237	39	9
# BLAST processed 1 queries
