# BLASTN 2.12.0+
# Query: V3V5_453_Firmicutes
# Database: ../BLAST_DATABASE_ABUNDANCE/HOMD_16S_rRNA_RefSeq_V15.22.p9.fasta
# Fields: query id, bit score, identical, % identity, q. start, q. end, subject title, alignment length, mismatches, gaps
# 30 hits found
V3V5_453_Firmicutes	344	230	91.633	1	249	684_1878 | Mitsuokella multacida | HMT-684 | Strain: NCTC 10934 | GB: X81878 | Status: Named | Preferred Habitat: Unassigned | Genome: Genome: yes	251	18	3
V3V5_453_Firmicutes	322	224	90.323	4	249	935_8649 | Fastidiosipila sanguinis | HMT-935 | Clone: nck255g10c1 | GB: KF098649 | Status: Named | Preferred Habitat: Unassigned | Genome: Genome: no	248	21	3
V3V5_453_Firmicutes	311	223	89.200	1	249	131_8627 | Mitsuokella sp. HMT 131 | HMT-131 | Clone: C5AKM062 | GB: AY278627 | Status: Unnamed | Preferred Habitat: Oral | Genome: Genome: yes	250	26	1
V3V5_453_Firmicutes	311	223	89.200	1	249	131CS002 | Mitsuokella sp. HMT 131 | HMT-131 | Clone: CS002 | GB: AF287795 | Status: Unnamed | Preferred Habitat: Oral | Genome: Genome: yes	250	26	1
V3V5_453_Firmicutes	305	224	88.889	1	249	389_0541 | Abiotrophia defectiva | HMT-389 | Strain: ATCC 49176 | GB: D50541 | Status: Named | Preferred Habitat: Oral | Genome: Genome: yes	252	23	5
V3V5_453_Firmicutes	305	223	88.845	1	249	134DD020 | Selenomonas sp. HMT 134 | HMT-134 | Clone: DD020 | GB: AF287794 | Status: Phylotype | Preferred Habitat: Oral | Genome: Genome: no	251	25	3
V3V5_453_Firmicutes	300	218	88.980	1	243	151_N011 | Selenomonas sputigena | HMT-151 | Clone: _N001 | GB: GQ422723 | Status: Named | Preferred Habitat: Oral | Genome: Genome: yes	245	24	3
V3V5_453_Firmicutes	300	218	88.980	1	243	151Ssput | Selenomonas sputigena | HMT-151 | Strain: ATCC 35185 | GB: AF287793 | Status: Named | Preferred Habitat: Oral | Genome: Genome: yes	245	24	3
V3V5_453_Firmicutes	300	218	88.980	1	243	151_K168 | Selenomonas sputigena | HMT-151 | Clone: _K168 | GB: GQ422722 | Status: Named | Preferred Habitat: Oral | Genome: Genome: yes	245	24	3
V3V5_453_Firmicutes	300	218	88.980	1	243	442_1820 | Selenomonas sp. HMT 442 | HMT-442 | Clone: P4PA_145 | GB: AY341820 | Status: Phylotype | Preferred Habitat: Oral | Genome: Genome: no	245	24	3
V3V5_453_Firmicutes	294	218	88.259	4	249	841_6094 | Megasphaera sp. HMT 841 | HMT-841 | Clone: Y14 | GB: DQ666094 | Status: Phylotype | Preferred Habitat: Unassigned | Genome: Genome: no	247	28	1
V3V5_453_Firmicutes	289	219	87.600	1	249	241N118A | Brochothrix thermosphacta | HMT-241 | Strain: FSL F6-1036 | GB: NR_113587 | Status: Named | Preferred Habitat: Unassigned | Genome: Genome: yes	250	30	1
V3V5_453_Firmicutes	289	219	87.600	1	249	125_6593 | Selenomonas flueggei | HMT-125 | Clone: ELU0080-000358 | GB: HQ776593 | Status: Named | Preferred Habitat: Oral | Genome: Genome: yes	250	30	1
V3V5_453_Firmicutes	289	219	87.600	1	249	125AH132 | Selenomonas flueggei | HMT-125 | Clone: AH132 | GB: AF287804 | Status: Named | Preferred Habitat: Oral | Genome: Genome: yes	250	30	1
V3V5_453_Firmicutes	289	219	87.600	1	249	388_8861 | Selenomonas sp. HMT 388 | HMT-388 | Clone: P4PA_36 | GB: AF538861 | Status: Phylotype | Preferred Habitat: Unassigned | Genome: Genome: no	250	30	1
V3V5_453_Firmicutes	289	219	87.600	1	249	130Snoxi | Selenomonas noxia | HMT-130 | Strain: ATCC 43541 | GB: AF287799 | Status: Named | Preferred Habitat: Oral | Genome: Genome: yes	250	30	1
V3V5_453_Firmicutes	289	219	87.600	1	249	130CI002 | Selenomonas noxia | HMT-130 | Clone: CI002 | GB: AF287798 | Status: Named | Preferred Habitat: Oral | Genome: Genome: yes	250	30	1
V3V5_453_Firmicutes	289	217	87.854	4	249	119BS016 | Dialister sp. HMT 119 | HMT-119 | Clone: BS016 | GB: AF287786 | Status: Phylotype | Preferred Habitat: Oral | Genome: Genome: no	247	29	1
V3V5_453_Firmicutes	285	214	88.066	1	243	790EX153 | Peptoniphilaceae [G-2] bacterium HMT 790 | HMT-790 | Clone: EX153 | GB: AY134899 | Status: Phylotype | Preferred Habitat: Unassigned | Genome: Genome: no	243	26	3
V3V5_453_Firmicutes	283	219	87.251	1	249	803_6902 | Enterococcus italicus | HMT-803 | Strain: LMG 21727 | GB: AJ626902 | Status: Named | Preferred Habitat: Unassigned | Genome: Genome: yes	251	29	3
V3V5_453_Firmicutes	283	219	87.251	1	249	880_0801 | Enterococcus durans | HMT-880 | Strain: CECT 411 | GB: AJ420801 | Status: Named | Preferred Habitat: Unassigned | Genome: Genome: yes	251	29	3
V3V5_453_Firmicutes	283	214	87.705	1	243	048_5540 | Paenibacillus sp. HMT 048 | HMT-048 | Clone: CA007 | GB: AF385540 | Status: Phylotype | Preferred Habitat: Unassigned | Genome: Genome: no	244	29	1
V3V5_453_Firmicutes	283	218	87.200	1	249	786F0064 | Paenibacillus phoenicis | HMT-786 | Strain: F0064 | GB: GQ422747 | Status: Named | Preferred Habitat: Unassigned | Genome: Genome: yes	250	31	1
V3V5_453_Firmicutes	283	218	87.200	1	249	501JI021 | Selenomonas sp. HMT 501 | HMT-501 | Clone: JI021 | GB: AY349409 | Status: Phylotype | Preferred Habitat: Unassigned | Genome: Genome: no	250	31	1
V3V5_453_Firmicutes	281	213	87.654	1	243	112A21H2 | Peptostreptococcus stomatis | HMT-112 | Strain: A21H2 | GB: GQ422715 | Status: Named | Preferred Habitat: Oral | Genome: Genome: yes	243	29	1
V3V5_453_Firmicutes	281	213	87.654	1	243	112CK035 | Peptostreptococcus stomatis | HMT-112 | Clone: CK035 | GB: AF287763 | Status: Named | Preferred Habitat: Oral | Genome: Genome: yes	243	29	1
V3V5_453_Firmicutes	281	213	87.654	1	243	542_6462 | Peptostreptococcus anaerobius | HMT-542 | Strain: NCTC 11460 | GB: AY326462 | Status: Named | Preferred Habitat: Oral | Genome: Genome: yes	243	29	1
V3V5_453_Firmicutes	278	218	86.853	1	249	604_8293 | Enterococcus faecalis | HMT-604 | Strain: not listed | GB: Y18293 | Status: Named | Preferred Habitat: Unassigned | Genome: Genome: yes	251	30	3
V3V5_453_Firmicutes	278	218	86.853	1	249	534_2027 | Granulicatella adiacens | HMT-534 | Strain: TKT1 | GB: AB022027 | Status: Named | Preferred Habitat: Oral | Genome: Genome: yes	251	30	3
V3V5_453_Firmicutes	278	218	86.853	1	249	534_0540 | Granulicatella adiacens | HMT-534 | Strain: ATCC 49175 | GB: D50540 | Status: Named | Preferred Habitat: Oral | Genome: Genome: yes	251	30	3
# BLAST processed 1 queries
