# BLASTN 2.12.0+
# Query: V3V5_198_Firmicutes
# Database: ../BLAST_DATABASE_ABUNDANCE/HOMD_16S_rRNA_RefSeq_V15.22.p9.fasta
# Fields: query id, bit score, identical, % identity, q. start, q. end, subject title, alignment length, mismatches, gaps
# 30 hits found
V3V5_198_Firmicutes	459	248	100.000	1	248	557_3038 | Peptostreptococcaceae [XI][G-9] [Eubacterium] brachy | HMT-557 | Strain: ATCC 33089 | GB: U13038 | Status: Named | Preferred Habitat: Oral | Genome: Genome: yes	248	0	0
V3V5_198_Firmicutes	392	236	95.161	1	248	369_1212 | Peptostreptococcaceae [XI][G-4] bacterium HMT 369 | HMT-369 | Clone: MCE10_174 | GB: AF481212 | Status: Phylotype | Preferred Habitat: Oral | Genome: Genome: no	248	12	0
V3V5_198_Firmicutes	387	235	94.758	1	248	103_2604 | Peptostreptococcaceae [XI][G-4] bacterium HMT 103 | HMT-103 | Clone: PUS9.170 | GB: AJ012604 | Status: Phylotype | Preferred Habitat: Oral | Genome: Genome: no	248	13	0
V3V5_198_Firmicutes	381	232	94.694	1	245	467_6963 | Peptostreptococcaceae [XI][G-1] [Eubacterium] sulci | HMT-467 | Strain: ATCC 35585 | GB: AJ006963 | Status: Named | Preferred Habitat: Oral | Genome: Genome: yes	245	13	0
V3V5_198_Firmicutes	375	231	94.286	1	245	105_3039 | Peptostreptococcaceae [XI][G-1] [Eubacterium] infirmum | HMT-105 | Strain: W1471 | GB: U13039 | Status: Named | Preferred Habitat: Oral | Genome: Genome: yes	245	14	0
V3V5_198_Firmicutes	375	229	94.628	1	242	950_9965 | Peptostreptococcaceae [XI][G-3] bacterium HMT 950 | HMT-950 | Clone: 101E03 | GB: AM419965 | Status: Phylotype | Preferred Habitat: Unassigned | Genome: Genome: no	242	13	0
V3V5_198_Firmicutes	375	229	94.628	1	242	495JS001 | Peptostreptococcaceae [XI][G-3] bacterium HMT 495 | HMT-495 | Clone: JS001 | GB: AY349378 | Status: Phylotype | Preferred Habitat: Oral | Genome: Genome: no	242	13	0
V3V5_198_Firmicutes	363	230	93.117	2	248	091CK047 | Peptostreptococcaceae [XI][G-2] bacterium HMT 091 | HMT-091 | Clone: CK047 | GB: AF287762 | Status: Phylotype | Preferred Habitat: Oral | Genome: Genome: no	247	17	0
V3V5_198_Firmicutes	359	230	92.742	1	248	694_6274 | Peptostreptococcaceae [XI][G-6] [Eubacterium] nodatum | HMT-694 | Strain: ATCC 33099 | GB: Z36274 | Status: Named | Preferred Habitat: Oral | Genome: Genome: yes	248	18	0
V3V5_198_Firmicutes	359	226	93.388	1	242	383_8856 | Peptostreptococcaceae [XI][G-1] bacterium HMT 383 | HMT-383 | Clone: P2PB_46 | GB: AF538856 | Status: Phylotype | Preferred Habitat: Unassigned | Genome: Genome: no	242	16	0
V3V5_198_Firmicutes	357	226	93.388	1	242	691_7875 | Mogibacterium neglectum | HMT-691 | Strain: ATCC 700924 | GB: AB037875 | Status: Named | Preferred Habitat: Oral | Genome: Genome: no	242	15	1
V3V5_198_Firmicutes	357	226	93.388	1	242	742_1701 | Mogibacterium pumilum | HMT-742 | Strain: ATCC 700696 | GB: AB021701 | Status: Named | Preferred Habitat: Unassigned | Genome: Genome: yes	242	15	1
V3V5_198_Firmicutes	353	225	92.975	1	242	593_7874 | Mogibacterium diversum | HMT-593 | Strain: ATCC 700923 | GB: AB037874 | Status: Named | Preferred Habitat: Oral | Genome: Genome: no	242	17	0
V3V5_198_Firmicutes	350	225	92.593	1	243	382_1251 | Peptostreptococcaceae [XI][G-8] bacterium HMT 382 | HMT-382 | Clone: 44q_16 | GB: HE681251 | Status: Phylotype | Preferred Habitat: Unassigned | Genome: Genome: no	243	18	0
V3V5_198_Firmicutes	348	224	92.562	1	242	042W9173 | Mogibacterium timidum | HMT-042 | Strain: W9173 | GB: tbd | Status: Named | Preferred Habitat: Oral | Genome: Genome: yes	242	18	0
V3V5_198_Firmicutes	348	228	91.935	1	248	673_3037 | Peptostreptococcaceae [XI][G-6] [Eubacterium] minutum | HMT-673 | Strain: SC 87K | GB: U13037 | Status: Named | Preferred Habitat: Oral | Genome: Genome: no	248	20	0
V3V5_198_Firmicutes	340	223	92.149	1	242	008_1702 | Mogibacterium vescum | HMT-008 | Strain: ATCC 700697 | GB: AB021702 | Status: Named | Preferred Habitat: Unassigned | Genome: Genome: no	242	18	1
V3V5_198_Firmicutes	340	224	92.181	3	245	759_5987 | Peptostreptococcaceae [XI][G-5] [Eubacterium] saphenum | HMT-759 | Strain: ATCC 49989 | GB: U65987 | Status: Named | Preferred Habitat: Oral | Genome: Genome: yes	243	16	3
V3V5_198_Firmicutes	339	223	92.149	1	242	539_6962 | Filifactor alocis | HMT-539 | Strain: ATCC 35896 | GB: AJ006962 | Status: Named | Preferred Habitat: Oral | Genome: Genome: yes	242	16	3
V3V5_198_Firmicutes	335	224	91.429	1	245	493JH012 | Peptostreptococcaceae [XI][G-5] bacterium HMT 493 | HMT-493 | Clone: JH012 | GB: AY349373 | Status: Phylotype | Preferred Habitat: Unassigned | Genome: Genome: no	245	20	1
V3V5_198_Firmicutes	331	227	90.800	1	248	112A21H2 | Peptostreptococcus stomatis | HMT-112 | Strain: A21H2 | GB: GQ422715 | Status: Named | Preferred Habitat: Oral | Genome: Genome: yes	250	19	4
V3V5_198_Firmicutes	331	227	90.800	1	248	112CK035 | Peptostreptococcus stomatis | HMT-112 | Clone: CK035 | GB: AF287763 | Status: Named | Preferred Habitat: Oral | Genome: Genome: yes	250	19	4
V3V5_198_Firmicutes	331	227	90.800	1	248	542_6462 | Peptostreptococcus anaerobius | HMT-542 | Strain: NCTC 11460 | GB: AY326462 | Status: Named | Preferred Habitat: Oral | Genome: Genome: yes	250	19	4
V3V5_198_Firmicutes	302	221	88.755	1	248	790EX153 | Peptoniphilaceae [G-2] bacterium HMT 790 | HMT-790 | Clone: EX153 | GB: AY134899 | Status: Phylotype | Preferred Habitat: Unassigned | Genome: Genome: no	249	24	4
V3V5_198_Firmicutes	302	221	88.755	1	248	929W2294 | Peptoniphilaceae [G-3] bacterium HMT 929 | HMT-929 | Strain: W2294 | GB: tbd | Status: Unnamed | Preferred Habitat: Unassigned | Genome: Genome: no	249	25	3
V3V5_198_Firmicutes	296	220	88.353	1	248	113W5053 | Peptoniphilaceae [G-1] bacterium HMT 113 | HMT-113 | Strain: W5053 | GB: tbd | Status: Unnamed | Preferred Habitat: Oral | Genome: Genome: yes	249	25	4
V3V5_198_Firmicutes	296	220	88.353	1	248	113DA014 | Peptoniphilaceae [G-1] bacterium HMT 113 | HMT-113 | Clone: DA014 | GB: AF287766 | Status: Unnamed | Preferred Habitat: Oral | Genome: Genome: yes	249	25	4
V3V5_198_Firmicutes	296	216	88.889	1	242	500-Wade | Lachnospiraceae [G-8] bacterium HMT 500 | HMT-500 | Strain: W11650 | GB: tbd | Status: Unnamed | Preferred Habitat: Oral | Genome: Genome: no	243	24	3
V3V5_198_Firmicutes	294	219	88.306	2	248	662N000B | Finegoldia magna | HMT-662 | Strain: JCM 1766 | GB: NR_113383 | Status: Named | Preferred Habitat: Unassigned | Genome: Genome: yes	248	25	4
V3V5_198_Firmicutes	294	219	88.306	2	248	662_4677 | Finegoldia magna | HMT-662 | Strain: ATCC 29328 | GB: NR_074677 | Status: Named | Preferred Habitat: Unassigned | Genome: Genome: yes	248	25	4
# BLAST processed 1 queries
