# BLASTN 2.12.0+
# Query: V3V5_432_Firmicutes
# Database: ../BLAST_DATABASE_ABUNDANCE/HOMD_16S_rRNA_RefSeq_V15.22.p9.fasta
# Fields: query id, bit score, identical, % identity, q. start, q. end, subject title, alignment length, mismatches, gaps
# 30 hits found
V3V5_432_Firmicutes	359	231	92.771	1	249	495JS001 | Peptostreptococcaceae [XI][G-3] bacterium HMT 495 | HMT-495 | Clone: JS001 | GB: AY349378 | Status: Phylotype | Preferred Habitat: Oral | Genome: Genome: no	249	17	1
V3V5_432_Firmicutes	359	232	92.800	2	249	094DA074 | Lachnospiraceae [G-10] bacterium HMT 094 | HMT-094 | Clone: DA074 | GB: AF287768 | Status: Phylotype | Preferred Habitat: Unassigned | Genome: Genome: no	250	14	4
V3V5_432_Firmicutes	348	230	92.000	2	249	082BE088 | Lachnoanaerobaculum orale | HMT-082 | Clone: BE088 | GB: AF385552 | Status: Named | Preferred Habitat: Oral | Genome: Genome: yes	250	17	3
V3V5_432_Firmicutes	348	230	92.000	2	249	082F0431 | Lachnoanaerobaculum orale | HMT-082 | Strain: F0431 | GB: tbd | Status: Named | Preferred Habitat: Oral | Genome: Genome: yes	250	17	3
V3V5_432_Firmicutes	342	226	91.870	1	246	383_8856 | Peptostreptococcaceae [XI][G-1] bacterium HMT 383 | HMT-383 | Clone: P2PB_46 | GB: AF538856 | Status: Phylotype | Preferred Habitat: Unassigned | Genome: Genome: no	246	19	1
V3V5_432_Firmicutes	342	229	91.600	2	249	107F0167 | Lachnoanaerobaculum umeaense | HMT-107 | Strain: F0167 | GB: tbd | Status: Named | Preferred Habitat: Oral | Genome: Genome: yes	250	18	3
V3V5_432_Firmicutes	342	229	91.600	2	249	494_RDP | Lachnoanaerobaculum saburreum | HMT-494 | Strain: DSM 3986 | GB: RDP | Status: Named | Preferred Habitat: Oral | Genome: Genome: yes	250	18	3
V3V5_432_Firmicutes	342	229	91.600	2	249	494IR009 | Lachnoanaerobaculum saburreum | HMT-494 | Clone: IR009 | GB: AY349376 | Status: Named | Preferred Habitat: Oral | Genome: Genome: yes	250	18	3
V3V5_432_Firmicutes	342	222	92.500	12	249	086BU061 | Lachnospiraceae [G-7] bacterium HMT 086 | HMT-086 | Clone: BU061 | GB: AF385567 | Status: Phylotype | Preferred Habitat: Oral | Genome: Genome: no	240	16	2
V3V5_432_Firmicutes	337	223	91.770	1	243	557_3038 | Peptostreptococcaceae [XI][G-9] [Eubacterium] brachy | HMT-557 | Strain: ATCC 33089 | GB: U13038 | Status: Named | Preferred Habitat: Oral | Genome: Genome: yes	243	19	1
V3V5_432_Firmicutes	337	227	91.165	1	249	950_9965 | Peptostreptococcaceae [XI][G-3] bacterium HMT 950 | HMT-950 | Clone: 101E03 | GB: AM419965 | Status: Phylotype | Preferred Habitat: Unassigned | Genome: Genome: no	249	21	1
V3V5_432_Firmicutes	337	228	91.200	2	249	089CK004 | Lachnoanaerobaculum sp. HMT 089 | HMT-089 | Clone: CK004 | GB: AF287776 | Status: Phylotype | Preferred Habitat: Unassigned | Genome: Genome: no	250	19	3
V3V5_432_Firmicutes	337	227	91.165	2	249	088CH017 | Lachnospiraceae [G-2] bacterium HMT 088 | HMT-088 | Clone: CH017 | GB: AF287775 | Status: Phylotype | Preferred Habitat: Oral | Genome: Genome: no	249	20	2
V3V5_432_Firmicutes	337	228	91.200	2	249	096DO008 | Lachnospiraceae [G-2] bacterium HMT 096 | HMT-096 | Clone: DO008 | GB: AF385508 | Status: Unnamed | Preferred Habitat: Oral | Genome: Genome: no	250	18	4
V3V5_432_Firmicutes	331	228	90.837	2	249	102FB046 | Oribacterium sp. HMT 102 | HMT-102 | Clone: FB046 | GB: GQ422713 | Status: Unnamed | Preferred Habitat: Oral | Genome: Genome: no	251	17	6
V3V5_432_Firmicutes	331	228	90.837	2	249	083BS091 | Lachnoanaerobaculum sp. HMT 083 | HMT-083 | Clone: BS091 | GB: AF385562 | Status: Phylotype | Preferred Habitat: Oral | Genome: Genome: yes	251	18	5
V3V5_432_Firmicutes	331	228	90.837	2	249	083BR088 | Lachnoanaerobaculum sp. HMT 083 | HMT-083 | Clone: BR088 | GB: AF385557 | Status: Phylotype | Preferred Habitat: Oral | Genome: Genome: yes	251	18	5
V3V5_432_Firmicutes	331	220	91.667	12	249	163AH153 | Lachnospiraceae [G-7] bacterium HMT 163 | HMT-163 | Clone: AH153 | GB: AF287769 | Status: Phylotype | Preferred Habitat: Oral | Genome: Genome: no	240	18	2
V3V5_432_Firmicutes	327	223	91.020	1	244	593_7874 | Mogibacterium diversum | HMT-593 | Strain: ATCC 700923 | GB: AB037874 | Status: Named | Preferred Habitat: Oral | Genome: Genome: no	245	19	3
V3V5_432_Firmicutes	327	222	90.984	1	244	691_7875 | Mogibacterium neglectum | HMT-691 | Strain: ATCC 700924 | GB: AB037875 | Status: Named | Preferred Habitat: Oral | Genome: Genome: no	244	20	2
V3V5_432_Firmicutes	327	222	90.984	1	244	742_1701 | Mogibacterium pumilum | HMT-742 | Strain: ATCC 700696 | GB: AB021701 | Status: Named | Preferred Habitat: Unassigned | Genome: Genome: yes	244	20	2
V3V5_432_Firmicutes	326	221	90.947	1	243	467_6963 | Peptostreptococcaceae [XI][G-1] [Eubacterium] sulci | HMT-467 | Strain: ATCC 35585 | GB: AJ006963 | Status: Named | Preferred Habitat: Oral | Genome: Genome: yes	243	21	1
V3V5_432_Firmicutes	326	227	90.438	2	249	102_1218 | Oribacterium sp. HMT 102 | HMT-102 | Clone: MCE7_60 | GB: AF481218 | Status: Unnamed | Preferred Habitat: Oral | Genome: Genome: no	251	18	6
V3V5_432_Firmicutes	326	227	90.438	2	249	090CK030 | Butyrivibrio sp. HMT 090 | HMT-090 | Clone: CK030 | GB: AF287773 | Status: Phylotype | Preferred Habitat: Unassigned | Genome: Genome: no	251	18	6
V3V5_432_Firmicutes	326	227	90.438	2	249	496JI012 | Lachnoanaerobaculum sp. HMT 496 | HMT-496 | Clone: JI012 | GB: AY349379 | Status: Phylotype | Preferred Habitat: Unassigned | Genome: Genome: no	251	18	6
V3V5_432_Firmicutes	320	220	90.535	1	243	105_3039 | Peptostreptococcaceae [XI][G-1] [Eubacterium] infirmum | HMT-105 | Strain: W1471 | GB: U13039 | Status: Named | Preferred Habitat: Oral | Genome: Genome: yes	243	22	1
V3V5_432_Firmicutes	320	220	90.535	1	243	103_2604 | Peptostreptococcaceae [XI][G-4] bacterium HMT 103 | HMT-103 | Clone: PUS9.170 | GB: AJ012604 | Status: Phylotype | Preferred Habitat: Oral | Genome: Genome: no	243	22	1
V3V5_432_Firmicutes	320	220	90.535	1	243	369_1212 | Peptostreptococcaceae [XI][G-4] bacterium HMT 369 | HMT-369 | Clone: MCE10_174 | GB: AF481212 | Status: Phylotype | Preferred Habitat: Oral | Genome: Genome: no	243	22	1
V3V5_432_Firmicutes	320	221	90.574	1	244	539_6962 | Filifactor alocis | HMT-539 | Strain: ATCC 35896 | GB: AJ006962 | Status: Named | Preferred Habitat: Oral | Genome: Genome: yes	244	19	4
V3V5_432_Firmicutes	320	224	89.960	2	249	419_8618 | Stomatobaculum longum | HMT-419 | Clone: C4ALM087 | GB: AY278618 | Status: Named | Preferred Habitat: Oral | Genome: Genome: yes	249	23	2
# BLAST processed 1 queries
