# BLASTN 2.12.0+
# Query: V3V5_277_Epsilonproteobacteria
# Database: ../BLAST_DATABASE_ABUNDANCE/HOMD_16S_rRNA_RefSeq_V15.22.p9.fasta
# Fields: query id, bit score, identical, % identity, q. start, q. end, subject title, alignment length, mismatches, gaps
# 30 hits found
V3V5_277_Epsilonproteobacteria	392	212	100.000	1	212	044BB120 | Campylobacter sp. HMT 044 | HMT-044 | Clone: BB120 | GB: AY005038 | Status: Phylotype | Preferred Habitat: Oral | Genome: Genome: no	212	0	0
V3V5_277_Epsilonproteobacteria	370	208	98.113	1	212	776_2768 | Campylobacter sputorum | HMT-776 | Strain: BU-112B | GB: AF022768 | Status: Named | Preferred Habitat: Unassigned | Genome: Genome: yes	212	4	0
V3V5_277_Epsilonproteobacteria	359	206	97.170	1	212	623_4320 | Campylobacter gracilis | HMT-623 | Strain: ATCC 33236 | GB: L04320 | Status: Named | Preferred Habitat: Oral | Genome: Genome: yes	212	6	0
V3V5_277_Epsilonproteobacteria	337	202	95.283	1	212	748_6973 | Campylobacter rectus | HMT-748 | Strain: CCUG 19168 | GB: L06973 | Status: Named | Preferred Habitat: Oral | Genome: Genome: yes	212	10	0
V3V5_277_Epsilonproteobacteria	337	202	95.283	1	212	748_4317 | Campylobacter rectus | HMT-748 | Strain: ATCC 33238 | GB: L04317 | Status: Named | Preferred Habitat: Oral | Genome: Genome: yes	212	10	0
V3V5_277_Epsilonproteobacteria	337	202	95.283	1	212	763_6974 | Campylobacter showae | HMT-763 | Strain: CCUG 3054 | GB: L06974 | Status: Named | Preferred Habitat: Oral | Genome: Genome: yes	212	10	0
V3V5_277_Epsilonproteobacteria	331	201	94.811	1	212	580_C10 | Campylobacter curvus | HMT-580 | Strain: Goto C10 | GB: tbd | Status: Named | Preferred Habitat: Oral | Genome: Genome: yes	212	11	0
V3V5_277_Epsilonproteobacteria	331	201	94.811	1	212	575_6977 | Campylobacter concisus | HMT-575 | Strain: FDC 288 | GB: L06977 | Status: Named | Preferred Habitat: Oral | Genome: Genome: yes	212	11	0
V3V5_277_Epsilonproteobacteria	326	200	94.340	1	212	580_4313 | Campylobacter curvus | HMT-580 | Strain: ATCC 35224 | GB: L04313 | Status: Named | Preferred Habitat: Oral | Genome: Genome: yes	212	12	0
V3V5_277_Epsilonproteobacteria	315	198	93.396	1	212	842_4321 | Campylobacter ureolyticus | HMT-842 | Strain: ATCC 33387 | GB: L04321 | Status: Named | Preferred Habitat: Unassigned | Genome: Genome: yes	212	14	0
V3V5_277_Epsilonproteobacteria	254	188	88.263	1	212	812_8157 | Helicobacter pylori | HMT-812 | Strain: ATCC 43504 | GB: M88157 | Status: Named | Preferred Habitat: Unassigned | Genome: Genome: yes	213	24	1
V3V5_277_Epsilonproteobacteria	161	153	82.703	29	212	002_3433 | Caulobacter sp. HMT 002 | HMT-002 | Strain: TWE165 | GB: DQ493433 | Status: Phylotype | Preferred Habitat: Unassigned | Genome: Genome: no	185	29	3
V3V5_277_Epsilonproteobacteria	158	154	81.915	26	212	023_2803 | Delftia acidovorans | HMT-023 | Strain: 158 | GB: AJ002803 | Status: Named | Preferred Habitat: Unassigned | Genome: Genome: yes	188	32	2
V3V5_277_Epsilonproteobacteria	158	154	81.915	26	212	023_0186 | Delftia acidovorans | HMT-023 | Strain: MBIC 1305 | GB: AB020186 | Status: Named | Preferred Habitat: Unassigned | Genome: Genome: yes	188	32	2
V3V5_277_Epsilonproteobacteria	156	171	80.282	3	212	876F0540 | Clostridiales [F-3][G-1] bacterium HMT 876 | HMT-876 | Strain: F0540 | GB: tbd | Status: Unnamed | Preferred Habitat: Unassigned | Genome: Genome: yes	213	36	6
V3V5_277_Epsilonproteobacteria	156	136	84.472	53	212	022_3223 | Lautropia mirabilis | HMT-022 | Strain: Fredericksen | GB: X73223 | Status: Named | Preferred Habitat: Oral | Genome: Genome: yes	161	22	3
V3V5_277_Epsilonproteobacteria	156	136	84.472	53	212	022AP009 | Lautropia mirabilis | HMT-022 | Clone: AP009 | GB: AY005030 | Status: Named | Preferred Habitat: Oral | Genome: Genome: yes	161	22	3
V3V5_277_Epsilonproteobacteria	154	137	84.049	52	212	98327201 | Melioribacter roseus | HMT-983 | Strain: P3M-2 | PROKKA: SEQF2720_01862 | Status: NonOralRef | Preferred Habitat: NonOralRef | Genome: Genome_GB: CP003557.1	163	22	4
V3V5_277_Epsilonproteobacteria	154	170	80.189	3	212	98227191 | Ignavibacterium album | HMT-982 | Strain: JCM 16511 | PROKKA: SEQF2719_00714 | Status: NonOralRef | Preferred Habitat: NonOralRef | Genome: Genome_GB: CP003418.1	212	37	5
V3V5_277_Epsilonproteobacteria	152	138	84.146	53	212	026CA004 | Schlegelella aquatica | HMT-026 | Clone: CA004 | GB: AF385538 | Status: Named | Preferred Habitat: Unassigned | Genome: Genome: no	164	18	8
V3V5_277_Epsilonproteobacteria	152	154	81.481	26	212	025AV011 | Leptothrix sp. HMT 025 | HMT-025 | Clone: AV011a | GB: AF385528 | Status: Phylotype | Preferred Habitat: Unassigned | Genome: Genome: no	189	31	4
V3V5_277_Epsilonproteobacteria	152	154	81.481	26	212	266N124A | Leptothrix sp. HMT 266 | HMT-266 | Clone: EV818SWSAP20 | GB: DQ337065 | Status: Phylotype | Preferred Habitat: Unassigned | Genome: Genome: no	189	31	4
V3V5_277_Epsilonproteobacteria	152	136	83.951	53	212	027_5039 | Cupriavidus gilardii | HMT-027 | Strain: C37KA | GB: AY005039 | Status: Named | Preferred Habitat: Unassigned | Genome: Genome: yes	162	22	4
V3V5_277_Epsilonproteobacteria	150	135	83.851	53	212	406AK168 | Ralstonia sp. HMT 406 | HMT-406 | Clone: AK168 | GB: AY005032 | Status: Phylotype | Preferred Habitat: Unassigned | Genome: Genome: no	161	23	3
V3V5_277_Epsilonproteobacteria	150	135	83.851	53	212	854_3152 | Ralstonia pickettii | HMT-854 | Strain: ATCC 27511 | GB: NR_043152 | Status: Named | Preferred Habitat: Unassigned | Genome: Genome: yes	161	23	3
V3V5_277_Epsilonproteobacteria	150	135	83.851	53	212	571_7530 | Burkholderia cepacia | HMT-571 | Strain: ATCC 25416 | GB: AF097530 | Status: Named | Preferred Habitat: Unassigned | Genome: Genome: yes	161	23	3
V3V5_277_Epsilonproteobacteria	147	155	81.152	26	212	209N112A | Acidovorax ebreus | HMT-209 | Strain: YW12 | GB: KM287569 | Status: Named | Preferred Habitat: Unassigned | Genome: Genome: yes	191	28	8
V3V5_277_Epsilonproteobacteria	147	155	81.152	26	212	216N114A | Acidovorax temperans | HMT-216 | Strain: PHL | GB: NR_028715 | Status: Named | Preferred Habitat: Unassigned | Genome: Genome: yes	191	28	8
V3V5_277_Epsilonproteobacteria	147	155	81.152	26	212	717_3736 | Variovorax paradoxus | HMT-717 | Strain: NBRC 15149 | GB: NR_113736 | Status: Named | Preferred Habitat: Unassigned | Genome: Genome: yes	191	28	8
V3V5_277_Epsilonproteobacteria	147	153	80.952	26	212	894-Wade | Ottowia sp. HMT 894 | HMT-894 | Strain: W10237 | GB: tbd | Status: Unnamed | Preferred Habitat: Unassigned | Genome: Genome: yes	189	32	4
# BLAST processed 1 queries
