# BLASTN 2.12.0+
# Query: V3V5_275_Firmicutes
# Database: ../BLAST_DATABASE_ABUNDANCE/HOMD_16S_rRNA_RefSeq_V15.22.p9.fasta
# Fields: query id, bit score, identical, % identity, q. start, q. end, subject title, alignment length, mismatches, gaps
# 30 hits found
V3V5_275_Firmicutes	451	248	99.200	1	250	107F0167 | Lachnoanaerobaculum umeaense | HMT-107 | Strain: F0167 | GB: tbd | Status: Named | Preferred Habitat: Oral | Genome: Genome: yes	250	2	0
V3V5_275_Firmicutes	446	247	98.800	1	250	082BE088 | Lachnoanaerobaculum orale | HMT-082 | Clone: BE088 | GB: AF385552 | Status: Named | Preferred Habitat: Oral | Genome: Genome: yes	250	3	0
V3V5_275_Firmicutes	446	247	98.800	1	250	082F0431 | Lachnoanaerobaculum orale | HMT-082 | Strain: F0431 | GB: tbd | Status: Named | Preferred Habitat: Oral | Genome: Genome: yes	250	3	0
V3V5_275_Firmicutes	440	246	98.400	1	250	494_RDP | Lachnoanaerobaculum saburreum | HMT-494 | Strain: DSM 3986 | GB: RDP | Status: Named | Preferred Habitat: Oral | Genome: Genome: yes	250	4	0
V3V5_275_Firmicutes	440	246	98.400	1	250	494IR009 | Lachnoanaerobaculum saburreum | HMT-494 | Clone: IR009 | GB: AY349376 | Status: Named | Preferred Habitat: Oral | Genome: Genome: yes	250	4	0
V3V5_275_Firmicutes	418	243	96.813	1	250	083BS091 | Lachnoanaerobaculum sp. HMT 083 | HMT-083 | Clone: BS091 | GB: AF385562 | Status: Phylotype | Preferred Habitat: Oral | Genome: Genome: yes	251	6	2
V3V5_275_Firmicutes	418	243	96.813	1	250	083BR088 | Lachnoanaerobaculum sp. HMT 083 | HMT-083 | Clone: BR088 | GB: AF385557 | Status: Phylotype | Preferred Habitat: Oral | Genome: Genome: yes	251	6	2
V3V5_275_Firmicutes	418	243	96.813	1	250	089CK004 | Lachnoanaerobaculum sp. HMT 089 | HMT-089 | Clone: CK004 | GB: AF287776 | Status: Phylotype | Preferred Habitat: Unassigned | Genome: Genome: no	251	6	2
V3V5_275_Firmicutes	372	235	93.625	1	250	166CK051 | Johnsonella sp. HMT 166 | HMT-166 | Clone: CK051 | GB: AF287774 | Status: Phylotype | Preferred Habitat: Oral | Genome: Genome: no	251	13	3
V3V5_275_Firmicutes	366	233	93.200	1	250	088CH017 | Lachnospiraceae [G-2] bacterium HMT 088 | HMT-088 | Clone: CH017 | GB: AF287775 | Status: Phylotype | Preferred Habitat: Oral | Genome: Genome: no	250	16	1
V3V5_275_Firmicutes	363	235	92.885	1	250	100EI074 | Lachnospiraceae [G-3] bacterium HMT 100 | HMT-100 | Clone: EI074 | GB: AF385573 | Status: Phylotype | Preferred Habitat: Oral | Genome: Genome: no	253	13	5
V3V5_275_Firmicutes	361	232	92.800	1	250	080BB124 | Butyrivibrio sp. HMT 080 | HMT-080 | Clone: BB124 | GB: AF287772 | Status: Phylotype | Preferred Habitat: Oral | Genome: Genome: no	250	17	1
V3V5_275_Firmicutes	361	234	92.857	1	250	096DO008 | Lachnospiraceae [G-2] bacterium HMT 096 | HMT-096 | Clone: DO008 | GB: AF385508 | Status: Unnamed | Preferred Habitat: Oral | Genome: Genome: no	252	13	5
V3V5_275_Firmicutes	350	230	92.000	1	250	635_7152 | Johnsonella ignava | HMT-635 | Strain: ATCC 51276 | GB: X87152 | Status: Named | Preferred Habitat: Oral | Genome: Genome: yes	250	18	2
V3V5_275_Firmicutes	344	230	91.633	1	250	496JI012 | Lachnoanaerobaculum sp. HMT 496 | HMT-496 | Clone: JI012 | GB: AY349379 | Status: Phylotype | Preferred Habitat: Unassigned | Genome: Genome: no	251	18	3
V3V5_275_Firmicutes	344	230	91.633	1	250	094DA074 | Lachnospiraceae [G-10] bacterium HMT 094 | HMT-094 | Clone: DA074 | GB: AF287768 | Status: Phylotype | Preferred Habitat: Unassigned | Genome: Genome: no	251	18	3
V3V5_275_Firmicutes	342	228	91.566	2	250	108_5571 | Oribacterium asaccharolyticum | HMT-108 | Strain: ACB7 | GB: NR_125571 | Status: Named | Preferred Habitat: Oral | Genome: Genome: yes	249	20	1
V3V5_275_Firmicutes	342	228	91.566	2	250	108F0425 | Oribacterium asaccharolyticum | HMT-108 | Strain: F0425 | GB: tbd | Status: Named | Preferred Habitat: Oral | Genome: Genome: yes	249	20	1
V3V5_275_Firmicutes	339	228	91.200	1	250	102FB046 | Oribacterium sp. HMT 102 | HMT-102 | Clone: FB046 | GB: GQ422713 | Status: Unnamed | Preferred Habitat: Oral | Genome: Genome: no	250	21	1
V3V5_275_Firmicutes	339	228	91.200	1	250	097DO016 | Stomatobaculum sp. HMT 097 | HMT-097 | Clone: DO016 | GB: AF385510 | Status: Unnamed | Preferred Habitat: Oral | Genome: Genome: no	250	21	1
V3V5_275_Firmicutes	339	228	91.200	1	250	419_8618 | Stomatobaculum longum | HMT-419 | Clone: C4ALM087 | GB: AY278618 | Status: Named | Preferred Habitat: Oral | Genome: Genome: yes	250	21	1
V3V5_275_Firmicutes	339	228	91.200	1	250	910-Wade | Stomatobaculum sp. HMT 910 | HMT-910 | Clone: CL133 | GB: JQ406544 | Status: Phylotype | Preferred Habitat: Oral | Genome: Genome: no	250	21	1
V3V5_275_Firmicutes	337	227	91.165	2	250	934FTB41 | Oribacterium parvum | HMT-934 | Strain: FTB41 | GB: AF287770 | Status: Named | Preferred Habitat: Oral | Genome: Genome: yes	249	21	1
V3V5_275_Firmicutes	337	229	91.235	2	250	934_5570 | Oribacterium parvum | HMT-934 | Strain: ACB1 | GB: NR_125570 | Status: Named | Preferred Habitat: Oral | Genome: Genome: yes	251	17	5
V3V5_275_Firmicutes	337	229	91.235	2	250	457F0268 | Oribacterium sinus | HMT-457 | Strain: F0268 | GB: FJ577261 | Status: Named | Preferred Habitat: Oral | Genome: Genome: yes	251	17	5
V3V5_275_Firmicutes	337	228	91.200	2	250	090CK030 | Butyrivibrio sp. HMT 090 | HMT-090 | Clone: CK030 | GB: AF287773 | Status: Phylotype | Preferred Habitat: Unassigned | Genome: Genome: no	250	19	3
V3V5_275_Firmicutes	333	227	90.800	1	250	102_1218 | Oribacterium sp. HMT 102 | HMT-102 | Clone: MCE7_60 | GB: AF481218 | Status: Unnamed | Preferred Habitat: Oral | Genome: Genome: no	250	22	1
V3V5_275_Firmicutes	333	227	90.800	1	250	095_9956 | Shuttleworthia satelles | HMT-095 | Strain: D143K-13 | GB: AF399956 | Status: Named | Preferred Habitat: Oral | Genome: Genome: yes	250	22	1
V3V5_275_Firmicutes	320	225	90.000	2	250	455GI038 | Butyrivibrio sp. HMT 455 | HMT-455 | Clone: GI038 | GB: AY349374 | Status: Phylotype | Preferred Habitat: Oral | Genome: Genome: no	250	22	3
V3V5_275_Firmicutes	311	224	89.243	2	250	086BU061 | Lachnospiraceae [G-7] bacterium HMT 086 | HMT-086 | Clone: BU061 | GB: AF385567 | Status: Phylotype | Preferred Habitat: Oral | Genome: Genome: no	251	24	3
# BLAST processed 1 queries
