# BLASTN 2.12.0+
# Query: V3V5_289_Gammaproteobacteria
# Database: ../BLAST_DATABASE_ABUNDANCE/HOMD_16S_rRNA_RefSeq_V15.22.p9.fasta
# Fields: query id, bit score, identical, % identity, q. start, q. end, subject title, alignment length, mismatches, gaps
# 30 hits found
V3V5_289_Gammaproteobacteria	409	231	97.881	1	236	711_5304 | Moraxella osloensis | HMT-711 | Strain: Ben 58 | GB: X95304 | Status: Named | Preferred Habitat: Unassigned | Genome: Genome: yes	236	5	0
V3V5_289_Gammaproteobacteria	370	226	94.958	1	236	276N126A | Moraxella sp. HMT 276 | HMT-276 | Clone: ncd26f04c1 | GB: JF000627 | Status: Phylotype | Preferred Habitat: Unassigned | Genome: Genome: no	238	8	4
V3V5_289_Gammaproteobacteria	359	224	94.118	1	236	833_0876 | Moraxella catarrhalis | HMT-833 | Strain: ATCC 25238 | GB: U10876 | Status: Named | Preferred Habitat: Nasal | Genome: Genome: yes	238	10	4
V3V5_289_Gammaproteobacteria	359	224	94.118	1	236	098N062C | Moraxella nonliquefaciens | HMT-098 | Clone: ncd1018e10c1 | GB: HM341635 | Status: Named | Preferred Habitat: Nasal | Genome: Genome: yes	238	10	4
V3V5_289_Gammaproteobacteria	359	224	94.118	1	236	098N062A | Moraxella nonliquefaciens | HMT-098 | Strain: 4663/62 | GB: NR_104938 | Status: Named | Preferred Habitat: Nasal | Genome: Genome: yes	238	10	4
V3V5_289_Gammaproteobacteria	353	223	93.697	1	236	833N000A | Moraxella catarrhalis | HMT-833 | Clone: ncd1722h10c1 | GB: JF141417 | Status: Named | Preferred Habitat: Nasal | Genome: Genome: yes	238	11	4
V3V5_289_Gammaproteobacteria	353	223	93.697	1	236	154N099C | Moraxella lincolnii | HMT-154 | Clone: ncd2795b03c1 | GB: JF239969 | Status: Named | Preferred Habitat: Nasal | Genome: Genome: yes	238	11	4
V3V5_289_Gammaproteobacteria	353	222	93.671	1	236	154N099A | Moraxella lincolnii | HMT-154 | Strain: LMG 5127 | GB: NR_117693 | Status: Named | Preferred Habitat: Nasal | Genome: Genome: yes	237	13	2
V3V5_289_Gammaproteobacteria	353	223	93.697	1	236	154N099B | Moraxella lincolnii | HMT-154 | Clone: ncd1569e11c1 | GB: JF136073 | Status: Named | Preferred Habitat: Nasal | Genome: Genome: yes	238	11	4
V3V5_289_Gammaproteobacteria	348	216	93.913	1	230	010N002A | Acinetobacter radioresistens | HMT-010 | Strain: NBRC 102413 | GB: NR_114074 | Status: Named | Preferred Habitat: Unassigned | Genome: Genome: yes	230	14	0
V3V5_289_Gammaproteobacteria	348	216	93.913	1	230	005N001A | Acinetobacter lwoffii | HMT-005 | Strain: JCM 6840 | GB: NR_113346 | Status: Named | Preferred Habitat: Unassigned | Genome: Genome: yes	230	14	0
V3V5_289_Gammaproteobacteria	342	215	93.478	1	230	282N127A | Acinetobacter junii | HMT-282 | Strain: 17908 | GB: NR_117623 | Status: Named | Preferred Habitat: Unassigned | Genome: Genome: yes	230	15	0
V3V5_289_Gammaproteobacteria	342	215	93.478	1	230	554_1660 | Acinetobacter baumannii | HMT-554 | Strain: DSM 30007 | GB: X81660 | Status: Named | Preferred Habitat: Unassigned | Genome: Genome: yes	230	15	0
V3V5_289_Gammaproteobacteria	342	215	93.478	1	230	408_8636 | Acinetobacter sp. HMT 408 | HMT-408 | Clone: C4AKM094 | GB: AY278636 | Status: Phylotype | Preferred Habitat: Unassigned | Genome: Genome: no	230	15	0
V3V5_289_Gammaproteobacteria	342	215	93.478	1	230	297N132A | Acinetobacter johnsonii | HMT-297 | Strain: ATCC 17909 | GB: NR_117624 | Status: Named | Preferred Habitat: Unassigned | Genome: Genome: yes	230	15	0
V3V5_289_Gammaproteobacteria	307	213	90.254	2	236	344N144A | Pseudomonas luteola | HMT-344 | Strain: NBRC 103146 | GB: NR_114215 | Status: Named | Preferred Habitat: Unassigned | Genome: Genome: yes	236	21	2
V3V5_289_Gammaproteobacteria	296	211	89.407	2	236	834_3147 | Pseudomonas otitidis | HMT-834 | Strain: MCC 10330 | GB: AY953147 | Status: Named | Preferred Habitat: Unassigned | Genome: Genome: yes	236	23	2
V3V5_289_Gammaproteobacteria	296	211	89.407	2	236	536_6651 | Pseudomonas aeruginosa | HMT-536 | Strain: LMG 1242 | GB: Z76651 | Status: Named | Preferred Habitat: Unassigned | Genome: Genome: yes	236	23	2
V3V5_289_Gammaproteobacteria	291	210	88.983	2	236	477_3219 | Pseudomonas stutzeri | HMT-477 | Strain: KC | GB: AF063219 | Status: Named | Preferred Habitat: Unassigned | Genome: Genome: yes	236	24	2
V3V5_289_Gammaproteobacteria	287	209	88.559	1	236	577M-D25 | Eikenella corrodens | HMT-577 | Strain: Moore D25 | GB: GQ422740 | Status: Named | Preferred Habitat: Oral | Genome: Genome: yes	236	27	0
V3V5_289_Gammaproteobacteria	285	209	88.559	2	236	740_6666 | Pseudomonas pseudoalcaligenes | HMT-740 | Strain: LMG 1225 | GB: Z76666 | Status: Named | Preferred Habitat: Unassigned | Genome: Genome: yes	236	25	2
V3V5_289_Gammaproteobacteria	285	210	88.608	2	236	612_4476 | Pseudomonas fluorescens | HMT-612 | Strain: ATCC 13525 | GB: NR_114476 | Status: Named | Preferred Habitat: Unassigned | Genome: Genome: yes	237	23	4
V3V5_289_Gammaproteobacteria	279	209	88.186	2	236	032AZ002 | Pseudomonas sp. HMT 032 | HMT-032 | Clone: AZ002 | GB: AF385547 | Status: Phylotype | Preferred Habitat: Unassigned | Genome: Genome: no	237	24	4
V3V5_289_Gammaproteobacteria	270	207	87.342	1	236	706_6164 | Kingella oralis | HMT-706 | Strain: CCUG 30450 | GB: L06164 | Status: Named | Preferred Habitat: Oral | Genome: Genome: yes	237	28	2
V3V5_289_Gammaproteobacteria	265	206	86.920	1	236	092_0738 | Neisseria weaveri | HMT-092 | Strain: CDC 8142 | GB: L10738 | Status: Named | Preferred Habitat: Oral | Genome: Genome: yes	237	29	2
V3V5_289_Gammaproteobacteria	265	205	86.864	1	236	013_9613 | Neisseria bacilliformis | HMT-013 | Clone: P4D1-729 | GB: EF509613 | Status: Named | Preferred Habitat: Oral | Genome: Genome: yes	236	31	0
V3V5_289_Gammaproteobacteria	265	205	86.864	1	236	013_5756 | Neisseria bacilliformis | HMT-013 | Strain: S4 | GB: KM225756 | Status: Named | Preferred Habitat: Oral | Genome: Genome: yes	236	31	0
V3V5_289_Gammaproteobacteria	265	206	86.920	1	236	523_3630 | Neisseria sp. HMT 523 | HMT-523 | Clone: MB5_P15 | GB: DQ003630 | Status: Phylotype | Preferred Habitat: Unassigned | Genome: Genome: no	237	29	2
V3V5_289_Gammaproteobacteria	265	206	86.920	1	236	012DE012 | Kingella sp. HMT 012 | HMT-012 | Clone: DE012 | GB: AF366267 | Status: Phylotype | Preferred Habitat: Oral | Genome: Genome: no	237	29	2
V3V5_289_Gammaproteobacteria	265	206	86.920	1	236	598_6171 | Neisseria elongata | HMT-598 | Strain: ATCC 25295 | GB: L06171 | Status: Named | Preferred Habitat: Oral | Genome: Genome: yes	237	29	2
# BLAST processed 1 queries
