# BLASTN 2.12.0+
# Query: V3V5_462_Betaproteobacteria
# Database: ../BLAST_DATABASE_ABUNDANCE/HOMD_16S_rRNA_RefSeq_V15.22.p9.fasta
# Fields: query id, bit score, identical, % identity, q. start, q. end, subject title, alignment length, mismatches, gaps
# 30 hits found
V3V5_462_Betaproteobacteria	316	213	91.026	2	235	406AK168 | Ralstonia sp. HMT 406 | HMT-406 | Clone: AK168 | GB: AY005032 | Status: Phylotype | Preferred Habitat: Unassigned | Genome: Genome: no	234	21	0
V3V5_462_Betaproteobacteria	316	213	91.026	2	235	854_3152 | Ralstonia pickettii | HMT-854 | Strain: ATCC 27511 | GB: NR_043152 | Status: Named | Preferred Habitat: Unassigned | Genome: Genome: yes	234	21	0
V3V5_462_Betaproteobacteria	316	214	91.064	2	235	027_5039 | Cupriavidus gilardii | HMT-027 | Strain: C37KA | GB: AY005039 | Status: Named | Preferred Habitat: Unassigned | Genome: Genome: yes	235	20	1
V3V5_462_Betaproteobacteria	316	213	91.026	2	235	571_7530 | Burkholderia cepacia | HMT-571 | Strain: ATCC 25416 | GB: AF097530 | Status: Named | Preferred Habitat: Unassigned | Genome: Genome: yes	234	21	0
V3V5_462_Betaproteobacteria	307	208	90.830	1	229	894-Wade | Ottowia sp. HMT 894 | HMT-894 | Strain: W10237 | GB: tbd | Status: Unnamed | Preferred Habitat: Unassigned | Genome: Genome: yes	229	21	0
V3V5_462_Betaproteobacteria	307	208	90.830	1	229	894Wade2 | Ottowia sp. HMT 894 | HMT-894 | Clone: BL117 | GB: JQ406530 | Status: Unnamed | Preferred Habitat: Unassigned | Genome: Genome: yes	229	21	0
V3V5_462_Betaproteobacteria	307	212	90.213	1	235	022_3223 | Lautropia mirabilis | HMT-022 | Strain: Fredericksen | GB: X73223 | Status: Named | Preferred Habitat: Oral | Genome: Genome: yes	235	23	0
V3V5_462_Betaproteobacteria	307	212	90.213	1	235	022AP009 | Lautropia mirabilis | HMT-022 | Clone: AP009 | GB: AY005030 | Status: Named | Preferred Habitat: Oral | Genome: Genome: yes	235	23	0
V3V5_462_Betaproteobacteria	302	208	90.435	1	229	023_2803 | Delftia acidovorans | HMT-023 | Strain: 158 | GB: AJ002803 | Status: Named | Preferred Habitat: Unassigned | Genome: Genome: yes	230	20	2
V3V5_462_Betaproteobacteria	302	208	90.435	1	229	023_0186 | Delftia acidovorans | HMT-023 | Strain: MBIC 1305 | GB: AB020186 | Status: Named | Preferred Habitat: Unassigned | Genome: Genome: yes	230	20	2
V3V5_462_Betaproteobacteria	291	209	88.936	1	235	343_4907 | Achromobacter xylosoxidans | HMT-343 | Strain: DSM 30026 | GB: Y14907 | Status: Named | Preferred Habitat: Unassigned | Genome: Genome: yes	235	26	0
V3V5_462_Betaproteobacteria	287	206	89.177	1	229	028_5031 | Rhodocyclus sp. HMT 028 | HMT-028 | Strain: A08KA | GB: AY005031 | Status: Unnamed | Preferred Habitat: Unassigned | Genome: Genome: no	231	23	2
V3V5_462_Betaproteobacteria	285	208	88.511	1	235	828_2327 | Bordetella pertussis | HMT-828 | Strain: CIP 105.894 | GB: AF142327 | Status: Named | Preferred Habitat: Unassigned | Genome: Genome: yes	235	27	0
V3V5_462_Betaproteobacteria	283	209	88.559	2	235	669_2273 | Neisseria meningitidis | HMT-669 | Strain: M8067 | GB: AF382273 | Status: Named | Preferred Habitat: Oral | Genome: Genome: yes	236	24	3
V3V5_462_Betaproteobacteria	279	204	88.696	1	229	858_9161 | Comamonas testosteroni | HMT-858 | Strain: ATCC 11996 | GB: NR_029161 | Status: Named | Preferred Habitat: Oral | Genome: Genome: yes	230	24	2
V3V5_462_Betaproteobacteria	279	204	88.696	1	229	211N113A | Acidovorax caeni | HMT-211 | Strain: R-24608 | GB: NR_042427 | Status: Named | Preferred Habitat: Unassigned | Genome: Genome: yes	230	24	2
V3V5_462_Betaproteobacteria	278	208	88.136	2	235	956_1687 | Neisseria cinerea | HMT-956 | Strain: ATCC 14685 | GB: NR_121687 | Status: Named | Preferred Habitat: Oral | Genome: Genome: yes	236	25	3
V3V5_462_Betaproteobacteria	278	208	88.136	2	235	101N065A | Neisseria perflava | HMT-101 | Strain: Branham 7078 | GB: NR_117694 | Status: Named | Preferred Habitat: Unassigned | Genome: Genome: no	236	25	3
V3V5_462_Betaproteobacteria	278	208	88.136	2	235	610_1998 | Neisseria flavescens | HMT-610 | Clone: P1D1-762 | GB: EF511998 | Status: Named | Preferred Habitat: Oral | Genome: Genome: yes	236	25	3
V3V5_462_Betaproteobacteria	278	208	88.136	2	235	476_9291 | Neisseria subflava | HMT-476 | Strain: U37 | GB: AJ239291 | Status: Named | Preferred Habitat: Oral | Genome: Genome: yes	236	25	3
V3V5_462_Betaproteobacteria	274	203	88.261	1	229	209N112A | Acidovorax ebreus | HMT-209 | Strain: YW12 | GB: KM287569 | Status: Named | Preferred Habitat: Unassigned | Genome: Genome: yes	230	25	2
V3V5_462_Betaproteobacteria	274	203	88.261	1	229	216N114A | Acidovorax temperans | HMT-216 | Strain: PHL | GB: NR_028715 | Status: Named | Preferred Habitat: Unassigned | Genome: Genome: yes	230	25	2
V3V5_462_Betaproteobacteria	274	203	88.261	1	229	717_3736 | Variovorax paradoxus | HMT-717 | Strain: NBRC 15149 | GB: NR_113736 | Status: Named | Preferred Habitat: Unassigned | Genome: Genome: yes	230	25	2
V3V5_462_Betaproteobacteria	272	207	87.712	2	235	737_6167 | Neisseria polysaccharea | HMT-737 | Strain: ATCC 43768 | GB: L06167 | Status: Named | Preferred Habitat: Unassigned | Genome: Genome: yes	236	26	3
V3V5_462_Betaproteobacteria	272	207	87.712	2	235	092_0738 | Neisseria weaveri | HMT-092 | Strain: CDC 8142 | GB: L10738 | Status: Named | Preferred Habitat: Oral | Genome: Genome: yes	236	26	3
V3V5_462_Betaproteobacteria	272	207	87.712	2	235	018_0511 | Neisseria sp. HMT 018 | HMT-018 | Clone: 069082_036 | GB: JQ450511 | Status: Phylotype | Preferred Habitat: Oral | Genome: Genome: no	236	26	3
V3V5_462_Betaproteobacteria	272	207	87.712	2	235	499JC012 | Neisseria sp. HMT 499 | HMT-499 | Clone: JC012 | GB: AY349388 | Status: Phylotype | Preferred Habitat: Oral | Genome: Genome: no	236	26	3
V3V5_462_Betaproteobacteria	272	206	87.660	2	235	706_6164 | Kingella oralis | HMT-706 | Strain: CCUG 30450 | GB: L06164 | Status: Named | Preferred Habitat: Oral | Genome: Genome: yes	235	28	1
V3V5_462_Betaproteobacteria	272	207	87.712	2	235	646_1998 | Kingella kingae | HMT-646 | Clone: 070038_218 | GB: AY551998 | Status: Named | Preferred Habitat: Unassigned | Genome: Genome: yes	236	26	3
V3V5_462_Betaproteobacteria	272	207	87.712	2	235	646_1999 | Kingella kingae | HMT-646 | Strain: ATCC 23330 | GB: AY551999 | Status: Named | Preferred Habitat: Unassigned | Genome: Genome: yes	236	26	3
# BLAST processed 1 queries
