# BLASTN 2.12.0+
# Query: V3V5_138_Actinobacteria
# Database: ../BLAST_DATABASE_ABUNDANCE/HOMD_16S_rRNA_RefSeq_V15.22.p9.fasta
# Fields: query id, bit score, identical, % identity, q. start, q. end, subject title, alignment length, mismatches, gaps
# 30 hits found
V3V5_138_Actinobacteria	449	243	100.000	1	243	739_5953 | Arachnia propionica | HMT-739 | Strain: DSM 43307 | GB: AJ315953 | Status: Named | Preferred Habitat: Oral | Genome: Genome: yes	243	0	0
V3V5_138_Actinobacteria	449	243	100.000	1	243	194BN085 | Arachnia rubra | HMT-194 | Clone: BN085 | GB: AF287757 | Status: Phylotype | Preferred Habitat: Oral | Genome: Genome: no	243	0	0
V3V5_138_Actinobacteria	411	236	97.119	1	243	915-Wade | Propionibacteriaceae [G-1] bacterium HMT 915 | HMT-915 | Clone: HS10_B_C3 | GB: KC203064 | Status: Phylotype | Preferred Habitat: Oral | Genome: Genome: no	243	7	0
V3V5_138_Actinobacteria	405	235	96.708	1	243	552_3055 | Cutibacterium avidum | HMT-552 | Strain: DSM 4901 | GB: AJ003055 | Status: Named | Preferred Habitat: Unassigned | Genome: Genome: yes	243	8	0
V3V5_138_Actinobacteria	399	234	96.296	1	243	193METC3 | Cutibacterium sp. HMT 193 | HMT-193 | Strain: Met-C3 | GB: GQ422729 | Status: Unnamed | Preferred Habitat: Unassigned | Genome: Genome: no	243	9	0
V3V5_138_Actinobacteria	399	234	96.296	1	243	114N078A | Cutibacterium granulosum | HMT-114 | Strain: JCM 6498 | GB: NR_113367 | Status: Named | Preferred Habitat: Unassigned | Genome: Genome: yes	243	9	0
V3V5_138_Actinobacteria	394	233	95.885	1	243	530N000A | Cutibacterium acnes | HMT-530 | Strain: JCM 6425 | GB: NR_113028 | Status: Named | Preferred Habitat: Oral | Genome: Genome: yes	243	10	0
V3V5_138_Actinobacteria	394	233	95.885	1	243	530_5256 | Cutibacterium acnes | HMT-530 | Strain: 63597 | GB: AF145256 | Status: Named | Preferred Habitat: Oral | Genome: Genome: yes	243	10	0
V3V5_138_Actinobacteria	383	231	95.062	1	243	191FMA5B | Propionibacterium acidifaciens | HMT-191 | Strain: FMA5 | GB: AF287756 | Status: Named | Preferred Habitat: Oral | Genome: Genome: yes	243	12	0
V3V5_138_Actinobacteria	383	231	95.062	1	243	191F0233 | Propionibacterium acidifaciens | HMT-191 | Strain: F0233 | GB: tbd | Status: Named | Preferred Habitat: Oral | Genome: Genome: yes	243	12	0
V3V5_138_Actinobacteria	377	230	94.650	1	243	192C3KA | Propionibacteriaceae [G-2] bacterium HMT 192 | HMT-192 | Strain: C3KA | GB: GQ422728 | Status: Unnamed | Preferred Habitat: Unassigned | Genome: Genome: yes	243	13	0
V3V5_138_Actinobacteria	350	225	92.593	1	243	587_9055 | Rothia dentocariosa | HMT-587 | Strain: ATCC 17931 | GB: M59055 | Status: Named | Preferred Habitat: Oral | Genome: Genome: yes	243	18	0
V3V5_138_Actinobacteria	350	225	92.593	1	243	681_4690 | Rothia mucilaginosa | HMT-681 | Strain: DY-18 | GB: NR_074690 | Status: Named | Preferred Habitat: Oral | Genome: Genome: yes	243	18	0
V3V5_138_Actinobacteria	350	225	92.593	1	243	084N058A | Kocuria palustris | HMT-084 | Strain: TAGA27 | GB: NR_026451 | Status: Named | Preferred Habitat: Unassigned | Genome: Genome: yes	243	18	0
V3V5_138_Actinobacteria	344	225	92.213	1	243	179B19SC | Actinomyces timonensis | HMT-179 | Strain: B19SC | GB: AF287748 | Status: Named | Preferred Habitat: Oral | Genome: Genome: yes	244	18	1
V3V5_138_Actinobacteria	344	225	92.213	1	243	179F0378 | Actinomyces timonensis | HMT-179 | Strain: F0378 | GB: tbd | Status: Named | Preferred Habitat: Oral | Genome: Genome: yes	244	18	1
V3V5_138_Actinobacteria	344	224	92.181	1	243	188_3025 | Rothia aeria | HMT-188 | Strain: CCUG 25688 | GB: Y13025 | Status: Named | Preferred Habitat: Oral | Genome: Genome: yes	243	19	0
V3V5_138_Actinobacteria	344	224	92.181	1	243	188_0891 | Rothia aeria | HMT-188 | Clone: ncd2429e02c1 | GB: JF210891 | Status: Named | Preferred Habitat: Oral | Genome: Genome: yes	243	19	0
V3V5_138_Actinobacteria	344	224	92.181	1	243	189AW006 | Kocuria sp. HMT 189 | HMT-189 | Clone: AW006 | GB: AF385532 | Status: Phylotype | Preferred Habitat: Unassigned | Genome: Genome: no	243	19	0
V3V5_138_Actinobacteria	344	224	92.181	1	243	822_2917 | Mycobacterium tuberculosis | HMT-822 | Strain: not listed | GB: X52917 | Status: Named | Preferred Habitat: Unassigned | Genome: Genome: yes	243	19	0
V3V5_138_Actinobacteria	344	224	92.181	1	243	692_9564 | Mycobacterium neoaurum | HMT-692 | Strain: ATCC 25795 | GB: M29564 | Status: Named | Preferred Habitat: Unassigned | Genome: Genome: yes	243	19	0
V3V5_138_Actinobacteria	339	223	91.770	1	243	197N059A | Kocuria rhizophila | HMT-197 | Strain: TA68 | GB: NR_026452 | Status: Named | Preferred Habitat: Unassigned | Genome: Genome: yes	243	20	0
V3V5_138_Actinobacteria	339	223	91.770	1	243	354N047A | Dermabacter hominis | HMT-354 | Strain: NCFB 2769 | GB: NR_119073 | Status: Named | Preferred Habitat: Unassigned | Genome: Genome: yes	243	20	0
V3V5_138_Actinobacteria	337	221	92.083	5	243	618_0414 | Actinomyces gerencseriae | HMT-618 | Strain: DSM 6844 | GB: X80414 | Status: Named | Preferred Habitat: Oral | Genome: Genome: yes	240	18	1
V3V5_138_Actinobacteria	335	224	91.429	1	243	169F496a | Actinomyces sp. HMT 169 | HMT-169 | Strain: F0496a | GB: tbd | Status: Unnamed | Preferred Habitat: Oral | Genome: Genome: no	245	19	2
V3V5_138_Actinobacteria	335	224	91.429	1	243	852F0489 | Actinomyces massiliensis | HMT-852 | Strain: F0489 | GB: tbd | Status: Named | Preferred Habitat: Oral | Genome: Genome: yes	245	19	2
V3V5_138_Actinobacteria	333	221	91.701	5	243	176_0512 | Actinomyces naeslundii | HMT-176 | Clone: 069082_029 | GB: JQ450512 | Status: Named | Preferred Habitat: Oral | Genome: Genome: yes	241	18	2
V3V5_138_Actinobacteria	333	222	91.736	5	243	849F0330 | Actinomyces johnsonii | HMT-849 | Strain: F0330 | GB: GU470900 | Status: Named | Preferred Habitat: Oral | Genome: Genome: yes	242	17	3
V3V5_138_Actinobacteria	333	221	91.701	5	243	171JA063 | Actinomyces sp. HMT 171 | HMT-171 | Clone: JA063 | GB: AY349367 | Status: Unnamed | Preferred Habitat: Oral | Genome: Genome: yes	241	18	2
V3V5_138_Actinobacteria	333	221	91.701	5	243	170AP064 | Actinomyces sp. HMT 170 | HMT-170 | Clone: AP064 | GB: AF287749 | Status: Unnamed | Preferred Habitat: Oral | Genome: Genome: yes	241	18	2
# BLAST processed 1 queries
