# BLASTN 2.12.0+
# Query: V3V5_170_Gammaproteobacteria
# Database: ../BLAST_DATABASE_ABUNDANCE/HOMD_16S_rRNA_RefSeq_V15.22.p9.fasta
# Fields: query id, bit score, identical, % identity, q. start, q. end, subject title, alignment length, mismatches, gaps
# 30 hits found
V3V5_170_Gammaproteobacteria	435	235	100.000	1	235	633_5014 | Cardiobacterium hominis | HMT-633 | Strain: ATCC 16826 | GB: M35014 | Status: Named | Preferred Habitat: Oral | Genome: Genome: yes	235	0	0
V3V5_170_Gammaproteobacteria	418	232	98.723	1	235	633_4697 | Cardiobacterium hominis | HMT-633 | Strain: AB 2167 | GB: AF144697 | Status: Named | Preferred Habitat: Oral | Genome: Genome: yes	235	3	0
V3V5_170_Gammaproteobacteria	416	232	98.723	1	235	540_4696 | Cardiobacterium valvarum | HMT-540 | Strain: AB 2168 | GB: AF144696 | Status: Named | Preferred Habitat: Oral | Genome: Genome: yes	235	2	1
V3V5_170_Gammaproteobacteria	274	205	87.983	1	232	740_6666 | Pseudomonas pseudoalcaligenes | HMT-740 | Strain: LMG 1225 | GB: Z76666 | Status: Named | Preferred Habitat: Unassigned | Genome: Genome: yes	233	27	1
V3V5_170_Gammaproteobacteria	270	207	87.712	1	232	028_5031 | Rhodocyclus sp. HMT 028 | HMT-028 | Strain: A08KA | GB: AY005031 | Status: Unnamed | Preferred Habitat: Unassigned | Genome: Genome: no	236	23	6
V3V5_170_Gammaproteobacteria	267	206	87.660	2	232	154N099C | Moraxella lincolnii | HMT-154 | Clone: ncd2795b03c1 | GB: JF239969 | Status: Named | Preferred Habitat: Nasal | Genome: Genome: yes	235	22	7
V3V5_170_Gammaproteobacteria	267	206	87.660	2	232	154N099B | Moraxella lincolnii | HMT-154 | Clone: ncd1569e11c1 | GB: JF136073 | Status: Named | Preferred Habitat: Nasal | Genome: Genome: yes	235	22	7
V3V5_170_Gammaproteobacteria	263	203	87.124	1	232	032AZ002 | Pseudomonas sp. HMT 032 | HMT-032 | Clone: AZ002 | GB: AF385547 | Status: Phylotype | Preferred Habitat: Unassigned | Genome: Genome: no	233	29	1
V3V5_170_Gammaproteobacteria	263	203	87.124	1	232	344N144A | Pseudomonas luteola | HMT-344 | Strain: NBRC 103146 | GB: NR_114215 | Status: Named | Preferred Habitat: Unassigned | Genome: Genome: yes	233	29	1
V3V5_170_Gammaproteobacteria	263	205	86.864	1	235	858_9161 | Comamonas testosteroni | HMT-858 | Strain: ATCC 11996 | GB: NR_029161 | Status: Named | Preferred Habitat: Oral | Genome: Genome: yes	236	29	2
V3V5_170_Gammaproteobacteria	263	204	86.809	1	235	216N114A | Acidovorax temperans | HMT-216 | Strain: PHL | GB: NR_028715 | Status: Named | Preferred Habitat: Unassigned | Genome: Genome: yes	235	31	0
V3V5_170_Gammaproteobacteria	263	205	86.864	1	235	211N113A | Acidovorax caeni | HMT-211 | Strain: R-24608 | GB: NR_042427 | Status: Named | Preferred Habitat: Unassigned | Genome: Genome: yes	236	29	2
V3V5_170_Gammaproteobacteria	263	204	86.809	1	235	717_3736 | Variovorax paradoxus | HMT-717 | Strain: NBRC 15149 | GB: NR_113736 | Status: Named | Preferred Habitat: Unassigned | Genome: Genome: yes	235	31	0
V3V5_170_Gammaproteobacteria	261	205	87.234	2	232	833N000A | Moraxella catarrhalis | HMT-833 | Clone: ncd1722h10c1 | GB: JF141417 | Status: Named | Preferred Habitat: Nasal | Genome: Genome: yes	235	23	7
V3V5_170_Gammaproteobacteria	261	205	87.234	2	232	833_0876 | Moraxella catarrhalis | HMT-833 | Strain: ATCC 25238 | GB: U10876 | Status: Named | Preferred Habitat: Nasal | Genome: Genome: yes	235	23	7
V3V5_170_Gammaproteobacteria	261	205	87.234	2	232	098N062C | Moraxella nonliquefaciens | HMT-098 | Clone: ncd1018e10c1 | GB: HM341635 | Status: Named | Preferred Habitat: Nasal | Genome: Genome: yes	235	23	7
V3V5_170_Gammaproteobacteria	261	205	87.234	2	232	098N062A | Moraxella nonliquefaciens | HMT-098 | Strain: 4663/62 | GB: NR_104938 | Status: Named | Preferred Habitat: Nasal | Genome: Genome: yes	235	23	7
V3V5_170_Gammaproteobacteria	257	202	86.695	1	232	477_3219 | Pseudomonas stutzeri | HMT-477 | Strain: KC | GB: AF063219 | Status: Named | Preferred Habitat: Unassigned | Genome: Genome: yes	233	30	1
V3V5_170_Gammaproteobacteria	257	203	86.383	1	235	209N112A | Acidovorax ebreus | HMT-209 | Strain: YW12 | GB: KM287569 | Status: Named | Preferred Habitat: Unassigned | Genome: Genome: yes	235	32	0
V3V5_170_Gammaproteobacteria	255	204	86.809	2	232	276N126A | Moraxella sp. HMT 276 | HMT-276 | Clone: ncd26f04c1 | GB: JF000627 | Status: Phylotype | Preferred Habitat: Unassigned | Genome: Genome: no	235	24	7
V3V5_170_Gammaproteobacteria	255	204	86.809	2	232	154N099A | Moraxella lincolnii | HMT-154 | Strain: LMG 5127 | GB: NR_117693 | Status: Named | Preferred Habitat: Nasal | Genome: Genome: yes	235	24	7
V3V5_170_Gammaproteobacteria	252	198	86.463	1	229	343_4907 | Achromobacter xylosoxidans | HMT-343 | Strain: DSM 30026 | GB: Y14907 | Status: Named | Preferred Habitat: Unassigned | Genome: Genome: yes	229	31	0
V3V5_170_Gammaproteobacteria	246	200	85.837	1	232	834_3147 | Pseudomonas otitidis | HMT-834 | Strain: MCC 10330 | GB: AY953147 | Status: Named | Preferred Habitat: Unassigned | Genome: Genome: yes	233	32	1
V3V5_170_Gammaproteobacteria	246	200	85.837	1	232	536_6651 | Pseudomonas aeruginosa | HMT-536 | Strain: LMG 1242 | GB: Z76651 | Status: Named | Preferred Habitat: Unassigned | Genome: Genome: yes	233	32	1
V3V5_170_Gammaproteobacteria	246	199	86.147	1	229	022_3223 | Lautropia mirabilis | HMT-022 | Strain: Fredericksen | GB: X73223 | Status: Named | Preferred Habitat: Oral | Genome: Genome: yes	231	28	4
V3V5_170_Gammaproteobacteria	246	197	86.026	1	229	828_2327 | Bordetella pertussis | HMT-828 | Strain: CIP 105.894 | GB: AF142327 | Status: Named | Preferred Habitat: Unassigned | Genome: Genome: yes	229	32	0
V3V5_170_Gammaproteobacteria	243	191	86.818	12	229	022AP009 | Lautropia mirabilis | HMT-022 | Clone: AP009 | GB: AY005030 | Status: Named | Preferred Habitat: Oral | Genome: Genome: yes	220	25	4
V3V5_170_Gammaproteobacteria	241	200	85.470	1	232	003_0566 | Sphingomonas echinoides | HMT-003 | Clone: nby481c06c1 | GB: HM830566 | Status: Named | Preferred Habitat: Unassigned | Genome: Genome: yes	234	31	3
V3V5_170_Gammaproteobacteria	235	195	85.153	1	229	660_5312 | Defluvibacter lusatiensis | HMT-660 | Strain: DSM 11099 | GB: NR_025312 | Status: Named | Preferred Habitat: Unassigned | Genome: Genome: no	229	34	0
V3V5_170_Gammaproteobacteria	230	195	84.783	1	229	950_9965 | Peptostreptococcaceae [XI][G-3] bacterium HMT 950 | HMT-950 | Clone: 101E03 | GB: AM419965 | Status: Phylotype | Preferred Habitat: Unassigned | Genome: Genome: no	230	33	2
# BLAST processed 1 queries
