# BLASTN 2.12.0+
# Query: V3V5_401_Firmicutes
# Database: ../BLAST_DATABASE_ABUNDANCE/HOMD_16S_rRNA_RefSeq_V15.22.p9.fasta
# Fields: query id, bit score, identical, % identity, q. start, q. end, subject title, alignment length, mismatches, gaps
# 30 hits found
V3V5_401_Firmicutes	339	227	91.532	4	249	935_8649 | Fastidiosipila sanguinis | HMT-935 | Clone: nck255g10c1 | GB: KF098649 | Status: Named | Preferred Habitat: Unassigned | Genome: Genome: no	248	18	3
V3V5_401_Firmicutes	327	226	90.400	1	249	684_1878 | Mitsuokella multacida | HMT-684 | Strain: NCTC 10934 | GB: X81878 | Status: Named | Preferred Habitat: Unassigned | Genome: Genome: yes	250	23	1
V3V5_401_Firmicutes	311	216	90.000	4	243	102FB046 | Oribacterium sp. HMT 102 | HMT-102 | Clone: FB046 | GB: GQ422713 | Status: Unnamed | Preferred Habitat: Oral | Genome: Genome: no	240	24	0
V3V5_401_Firmicutes	311	216	90.000	4	243	094DA074 | Lachnospiraceae [G-10] bacterium HMT 094 | HMT-094 | Clone: DA074 | GB: AF287768 | Status: Phylotype | Preferred Habitat: Unassigned | Genome: Genome: no	240	24	0
V3V5_401_Firmicutes	311	221	89.474	4	249	841_6094 | Megasphaera sp. HMT 841 | HMT-841 | Clone: Y14 | GB: DQ666094 | Status: Phylotype | Preferred Habitat: Unassigned | Genome: Genome: no	247	25	1
V3V5_401_Firmicutes	305	215	89.583	4	243	102_1218 | Oribacterium sp. HMT 102 | HMT-102 | Clone: MCE7_60 | GB: AF481218 | Status: Unnamed | Preferred Habitat: Oral | Genome: Genome: no	240	25	0
V3V5_401_Firmicutes	305	217	89.669	4	243	494_RDP | Lachnoanaerobaculum saburreum | HMT-494 | Strain: DSM 3986 | GB: RDP | Status: Named | Preferred Habitat: Oral | Genome: Genome: yes	242	22	3
V3V5_401_Firmicutes	305	217	89.669	4	243	494IR009 | Lachnoanaerobaculum saburreum | HMT-494 | Clone: IR009 | GB: AY349376 | Status: Named | Preferred Habitat: Oral | Genome: Genome: yes	242	22	3
V3V5_401_Firmicutes	305	217	89.669	4	243	089CK004 | Lachnoanaerobaculum sp. HMT 089 | HMT-089 | Clone: CK004 | GB: AF287776 | Status: Phylotype | Preferred Habitat: Unassigned | Genome: Genome: no	242	22	3
V3V5_401_Firmicutes	305	216	89.627	4	243	088CH017 | Lachnospiraceae [G-2] bacterium HMT 088 | HMT-088 | Clone: CH017 | GB: AF287775 | Status: Phylotype | Preferred Habitat: Oral | Genome: Genome: no	241	23	2
V3V5_401_Firmicutes	305	215	89.583	4	243	096DO008 | Lachnospiraceae [G-2] bacterium HMT 096 | HMT-096 | Clone: DO008 | GB: AF385508 | Status: Unnamed | Preferred Habitat: Oral | Genome: Genome: no	240	25	0
V3V5_401_Firmicutes	305	219	89.388	4	246	366_1208 | Ruminococcaceae [G-3] bacterium HMT 366 | HMT-366 | Clone: MCE3_9 | GB: AF481208 | Status: Phylotype | Preferred Habitat: Unassigned | Genome: Genome: no	245	23	3
V3V5_401_Firmicutes	300	221	88.400	1	249	604_8293 | Enterococcus faecalis | HMT-604 | Strain: not listed | GB: Y18293 | Status: Named | Preferred Habitat: Unassigned | Genome: Genome: yes	250	28	1
V3V5_401_Firmicutes	300	216	89.256	4	243	082BE088 | Lachnoanaerobaculum orale | HMT-082 | Clone: BE088 | GB: AF385552 | Status: Named | Preferred Habitat: Oral | Genome: Genome: yes	242	23	3
V3V5_401_Firmicutes	300	216	89.256	4	243	082F0431 | Lachnoanaerobaculum orale | HMT-082 | Strain: F0431 | GB: tbd | Status: Named | Preferred Habitat: Oral | Genome: Genome: yes	242	23	3
V3V5_401_Firmicutes	300	219	88.664	4	249	119BS016 | Dialister sp. HMT 119 | HMT-119 | Clone: BS016 | GB: AF287786 | Status: Phylotype | Preferred Habitat: Oral | Genome: Genome: no	247	27	1
V3V5_401_Firmicutes	300	218	88.980	4	246	381_8854 | Ruminococcaceae [G-3] bacterium HMT 381 | HMT-381 | Clone: P4PB_122 | GB: AF538854 | Status: Phylotype | Preferred Habitat: Unassigned | Genome: Genome: no	245	24	3
V3V5_401_Firmicutes	298	217	88.934	1	243	493JH012 | Peptostreptococcaceae [XI][G-5] bacterium HMT 493 | HMT-493 | Clone: JH012 | GB: AY349373 | Status: Phylotype | Preferred Habitat: Unassigned | Genome: Genome: no	244	23	4
V3V5_401_Firmicutes	296	215	88.843	4	243	100EI074 | Lachnospiraceae [G-3] bacterium HMT 100 | HMT-100 | Clone: EI074 | GB: AF385573 | Status: Phylotype | Preferred Habitat: Oral | Genome: Genome: no	242	25	2
V3V5_401_Firmicutes	294	220	88.000	1	249	803_6902 | Enterococcus italicus | HMT-803 | Strain: LMG 21727 | GB: AJ626902 | Status: Named | Preferred Habitat: Unassigned | Genome: Genome: yes	250	29	1
V3V5_401_Firmicutes	294	220	88.000	1	249	802_1004 | Enterococcus saccharolyticus | HMT-802 | Strain: ATCC 43076 | GB: AF061004 | Status: Named | Preferred Habitat: Unassigned | Genome: Genome: yes	250	29	1
V3V5_401_Firmicutes	294	220	88.000	1	249	801_9899 | Enterococcus casseliflavus | HMT-801 | Strain: 32 | GB: AF039899 | Status: Named | Preferred Habitat: Unassigned | Genome: Genome: yes	250	29	1
V3V5_401_Firmicutes	294	220	88.000	1	249	880_0801 | Enterococcus durans | HMT-880 | Strain: CECT 411 | GB: AJ420801 | Status: Named | Preferred Habitat: Unassigned | Genome: Genome: yes	250	29	1
V3V5_401_Firmicutes	294	216	88.889	4	243	876F0540 | Clostridiales [F-3][G-1] bacterium HMT 876 | HMT-876 | Strain: F0540 | GB: tbd | Status: Unnamed | Preferred Habitat: Unassigned | Genome: Genome: yes	243	21	6
V3V5_401_Firmicutes	294	211	89.030	7	243	080BB124 | Butyrivibrio sp. HMT 080 | HMT-080 | Clone: BB124 | GB: AF287772 | Status: Phylotype | Preferred Habitat: Oral | Genome: Genome: no	237	26	0
V3V5_401_Firmicutes	294	215	88.843	4	243	083BS091 | Lachnoanaerobaculum sp. HMT 083 | HMT-083 | Clone: BS091 | GB: AF385562 | Status: Phylotype | Preferred Habitat: Oral | Genome: Genome: yes	242	24	3
V3V5_401_Firmicutes	294	215	88.843	4	243	083BR088 | Lachnoanaerobaculum sp. HMT 083 | HMT-083 | Clone: BR088 | GB: AF385557 | Status: Phylotype | Preferred Habitat: Oral | Genome: Genome: yes	242	24	3
V3V5_401_Firmicutes	294	214	88.797	4	243	496JI012 | Lachnoanaerobaculum sp. HMT 496 | HMT-496 | Clone: JI012 | GB: AY349379 | Status: Phylotype | Preferred Habitat: Unassigned | Genome: Genome: no	241	25	2
V3V5_401_Firmicutes	294	218	88.259	4	249	123_9314 | Megasphaera sp. HMT 123 | HMT-123 | Clone: ELU0026-000399 | GB: HQ749314 | Status: Phylotype | Preferred Habitat: Oral | Genome: Genome: no	247	28	1
V3V5_401_Firmicutes	294	218	88.259	4	249	123_9043 | Megasphaera sp. HMT 123 | HMT-123 | Clone: ELU0026-000128 | GB: HQ749043 | Status: Phylotype | Preferred Habitat: Oral | Genome: Genome: no	247	28	1
# BLAST processed 1 queries
