# BLASTN 2.12.0+
# Query: V3V5_423_Firmicutes
# Database: ../BLAST_DATABASE_ABUNDANCE/HOMD_16S_rRNA_RefSeq_V15.22.p9.fasta
# Fields: query id, bit score, identical, % identity, q. start, q. end, subject title, alignment length, mismatches, gaps
# 30 hits found
V3V5_423_Firmicutes	375	236	94.024	2	250	094DA074 | Lachnospiraceae [G-10] bacterium HMT 094 | HMT-094 | Clone: DA074 | GB: AF287768 | Status: Phylotype | Preferred Habitat: Unassigned | Genome: Genome: no	251	10	5
V3V5_423_Firmicutes	368	234	93.227	1	250	086BU061 | Lachnospiraceae [G-7] bacterium HMT 086 | HMT-086 | Clone: BU061 | GB: AF385567 | Status: Phylotype | Preferred Habitat: Oral | Genome: Genome: no	251	16	1
V3V5_423_Firmicutes	357	232	92.430	1	250	163AH153 | Lachnospiraceae [G-7] bacterium HMT 163 | HMT-163 | Clone: AH153 | GB: AF287769 | Status: Phylotype | Preferred Habitat: Oral | Genome: Genome: no	251	18	1
V3V5_423_Firmicutes	348	229	91.968	2	250	096DO008 | Lachnospiraceae [G-2] bacterium HMT 096 | HMT-096 | Clone: DO008 | GB: AF385508 | Status: Unnamed | Preferred Habitat: Oral | Genome: Genome: no	249	19	1
V3V5_423_Firmicutes	344	229	91.600	2	250	494_RDP | Lachnoanaerobaculum saburreum | HMT-494 | Strain: DSM 3986 | GB: RDP | Status: Named | Preferred Habitat: Oral | Genome: Genome: yes	250	19	2
V3V5_423_Firmicutes	344	229	91.600	2	250	494IR009 | Lachnoanaerobaculum saburreum | HMT-494 | Clone: IR009 | GB: AY349376 | Status: Named | Preferred Habitat: Oral | Genome: Genome: yes	250	19	2
V3V5_423_Firmicutes	342	229	91.600	2	250	088CH017 | Lachnospiraceae [G-2] bacterium HMT 088 | HMT-088 | Clone: CH017 | GB: AF287775 | Status: Phylotype | Preferred Habitat: Oral | Genome: Genome: no	250	18	3
V3V5_423_Firmicutes	339	228	91.200	2	250	082BE088 | Lachnoanaerobaculum orale | HMT-082 | Clone: BE088 | GB: AF385552 | Status: Named | Preferred Habitat: Oral | Genome: Genome: yes	250	20	2
V3V5_423_Firmicutes	339	228	91.200	2	250	082F0431 | Lachnoanaerobaculum orale | HMT-082 | Strain: F0431 | GB: tbd | Status: Named | Preferred Habitat: Oral | Genome: Genome: yes	250	20	2
V3V5_423_Firmicutes	339	229	91.235	2	250	089CK004 | Lachnoanaerobaculum sp. HMT 089 | HMT-089 | Clone: CK004 | GB: AF287776 | Status: Phylotype | Preferred Habitat: Unassigned | Genome: Genome: no	251	18	4
V3V5_423_Firmicutes	337	227	91.165	2	250	102FB046 | Oribacterium sp. HMT 102 | HMT-102 | Clone: FB046 | GB: GQ422713 | Status: Unnamed | Preferred Habitat: Oral | Genome: Genome: no	249	21	1
V3V5_423_Firmicutes	337	227	91.165	2	250	097DO016 | Stomatobaculum sp. HMT 097 | HMT-097 | Clone: DO016 | GB: AF385510 | Status: Unnamed | Preferred Habitat: Oral | Genome: Genome: no	249	21	1
V3V5_423_Firmicutes	337	227	91.165	2	250	419_8618 | Stomatobaculum longum | HMT-419 | Clone: C4ALM087 | GB: AY278618 | Status: Named | Preferred Habitat: Oral | Genome: Genome: yes	249	21	1
V3V5_423_Firmicutes	337	227	91.165	2	250	910-Wade | Stomatobaculum sp. HMT 910 | HMT-910 | Clone: CL133 | GB: JQ406544 | Status: Phylotype | Preferred Habitat: Oral | Genome: Genome: no	249	21	1
V3V5_423_Firmicutes	333	228	90.837	1	250	495JS001 | Peptostreptococcaceae [XI][G-3] bacterium HMT 495 | HMT-495 | Clone: JS001 | GB: AY349378 | Status: Phylotype | Preferred Habitat: Oral | Genome: Genome: no	251	19	4
V3V5_423_Firmicutes	333	226	90.763	2	250	164BR063 | Catonella sp. HMT 164 | HMT-164 | Clone: BR063 | GB: AF385556 | Status: Phylotype | Preferred Habitat: Oral | Genome: Genome: no	249	23	0
V3V5_423_Firmicutes	331	227	90.800	2	250	108_5571 | Oribacterium asaccharolyticum | HMT-108 | Strain: ACB7 | GB: NR_125571 | Status: Named | Preferred Habitat: Oral | Genome: Genome: yes	250	20	3
V3V5_423_Firmicutes	331	227	90.800	2	250	108F0425 | Oribacterium asaccharolyticum | HMT-108 | Strain: F0425 | GB: tbd | Status: Named | Preferred Habitat: Oral | Genome: Genome: yes	250	20	3
V3V5_423_Firmicutes	331	227	90.800	2	250	934FTB41 | Oribacterium parvum | HMT-934 | Strain: FTB41 | GB: AF287770 | Status: Named | Preferred Habitat: Oral | Genome: Genome: yes	250	20	3
V3V5_423_Firmicutes	331	226	90.763	2	250	102_1218 | Oribacterium sp. HMT 102 | HMT-102 | Clone: MCE7_60 | GB: AF481218 | Status: Unnamed | Preferred Habitat: Oral | Genome: Genome: no	249	22	1
V3V5_423_Firmicutes	331	226	90.763	2	250	635_7152 | Johnsonella ignava | HMT-635 | Strain: ATCC 51276 | GB: X87152 | Status: Named | Preferred Habitat: Oral | Genome: Genome: yes	249	21	2
V3V5_423_Firmicutes	329	223	91.020	1	245	593_7874 | Mogibacterium diversum | HMT-593 | Strain: ATCC 700923 | GB: AB037874 | Status: Named | Preferred Habitat: Oral | Genome: Genome: no	245	20	2
V3V5_423_Firmicutes	327	223	91.020	1	245	691_7875 | Mogibacterium neglectum | HMT-691 | Strain: ATCC 700924 | GB: AB037875 | Status: Named | Preferred Habitat: Oral | Genome: Genome: no	245	19	3
V3V5_423_Firmicutes	327	223	91.020	1	245	742_1701 | Mogibacterium pumilum | HMT-742 | Strain: ATCC 700696 | GB: AB021701 | Status: Named | Preferred Habitat: Unassigned | Genome: Genome: yes	245	19	3
V3V5_423_Firmicutes	327	225	90.726	1	247	383_8856 | Peptostreptococcaceae [XI][G-1] bacterium HMT 383 | HMT-383 | Clone: P2PB_46 | GB: AF538856 | Status: Phylotype | Preferred Habitat: Unassigned | Genome: Genome: no	248	19	4
V3V5_423_Firmicutes	327	223	91.020	1	244	467_6963 | Peptostreptococcaceae [XI][G-1] [Eubacterium] sulci | HMT-467 | Strain: ATCC 35585 | GB: AJ006963 | Status: Named | Preferred Habitat: Oral | Genome: Genome: yes	245	18	4
V3V5_423_Firmicutes	327	226	90.400	2	250	107F0167 | Lachnoanaerobaculum umeaense | HMT-107 | Strain: F0167 | GB: tbd | Status: Named | Preferred Habitat: Oral | Genome: Genome: yes	250	22	2
V3V5_423_Firmicutes	326	227	90.438	2	250	934_5570 | Oribacterium parvum | HMT-934 | Strain: ACB1 | GB: NR_125570 | Status: Named | Preferred Habitat: Oral | Genome: Genome: yes	251	19	5
V3V5_423_Firmicutes	326	227	90.438	2	250	457F0268 | Oribacterium sinus | HMT-457 | Strain: F0268 | GB: FJ577261 | Status: Named | Preferred Habitat: Oral | Genome: Genome: yes	251	19	5
V3V5_423_Firmicutes	326	225	90.361	2	250	090CK030 | Butyrivibrio sp. HMT 090 | HMT-090 | Clone: CK030 | GB: AF287773 | Status: Phylotype | Preferred Habitat: Unassigned | Genome: Genome: no	249	23	1
# BLAST processed 1 queries
