# BLASTN 2.12.0+
# Query: V3V5_043_Firmicutes
# Database: ../BLAST_DATABASE_ABUNDANCE/HOMD_16S_rRNA_RefSeq_V15.22.p9.fasta
# Fields: query id, bit score, identical, % identity, q. start, q. end, subject title, alignment length, mismatches, gaps
# 30 hits found
V3V5_043_Firmicutes	460	249	100.000	1	249	096DO008 | Lachnospiraceae [G-2] bacterium HMT 096 | HMT-096 | Clone: DO008 | GB: AF385508 | Status: Unnamed | Preferred Habitat: Oral | Genome: Genome: no	249	0	0
V3V5_043_Firmicutes	411	242	96.414	1	249	088CH017 | Lachnospiraceae [G-2] bacterium HMT 088 | HMT-088 | Clone: CH017 | GB: AF287775 | Status: Phylotype | Preferred Habitat: Oral | Genome: Genome: no	251	5	4
V3V5_043_Firmicutes	383	235	94.378	1	249	496JI012 | Lachnoanaerobaculum sp. HMT 496 | HMT-496 | Clone: JI012 | GB: AY349379 | Status: Phylotype | Preferred Habitat: Unassigned | Genome: Genome: no	249	14	0
V3V5_043_Firmicutes	383	235	94.378	1	249	166CK051 | Johnsonella sp. HMT 166 | HMT-166 | Clone: CK051 | GB: AF287774 | Status: Phylotype | Preferred Habitat: Oral | Genome: Genome: no	249	14	0
V3V5_043_Firmicutes	379	236	94.024	1	249	100EI074 | Lachnospiraceae [G-3] bacterium HMT 100 | HMT-100 | Clone: EI074 | GB: AF385573 | Status: Phylotype | Preferred Habitat: Oral | Genome: Genome: no	251	13	2
V3V5_043_Firmicutes	372	235	93.625	1	249	494_RDP | Lachnoanaerobaculum saburreum | HMT-494 | Strain: DSM 3986 | GB: RDP | Status: Named | Preferred Habitat: Oral | Genome: Genome: yes	251	13	3
V3V5_043_Firmicutes	372	235	93.625	1	249	494IR009 | Lachnoanaerobaculum saburreum | HMT-494 | Clone: IR009 | GB: AY349376 | Status: Named | Preferred Habitat: Oral | Genome: Genome: yes	251	13	3
V3V5_043_Firmicutes	366	232	93.173	1	249	102FB046 | Oribacterium sp. HMT 102 | HMT-102 | Clone: FB046 | GB: GQ422713 | Status: Unnamed | Preferred Habitat: Oral | Genome: Genome: no	249	17	0
V3V5_043_Firmicutes	366	235	93.254	1	249	107F0167 | Lachnoanaerobaculum umeaense | HMT-107 | Strain: F0167 | GB: tbd | Status: Named | Preferred Habitat: Oral | Genome: Genome: yes	252	12	5
V3V5_043_Firmicutes	366	234	93.227	1	249	082BE088 | Lachnoanaerobaculum orale | HMT-082 | Clone: BE088 | GB: AF385552 | Status: Named | Preferred Habitat: Oral | Genome: Genome: yes	251	14	3
V3V5_043_Firmicutes	366	234	93.227	1	249	082F0431 | Lachnoanaerobaculum orale | HMT-082 | Strain: F0431 | GB: tbd | Status: Named | Preferred Habitat: Oral | Genome: Genome: yes	251	14	3
V3V5_043_Firmicutes	366	234	93.227	1	249	089CK004 | Lachnoanaerobaculum sp. HMT 089 | HMT-089 | Clone: CK004 | GB: AF287776 | Status: Phylotype | Preferred Habitat: Unassigned | Genome: Genome: no	251	14	3
V3V5_043_Firmicutes	366	232	93.173	1	249	094DA074 | Lachnospiraceae [G-10] bacterium HMT 094 | HMT-094 | Clone: DA074 | GB: AF287768 | Status: Phylotype | Preferred Habitat: Unassigned | Genome: Genome: no	249	17	0
V3V5_043_Firmicutes	364	232	93.173	2	249	108_5571 | Oribacterium asaccharolyticum | HMT-108 | Strain: ACB7 | GB: NR_125571 | Status: Named | Preferred Habitat: Oral | Genome: Genome: yes	249	15	2
V3V5_043_Firmicutes	364	232	93.173	2	249	108F0425 | Oribacterium asaccharolyticum | HMT-108 | Strain: F0425 | GB: tbd | Status: Named | Preferred Habitat: Oral | Genome: Genome: yes	249	15	2
V3V5_043_Firmicutes	364	231	93.145	2	249	934FTB41 | Oribacterium parvum | HMT-934 | Strain: FTB41 | GB: AF287770 | Status: Named | Preferred Habitat: Oral | Genome: Genome: yes	248	17	0
V3V5_043_Firmicutes	361	231	92.771	1	249	102_1218 | Oribacterium sp. HMT 102 | HMT-102 | Clone: MCE7_60 | GB: AF481218 | Status: Unnamed | Preferred Habitat: Oral | Genome: Genome: no	249	18	0
V3V5_043_Firmicutes	361	233	92.829	1	249	083BS091 | Lachnoanaerobaculum sp. HMT 083 | HMT-083 | Clone: BS091 | GB: AF385562 | Status: Phylotype | Preferred Habitat: Oral | Genome: Genome: yes	251	15	3
V3V5_043_Firmicutes	361	233	92.829	1	249	083BR088 | Lachnoanaerobaculum sp. HMT 083 | HMT-083 | Clone: BR088 | GB: AF385557 | Status: Phylotype | Preferred Habitat: Oral | Genome: Genome: yes	251	15	3
V3V5_043_Firmicutes	359	230	92.742	2	249	934_5570 | Oribacterium parvum | HMT-934 | Strain: ACB1 | GB: NR_125570 | Status: Named | Preferred Habitat: Oral | Genome: Genome: yes	248	18	0
V3V5_043_Firmicutes	359	230	92.742	2	249	457F0268 | Oribacterium sinus | HMT-457 | Strain: F0268 | GB: FJ577261 | Status: Named | Preferred Habitat: Oral | Genome: Genome: yes	248	18	0
V3V5_043_Firmicutes	348	228	91.935	2	249	090CK030 | Butyrivibrio sp. HMT 090 | HMT-090 | Clone: CK030 | GB: AF287773 | Status: Phylotype | Preferred Habitat: Unassigned | Genome: Genome: no	248	20	0
V3V5_043_Firmicutes	348	229	91.968	1	249	635_7152 | Johnsonella ignava | HMT-635 | Strain: ATCC 51276 | GB: X87152 | Status: Named | Preferred Habitat: Oral | Genome: Genome: yes	249	19	1
V3V5_043_Firmicutes	344	229	91.600	1	249	080BB124 | Butyrivibrio sp. HMT 080 | HMT-080 | Clone: BB124 | GB: AF287772 | Status: Phylotype | Preferred Habitat: Oral | Genome: Genome: no	250	19	2
V3V5_043_Firmicutes	337	227	91.165	2	249	164BR063 | Catonella sp. HMT 164 | HMT-164 | Clone: BR063 | GB: AF385556 | Status: Phylotype | Preferred Habitat: Oral | Genome: Genome: no	249	21	1
V3V5_043_Firmicutes	333	226	90.763	1	249	097DO016 | Stomatobaculum sp. HMT 097 | HMT-097 | Clone: DO016 | GB: AF385510 | Status: Unnamed | Preferred Habitat: Oral | Genome: Genome: no	249	23	0
V3V5_043_Firmicutes	333	226	90.763	1	249	419_8618 | Stomatobaculum longum | HMT-419 | Clone: C4ALM087 | GB: AY278618 | Status: Named | Preferred Habitat: Oral | Genome: Genome: yes	249	23	0
V3V5_043_Firmicutes	333	226	90.763	1	249	910-Wade | Stomatobaculum sp. HMT 910 | HMT-910 | Clone: CL133 | GB: JQ406544 | Status: Phylotype | Preferred Habitat: Oral | Genome: Genome: no	249	23	0
V3V5_043_Firmicutes	331	225	90.726	2	249	455GI038 | Butyrivibrio sp. HMT 455 | HMT-455 | Clone: GI038 | GB: AY349374 | Status: Phylotype | Preferred Habitat: Oral | Genome: Genome: no	248	23	0
V3V5_043_Firmicutes	331	226	90.763	2	249	165EZ006 | Catonella morbi | HMT-165 | Clone: EZ006 | GB: AF385577 | Status: Named | Preferred Habitat: Oral | Genome: Genome: yes	249	22	1
# BLAST processed 1 queries
