# BLASTN 2.12.0+
# Query: V3V5_238_Firmicutes
# Database: ../BLAST_DATABASE_ABUNDANCE/HOMD_16S_rRNA_RefSeq_V15.22.p9.fasta
# Fields: query id, bit score, identical, % identity, q. start, q. end, subject title, alignment length, mismatches, gaps
# 30 hits found
V3V5_238_Firmicutes	453	245	100.000	1	245	539_6962 | Filifactor alocis | HMT-539 | Strain: ATCC 35896 | GB: AJ006962 | Status: Named | Preferred Habitat: Oral | Genome: Genome: yes	245	0	0
V3V5_238_Firmicutes	377	234	94.355	1	245	383_8856 | Peptostreptococcaceae [XI][G-1] bacterium HMT 383 | HMT-383 | Clone: P2PB_46 | GB: AF538856 | Status: Phylotype | Preferred Habitat: Unassigned | Genome: Genome: no	248	11	3
V3V5_238_Firmicutes	372	233	93.952	1	245	467_6963 | Peptostreptococcaceae [XI][G-1] [Eubacterium] sulci | HMT-467 | Strain: ATCC 35585 | GB: AJ006963 | Status: Named | Preferred Habitat: Oral | Genome: Genome: yes	248	12	3
V3V5_238_Firmicutes	366	232	93.548	1	245	105_3039 | Peptostreptococcaceae [XI][G-1] [Eubacterium] infirmum | HMT-105 | Strain: W1471 | GB: U13039 | Status: Named | Preferred Habitat: Oral | Genome: Genome: yes	248	13	3
V3V5_238_Firmicutes	357	231	92.771	1	245	369_1212 | Peptostreptococcaceae [XI][G-4] bacterium HMT 369 | HMT-369 | Clone: MCE10_174 | GB: AF481212 | Status: Phylotype | Preferred Habitat: Oral | Genome: Genome: no	249	14	4
V3V5_238_Firmicutes	355	226	93.388	1	239	103_2604 | Peptostreptococcaceae [XI][G-4] bacterium HMT 103 | HMT-103 | Clone: PUS9.170 | GB: AJ012604 | Status: Phylotype | Preferred Habitat: Oral | Genome: Genome: no	242	13	3
V3V5_238_Firmicutes	350	225	92.975	1	239	950_9965 | Peptostreptococcaceae [XI][G-3] bacterium HMT 950 | HMT-950 | Clone: 101E03 | GB: AM419965 | Status: Phylotype | Preferred Habitat: Unassigned | Genome: Genome: no	242	14	3
V3V5_238_Firmicutes	350	228	92.308	1	245	493JH012 | Peptostreptococcaceae [XI][G-5] bacterium HMT 493 | HMT-493 | Clone: JH012 | GB: AY349373 | Status: Phylotype | Preferred Habitat: Unassigned | Genome: Genome: no	247	17	2
V3V5_238_Firmicutes	346	225	92.593	1	240	495JS001 | Peptostreptococcaceae [XI][G-3] bacterium HMT 495 | HMT-495 | Clone: JS001 | GB: AY349378 | Status: Phylotype | Preferred Habitat: Oral | Genome: Genome: no	243	15	3
V3V5_238_Firmicutes	344	228	91.935	1	245	742_1701 | Mogibacterium pumilum | HMT-742 | Strain: ATCC 700696 | GB: AB021701 | Status: Named | Preferred Habitat: Unassigned | Genome: Genome: yes	248	16	4
V3V5_238_Firmicutes	344	228	91.935	1	245	042W9173 | Mogibacterium timidum | HMT-042 | Strain: W9173 | GB: tbd | Status: Named | Preferred Habitat: Oral | Genome: Genome: yes	248	17	3
V3V5_238_Firmicutes	342	222	92.500	1	239	790EX153 | Peptoniphilaceae [G-2] bacterium HMT 790 | HMT-790 | Clone: EX153 | GB: AY134899 | Status: Phylotype | Preferred Habitat: Unassigned | Genome: Genome: no	240	17	1
V3V5_238_Firmicutes	340	228	91.566	1	245	557_3038 | Peptostreptococcaceae [XI][G-9] [Eubacterium] brachy | HMT-557 | Strain: ATCC 33089 | GB: U13038 | Status: Named | Preferred Habitat: Oral | Genome: Genome: yes	249	17	4
V3V5_238_Firmicutes	340	228	91.566	1	245	112A21H2 | Peptostreptococcus stomatis | HMT-112 | Strain: A21H2 | GB: GQ422715 | Status: Named | Preferred Habitat: Oral | Genome: Genome: yes	249	17	4
V3V5_238_Firmicutes	340	228	91.566	1	245	112CK035 | Peptostreptococcus stomatis | HMT-112 | Clone: CK035 | GB: AF287763 | Status: Named | Preferred Habitat: Oral | Genome: Genome: yes	249	17	4
V3V5_238_Firmicutes	340	228	91.566	1	245	542_6462 | Peptostreptococcus anaerobius | HMT-542 | Strain: NCTC 11460 | GB: AY326462 | Status: Named | Preferred Habitat: Oral | Genome: Genome: yes	249	17	4
V3V5_238_Firmicutes	339	226	91.498	1	245	113W5053 | Peptoniphilaceae [G-1] bacterium HMT 113 | HMT-113 | Strain: W5053 | GB: tbd | Status: Unnamed | Preferred Habitat: Oral | Genome: Genome: yes	247	19	2
V3V5_238_Firmicutes	339	226	91.498	1	245	113DA014 | Peptoniphilaceae [G-1] bacterium HMT 113 | HMT-113 | Clone: DA014 | GB: AF287766 | Status: Unnamed | Preferred Habitat: Oral | Genome: Genome: yes	247	19	2
V3V5_238_Firmicutes	339	221	92.469	1	239	375_1225 | Peptoniphilus sp. HMT 375 | HMT-375 | Strain: E3_32 | GB: AF481225 | Status: Unnamed | Preferred Habitat: Unassigned | Genome: Genome: yes	239	15	3
V3V5_238_Firmicutes	339	222	92.116	1	239	929W2294 | Peptoniphilaceae [G-3] bacterium HMT 929 | HMT-929 | Strain: W2294 | GB: tbd | Status: Unnamed | Preferred Habitat: Unassigned | Genome: Genome: no	241	17	2
V3V5_238_Firmicutes	339	227	91.532	1	245	593_7874 | Mogibacterium diversum | HMT-593 | Strain: ATCC 700923 | GB: AB037874 | Status: Named | Preferred Habitat: Oral | Genome: Genome: no	248	18	3
V3V5_238_Firmicutes	339	227	91.532	1	245	691_7875 | Mogibacterium neglectum | HMT-691 | Strain: ATCC 700924 | GB: AB037875 | Status: Named | Preferred Habitat: Oral | Genome: Genome: no	248	17	4
V3V5_238_Firmicutes	339	227	91.532	2	245	876F0540 | Clostridiales [F-3][G-1] bacterium HMT 876 | HMT-876 | Strain: F0540 | GB: tbd | Status: Unnamed | Preferred Habitat: Unassigned | Genome: Genome: yes	248	17	4
V3V5_238_Firmicutes	337	225	91.463	2	245	662N000B | Finegoldia magna | HMT-662 | Strain: JCM 1766 | GB: NR_113383 | Status: Named | Preferred Habitat: Unassigned | Genome: Genome: yes	246	19	2
V3V5_238_Firmicutes	337	225	91.463	2	245	662_4677 | Finegoldia magna | HMT-662 | Strain: ATCC 29328 | GB: NR_074677 | Status: Named | Preferred Habitat: Unassigned | Genome: Genome: yes	246	19	2
V3V5_238_Firmicutes	335	220	92.050	1	238	111BS044 | Parvimonas micra | HMT-111 | Clone: BS044 | GB: AF385559 | Status: Named | Preferred Habitat: Oral | Genome: Genome: yes	239	18	1
V3V5_238_Firmicutes	335	220	92.050	1	238	111_3523 | Parvimonas micra | HMT-111 | Strain: ATCC 33270 | GB: AY323523 | Status: Named | Preferred Habitat: Oral | Genome: Genome: yes	239	18	1
V3V5_238_Firmicutes	335	220	92.050	1	238	110_6545 | Parvimonas sp. HMT 110 | HMT-110 | Strain: MDA2346-2 | GB: AY286545 | Status: Unnamed | Preferred Habitat: Oral | Genome: Genome: yes	239	18	1
V3V5_238_Firmicutes	335	220	92.050	1	238	110HE064 | Parvimonas sp. HMT 110 | HMT-110 | Clone: HE064 | GB: GQ422714 | Status: Unnamed | Preferred Habitat: Oral | Genome: Genome: yes	239	18	1
V3V5_238_Firmicutes	335	220	92.050	1	238	393_7059 | Parvimonas sp. HMT 393 | HMT-393 | Strain: P4P_31 | GB: AY207059 | Status: Unnamed | Preferred Habitat: Oral | Genome: Genome: yes	239	18	1
# BLAST processed 1 queries
