# BLASTN 2.12.0+
# Query: V3V5_438_Firmicutes
# Database: ../BLAST_DATABASE_ABUNDANCE/HOMD_16S_rRNA_RefSeq_V15.22.p9.fasta
# Fields: query id, bit score, identical, % identity, q. start, q. end, subject title, alignment length, mismatches, gaps
# 30 hits found
V3V5_438_Firmicutes	364	234	93.227	2	250	094DA074 | Lachnospiraceae [G-10] bacterium HMT 094 | HMT-094 | Clone: DA074 | GB: AF287768 | Status: Phylotype | Preferred Habitat: Unassigned | Genome: Genome: no	251	12	5
V3V5_438_Firmicutes	361	224	94.118	14	250	086BU061 | Lachnospiraceae [G-7] bacterium HMT 086 | HMT-086 | Clone: BU061 | GB: AF385567 | Status: Phylotype | Preferred Habitat: Oral | Genome: Genome: no	238	13	1
V3V5_438_Firmicutes	359	231	92.771	2	250	102FB046 | Oribacterium sp. HMT 102 | HMT-102 | Clone: FB046 | GB: GQ422713 | Status: Unnamed | Preferred Habitat: Oral | Genome: Genome: no	249	17	1
V3V5_438_Firmicutes	359	231	92.771	2	250	096DO008 | Lachnospiraceae [G-2] bacterium HMT 096 | HMT-096 | Clone: DO008 | GB: AF385508 | Status: Unnamed | Preferred Habitat: Oral | Genome: Genome: no	249	17	1
V3V5_438_Firmicutes	355	231	92.400	1	250	495JS001 | Peptostreptococcaceae [XI][G-3] bacterium HMT 495 | HMT-495 | Clone: JS001 | GB: AY349378 | Status: Phylotype | Preferred Habitat: Oral | Genome: Genome: no	250	17	2
V3V5_438_Firmicutes	353	230	92.369	2	250	102_1218 | Oribacterium sp. HMT 102 | HMT-102 | Clone: MCE7_60 | GB: AF481218 | Status: Unnamed | Preferred Habitat: Oral | Genome: Genome: no	249	18	1
V3V5_438_Firmicutes	353	230	92.369	2	250	088CH017 | Lachnospiraceae [G-2] bacterium HMT 088 | HMT-088 | Clone: CH017 | GB: AF287775 | Status: Phylotype | Preferred Habitat: Oral | Genome: Genome: no	249	18	1
V3V5_438_Firmicutes	350	230	92.000	2	250	494_RDP | Lachnoanaerobaculum saburreum | HMT-494 | Strain: DSM 3986 | GB: RDP | Status: Named | Preferred Habitat: Oral | Genome: Genome: yes	250	18	2
V3V5_438_Firmicutes	350	230	92.000	2	250	494IR009 | Lachnoanaerobaculum saburreum | HMT-494 | Clone: IR009 | GB: AY349376 | Status: Named | Preferred Habitat: Oral | Genome: Genome: yes	250	18	2
V3V5_438_Firmicutes	350	222	93.277	14	250	163AH153 | Lachnospiraceae [G-7] bacterium HMT 163 | HMT-163 | Clone: AH153 | GB: AF287769 | Status: Phylotype | Preferred Habitat: Oral | Genome: Genome: no	238	15	1
V3V5_438_Firmicutes	348	230	92.000	2	250	934_5570 | Oribacterium parvum | HMT-934 | Strain: ACB1 | GB: NR_125570 | Status: Named | Preferred Habitat: Oral | Genome: Genome: yes	250	17	3
V3V5_438_Firmicutes	348	230	92.000	2	250	457F0268 | Oribacterium sinus | HMT-457 | Strain: F0268 | GB: FJ577261 | Status: Named | Preferred Habitat: Oral | Genome: Genome: yes	250	17	3
V3V5_438_Firmicutes	344	227	91.903	1	247	383_8856 | Peptostreptococcaceae [XI][G-1] bacterium HMT 383 | HMT-383 | Clone: P2PB_46 | GB: AF538856 | Status: Phylotype | Preferred Habitat: Unassigned | Genome: Genome: no	247	18	2
V3V5_438_Firmicutes	344	229	91.600	2	250	082BE088 | Lachnoanaerobaculum orale | HMT-082 | Clone: BE088 | GB: AF385552 | Status: Named | Preferred Habitat: Oral | Genome: Genome: yes	250	19	2
V3V5_438_Firmicutes	344	229	91.600	2	250	082F0431 | Lachnoanaerobaculum orale | HMT-082 | Strain: F0431 | GB: tbd | Status: Named | Preferred Habitat: Oral | Genome: Genome: yes	250	19	2
V3V5_438_Firmicutes	344	230	91.633	2	250	089CK004 | Lachnoanaerobaculum sp. HMT 089 | HMT-089 | Clone: CK004 | GB: AF287776 | Status: Phylotype | Preferred Habitat: Unassigned | Genome: Genome: no	251	17	4
V3V5_438_Firmicutes	342	230	91.633	2	250	108_5571 | Oribacterium asaccharolyticum | HMT-108 | Strain: ACB7 | GB: NR_125571 | Status: Named | Preferred Habitat: Oral | Genome: Genome: yes	251	16	5
V3V5_438_Firmicutes	342	230	91.633	2	250	108F0425 | Oribacterium asaccharolyticum | HMT-108 | Strain: F0425 | GB: tbd | Status: Named | Preferred Habitat: Oral | Genome: Genome: yes	251	16	5
V3V5_438_Firmicutes	342	228	91.566	2	250	934FTB41 | Oribacterium parvum | HMT-934 | Strain: FTB41 | GB: AF287770 | Status: Named | Preferred Habitat: Oral | Genome: Genome: yes	249	20	1
V3V5_438_Firmicutes	339	224	91.803	1	244	467_6963 | Peptostreptococcaceae [XI][G-1] [Eubacterium] sulci | HMT-467 | Strain: ATCC 35585 | GB: AJ006963 | Status: Named | Preferred Habitat: Oral | Genome: Genome: yes	244	18	2
V3V5_438_Firmicutes	339	228	91.200	1	250	950_9965 | Peptostreptococcaceae [XI][G-3] bacterium HMT 950 | HMT-950 | Clone: 101E03 | GB: AM419965 | Status: Phylotype | Preferred Habitat: Unassigned | Genome: Genome: no	250	20	2
V3V5_438_Firmicutes	337	228	91.200	2	250	078F0262 | Oribacterium sp. HMT 078 | HMT-078 | Strain: F0262 | GB: tbd | Status: Unnamed | Preferred Habitat: Oral | Genome: Genome: yes	250	19	3
V3V5_438_Firmicutes	337	228	91.200	2	250	078AO068 | Oribacterium sp. HMT 078 | HMT-078 | Clone: AO068 | GB: AF287771 | Status: Unnamed | Preferred Habitat: Oral | Genome: Genome: yes	250	19	3
V3V5_438_Firmicutes	337	228	91.200	2	250	078F263a | Oribacterium sp. HMT 078 | HMT-078 | Strain: F0263a | GB: tbd | Status: Unnamed | Preferred Habitat: Oral | Genome: Genome: yes	250	19	3
V3V5_438_Firmicutes	337	228	91.200	2	250	078F263b | Oribacterium sp. HMT 078 | HMT-078 | Strain: F0263b | GB: tbd | Status: Unnamed | Preferred Habitat: Oral | Genome: Genome: yes	250	19	3
V3V5_438_Firmicutes	333	223	91.393	1	244	105_3039 | Peptostreptococcaceae [XI][G-1] [Eubacterium] infirmum | HMT-105 | Strain: W1471 | GB: U13039 | Status: Named | Preferred Habitat: Oral | Genome: Genome: yes	244	19	2
V3V5_438_Firmicutes	333	223	91.393	7	250	080BB124 | Butyrivibrio sp. HMT 080 | HMT-080 | Clone: BB124 | GB: AF287772 | Status: Phylotype | Preferred Habitat: Oral | Genome: Genome: no	244	20	1
V3V5_438_Firmicutes	333	229	90.873	2	250	107F0167 | Lachnoanaerobaculum umeaense | HMT-107 | Strain: F0167 | GB: tbd | Status: Named | Preferred Habitat: Oral | Genome: Genome: yes	252	17	6
V3V5_438_Firmicutes	331	226	90.763	2	250	496JI012 | Lachnoanaerobaculum sp. HMT 496 | HMT-496 | Clone: JI012 | GB: AY349379 | Status: Phylotype | Preferred Habitat: Unassigned | Genome: Genome: no	249	22	1
V3V5_438_Firmicutes	331	226	90.763	2	250	166CK051 | Johnsonella sp. HMT 166 | HMT-166 | Clone: CK051 | GB: AF287774 | Status: Phylotype | Preferred Habitat: Oral | Genome: Genome: no	249	22	1
# BLAST processed 1 queries
