# BLASTN 2.12.0+
# Query: V3V5_308_Firmicutes
# Database: ../BLAST_DATABASE_ABUNDANCE/HOMD_16S_rRNA_RefSeq_V15.22.p9.fasta
# Fields: query id, bit score, identical, % identity, q. start, q. end, subject title, alignment length, mismatches, gaps
# 30 hits found
V3V5_308_Firmicutes	457	249	99.600	1	250	150_K024 | Veillonellaceae [G-1] bacterium HMT 150 | HMT-150 | Clone: _K024 | GB: GQ422721 | Status: Phylotype | Preferred Habitat: Oral | Genome: Genome: no	250	1	0
V3V5_308_Firmicutes	457	249	99.600	1	250	132CS015 | Veillonellaceae [G-1] bacterium HMT 132 | HMT-132 | Clone: CS015 | GB: AF287791 | Status: Phylotype | Preferred Habitat: Oral | Genome: Genome: no	250	1	0
V3V5_308_Firmicutes	457	249	99.600	1	250	129FNA3 | Veillonellaceae [G-1] bacterium HMT 129 | HMT-129 | Strain: FNA3 | GB: GQ422718 | Status: Lost | Preferred Habitat: Oral | Genome: Genome: no	250	1	0
V3V5_308_Firmicutes	451	248	99.200	1	250	155_8628 | Veillonellaceae [G-1] bacterium HMT 155 | HMT-155 | Clone: C3MLM071 | GB: AY278628 | Status: Lost | Preferred Habitat: Oral | Genome: Genome: no	250	2	0
V3V5_308_Firmicutes	451	248	99.200	1	250	155GAA14 | Veillonellaceae [G-1] bacterium HMT 155 | HMT-155 | Strain: GAA14 | GB: AF287789 | Status: Lost | Preferred Habitat: Oral | Genome: Genome: no	250	2	0
V3V5_308_Firmicutes	451	248	99.200	1	250	135_0932 | Veillonellaceae [G-1] bacterium HMT 135 | HMT-135 | Clone: ncd1699h10c1 | GB: JF140932 | Status: Phylotype | Preferred Habitat: Oral | Genome: Genome: no	250	2	0
V3V5_308_Firmicutes	451	248	99.200	1	250	150_7052 | Veillonellaceae [G-1] bacterium HMT 150 | HMT-150 | Clone: P2PA_80 | GB: AY207052 | Status: Phylotype | Preferred Habitat: Oral | Genome: Genome: no	250	2	0
V3V5_308_Firmicutes	446	247	98.800	1	250	148EZ011 | Veillonellaceae [G-1] bacterium HMT 148 | HMT-148 | Clone: EZ011 | GB: AF385578 | Status: Phylotype | Preferred Habitat: Unassigned | Genome: Genome: no	250	3	0
V3V5_308_Firmicutes	446	247	98.800	1	250	135DM071 | Veillonellaceae [G-1] bacterium HMT 135 | HMT-135 | Clone: DM071 | GB: AF287790 | Status: Phylotype | Preferred Habitat: Oral | Genome: Genome: no	250	3	0
V3V5_308_Firmicutes	440	246	98.400	1	250	145EW079 | Veillonellaceae [G-1] bacterium HMT 145 | HMT-145 | Clone: EW079 | GB: AF385502 | Status: Phylotype | Preferred Habitat: Oral | Genome: Genome: no	250	4	0
V3V5_308_Firmicutes	440	246	98.400	1	250	918-Wade | Veillonellaceae [G-1] bacterium HMT 918 | HMT-918 | Clone: DL111 | GB: JQ406537 | Status: Phylotype | Preferred Habitat: Unassigned | Genome: Genome: no	250	4	0
V3V5_308_Firmicutes	435	245	98.000	1	250	483JS031 | Veillonellaceae [G-1] bacterium HMT 483 | HMT-483 | Clone: JS031 | GB: AY349410 | Status: Phylotype | Preferred Habitat: Oral | Genome: Genome: no	250	5	0
V3V5_308_Firmicutes	422	242	97.189	2	250	138DS071 | Selenomonas sp. HMT 138 | HMT-138 | Clone: DS071 | GB: AF366274 | Status: Unnamed | Preferred Habitat: Oral | Genome: Genome: yes	249	7	0
V3V5_308_Firmicutes	422	242	97.189	2	250	639Sinfe | Selenomonas infelix | HMT-639 | Strain: ATCC 43532 | GB: AF287802 | Status: Named | Preferred Habitat: Oral | Genome: Genome: yes	249	7	0
V3V5_308_Firmicutes	422	242	97.189	2	250	919WadeB | Selenomonas sp. HMT 919 | HMT-919 | Strain: W7667 | GB: tbd | Status: Unnamed | Preferred Habitat: Oral | Genome: Genome: no	249	7	0
V3V5_308_Firmicutes	422	242	97.189	2	250	139_Z048 | Selenomonas dianae | HMT-139 | Clone: _Z048 | GB: GQ422719 | Status: Named | Preferred Habitat: Oral | Genome: Genome: no	249	7	0
V3V5_308_Firmicutes	422	242	97.189	2	250	139DY027 | Selenomonas dianae | HMT-139 | Clone: DY027 | GB: AF385492 | Status: Named | Preferred Habitat: Oral | Genome: Genome: no	249	7	0
V3V5_308_Firmicutes	422	242	97.189	2	250	139Sdian | Selenomonas dianae | HMT-139 | Strain: ATCC 43527 | GB: AF287801 | Status: Named | Preferred Habitat: Oral | Genome: Genome: no	249	7	0
V3V5_308_Firmicutes	422	242	97.189	2	250	146EW084 | Selenomonas sp. HMT 146 | HMT-146 | Clone: EW084 | GB: AF385503 | Status: Lost | Preferred Habitat: Oral | Genome: Genome: no	249	7	0
V3V5_308_Firmicutes	422	242	97.189	2	250	936_4994 | Selenomonas sp. HMT 936 | HMT-936 | Clone: ncd436f04c1 | GB: HM324994 | Status: Phylotype | Preferred Habitat: Unassigned | Genome: Genome: no	249	7	0
V3V5_308_Firmicutes	422	242	97.189	2	250	126AJ036 | Selenomonas sp. HMT 126 | HMT-126 | Clone: AJ036 | GB: AF287800 | Status: Unnamed | Preferred Habitat: Oral | Genome: Genome: no	249	7	0
V3V5_308_Firmicutes	422	242	97.189	2	250	919WadeA | Selenomonas sp. HMT 919 | HMT-919 | Strain: W7667 | GB: tbd | Status: Unnamed | Preferred Habitat: Oral | Genome: Genome: no	249	7	0
V3V5_308_Firmicutes	422	242	97.189	2	250	126EY047 | Selenomonas sp. HMT 126 | HMT-126 | Clone: EY047 | GB: AF385576 | Status: Unnamed | Preferred Habitat: Oral | Genome: Genome: no	249	7	0
V3V5_308_Firmicutes	422	242	97.189	2	250	481IK004 | Selenomonas sp. HMT 481 | HMT-481 | Clone: IK004 | GB: AY349407 | Status: Lost | Preferred Habitat: Oral | Genome: Genome: no	249	7	0
V3V5_308_Firmicutes	422	242	97.189	2	250	481_4667 | Selenomonas sp. HMT 481 | HMT-481 | Clone: 069096_081 | GB: JQ454667 | Status: Lost | Preferred Habitat: Oral | Genome: Genome: no	249	7	0
V3V5_308_Firmicutes	422	242	97.189	2	250	726_0963 | Centipeda periodontii | HMT-726 | Strain: DSM 2778 | GB: AJ010963 | Status: Named | Preferred Habitat: Oral | Genome: Genome: yes	249	7	0
V3V5_308_Firmicutes	422	242	97.189	2	250	479GT010 | Selenomonas sp. HMT 479 | HMT-479 | Clone: GT010 | GB: AY349405 | Status: Lost | Preferred Habitat: Oral | Genome: Genome: no	249	7	0
V3V5_308_Firmicutes	422	242	97.189	2	250	920-Wade | Selenomonas sp. HMT 920 | HMT-920 | Strain: W5150 | GB: tbd | Status: Unnamed | Preferred Habitat: Oral | Genome: Genome: no	249	7	0
V3V5_308_Firmicutes	422	242	97.189	2	250	892F0426 | Selenomonas sp. HMT 892 | HMT-892 | Strain: F0426 | GB: tbd | Status: Unnamed | Preferred Habitat: Oral | Genome: Genome: yes	249	7	0
V3V5_308_Firmicutes	422	242	97.189	2	250	124F0399 | Selenomonas artemidis | HMT-124 | Strain: F0399 | GB: HM596274 | Status: Named | Preferred Habitat: Oral | Genome: Genome: yes	249	7	0
# BLAST processed 1 queries
