# BLASTN 2.12.0+
# Query: V3V5_232_Firmicutes
# Database: ../BLAST_DATABASE_ABUNDANCE/HOMD_16S_rRNA_RefSeq_V15.22.p9.fasta
# Fields: query id, bit score, identical, % identity, q. start, q. end, subject title, alignment length, mismatches, gaps
# 30 hits found
V3V5_232_Firmicutes	383	237	94.422	1	248	089CK004 | Lachnoanaerobaculum sp. HMT 089 | HMT-089 | Clone: CK004 | GB: AF287776 | Status: Phylotype | Preferred Habitat: Unassigned | Genome: Genome: no	251	10	4
V3V5_232_Firmicutes	377	235	94.000	1	248	107F0167 | Lachnoanaerobaculum umeaense | HMT-107 | Strain: F0167 | GB: tbd | Status: Named | Preferred Habitat: Oral | Genome: Genome: yes	250	13	2
V3V5_232_Firmicutes	377	235	94.000	1	248	082BE088 | Lachnoanaerobaculum orale | HMT-082 | Clone: BE088 | GB: AF385552 | Status: Named | Preferred Habitat: Oral | Genome: Genome: yes	250	13	2
V3V5_232_Firmicutes	377	235	94.000	1	248	082F0431 | Lachnoanaerobaculum orale | HMT-082 | Strain: F0431 | GB: tbd | Status: Named | Preferred Habitat: Oral | Genome: Genome: yes	250	13	2
V3V5_232_Firmicutes	372	234	93.600	1	248	494_RDP | Lachnoanaerobaculum saburreum | HMT-494 | Strain: DSM 3986 | GB: RDP | Status: Named | Preferred Habitat: Oral | Genome: Genome: yes	250	14	2
V3V5_232_Firmicutes	372	234	93.600	1	248	494IR009 | Lachnoanaerobaculum saburreum | HMT-494 | Clone: IR009 | GB: AY349376 | Status: Named | Preferred Habitat: Oral | Genome: Genome: yes	250	14	2
V3V5_232_Firmicutes	372	236	93.651	1	248	100EI074 | Lachnospiraceae [G-3] bacterium HMT 100 | HMT-100 | Clone: EI074 | GB: AF385573 | Status: Phylotype | Preferred Habitat: Oral | Genome: Genome: no	252	11	5
V3V5_232_Firmicutes	370	232	93.548	1	248	635_7152 | Johnsonella ignava | HMT-635 | Strain: ATCC 51276 | GB: X87152 | Status: Named | Preferred Habitat: Oral | Genome: Genome: yes	248	16	0
V3V5_232_Firmicutes	366	234	93.227	1	248	083BS091 | Lachnoanaerobaculum sp. HMT 083 | HMT-083 | Clone: BS091 | GB: AF385562 | Status: Phylotype | Preferred Habitat: Oral | Genome: Genome: yes	251	13	4
V3V5_232_Firmicutes	366	234	93.227	1	248	083BR088 | Lachnoanaerobaculum sp. HMT 083 | HMT-083 | Clone: BR088 | GB: AF385557 | Status: Phylotype | Preferred Habitat: Oral | Genome: Genome: yes	251	13	4
V3V5_232_Firmicutes	364	232	93.173	1	248	088CH017 | Lachnospiraceae [G-2] bacterium HMT 088 | HMT-088 | Clone: CH017 | GB: AF287775 | Status: Phylotype | Preferred Habitat: Oral | Genome: Genome: no	249	16	1
V3V5_232_Firmicutes	359	232	92.800	1	248	496JI012 | Lachnoanaerobaculum sp. HMT 496 | HMT-496 | Clone: JI012 | GB: AY349379 | Status: Phylotype | Preferred Habitat: Unassigned | Genome: Genome: no	250	15	3
V3V5_232_Firmicutes	353	231	92.400	1	248	166CK051 | Johnsonella sp. HMT 166 | HMT-166 | Clone: CK051 | GB: AF287774 | Status: Phylotype | Preferred Habitat: Oral | Genome: Genome: no	250	16	3
V3V5_232_Firmicutes	348	229	91.968	1	248	097DO016 | Stomatobaculum sp. HMT 097 | HMT-097 | Clone: DO016 | GB: AF385510 | Status: Unnamed | Preferred Habitat: Oral | Genome: Genome: no	249	19	1
V3V5_232_Firmicutes	348	229	91.968	1	248	419_8618 | Stomatobaculum longum | HMT-419 | Clone: C4ALM087 | GB: AY278618 | Status: Named | Preferred Habitat: Oral | Genome: Genome: yes	249	19	1
V3V5_232_Firmicutes	348	229	91.968	1	248	910-Wade | Stomatobaculum sp. HMT 910 | HMT-910 | Clone: CL133 | GB: JQ406544 | Status: Phylotype | Preferred Habitat: Oral | Genome: Genome: no	249	19	1
V3V5_232_Firmicutes	342	229	91.600	1	248	094DA074 | Lachnospiraceae [G-10] bacterium HMT 094 | HMT-094 | Clone: DA074 | GB: AF287768 | Status: Phylotype | Preferred Habitat: Unassigned | Genome: Genome: no	250	18	3
V3V5_232_Firmicutes	340	231	91.667	2	248	090CK030 | Butyrivibrio sp. HMT 090 | HMT-090 | Clone: CK030 | GB: AF287773 | Status: Phylotype | Preferred Habitat: Unassigned | Genome: Genome: no	252	12	9
V3V5_232_Firmicutes	337	227	91.165	1	248	102FB046 | Oribacterium sp. HMT 102 | HMT-102 | Clone: FB046 | GB: GQ422713 | Status: Unnamed | Preferred Habitat: Oral | Genome: Genome: no	249	21	1
V3V5_232_Firmicutes	337	227	91.165	1	248	080BB124 | Butyrivibrio sp. HMT 080 | HMT-080 | Clone: BB124 | GB: AF287772 | Status: Phylotype | Preferred Habitat: Oral | Genome: Genome: no	249	21	1
V3V5_232_Firmicutes	337	227	91.165	1	248	096DO008 | Lachnospiraceae [G-2] bacterium HMT 096 | HMT-096 | Clone: DO008 | GB: AF385508 | Status: Unnamed | Preferred Habitat: Oral | Genome: Genome: no	249	21	1
V3V5_232_Firmicutes	337	227	91.165	2	248	164BR063 | Catonella sp. HMT 164 | HMT-164 | Clone: BR063 | GB: AF385556 | Status: Phylotype | Preferred Habitat: Oral | Genome: Genome: no	249	20	2
V3V5_232_Firmicutes	335	226	91.129	2	248	108_5571 | Oribacterium asaccharolyticum | HMT-108 | Strain: ACB7 | GB: NR_125571 | Status: Named | Preferred Habitat: Oral | Genome: Genome: yes	248	21	1
V3V5_232_Firmicutes	335	226	91.129	2	248	108F0425 | Oribacterium asaccharolyticum | HMT-108 | Strain: F0425 | GB: tbd | Status: Named | Preferred Habitat: Oral | Genome: Genome: yes	248	21	1
V3V5_232_Firmicutes	335	226	91.129	2	248	934FTB41 | Oribacterium parvum | HMT-934 | Strain: FTB41 | GB: AF287770 | Status: Named | Preferred Habitat: Oral | Genome: Genome: yes	248	21	1
V3V5_232_Firmicutes	331	226	90.763	1	248	102_1218 | Oribacterium sp. HMT 102 | HMT-102 | Clone: MCE7_60 | GB: AF481218 | Status: Unnamed | Preferred Habitat: Oral | Genome: Genome: no	249	22	1
V3V5_232_Firmicutes	331	227	90.800	2	248	165EZ006 | Catonella morbi | HMT-165 | Clone: EZ006 | GB: AF385577 | Status: Named | Preferred Habitat: Oral | Genome: Genome: yes	250	19	4
V3V5_232_Firmicutes	326	229	90.514	1	248	095_9956 | Shuttleworthia satelles | HMT-095 | Strain: D143K-13 | GB: AF399956 | Status: Named | Preferred Habitat: Oral | Genome: Genome: yes	253	15	9
V3V5_232_Firmicutes	326	226	90.400	2	248	165_7151 | Catonella morbi | HMT-165 | Strain: ATCC 51271 | GB: X87151 | Status: Named | Preferred Habitat: Oral | Genome: Genome: yes	250	20	4
V3V5_232_Firmicutes	324	224	90.323	2	248	934_5570 | Oribacterium parvum | HMT-934 | Strain: ACB1 | GB: NR_125570 | Status: Named | Preferred Habitat: Oral | Genome: Genome: yes	248	23	1
# BLAST processed 1 queries
