# BLASTN 2.12.0+
# Query: V3V5_248_Firmicutes
# Database: ../BLAST_DATABASE_ABUNDANCE/HOMD_16S_rRNA_RefSeq_V15.22.p9.fasta
# Fields: query id, bit score, identical, % identity, q. start, q. end, subject title, alignment length, mismatches, gaps
# 30 hits found
V3V5_248_Firmicutes	457	249	99.600	1	250	168_I070 | Peptococcus sp. HMT 168 | HMT-168 | Clone: _I070 | GB: AF287780 | Status: Phylotype | Preferred Habitat: Oral | Genome: Genome: no	250	1	0
V3V5_248_Firmicutes	451	248	99.200	1	250	167_1292 | Peptococcus sp. HMT 167 | HMT-167 | Clone: 34q_22 | GB: HE681292 | Status: Lost | Preferred Habitat: Oral | Genome: Genome: no	250	2	0
V3V5_248_Firmicutes	451	248	99.200	1	250	167GEA8 | Peptococcus sp. HMT 167 | HMT-167 | Strain: GEA8 | GB: GQ422727 | Status: Lost | Preferred Habitat: Oral | Genome: Genome: no	250	2	0
V3V5_248_Firmicutes	324	223	90.283	4	250	048_5540 | Paenibacillus sp. HMT 048 | HMT-048 | Clone: CA007 | GB: AF385540 | Status: Phylotype | Preferred Habitat: Unassigned | Genome: Genome: no	247	24	0
V3V5_248_Firmicutes	324	222	90.984	2	245	539_6962 | Filifactor alocis | HMT-539 | Strain: ATCC 35896 | GB: AJ006962 | Status: Named | Preferred Habitat: Oral | Genome: Genome: yes	244	17	5
V3V5_248_Firmicutes	316	221	90.204	2	245	876F0540 | Clostridiales [F-3][G-1] bacterium HMT 876 | HMT-876 | Strain: F0540 | GB: tbd | Status: Unnamed | Preferred Habitat: Unassigned | Genome: Genome: yes	245	21	3
V3V5_248_Firmicutes	313	219	89.754	2	245	843_3837 | Dialister micraerophilus | HMT-843 | Strain: ADV 04.01 | GB: AF473837 | Status: Named | Preferred Habitat: Oral | Genome: Genome: yes	244	25	0
V3V5_248_Firmicutes	311	218	89.712	2	244	119BS016 | Dialister sp. HMT 119 | HMT-119 | Clone: BS016 | GB: AF287786 | Status: Phylotype | Preferred Habitat: Oral | Genome: Genome: no	243	25	0
V3V5_248_Firmicutes	309	223	89.200	2	250	495JS001 | Peptostreptococcaceae [XI][G-3] bacterium HMT 495 | HMT-495 | Clone: JS001 | GB: AY349378 | Status: Phylotype | Preferred Habitat: Oral | Genome: Genome: no	250	23	4
V3V5_248_Firmicutes	307	220	89.069	4	250	921-Wade | Paenibacillus glucanolyticus | HMT-921 | Strain: W10507 | GB: tbd | Status: Named | Preferred Habitat: Unassigned | Genome: Genome: yes	247	27	0
V3V5_248_Firmicutes	305	218	89.344	2	245	383_8856 | Peptostreptococcaceae [XI][G-1] bacterium HMT 383 | HMT-383 | Clone: P2PB_46 | GB: AF538856 | Status: Phylotype | Preferred Habitat: Unassigned | Genome: Genome: no	244	24	2
V3V5_248_Firmicutes	305	221	88.755	2	250	684_1878 | Mitsuokella multacida | HMT-684 | Strain: NCTC 10934 | GB: X81878 | Status: Named | Preferred Habitat: Unassigned | Genome: Genome: yes	249	28	0
V3V5_248_Firmicutes	303	218	89.344	2	244	467_6963 | Peptostreptococcaceae [XI][G-1] [Eubacterium] sulci | HMT-467 | Strain: ATCC 35585 | GB: AJ006963 | Status: Named | Preferred Habitat: Oral | Genome: Genome: yes	244	22	4
V3V5_248_Firmicutes	303	218	89.344	2	244	103_2604 | Peptostreptococcaceae [XI][G-4] bacterium HMT 103 | HMT-103 | Clone: PUS9.170 | GB: AJ012604 | Status: Phylotype | Preferred Habitat: Oral | Genome: Genome: no	244	22	4
V3V5_248_Firmicutes	303	218	89.344	2	244	369_1212 | Peptostreptococcaceae [XI][G-4] bacterium HMT 369 | HMT-369 | Clone: MCE10_174 | GB: AF481212 | Status: Phylotype | Preferred Habitat: Oral | Genome: Genome: no	244	22	4
V3V5_248_Firmicutes	302	217	88.934	2	245	118BS095 | Dialister invisus | HMT-118 | Clone: BS095 | GB: AF287787 | Status: Named | Preferred Habitat: Oral | Genome: Genome: yes	244	27	0
V3V5_248_Firmicutes	302	217	88.934	2	245	118GBA27 | Dialister invisus | HMT-118 | Strain: GBA27 | GB: AF287788 | Status: Named | Preferred Habitat: Oral | Genome: Genome: yes	244	27	0
V3V5_248_Firmicutes	298	217	88.934	2	244	105_3039 | Peptostreptococcaceae [XI][G-1] [Eubacterium] infirmum | HMT-105 | Strain: W1471 | GB: U13039 | Status: Named | Preferred Habitat: Oral | Genome: Genome: yes	244	23	4
V3V5_248_Firmicutes	296	216	88.889	2	244	113W5053 | Peptoniphilaceae [G-1] bacterium HMT 113 | HMT-113 | Strain: W5053 | GB: tbd | Status: Unnamed | Preferred Habitat: Oral | Genome: Genome: yes	243	23	4
V3V5_248_Firmicutes	296	216	88.889	2	244	113DA014 | Peptoniphilaceae [G-1] bacterium HMT 113 | HMT-113 | Clone: DA014 | GB: AF287766 | Status: Unnamed | Preferred Habitat: Oral | Genome: Genome: yes	243	23	4
V3V5_248_Firmicutes	296	216	88.525	2	245	736Dpneu | Dialister pneumosintes | HMT-736 | Strain: ATCC 33048 | GB: X82500 | Status: Named | Preferred Habitat: Oral | Genome: Genome: yes	244	28	0
V3V5_248_Firmicutes	294	221	88.048	1	250	934_5570 | Oribacterium parvum | HMT-934 | Strain: ACB1 | GB: NR_125570 | Status: Named | Preferred Habitat: Oral | Genome: Genome: yes	251	27	3
V3V5_248_Firmicutes	294	221	88.048	1	250	457F0268 | Oribacterium sinus | HMT-457 | Strain: F0268 | GB: FJ577261 | Status: Named | Preferred Habitat: Oral | Genome: Genome: yes	251	27	3
V3V5_248_Firmicutes	294	221	88.048	1	250	078F0262 | Oribacterium sp. HMT 078 | HMT-078 | Strain: F0262 | GB: tbd | Status: Unnamed | Preferred Habitat: Oral | Genome: Genome: yes	251	27	3
V3V5_248_Firmicutes	294	221	88.048	1	250	078AO068 | Oribacterium sp. HMT 078 | HMT-078 | Clone: AO068 | GB: AF287771 | Status: Unnamed | Preferred Habitat: Oral | Genome: Genome: yes	251	27	3
V3V5_248_Firmicutes	294	221	88.048	1	250	078F263a | Oribacterium sp. HMT 078 | HMT-078 | Strain: F0263a | GB: tbd | Status: Unnamed | Preferred Habitat: Oral | Genome: Genome: yes	251	27	3
V3V5_248_Firmicutes	294	221	88.048	1	250	078F263b | Oribacterium sp. HMT 078 | HMT-078 | Strain: F0263b | GB: tbd | Status: Unnamed | Preferred Habitat: Oral | Genome: Genome: yes	251	27	3
V3V5_248_Firmicutes	294	215	88.477	2	244	841_6094 | Megasphaera sp. HMT 841 | HMT-841 | Clone: Y14 | GB: DQ666094 | Status: Phylotype | Preferred Habitat: Unassigned | Genome: Genome: no	243	28	0
V3V5_248_Firmicutes	292	216	88.525	2	244	950_9965 | Peptostreptococcaceae [XI][G-3] bacterium HMT 950 | HMT-950 | Clone: 101E03 | GB: AM419965 | Status: Phylotype | Preferred Habitat: Unassigned | Genome: Genome: no	244	24	4
V3V5_248_Firmicutes	292	220	88.000	2	250	102FB046 | Oribacterium sp. HMT 102 | HMT-102 | Clone: FB046 | GB: GQ422713 | Status: Unnamed | Preferred Habitat: Oral | Genome: Genome: no	250	27	3
# BLAST processed 1 queries
