# BLASTN 2.12.0+
# Query: V3V5_454_Firmicutes
# Database: ../BLAST_DATABASE_ABUNDANCE/HOMD_16S_rRNA_RefSeq_V15.22.p9.fasta
# Fields: query id, bit score, identical, % identity, q. start, q. end, subject title, alignment length, mismatches, gaps
# 30 hits found
V3V5_454_Firmicutes	300	221	88.400	1	249	841_6094 | Megasphaera sp. HMT 841 | HMT-841 | Clone: Y14 | GB: DQ666094 | Status: Phylotype | Preferred Habitat: Unassigned | Genome: Genome: no	250	28	1
V3V5_454_Firmicutes	294	220	88.000	1	249	119BS016 | Dialister sp. HMT 119 | HMT-119 | Clone: BS016 | GB: AF287786 | Status: Phylotype | Preferred Habitat: Oral | Genome: Genome: no	250	29	1
V3V5_454_Firmicutes	294	216	88.525	1	243	843_3837 | Dialister micraerophilus | HMT-843 | Strain: ADV 04.01 | GB: AF473837 | Status: Named | Preferred Habitat: Oral | Genome: Genome: yes	244	27	1
V3V5_454_Firmicutes	289	216	88.163	1	243	118BS095 | Dialister invisus | HMT-118 | Clone: BS095 | GB: AF287787 | Status: Named | Preferred Habitat: Oral | Genome: Genome: yes	245	26	3
V3V5_454_Firmicutes	289	216	88.163	1	243	118GBA27 | Dialister invisus | HMT-118 | Strain: GBA27 | GB: AF287788 | Status: Named | Preferred Habitat: Oral | Genome: Genome: yes	245	26	3
V3V5_454_Firmicutes	283	215	87.755	1	243	736Dpneu | Dialister pneumosintes | HMT-736 | Strain: ATCC 33048 | GB: X82500 | Status: Named | Preferred Habitat: Oral | Genome: Genome: yes	245	27	3
V3V5_454_Firmicutes	281	215	87.755	2	243	876F0540 | Clostridiales [F-3][G-1] bacterium HMT 876 | HMT-876 | Strain: F0540 | GB: tbd | Status: Unnamed | Preferred Habitat: Unassigned | Genome: Genome: yes	245	24	6
V3V5_454_Firmicutes	281	213	87.654	2	243	402_7065 | Clostridiales [F-1][G-2] bacterium HMT 402 | HMT-402 | Clone: P4PA_66 | GB: AY207065 | Status: Phylotype | Preferred Habitat: Unassigned | Genome: Genome: no	243	29	1
V3V5_454_Firmicutes	278	213	87.295	1	243	102FB046 | Oribacterium sp. HMT 102 | HMT-102 | Clone: FB046 | GB: GQ422713 | Status: Unnamed | Preferred Habitat: Oral | Genome: Genome: no	244	29	2
V3V5_454_Firmicutes	276	212	87.243	2	243	108_5571 | Oribacterium asaccharolyticum | HMT-108 | Strain: ACB7 | GB: NR_125571 | Status: Named | Preferred Habitat: Oral | Genome: Genome: yes	243	29	2
V3V5_454_Firmicutes	276	212	87.243	2	243	108F0425 | Oribacterium asaccharolyticum | HMT-108 | Strain: F0425 | GB: tbd | Status: Named | Preferred Habitat: Oral | Genome: Genome: yes	243	29	2
V3V5_454_Firmicutes	272	212	86.885	1	243	102_1218 | Oribacterium sp. HMT 102 | HMT-102 | Clone: MCE7_60 | GB: AF481218 | Status: Unnamed | Preferred Habitat: Oral | Genome: Genome: no	244	30	2
V3V5_454_Firmicutes	270	211	86.831	2	243	934FTB41 | Oribacterium parvum | HMT-934 | Strain: FTB41 | GB: AF287770 | Status: Named | Preferred Habitat: Oral | Genome: Genome: yes	243	30	2
V3V5_454_Firmicutes	270	211	86.831	2	243	934_5570 | Oribacterium parvum | HMT-934 | Strain: ACB1 | GB: NR_125570 | Status: Named | Preferred Habitat: Oral | Genome: Genome: yes	243	30	2
V3V5_454_Firmicutes	270	211	86.831	2	243	457F0268 | Oribacterium sinus | HMT-457 | Strain: F0268 | GB: FJ577261 | Status: Named | Preferred Habitat: Oral | Genome: Genome: yes	243	30	2
V3V5_454_Firmicutes	270	216	86.400	2	249	684_1878 | Mitsuokella multacida | HMT-684 | Strain: NCTC 10934 | GB: X81878 | Status: Named | Preferred Habitat: Unassigned | Genome: Genome: yes	250	31	3
V3V5_454_Firmicutes	267	212	86.531	1	243	107F0167 | Lachnoanaerobaculum umeaense | HMT-107 | Strain: F0167 | GB: tbd | Status: Named | Preferred Habitat: Oral | Genome: Genome: yes	245	30	3
V3V5_454_Firmicutes	267	212	86.531	1	243	082BE088 | Lachnoanaerobaculum orale | HMT-082 | Clone: BE088 | GB: AF385552 | Status: Named | Preferred Habitat: Oral | Genome: Genome: yes	245	30	3
V3V5_454_Firmicutes	267	212	86.531	1	243	082F0431 | Lachnoanaerobaculum orale | HMT-082 | Strain: F0431 | GB: tbd | Status: Named | Preferred Habitat: Oral | Genome: Genome: yes	245	30	3
V3V5_454_Firmicutes	267	212	86.531	1	243	494_RDP | Lachnoanaerobaculum saburreum | HMT-494 | Strain: DSM 3986 | GB: RDP | Status: Named | Preferred Habitat: Oral | Genome: Genome: yes	245	30	3
V3V5_454_Firmicutes	267	212	86.531	1	243	494IR009 | Lachnoanaerobaculum saburreum | HMT-494 | Clone: IR009 | GB: AY349376 | Status: Named | Preferred Habitat: Oral | Genome: Genome: yes	245	30	3
V3V5_454_Firmicutes	263	209	86.364	2	243	495JS001 | Peptostreptococcaceae [XI][G-3] bacterium HMT 495 | HMT-495 | Clone: JS001 | GB: AY349378 | Status: Phylotype | Preferred Habitat: Oral | Genome: Genome: no	242	32	1
V3V5_454_Firmicutes	261	211	86.122	1	243	496JI012 | Lachnoanaerobaculum sp. HMT 496 | HMT-496 | Clone: JI012 | GB: AY349379 | Status: Phylotype | Preferred Habitat: Unassigned | Genome: Genome: no	245	30	4
V3V5_454_Firmicutes	261	209	86.008	1	243	096DO008 | Lachnospiraceae [G-2] bacterium HMT 096 | HMT-096 | Clone: DO008 | GB: AF385508 | Status: Unnamed | Preferred Habitat: Oral | Genome: Genome: no	243	34	0
V3V5_454_Firmicutes	261	206	86.555	13	249	935_8649 | Fastidiosipila sanguinis | HMT-935 | Clone: nck255g10c1 | GB: KF098649 | Status: Named | Preferred Habitat: Unassigned | Genome: Genome: no	238	31	1
V3V5_454_Firmicutes	259	206	86.555	13	249	703_1623 | Desulfomicrobium orale | HMT-703 | Strain: DSM 12838 | GB: AJ251623 | Status: Named | Preferred Habitat: Oral | Genome: Genome: yes	238	28	4
V3V5_454_Firmicutes	257	204	86.441	15	249	435_1821 | Syntrophomonadaceae [VIII][G-1] bacterium HMT 435 | HMT-435 | Clone: P4PB_66 | GB: AY341821 | Status: Phylotype | Preferred Habitat: Unassigned | Genome: Genome: no	236	31	1
V3V5_454_Firmicutes	255	209	86.008	2	243	539_6962 | Filifactor alocis | HMT-539 | Strain: ATCC 35896 | GB: AJ006962 | Status: Named | Preferred Habitat: Oral | Genome: Genome: yes	243	28	6
V3V5_454_Firmicutes	255	210	85.714	1	243	083BS091 | Lachnoanaerobaculum sp. HMT 083 | HMT-083 | Clone: BS091 | GB: AF385562 | Status: Phylotype | Preferred Habitat: Oral | Genome: Genome: yes	245	32	3
V3V5_454_Firmicutes	255	210	85.714	1	243	083BR088 | Lachnoanaerobaculum sp. HMT 083 | HMT-083 | Clone: BR088 | GB: AF385557 | Status: Phylotype | Preferred Habitat: Oral | Genome: Genome: yes	245	32	3
# BLAST processed 1 queries
