# BLASTN 2.12.0+
# Query: V3V5_417_Firmicutes
# Database: ../BLAST_DATABASE_ABUNDANCE/HOMD_16S_rRNA_RefSeq_V15.22.p9.fasta
# Fields: query id, bit score, identical, % identity, q. start, q. end, subject title, alignment length, mismatches, gaps
# 30 hits found
V3V5_417_Firmicutes	318	218	90.833	12	249	935_8649 | Fastidiosipila sanguinis | HMT-935 | Clone: nck255g10c1 | GB: KF098649 | Status: Named | Preferred Habitat: Unassigned | Genome: Genome: no	240	19	3
V3V5_417_Firmicutes	316	224	89.600	1	249	684_1878 | Mitsuokella multacida | HMT-684 | Strain: NCTC 10934 | GB: X81878 | Status: Named | Preferred Habitat: Unassigned | Genome: Genome: yes	250	25	1
V3V5_417_Firmicutes	300	219	88.664	4	249	841_6094 | Megasphaera sp. HMT 841 | HMT-841 | Clone: Y14 | GB: DQ666094 | Status: Phylotype | Preferred Habitat: Unassigned | Genome: Genome: no	247	27	1
V3V5_417_Firmicutes	294	216	88.889	4	243	876F0540 | Clostridiales [F-3][G-1] bacterium HMT 876 | HMT-876 | Strain: F0540 | GB: tbd | Status: Unnamed | Preferred Habitat: Unassigned | Genome: Genome: yes	243	21	6
V3V5_417_Firmicutes	289	213	88.382	4	243	165EZ006 | Catonella morbi | HMT-165 | Clone: EZ006 | GB: AF385577 | Status: Named | Preferred Habitat: Oral | Genome: Genome: yes	241	27	1
V3V5_417_Firmicutes	289	217	87.854	4	249	119BS016 | Dialister sp. HMT 119 | HMT-119 | Clone: BS016 | GB: AF287786 | Status: Phylotype | Preferred Habitat: Oral | Genome: Genome: no	247	29	1
V3V5_417_Firmicutes	287	214	88.066	1	243	495JS001 | Peptostreptococcaceae [XI][G-3] bacterium HMT 495 | HMT-495 | Clone: JS001 | GB: AY349378 | Status: Phylotype | Preferred Habitat: Oral | Genome: Genome: no	243	28	1
V3V5_417_Firmicutes	285	206	89.177	14	243	493JH012 | Peptostreptococcaceae [XI][G-5] bacterium HMT 493 | HMT-493 | Clone: JH012 | GB: AY349373 | Status: Phylotype | Preferred Habitat: Unassigned | Genome: Genome: no	231	21	4
V3V5_417_Firmicutes	285	211	88.285	7	243	086BU061 | Lachnospiraceae [G-7] bacterium HMT 086 | HMT-086 | Clone: BU061 | GB: AF385567 | Status: Phylotype | Preferred Habitat: Oral | Genome: Genome: no	239	26	2
V3V5_417_Firmicutes	283	221	87.352	1	249	389_0541 | Abiotrophia defectiva | HMT-389 | Strain: ATCC 49176 | GB: D50541 | Status: Named | Preferred Habitat: Oral | Genome: Genome: yes	253	25	7
V3V5_417_Firmicutes	283	221	87.352	1	249	241N118A | Brochothrix thermosphacta | HMT-241 | Strain: FSL F6-1036 | GB: NR_113587 | Status: Named | Preferred Habitat: Unassigned | Genome: Genome: yes	253	25	7
V3V5_417_Firmicutes	283	211	87.917	4	243	094DA074 | Lachnospiraceae [G-10] bacterium HMT 094 | HMT-094 | Clone: DA074 | GB: AF287768 | Status: Phylotype | Preferred Habitat: Unassigned | Genome: Genome: no	240	29	0
V3V5_417_Firmicutes	283	216	87.449	4	249	123_9314 | Megasphaera sp. HMT 123 | HMT-123 | Clone: ELU0026-000399 | GB: HQ749314 | Status: Phylotype | Preferred Habitat: Oral | Genome: Genome: no	247	30	1
V3V5_417_Firmicutes	283	216	87.449	4	249	123_9043 | Megasphaera sp. HMT 123 | HMT-123 | Clone: ELU0026-000128 | GB: HQ749043 | Status: Phylotype | Preferred Habitat: Oral | Genome: Genome: no	247	30	1
V3V5_417_Firmicutes	281	208	88.511	14	246	381_8854 | Ruminococcaceae [G-3] bacterium HMT 381 | HMT-381 | Clone: P4PB_122 | GB: AF538854 | Status: Phylotype | Preferred Habitat: Unassigned | Genome: Genome: no	235	24	3
V3V5_417_Firmicutes	278	211	87.552	4	243	165_7151 | Catonella morbi | HMT-165 | Strain: ATCC 51271 | GB: X87151 | Status: Named | Preferred Habitat: Oral | Genome: Genome: yes	241	29	1
V3V5_417_Firmicutes	278	211	87.552	4	243	164BR063 | Catonella sp. HMT 164 | HMT-164 | Clone: BR063 | GB: AF385556 | Status: Phylotype | Preferred Habitat: Oral | Genome: Genome: no	241	29	1
V3V5_417_Firmicutes	276	207	88.085	14	246	366_1208 | Ruminococcaceae [G-3] bacterium HMT 366 | HMT-366 | Clone: MCE3_9 | GB: AF481208 | Status: Phylotype | Preferred Habitat: Unassigned | Genome: Genome: no	235	25	3
V3V5_417_Firmicutes	274	203	88.261	14	243	467_6963 | Peptostreptococcaceae [XI][G-1] [Eubacterium] sulci | HMT-467 | Strain: ATCC 35585 | GB: AJ006963 | Status: Named | Preferred Habitat: Oral | Genome: Genome: yes	230	26	1
V3V5_417_Firmicutes	272	218	86.508	1	249	803_6902 | Enterococcus italicus | HMT-803 | Strain: LMG 21727 | GB: AJ626902 | Status: Named | Preferred Habitat: Unassigned | Genome: Genome: yes	252	29	5
V3V5_417_Firmicutes	272	218	86.508	1	249	880_0801 | Enterococcus durans | HMT-880 | Strain: CECT 411 | GB: AJ420801 | Status: Named | Preferred Habitat: Unassigned | Genome: Genome: yes	252	29	5
V3V5_417_Firmicutes	272	219	86.561	1	249	786F0064 | Paenibacillus phoenicis | HMT-786 | Strain: F0064 | GB: GQ422747 | Status: Named | Preferred Habitat: Unassigned | Genome: Genome: yes	253	27	7
V3V5_417_Firmicutes	272	209	87.083	4	243	924_9209 | Lachnospiraceae [G-9] bacterium HMT 924 | HMT-924 | Clone: rRNA436 | GB: AY959209 | Status: Phylotype | Preferred Habitat: Unassigned | Genome: Genome: no	240	31	0
V3V5_417_Firmicutes	272	209	87.083	4	243	096DO008 | Lachnospiraceae [G-2] bacterium HMT 096 | HMT-096 | Clone: DO008 | GB: AF385508 | Status: Unnamed | Preferred Habitat: Oral | Genome: Genome: no	240	31	0
V3V5_417_Firmicutes	272	212	86.885	1	243	521_3628 | Mitsuokella sp. HMT 521 | HMT-521 | Clone: MB5_P06 | GB: DQ003628 | Status: Phylotype | Preferred Habitat: Oral | Genome: Genome: no	244	31	1
V3V5_417_Firmicutes	272	214	86.640	4	249	122_6527 | Megasphaera micronuciformis | HMT-122 | Clone: 16sps19-3e12.p1k | GB: FM996527 | Status: Named | Preferred Habitat: Oral | Genome: Genome: yes	247	32	1
V3V5_417_Firmicutes	272	214	86.640	4	249	122BU057 | Megasphaera micronuciformis | HMT-122 | Clone: BU057 | GB: AF385566 | Status: Named | Preferred Habitat: Oral | Genome: Genome: yes	247	32	1
V3V5_417_Firmicutes	270	211	86.831	1	243	112A21H2 | Peptostreptococcus stomatis | HMT-112 | Strain: A21H2 | GB: GQ422715 | Status: Named | Preferred Habitat: Oral | Genome: Genome: yes	243	31	1
V3V5_417_Firmicutes	270	211	86.831	1	243	112CK035 | Peptostreptococcus stomatis | HMT-112 | Clone: CK035 | GB: AF287763 | Status: Named | Preferred Habitat: Oral | Genome: Genome: yes	243	31	1
V3V5_417_Firmicutes	270	211	86.831	1	243	542_6462 | Peptostreptococcus anaerobius | HMT-542 | Strain: NCTC 11460 | GB: AY326462 | Status: Named | Preferred Habitat: Oral | Genome: Genome: yes	243	31	1
# BLAST processed 1 queries
