# BLASTN 2.12.0+
# Query: V3V5_234_Actinobacteria
# Database: ../BLAST_DATABASE_ABUNDANCE/HOMD_16S_rRNA_RefSeq_V15.22.p9.fasta
# Fields: query id, bit score, identical, % identity, q. start, q. end, subject title, alignment length, mismatches, gaps
# 30 hits found
V3V5_234_Actinobacteria	449	243	100.000	1	243	530N000A | Cutibacterium acnes | HMT-530 | Strain: JCM 6425 | GB: NR_113028 | Status: Named | Preferred Habitat: Oral | Genome: Genome: yes	243	0	0
V3V5_234_Actinobacteria	449	243	100.000	1	243	530_5256 | Cutibacterium acnes | HMT-530 | Strain: 63597 | GB: AF145256 | Status: Named | Preferred Habitat: Oral | Genome: Genome: yes	243	0	0
V3V5_234_Actinobacteria	444	242	99.588	1	243	193METC3 | Cutibacterium sp. HMT 193 | HMT-193 | Strain: Met-C3 | GB: GQ422729 | Status: Unnamed | Preferred Habitat: Unassigned | Genome: Genome: no	243	1	0
V3V5_234_Actinobacteria	433	240	98.765	1	243	552_3055 | Cutibacterium avidum | HMT-552 | Strain: DSM 4901 | GB: AJ003055 | Status: Named | Preferred Habitat: Unassigned | Genome: Genome: yes	243	3	0
V3V5_234_Actinobacteria	427	239	98.354	1	243	114N078A | Cutibacterium granulosum | HMT-114 | Strain: JCM 6498 | GB: NR_113367 | Status: Named | Preferred Habitat: Unassigned | Genome: Genome: yes	243	4	0
V3V5_234_Actinobacteria	394	233	95.885	1	243	739_5953 | Arachnia propionica | HMT-739 | Strain: DSM 43307 | GB: AJ315953 | Status: Named | Preferred Habitat: Oral | Genome: Genome: yes	243	10	0
V3V5_234_Actinobacteria	394	233	95.885	1	243	194BN085 | Arachnia rubra | HMT-194 | Clone: BN085 | GB: AF287757 | Status: Phylotype | Preferred Habitat: Oral | Genome: Genome: no	243	10	0
V3V5_234_Actinobacteria	372	230	94.262	1	243	191FMA5B | Propionibacterium acidifaciens | HMT-191 | Strain: FMA5 | GB: AF287756 | Status: Named | Preferred Habitat: Oral | Genome: Genome: yes	244	12	2
V3V5_234_Actinobacteria	372	230	94.262	1	243	191F0233 | Propionibacterium acidifaciens | HMT-191 | Strain: F0233 | GB: tbd | Status: Named | Preferred Habitat: Oral | Genome: Genome: yes	244	12	2
V3V5_234_Actinobacteria	372	230	94.262	1	243	192C3KA | Propionibacteriaceae [G-2] bacterium HMT 192 | HMT-192 | Strain: C3KA | GB: GQ422728 | Status: Unnamed | Preferred Habitat: Unassigned | Genome: Genome: yes	244	12	2
V3V5_234_Actinobacteria	366	228	93.827	1	243	915-Wade | Propionibacteriaceae [G-1] bacterium HMT 915 | HMT-915 | Clone: HS10_B_C3 | GB: KC203064 | Status: Phylotype | Preferred Habitat: Oral | Genome: Genome: no	243	15	0
V3V5_234_Actinobacteria	355	226	93.004	1	243	822_2917 | Mycobacterium tuberculosis | HMT-822 | Strain: not listed | GB: X52917 | Status: Named | Preferred Habitat: Unassigned | Genome: Genome: yes	243	17	0
V3V5_234_Actinobacteria	355	226	93.004	1	243	823_2782 | Mycobacterium leprae | HMT-823 | Strain: Br4923 | GB: NR_102782 | Status: Named | Preferred Habitat: Unassigned | Genome: Genome: yes	243	17	0
V3V5_234_Actinobacteria	355	226	93.004	1	243	692_9564 | Mycobacterium neoaurum | HMT-692 | Strain: ATCC 25795 | GB: M29564 | Status: Named | Preferred Habitat: Unassigned | Genome: Genome: yes	243	17	0
V3V5_234_Actinobacteria	348	227	92.653	1	243	850F0333 | Schaalia cardiffensis | HMT-850 | Strain: F0333 | GB: GU470888 | Status: Named | Preferred Habitat: Oral | Genome: Genome: yes	245	13	5
V3V5_234_Actinobacteria	340	226	91.870	1	243	852F0489 | Actinomyces massiliensis | HMT-852 | Strain: F0489 | GB: tbd | Status: Named | Preferred Habitat: Oral | Genome: Genome: yes	246	16	4
V3V5_234_Actinobacteria	340	223	92.531	5	243	877F0543 | Schaalia sp. HMT 877 | HMT-877 | Strain: F0543 | GB: tbd | Status: Unnamed | Preferred Habitat: Oral | Genome: Genome: yes	241	13	5
V3V5_234_Actinobacteria	340	223	92.531	5	243	178B27SC | Schaalia sp. HMT 178 | HMT-178 | Strain: B27SC | GB: AF287750 | Status: Unnamed | Preferred Habitat: Oral | Genome: Genome: yes	241	13	5
V3V5_234_Actinobacteria	340	223	92.531	5	243	617_0413 | Schaalia georgiae | HMT-617 | Strain: DSM 6843 | GB: X80413 | Status: Named | Preferred Habitat: Oral | Genome: Genome: yes	241	13	5
V3V5_234_Actinobacteria	337	225	91.837	1	243	180_8611 | Schaalia sp. HMT 180 | HMT-180 | Strain: C3M24 | GB: AY278611 | Status: Unnamed | Preferred Habitat: Oral | Genome: Genome: yes	245	15	5
V3V5_234_Actinobacteria	337	225	91.837	1	243	180C29KA | Schaalia sp. HMT 180 | HMT-180 | Strain: C29KA | GB: AF287751 | Status: Unnamed | Preferred Habitat: Oral | Genome: Genome: yes	245	15	5
V3V5_234_Actinobacteria	337	225	91.837	1	243	180H1083 | Schaalia sp. HMT 180 | HMT-180 | Strain: Hal-1083 | GB: AF385522 | Status: Unnamed | Preferred Habitat: Oral | Genome: Genome: yes	245	15	5
V3V5_234_Actinobacteria	337	225	91.837	1	243	172CT047 | Schaalia sp. HMT 172 | HMT-172 | Clone: CT047 | GB: AF385504 | Status: Unnamed | Preferred Habitat: Oral | Genome: Genome: yes	245	15	5
V3V5_234_Actinobacteria	337	225	91.837	1	243	701_0504 | Schaalia odontolyticus | HMT-701 | Strain: NCTC 9935 | GB: X80504 | Status: Named | Preferred Habitat: Oral | Genome: Genome: yes	245	15	5
V3V5_234_Actinobacteria	337	225	91.837	1	243	181H1065 | Schaalia lingnae [Not Validly Published] | HMT-181 | Strain: Hal-1065 | GB: AF385521 | Status: Named | Preferred Habitat: Oral | Genome: Genome: yes	245	15	5
V3V5_234_Actinobacteria	337	225	91.837	1	243	181_1692 | Schaalia lingnae [Not Validly Published] | HMT-181 | Clone: ncd2206a07c1 | GB: JF191692 | Status: Named | Preferred Habitat: Oral | Genome: Genome: yes	245	15	5
V3V5_234_Actinobacteria	337	225	91.837	1	243	181_5255 | Schaalia lingnae [Not Validly Published] | HMT-181 | Clone: ncd1350f07c1 | GB: JF115255 | Status: Named | Preferred Habitat: Oral | Genome: Genome: yes	245	15	5
V3V5_234_Actinobacteria	337	225	91.837	1	243	671_2451 | Schaalia meyeri | HMT-671 | Strain: CIP 103148 | GB: X82451 | Status: Named | Preferred Habitat: Oral | Genome: Genome: yes	245	15	5
V3V5_234_Actinobacteria	337	220	92.050	5	243	340N141B | Brevibacterium paucivorans | HMT-340 | Strain: 28 | GB: EU086796 | Status: Named | Preferred Habitat: Unassigned | Genome: Genome: no	239	19	0
V3V5_234_Actinobacteria	337	220	92.050	5	243	340N141A | Brevibacterium paucivorans | HMT-340 | Strain: CF 62 | GB: NR_025375 | Status: Named | Preferred Habitat: Unassigned | Genome: Genome: no	239	19	0
# BLAST processed 1 queries
