# BLASTN 2.12.0+
# Query: V3V5_217_Bacteroidetes
# Database: ../BLAST_DATABASE_ABUNDANCE/HOMD_16S_rRNA_RefSeq_V15.22.p9.fasta
# Fields: query id, bit score, identical, % identity, q. start, q. end, subject title, alignment length, mismatches, gaps
# 30 hits found
V3V5_217_Bacteroidetes	435	239	99.170	1	241	317_5061 | Prevotella sp. HMT 317 | HMT-317 | Strain: B31FD | GB: AY005061 | Status: Unnamed | Preferred Habitat: Oral | Genome: Genome: yes	241	2	0
V3V5_217_Bacteroidetes	429	238	98.755	1	241	317_8624 | Prevotella sp. HMT 317 | HMT-317 | Clone: C3MKM081 | GB: AY278624 | Status: Unnamed | Preferred Habitat: Oral | Genome: Genome: yes	241	3	0
V3V5_217_Bacteroidetes	418	236	97.925	1	241	795_8825 | Prevotella shahii | HMT-795 | Strain: JCM 12083 | GB: AB108825 | Status: Named | Preferred Habitat: Oral | Genome: Genome: yes	241	5	0
V3V5_217_Bacteroidetes	412	235	97.510	1	241	472GU027 | Prevotella sp. HMT 472 | HMT-472 | Clone: GU027 | GB: AY349398 | Status: Unnamed | Preferred Habitat: Oral | Genome: Genome: yes	241	6	0
V3V5_217_Bacteroidetes	412	235	97.510	1	241	472_2261 | Prevotella sp. HMT 472 | HMT-472 | Clone: 070034_820 | GB: JQ462261 | Status: Unnamed | Preferred Habitat: Oral | Genome: Genome: yes	241	6	0
V3V5_217_Bacteroidetes	407	235	97.107	1	241	658_6481 | Prevotella loescheii | HMT-658 | Strain: ATCC 15930 | GB: L16481 | Status: Named | Preferred Habitat: Oral | Genome: Genome: yes	242	5	2
V3V5_217_Bacteroidetes	368	228	94.215	1	241	475IK053 | Prevotella sp. HMT 475 | HMT-475 | Clone: IK053 | GB: AY349401 | Status: Unnamed | Preferred Habitat: Oral | Genome: Genome: yes	242	13	1
V3V5_217_Bacteroidetes	366	227	94.191	2	241	781F0055 | Prevotella saccharolytica | HMT-781 | Strain: F0055 | GB: GQ422744 | Status: Named | Preferred Habitat: Oral | Genome: Genome: yes	241	13	1
V3V5_217_Bacteroidetes	366	227	94.191	2	241	781_3320 | Prevotella saccharolytica | HMT-781 | Strain: JCM 17484 | GB: NR_113320 | Status: Named | Preferred Habitat: Oral | Genome: Genome: yes	241	13	1
V3V5_217_Bacteroidetes	363	227	93.802	1	241	475_7238 | Prevotella sp. HMT 475 | HMT-475 | Clone: ncd2221f05c1 | GB: JF187238 | Status: Unnamed | Preferred Habitat: Oral | Genome: Genome: yes	242	14	1
V3V5_217_Bacteroidetes	361	226	93.776	2	241	705_5176 | Prevotella oralis | HMT-705 | Clone: ELU0173-000438 | GB: HQ815176 | Status: Named | Preferred Habitat: Oral | Genome: Genome: yes	241	14	1
V3V5_217_Bacteroidetes	361	226	93.776	2	241	705_3522 | Prevotella oralis | HMT-705 | Strain: ATCC 33269 | GB: AY323522 | Status: Named | Preferred Habitat: Oral | Genome: Genome: yes	241	14	1
V3V5_217_Bacteroidetes	346	221	92.857	4	241	942_6378 | Prevotella sp. HMT 942 | HMT-942 | Clone: 22B412 | GB: FJ976378 | Status: Phylotype | Preferred Habitat: Oral | Genome: Genome: no	238	17	0
V3V5_217_Bacteroidetes	339	222	92.116	2	241	665_1227 | Prevotella marshii | HMT-665 | Strain: E9_34 | GB: AF481227 | Status: Named | Preferred Habitat: Oral | Genome: Genome: yes	241	18	1
V3V5_217_Bacteroidetes	329	221	91.322	2	241	301BS041 | Prevotella sp. HMT 301 | HMT-301 | Clone: BS041 | GB: AF385558 | Status: Phylotype | Preferred Habitat: Oral | Genome: Genome: no	242	19	2
V3V5_217_Bacteroidetes	327	218	91.597	6	241	311_6474 | Prevotella oris | HMT-311 | Strain: ATCC 33573 | GB: L16474 | Status: Named | Preferred Habitat: Oral | Genome: Genome: yes	238	18	2
V3V5_217_Bacteroidetes	326	217	91.561	6	240	311_F045 | Prevotella oris | HMT-311 | Clone: _F045 | GB: AY005056 | Status: Named | Preferred Habitat: Oral | Genome: Genome: yes	237	18	2
V3V5_217_Bacteroidetes	326	217	91.561	6	241	820_7212 | Prevotella sp. HMT 820 | HMT-820 | Strain: P2A_FAAD4 | GB: AF537212 | Status: Unnamed | Preferred Habitat: Oral | Genome: Genome: no	237	19	1
V3V5_217_Bacteroidetes	324	220	90.909	2	241	562_6476 | Prevotella buccalis | HMT-562 | Strain: ATCC 35310 | GB: L16476 | Status: Named | Preferred Habitat: Unassigned | Genome: Genome: yes	242	20	2
V3V5_217_Bacteroidetes	322	217	91.176	6	241	289_4315 | Prevotella maculosa | HMT-289 | Strain: W1609 | GB: EF534315 | Status: Named | Preferred Habitat: Oral | Genome: Genome: yes	238	19	2
V3V5_217_Bacteroidetes	320	216	91.139	6	241	289AA020 | Prevotella maculosa | HMT-289 | Clone: AA020 | GB: AY005057 | Status: Named | Preferred Habitat: Oral | Genome: Genome: yes	237	20	1
V3V5_217_Bacteroidetes	318	217	90.795	4	241	299BI027 | Prevotella nanceiensis | HMT-299 | Clone: BI027 | GB: AY005064 | Status: Named | Preferred Habitat: Oral | Genome: Genome: yes	239	21	1
V3V5_217_Bacteroidetes	311	215	90.336	6	241	289AA016 | Prevotella maculosa | HMT-289 | Clone: AA016 | GB: AY005058 | Status: Named | Preferred Habitat: Oral | Genome: Genome: yes	238	21	2
V3V5_217_Bacteroidetes	311	215	90.336	6	241	292AU120 | Prevotella sp. HMT 292 | HMT-292 | Clone: AU120 | GB: GQ422735 | Status: Phylotype | Preferred Habitat: Oral | Genome: Genome: no	238	21	2
V3V5_217_Bacteroidetes	311	215	90.336	6	241	292AH125 | Prevotella sp. HMT 292 | HMT-292 | Clone: AH125 | GB: AY005060 | Status: Phylotype | Preferred Habitat: Oral | Genome: Genome: no	238	21	2
V3V5_217_Bacteroidetes	311	215	90.336	6	241	300_0563 | Prevotella sp. HMT 300 | HMT-300 | Clone: ncd2142e01c1 | GB: JF180563 | Status: Phylotype | Preferred Habitat: Oral | Genome: Genome: no	238	21	2
V3V5_217_Bacteroidetes	311	215	90.336	6	241	300BR014 | Prevotella sp. HMT 300 | HMT-300 | Clone: BR014 | GB: AF385554 | Status: Phylotype | Preferred Habitat: Oral | Genome: Genome: no	238	21	2
V3V5_217_Bacteroidetes	311	215	90.336	6	241	293AO009 | Prevotella sp. HMT 293 | HMT-293 | Clone: AO009 | GB: AY005059 | Status: Phylotype | Preferred Habitat: Oral | Genome: Genome: no	238	21	2
V3V5_217_Bacteroidetes	309	213	90.254	6	241	305_0424 | Prevotella sp. HMT 305 | HMT-305 | Clone: 070055_034 | GB: JQ460424 | Status: Phylotype | Preferred Habitat: Oral | Genome: Genome: no	236	23	0
V3V5_217_Bacteroidetes	307	213	90.254	7	241	291AO036 | Prevotella denticola | HMT-291 | Clone: AO036 | GB: AY005054 | Status: Named | Preferred Habitat: Oral | Genome: Genome: yes	236	21	2
# BLAST processed 1 queries
