# BLASTN 2.12.0+
# Query: V3V5_193_Firmicutes
# Database: ../BLAST_DATABASE_ABUNDANCE/HOMD_16S_rRNA_RefSeq_V15.22.p9.fasta
# Fields: query id, bit score, identical, % identity, q. start, q. end, subject title, alignment length, mismatches, gaps
# 30 hits found
V3V5_193_Firmicutes	459	248	100.000	1	248	593_7874 | Mogibacterium diversum | HMT-593 | Strain: ATCC 700923 | GB: AB037874 | Status: Named | Preferred Habitat: Oral | Genome: Genome: no	248	0	0
V3V5_193_Firmicutes	451	247	99.597	1	248	691_7875 | Mogibacterium neglectum | HMT-691 | Strain: ATCC 700924 | GB: AB037875 | Status: Named | Preferred Habitat: Oral | Genome: Genome: no	248	0	1
V3V5_193_Firmicutes	446	246	99.194	1	248	742_1701 | Mogibacterium pumilum | HMT-742 | Strain: ATCC 700696 | GB: AB021701 | Status: Named | Preferred Habitat: Unassigned | Genome: Genome: yes	248	1	1
V3V5_193_Firmicutes	442	245	98.790	1	248	042W9173 | Mogibacterium timidum | HMT-042 | Strain: W9173 | GB: tbd | Status: Named | Preferred Habitat: Oral | Genome: Genome: yes	248	3	0
V3V5_193_Firmicutes	429	244	97.992	1	248	008_1702 | Mogibacterium vescum | HMT-008 | Strain: ATCC 700697 | GB: AB021702 | Status: Named | Preferred Habitat: Unassigned | Genome: Genome: no	249	2	3
V3V5_193_Firmicutes	385	235	94.758	1	248	493JH012 | Peptostreptococcaceae [XI][G-5] bacterium HMT 493 | HMT-493 | Clone: JH012 | GB: AY349373 | Status: Phylotype | Preferred Habitat: Unassigned | Genome: Genome: no	248	12	1
V3V5_193_Firmicutes	364	231	93.145	1	248	467_6963 | Peptostreptococcaceae [XI][G-1] [Eubacterium] sulci | HMT-467 | Strain: ATCC 35585 | GB: AJ006963 | Status: Named | Preferred Habitat: Oral | Genome: Genome: yes	248	17	0
V3V5_193_Firmicutes	363	230	93.496	3	248	759_5987 | Peptostreptococcaceae [XI][G-5] [Eubacterium] saphenum | HMT-759 | Strain: ATCC 49989 | GB: U65987 | Status: Named | Preferred Habitat: Oral | Genome: Genome: yes	246	13	3
V3V5_193_Firmicutes	359	230	92.742	1	248	105_3039 | Peptostreptococcaceae [XI][G-1] [Eubacterium] infirmum | HMT-105 | Strain: W1471 | GB: U13039 | Status: Named | Preferred Habitat: Oral | Genome: Genome: yes	248	18	0
V3V5_193_Firmicutes	355	226	93.004	1	243	495JS001 | Peptostreptococcaceae [XI][G-3] bacterium HMT 495 | HMT-495 | Clone: JS001 | GB: AY349378 | Status: Phylotype | Preferred Habitat: Oral | Genome: Genome: no	243	17	0
V3V5_193_Firmicutes	353	230	92.369	1	248	673_3037 | Peptostreptococcaceae [XI][G-6] [Eubacterium] minutum | HMT-673 | Strain: SC 87K | GB: U13037 | Status: Named | Preferred Habitat: Oral | Genome: Genome: no	249	18	1
V3V5_193_Firmicutes	353	229	92.339	1	248	383_8856 | Peptostreptococcaceae [XI][G-1] bacterium HMT 383 | HMT-383 | Clone: P2PB_46 | GB: AF538856 | Status: Phylotype | Preferred Habitat: Unassigned | Genome: Genome: no	248	19	0
V3V5_193_Firmicutes	353	230	92.369	1	248	557_3038 | Peptostreptococcaceae [XI][G-9] [Eubacterium] brachy | HMT-557 | Strain: ATCC 33089 | GB: U13038 | Status: Named | Preferred Habitat: Oral | Genome: Genome: yes	249	18	1
V3V5_193_Firmicutes	353	225	92.975	1	242	950_9965 | Peptostreptococcaceae [XI][G-3] bacterium HMT 950 | HMT-950 | Clone: 101E03 | GB: AM419965 | Status: Phylotype | Preferred Habitat: Unassigned | Genome: Genome: no	242	17	0
V3V5_193_Firmicutes	353	225	92.975	1	242	103_2604 | Peptostreptococcaceae [XI][G-4] bacterium HMT 103 | HMT-103 | Clone: PUS9.170 | GB: AJ012604 | Status: Phylotype | Preferred Habitat: Oral | Genome: Genome: no	242	17	0
V3V5_193_Firmicutes	353	230	92.369	1	248	369_1212 | Peptostreptococcaceae [XI][G-4] bacterium HMT 369 | HMT-369 | Clone: MCE10_174 | GB: AF481212 | Status: Phylotype | Preferred Habitat: Oral | Genome: Genome: no	249	18	1
V3V5_193_Firmicutes	348	229	91.968	1	248	694_6274 | Peptostreptococcaceae [XI][G-6] [Eubacterium] nodatum | HMT-694 | Strain: ATCC 33099 | GB: Z36274 | Status: Named | Preferred Habitat: Oral | Genome: Genome: yes	249	19	1
V3V5_193_Firmicutes	346	229	91.968	2	248	091CK047 | Peptostreptococcaceae [XI][G-2] bacterium HMT 091 | HMT-091 | Clone: CK047 | GB: AF287762 | Status: Phylotype | Preferred Habitat: Oral | Genome: Genome: no	249	17	3
V3V5_193_Firmicutes	342	223	92.149	1	242	382_1251 | Peptostreptococcaceae [XI][G-8] bacterium HMT 382 | HMT-382 | Clone: 44q_16 | GB: HE681251 | Status: Phylotype | Preferred Habitat: Unassigned | Genome: Genome: no	242	19	0
V3V5_193_Firmicutes	339	227	91.532	1	248	539_6962 | Filifactor alocis | HMT-539 | Strain: ATCC 35896 | GB: AJ006962 | Status: Named | Preferred Habitat: Oral | Genome: Genome: yes	248	18	3
V3V5_193_Firmicutes	320	226	90.040	1	248	112A21H2 | Peptostreptococcus stomatis | HMT-112 | Strain: A21H2 | GB: GQ422715 | Status: Named | Preferred Habitat: Oral | Genome: Genome: yes	251	20	5
V3V5_193_Firmicutes	320	226	90.040	1	248	112CK035 | Peptostreptococcus stomatis | HMT-112 | Clone: CK035 | GB: AF287763 | Status: Named | Preferred Habitat: Oral | Genome: Genome: yes	251	20	5
V3V5_193_Firmicutes	320	226	90.040	1	248	542_6462 | Peptostreptococcus anaerobius | HMT-542 | Strain: NCTC 11460 | GB: AY326462 | Status: Named | Preferred Habitat: Oral | Genome: Genome: yes	251	20	5
V3V5_193_Firmicutes	318	220	90.535	1	242	500-Wade | Lachnospiraceae [G-8] bacterium HMT 500 | HMT-500 | Strain: W11650 | GB: tbd | Status: Unnamed | Preferred Habitat: Oral | Genome: Genome: no	243	20	3
V3V5_193_Firmicutes	313	219	90.123	1	242	500JM048 | Lachnospiraceae [G-8] bacterium HMT 500 | HMT-500 | Clone: JM048 | GB: AY349389 | Status: Unnamed | Preferred Habitat: Oral | Genome: Genome: no	243	21	3
V3V5_193_Firmicutes	309	217	89.669	1	242	757C24KA | Gemella sanguinis | HMT-757 | Strain: C24KA | GB: AY005051 | Status: Named | Preferred Habitat: Oral | Genome: Genome: yes	242	25	0
V3V5_193_Firmicutes	309	217	89.669	1	242	626_4326 | Gemella haemolysans | HMT-626 | Strain: ATCC 10379 | GB: L14326 | Status: Named | Preferred Habitat: Oral | Genome: Genome: yes	242	25	0
V3V5_193_Firmicutes	309	217	89.669	1	242	046_4327 | Gemella morbillorum | HMT-046 | Strain: ATCC 27824 | GB: L14327 | Status: Named | Preferred Habitat: Oral | Genome: Genome: yes	242	25	0
V3V5_193_Firmicutes	309	217	89.669	1	242	046_3366 | Gemella morbillorum | HMT-046 | Strain: 933-88 | GB: Y13366 | Status: Named | Preferred Habitat: Oral | Genome: Genome: yes	242	25	0
V3V5_193_Firmicutes	307	221	89.113	2	248	876F0540 | Clostridiales [F-3][G-1] bacterium HMT 876 | HMT-876 | Strain: F0540 | GB: tbd | Status: Unnamed | Preferred Habitat: Unassigned | Genome: Genome: yes	248	26	1
# BLAST processed 1 queries
