# BLASTN 2.12.0+
# Query: V3V5_392_Firmicutes
# Database: ../BLAST_DATABASE_ABUNDANCE/HOMD_16S_rRNA_RefSeq_V15.22.p9.fasta
# Fields: query id, bit score, identical, % identity, q. start, q. end, subject title, alignment length, mismatches, gaps
# 30 hits found
V3V5_392_Firmicutes	289	219	87.952	4	249	461HT070 | Lactobacillus ultunensis | HMT-461 | Clone: HT070 | GB: AY349383 | Status: Named | Preferred Habitat: Unassigned | Genome: Genome: yes	249	25	5
V3V5_392_Firmicutes	289	219	87.952	4	249	461_7065 | Lactobacillus ultunensis | HMT-461 | Strain: CCUG 48460 | GB: NR_117065 | Status: Named | Preferred Habitat: Unassigned | Genome: Genome: yes	249	25	5
V3V5_392_Firmicutes	289	219	87.952	4	249	529_8203 | Lactobacillus acidophilus | HMT-529 | Strain: ATCC 4356 | GB: AB008203 | Status: Named | Preferred Habitat: Unassigned | Genome: Genome: yes	249	25	5
V3V5_392_Firmicutes	289	219	87.952	4	249	817_7362 | Lactobacillus crispatus | HMT-817 | Strain: DSM 20584 | GB: Y17362 | Status: Named | Preferred Habitat: Oral | Genome: Genome: yes	249	25	5
V3V5_392_Firmicutes	289	219	87.952	4	249	819_2515 | Lactobacillus johnsonii | HMT-819 | Strain: ATCC 33200 | GB: AJ002515 | Status: Named | Preferred Habitat: Unassigned | Genome: Genome: yes	249	25	5
V3V5_392_Firmicutes	289	219	87.952	4	249	615_8820 | Lactobacillus gasseri | HMT-615 | Strain: DSM 20243 | GB: M58820 | Status: Named | Preferred Habitat: Oral | Genome: Genome: yes	249	25	5
V3V5_392_Firmicutes	289	219	87.952	4	249	052DoxG2 | Lactobacillus sp. HMT 052 | HMT-052 | Strain: DoxG2 | GB: GQ422710 | Status: Lost | Preferred Habitat: Unassigned | Genome: Genome: no	249	25	5
V3V5_392_Firmicutes	289	219	87.952	4	249	608_8819 | Lactobacillus fermentum | HMT-608 | Strain: ATCC 14931 | GB: M58819 | Status: Named | Preferred Habitat: Oral | Genome: Genome: yes	249	25	5
V3V5_392_Firmicutes	283	218	87.550	4	249	839_3159 | Lactobacillus jensenii | HMT-839 | Strain: KC36b | GB: AF243159 | Status: Named | Preferred Habitat: Vaginal | Genome: Genome: yes	249	26	5
V3V5_392_Firmicutes	283	218	87.550	4	249	709F0423 | Lactobacillus oris | HMT-709 | Strain: F0423 | GB: HM596285 | Status: Named | Preferred Habitat: Unassigned | Genome: Genome: yes	249	26	5
V3V5_392_Firmicutes	283	218	87.550	4	249	882_4230 | Lactobacillus panis | HMT-882 | Strain: DSM 6035 | GB: X94230 | Status: Named | Preferred Habitat: Oral | Genome: Genome: yes	249	26	5
V3V5_392_Firmicutes	283	218	87.550	4	249	051DoxG3 | Lactobacillus vaginalis | HMT-051 | Strain: DoxG3 | GB: GQ422709 | Status: Named | Preferred Habitat: Oral | Genome: Genome: yes	249	26	5
V3V5_392_Firmicutes	283	218	87.550	4	249	938_0337 | Lactobacillus reuteri clade 938 | HMT-938 | Strain: K16 | GB: KC700337 | Status: Named | Preferred Habitat: Unassigned | Genome: Genome: no	249	26	5
V3V5_392_Firmicutes	283	218	87.550	4	249	534_2027 | Granulicatella adiacens | HMT-534 | Strain: TKT1 | GB: AB022027 | Status: Named | Preferred Habitat: Oral | Genome: Genome: yes	249	26	5
V3V5_392_Firmicutes	283	218	87.550	4	249	534_0540 | Granulicatella adiacens | HMT-534 | Strain: ATCC 49175 | GB: D50540 | Status: Named | Preferred Habitat: Oral | Genome: Genome: yes	249	26	5
V3V5_392_Firmicutes	283	218	87.550	4	249	596_5408 | Granulicatella elegans | HMT-596 | Strain: 2640-91 | GB: Y15408 | Status: Named | Preferred Habitat: Oral | Genome: Genome: yes	249	26	5
V3V5_392_Firmicutes	283	218	87.550	4	249	596_2532 | Granulicatella elegans | HMT-596 | Clone: ncd32a06c1 | GB: HM252532 | Status: Named | Preferred Habitat: Oral | Genome: Genome: yes	249	26	5
V3V5_392_Firmicutes	278	217	87.149	4	249	803_6902 | Enterococcus italicus | HMT-803 | Strain: LMG 21727 | GB: AJ626902 | Status: Named | Preferred Habitat: Unassigned | Genome: Genome: yes	249	27	5
V3V5_392_Firmicutes	278	217	87.149	4	249	880_0801 | Enterococcus durans | HMT-880 | Strain: CECT 411 | GB: AJ420801 | Status: Named | Preferred Habitat: Unassigned | Genome: Genome: yes	249	27	5
V3V5_392_Firmicutes	278	217	87.149	4	249	749_3146 | Lactobacillus rhamnosus | HMT-749 | Strain: F11 | GB: AF243146 | Status: Named | Preferred Habitat: Oral | Genome: Genome: yes	249	27	5
V3V5_392_Firmicutes	278	217	87.149	4	249	568_6552 | Lactobacillus casei | HMT-568 | Strain: JCM 1136 | GB: D16552 | Status: Named | Preferred Habitat: Unassigned | Genome: Genome: yes	249	27	5
V3V5_392_Firmicutes	278	217	87.149	4	249	716_9212 | Lactobacillus paracasei | HMT-716 | Strain: JCM 8130 | GB: D79212 | Status: Named | Preferred Habitat: Oral | Genome: Genome: yes	249	27	5
V3V5_392_Firmicutes	278	217	87.149	4	249	756_9108 | Lactobacillus salivarius | HMT-756 | Strain: ATCC 11741 | GB: AF089108 | Status: Named | Preferred Habitat: Oral | Genome: Genome: yes	249	27	5
V3V5_392_Firmicutes	272	216	86.747	4	249	604_8293 | Enterococcus faecalis | HMT-604 | Strain: not listed | GB: Y18293 | Status: Named | Preferred Habitat: Unassigned | Genome: Genome: yes	249	28	5
V3V5_392_Firmicutes	272	216	86.747	4	249	816_3776 | Lactobacillus coleohominis | HMT-816 | Strain: DSM 14060 | GB: AM113776 | Status: Named | Preferred Habitat: Unassigned | Genome: Genome: yes	249	28	5
V3V5_392_Firmicutes	272	216	86.747	4	249	241N118A | Brochothrix thermosphacta | HMT-241 | Strain: FSL F6-1036 | GB: NR_113587 | Status: Named | Preferred Habitat: Unassigned | Genome: Genome: yes	249	28	5
V3V5_392_Firmicutes	272	212	86.885	1	243	167_1292 | Peptococcus sp. HMT 167 | HMT-167 | Clone: 34q_22 | GB: HE681292 | Status: Lost | Preferred Habitat: Oral | Genome: Genome: no	244	31	1
V3V5_392_Firmicutes	272	212	86.885	1	243	167GEA8 | Peptococcus sp. HMT 167 | HMT-167 | Strain: GEA8 | GB: GQ422727 | Status: Lost | Preferred Habitat: Oral | Genome: Genome: no	244	31	1
V3V5_392_Firmicutes	270	209	87.083	4	243	112A21H2 | Peptostreptococcus stomatis | HMT-112 | Strain: A21H2 | GB: GQ422715 | Status: Named | Preferred Habitat: Oral | Genome: Genome: yes	240	30	1
V3V5_392_Firmicutes	270	209	87.083	4	243	112CK035 | Peptostreptococcus stomatis | HMT-112 | Clone: CK035 | GB: AF287763 | Status: Named | Preferred Habitat: Oral | Genome: Genome: yes	240	30	1
# BLAST processed 1 queries
