# BLASTN 2.12.0+
# Query: V3V5_172_Actinobacteria
# Database: ../BLAST_DATABASE_ABUNDANCE/HOMD_16S_rRNA_RefSeq_V15.22.p9.fasta
# Fields: query id, bit score, identical, % identity, q. start, q. end, subject title, alignment length, mismatches, gaps
# 30 hits found
V3V5_172_Actinobacteria	448	244	99.592	1	245	175_5563 | Actinomyces sp. HMT 175 | HMT-175 | Clone: ncd1455a04c1 | GB: JF125563 | Status: Unnamed | Preferred Habitat: Oral | Genome: Genome: yes	245	1	0
V3V5_172_Actinobacteria	448	244	99.592	1	245	175EP005 | Actinomyces sp. HMT 175 | HMT-175 | Clone: EP005 | GB: AY008314 | Status: Unnamed | Preferred Habitat: Oral | Genome: Genome: yes	245	1	0
V3V5_172_Actinobacteria	448	244	99.592	1	245	893_5935 | Actinomyces oris | HMT-893 | Strain: JCM 16131 | GB: AB545935 | Status: Named | Preferred Habitat: Oral | Genome: Genome: yes	245	1	0
V3V5_172_Actinobacteria	448	244	99.592	1	245	893_4727 | Actinomyces oris | HMT-893 | Clone: 070043_377 | GB: JQ464727 | Status: Named | Preferred Habitat: Oral | Genome: Genome: yes	245	1	0
V3V5_172_Actinobacteria	448	244	99.592	1	245	169AG004 | Actinomyces sp. HMT 169 | HMT-169 | Clone: AG004 | GB: AF287747 | Status: Unnamed | Preferred Habitat: Oral | Genome: Genome: no	245	1	0
V3V5_172_Actinobacteria	448	244	99.592	1	245	169F496b | Actinomyces sp. HMT 169 | HMT-169 | Strain: F0496b | GB: tbd | Status: Unnamed | Preferred Habitat: Oral | Genome: Genome: no	245	1	0
V3V5_172_Actinobacteria	448	244	99.592	1	245	176_0512 | Actinomyces naeslundii | HMT-176 | Clone: 069082_029 | GB: JQ450512 | Status: Named | Preferred Habitat: Oral | Genome: Genome: yes	245	1	0
V3V5_172_Actinobacteria	448	244	99.592	1	245	176_1062 | Actinomyces naeslundii | HMT-176 | Strain: NCTC 10301 | GB: X81062 | Status: Named | Preferred Habitat: Oral | Genome: Genome: yes	245	1	0
V3V5_172_Actinobacteria	448	244	99.592	1	245	171BL008 | Actinomyces sp. HMT 171 | HMT-171 | Clone: BL008 | GB: AF385553 | Status: Unnamed | Preferred Habitat: Oral | Genome: Genome: yes	245	1	0
V3V5_172_Actinobacteria	448	244	99.592	1	245	171JA063 | Actinomyces sp. HMT 171 | HMT-171 | Clone: JA063 | GB: AY349367 | Status: Unnamed | Preferred Habitat: Oral | Genome: Genome: yes	245	1	0
V3V5_172_Actinobacteria	448	244	99.592	1	245	170AP064 | Actinomyces sp. HMT 170 | HMT-170 | Clone: AP064 | GB: AF287749 | Status: Unnamed | Preferred Habitat: Oral | Genome: Genome: yes	245	1	0
V3V5_172_Actinobacteria	442	243	99.184	1	245	169F496a | Actinomyces sp. HMT 169 | HMT-169 | Strain: F0496a | GB: tbd | Status: Unnamed | Preferred Habitat: Oral | Genome: Genome: no	245	2	0
V3V5_172_Actinobacteria	442	243	99.184	1	245	176EP011 | Actinomyces naeslundii | HMT-176 | Clone: EP011 | GB: AY008315 | Status: Named | Preferred Habitat: Oral | Genome: Genome: yes	245	2	0
V3V5_172_Actinobacteria	442	243	99.184	1	245	688_2453 | Actinomyces viscosus | HMT-688 | Strain: NCTC 10951 | GB: X82453 | Status: Named | Preferred Habitat: Oral | Genome: Genome: yes	245	2	0
V3V5_172_Actinobacteria	442	244	99.187	1	245	849F0330 | Actinomyces johnsonii | HMT-849 | Strain: F0330 | GB: GU470900 | Status: Named | Preferred Habitat: Oral | Genome: Genome: yes	246	1	1
V3V5_172_Actinobacteria	442	243	99.184	1	245	852F0489 | Actinomyces massiliensis | HMT-852 | Strain: F0489 | GB: tbd | Status: Named | Preferred Habitat: Oral | Genome: Genome: yes	245	2	0
V3V5_172_Actinobacteria	429	241	98.367	1	245	746_1986 | Actinomyces radicidentis | HMT-746 | Strain: CCUG 36733 | GB: AJ251986 | Status: Named | Preferred Habitat: Unassigned | Genome: Genome: yes	245	3	1
V3V5_172_Actinobacteria	424	240	97.959	1	245	708_7295 | Actinomyces oricola | HMT-708 | Strain: CCUG 46090 | GB: AJ507295 | Status: Named | Preferred Habitat: Unassigned | Genome: Genome: no	245	4	1
V3V5_172_Actinobacteria	420	240	97.561	1	245	897-Wade | Actinomyces sp. HMT 897 | HMT-897 | Clone: HS14_2W_C6 | GB: KC203057 | Status: Phylotype | Preferred Habitat: Oral | Genome: Genome: no	246	5	1
V3V5_172_Actinobacteria	418	239	97.551	1	245	618_1735 | Actinomyces gerencseriae | HMT-618 | Clone: 069086_229 | GB: JQ451735 | Status: Named | Preferred Habitat: Oral | Genome: Genome: yes	245	5	1
V3V5_172_Actinobacteria	418	239	97.551	1	245	179B19SC | Actinomyces timonensis | HMT-179 | Strain: B19SC | GB: AF287748 | Status: Named | Preferred Habitat: Oral | Genome: Genome: yes	245	5	1
V3V5_172_Actinobacteria	418	239	97.551	1	245	179F0378 | Actinomyces timonensis | HMT-179 | Strain: F0378 | GB: tbd | Status: Named | Preferred Habitat: Oral | Genome: Genome: yes	245	5	1
V3V5_172_Actinobacteria	412	238	97.143	1	245	618_0414 | Actinomyces gerencseriae | HMT-618 | Strain: DSM 6844 | GB: X80414 | Status: Named | Preferred Habitat: Oral | Genome: Genome: yes	245	6	1
V3V5_172_Actinobacteria	403	237	96.341	1	245	448F0400 | Actinomyces sp. HMT 448 | HMT-448 | Strain: F0400 | GB: tbd | Status: Unnamed | Preferred Habitat: Oral | Genome: Genome: yes	246	7	2
V3V5_172_Actinobacteria	403	237	96.341	1	245	448_3317 | Actinomyces sp. HMT 448 | HMT-448 | Clone: 071059_594 | GB: JQ473317 | Status: Unnamed | Preferred Habitat: Oral | Genome: Genome: yes	246	7	2
V3V5_172_Actinobacteria	401	236	96.327	1	245	645_2450 | Actinomyces israelii | HMT-645 | Strain: CIP 103259 | GB: X82450 | Status: Named | Preferred Habitat: Oral | Genome: Genome: yes	245	8	1
V3V5_172_Actinobacteria	398	240	95.618	1	245	414_8610 | Actinomyces sp. HMT 414 | HMT-414 | Clone: C3ALM064 | GB: AY278610 | Status: Unnamed | Preferred Habitat: Oral | Genome: Genome: yes	251	5	6
V3V5_172_Actinobacteria	394	235	95.918	1	245	180_8611 | Schaalia sp. HMT 180 | HMT-180 | Strain: C3M24 | GB: AY278611 | Status: Unnamed | Preferred Habitat: Oral | Genome: Genome: yes	245	7	3
V3V5_172_Actinobacteria	394	235	95.918	1	245	180C29KA | Schaalia sp. HMT 180 | HMT-180 | Strain: C29KA | GB: AF287751 | Status: Unnamed | Preferred Habitat: Oral | Genome: Genome: yes	245	7	3
V3V5_172_Actinobacteria	394	235	95.918	1	245	180H1083 | Schaalia sp. HMT 180 | HMT-180 | Strain: Hal-1083 | GB: AF385522 | Status: Unnamed | Preferred Habitat: Oral | Genome: Genome: yes	245	7	3
# BLAST processed 1 queries
