# BLASTN 2.12.0+
# Query: V3V5_128_Actinobacteria
# Database: ../BLAST_DATABASE_ABUNDANCE/HOMD_16S_rRNA_RefSeq_V15.22.p9.fasta
# Fields: query id, bit score, identical, % identity, q. start, q. end, subject title, alignment length, mismatches, gaps
# 30 hits found
V3V5_128_Actinobacteria	438	241	99.177	1	243	587_9055 | Rothia dentocariosa | HMT-587 | Strain: ATCC 17931 | GB: M59055 | Status: Named | Preferred Habitat: Oral | Genome: Genome: yes	243	2	0
V3V5_128_Actinobacteria	438	241	99.177	1	243	681_4690 | Rothia mucilaginosa | HMT-681 | Strain: DY-18 | GB: NR_074690 | Status: Named | Preferred Habitat: Oral | Genome: Genome: yes	243	2	0
V3V5_128_Actinobacteria	433	240	98.765	1	243	188_3025 | Rothia aeria | HMT-188 | Strain: CCUG 25688 | GB: Y13025 | Status: Named | Preferred Habitat: Oral | Genome: Genome: yes	243	3	0
V3V5_128_Actinobacteria	433	240	98.765	1	243	188_0891 | Rothia aeria | HMT-188 | Clone: ncd2429e02c1 | GB: JF210891 | Status: Named | Preferred Habitat: Oral | Genome: Genome: yes	243	3	0
V3V5_128_Actinobacteria	427	239	98.354	1	243	084N058A | Kocuria palustris | HMT-084 | Strain: TAGA27 | GB: NR_026451 | Status: Named | Preferred Habitat: Unassigned | Genome: Genome: yes	243	4	0
V3V5_128_Actinobacteria	422	238	97.942	1	243	189AW006 | Kocuria sp. HMT 189 | HMT-189 | Clone: AW006 | GB: AF385532 | Status: Phylotype | Preferred Habitat: Unassigned | Genome: Genome: no	243	5	0
V3V5_128_Actinobacteria	416	237	97.531	1	243	197N059A | Kocuria rhizophila | HMT-197 | Strain: TA68 | GB: NR_026452 | Status: Named | Preferred Habitat: Unassigned | Genome: Genome: yes	243	6	0
V3V5_128_Actinobacteria	411	236	97.119	1	243	087N061A | Micrococcus luteus | HMT-087 | Strain: NCTC 2665 | GB: NR_075062 | Status: Named | Preferred Habitat: Unassigned | Genome: Genome: yes	243	7	0
V3V5_128_Actinobacteria	405	235	96.708	1	243	354N047A | Dermabacter hominis | HMT-354 | Strain: NCFB 2769 | GB: NR_119073 | Status: Named | Preferred Habitat: Unassigned | Genome: Genome: yes	243	8	0
V3V5_128_Actinobacteria	379	232	94.694	1	243	169F496a | Actinomyces sp. HMT 169 | HMT-169 | Strain: F0496a | GB: tbd | Status: Unnamed | Preferred Habitat: Oral | Genome: Genome: no	245	11	2
V3V5_128_Actinobacteria	377	231	94.672	1	243	746_1986 | Actinomyces radicidentis | HMT-746 | Strain: CCUG 36733 | GB: AJ251986 | Status: Named | Preferred Habitat: Unassigned | Genome: Genome: yes	244	12	1
V3V5_128_Actinobacteria	375	229	94.628	2	243	856_7595 | Sanguibacter keddieii | HMT-856 | Strain: DSM 10542 | GB: NR_027595 | Status: Named | Preferred Habitat: Unassigned | Genome: Genome: yes	242	13	0
V3V5_128_Actinobacteria	374	231	94.286	1	243	175_5563 | Actinomyces sp. HMT 175 | HMT-175 | Clone: ncd1455a04c1 | GB: JF125563 | Status: Unnamed | Preferred Habitat: Oral | Genome: Genome: yes	245	12	2
V3V5_128_Actinobacteria	374	231	94.286	1	243	175EP005 | Actinomyces sp. HMT 175 | HMT-175 | Clone: EP005 | GB: AY008314 | Status: Unnamed | Preferred Habitat: Oral | Genome: Genome: yes	245	12	2
V3V5_128_Actinobacteria	374	231	94.286	1	243	893_5935 | Actinomyces oris | HMT-893 | Strain: JCM 16131 | GB: AB545935 | Status: Named | Preferred Habitat: Oral | Genome: Genome: yes	245	12	2
V3V5_128_Actinobacteria	374	231	94.286	1	243	893_4727 | Actinomyces oris | HMT-893 | Clone: 070043_377 | GB: JQ464727 | Status: Named | Preferred Habitat: Oral | Genome: Genome: yes	245	12	2
V3V5_128_Actinobacteria	374	231	94.286	1	243	169AG004 | Actinomyces sp. HMT 169 | HMT-169 | Clone: AG004 | GB: AF287747 | Status: Unnamed | Preferred Habitat: Oral | Genome: Genome: no	245	12	2
V3V5_128_Actinobacteria	374	231	94.286	1	243	169F496b | Actinomyces sp. HMT 169 | HMT-169 | Strain: F0496b | GB: tbd | Status: Unnamed | Preferred Habitat: Oral | Genome: Genome: no	245	12	2
V3V5_128_Actinobacteria	374	231	94.286	1	243	176_0512 | Actinomyces naeslundii | HMT-176 | Clone: 069082_029 | GB: JQ450512 | Status: Named | Preferred Habitat: Oral | Genome: Genome: yes	245	12	2
V3V5_128_Actinobacteria	374	231	94.286	1	243	176_1062 | Actinomyces naeslundii | HMT-176 | Strain: NCTC 10301 | GB: X81062 | Status: Named | Preferred Habitat: Oral | Genome: Genome: yes	245	12	2
V3V5_128_Actinobacteria	374	231	94.286	1	243	171BL008 | Actinomyces sp. HMT 171 | HMT-171 | Clone: BL008 | GB: AF385553 | Status: Unnamed | Preferred Habitat: Oral | Genome: Genome: yes	245	12	2
V3V5_128_Actinobacteria	374	231	94.286	1	243	171JA063 | Actinomyces sp. HMT 171 | HMT-171 | Clone: JA063 | GB: AY349367 | Status: Unnamed | Preferred Habitat: Oral | Genome: Genome: yes	245	12	2
V3V5_128_Actinobacteria	374	231	94.286	1	243	170AP064 | Actinomyces sp. HMT 170 | HMT-170 | Clone: AP064 | GB: AF287749 | Status: Unnamed | Preferred Habitat: Oral | Genome: Genome: yes	245	12	2
V3V5_128_Actinobacteria	372	230	94.262	1	243	708_7295 | Actinomyces oricola | HMT-708 | Strain: CCUG 46090 | GB: AJ507295 | Status: Named | Preferred Habitat: Unassigned | Genome: Genome: no	244	13	1
V3V5_128_Actinobacteria	372	229	94.239	1	243	340N141B | Brevibacterium paucivorans | HMT-340 | Strain: 28 | GB: EU086796 | Status: Named | Preferred Habitat: Unassigned | Genome: Genome: no	243	14	0
V3V5_128_Actinobacteria	372	229	94.239	1	243	340N141A | Brevibacterium paucivorans | HMT-340 | Strain: CF 62 | GB: NR_025375 | Status: Named | Preferred Habitat: Unassigned | Genome: Genome: no	243	14	0
V3V5_128_Actinobacteria	372	229	94.239	1	243	190B46KS | Arsenicicoccus bolidensis | HMT-190 | Strain: B46KS | GB: AF287753 | Status: Named | Preferred Habitat: Unassigned | Genome: Genome: yes	243	14	0
V3V5_128_Actinobacteria	372	229	94.239	1	243	190_5598 | Arsenicicoccus bolidensis | HMT-190 | Strain: CCUG 47306 | GB: NR_025598 | Status: Named | Preferred Habitat: Unassigned | Genome: Genome: yes	243	14	0
V3V5_128_Actinobacteria	370	229	94.239	1	243	591_2059 | Corynebacterium diphtheriae | HMT-591 | Strain: CIP 100721 | GB: X82059 | Status: Named | Preferred Habitat: Unassigned | Genome: Genome: yes	243	13	1
V3V5_128_Actinobacteria	370	229	94.239	1	243	208N111A | Corynebacterium bovis | HMT-208 | Strain: Evans | GB: NR_037042 | Status: Named | Preferred Habitat: Unassigned | Genome: Genome: yes	243	13	1
# BLAST processed 1 queries
