# BLASTN 2.12.0+
# Query: V3V5_419_Firmicutes
# Database: ../BLAST_DATABASE_ABUNDANCE/HOMD_16S_rRNA_RefSeq_V15.22.p9.fasta
# Fields: query id, bit score, identical, % identity, q. start, q. end, subject title, alignment length, mismatches, gaps
# 30 hits found
V3V5_419_Firmicutes	366	233	93.200	1	249	841_6094 | Megasphaera sp. HMT 841 | HMT-841 | Clone: Y14 | GB: DQ666094 | Status: Phylotype | Preferred Habitat: Unassigned | Genome: Genome: no	250	16	1
V3V5_419_Firmicutes	350	230	92.000	1	249	119BS016 | Dialister sp. HMT 119 | HMT-119 | Clone: BS016 | GB: AF287786 | Status: Phylotype | Preferred Habitat: Oral | Genome: Genome: no	250	19	1
V3V5_419_Firmicutes	346	229	91.968	3	249	935_8649 | Fastidiosipila sanguinis | HMT-935 | Clone: nck255g10c1 | GB: KF098649 | Status: Named | Preferred Habitat: Unassigned | Genome: Genome: no	249	17	3
V3V5_419_Firmicutes	342	228	91.566	2	249	684_1878 | Mitsuokella multacida | HMT-684 | Strain: NCTC 10934 | GB: X81878 | Status: Named | Preferred Habitat: Unassigned | Genome: Genome: yes	249	20	1
V3V5_419_Firmicutes	339	228	91.200	1	249	123_9314 | Megasphaera sp. HMT 123 | HMT-123 | Clone: ELU0026-000399 | GB: HQ749314 | Status: Phylotype | Preferred Habitat: Oral | Genome: Genome: no	250	21	1
V3V5_419_Firmicutes	339	228	91.200	1	249	123_9043 | Megasphaera sp. HMT 123 | HMT-123 | Clone: ELU0026-000128 | GB: HQ749043 | Status: Phylotype | Preferred Habitat: Oral | Genome: Genome: no	250	21	1
V3V5_419_Firmicutes	339	224	91.803	1	243	843_3837 | Dialister micraerophilus | HMT-843 | Strain: ADV 04.01 | GB: AF473837 | Status: Named | Preferred Habitat: Oral | Genome: Genome: yes	244	19	1
V3V5_419_Firmicutes	333	223	91.393	1	243	094DA074 | Lachnospiraceae [G-10] bacterium HMT 094 | HMT-094 | Clone: DA074 | GB: AF287768 | Status: Phylotype | Preferred Habitat: Unassigned | Genome: Genome: no	244	19	2
V3V5_419_Firmicutes	327	222	90.984	1	243	118BS095 | Dialister invisus | HMT-118 | Clone: BS095 | GB: AF287787 | Status: Named | Preferred Habitat: Oral | Genome: Genome: yes	244	21	1
V3V5_419_Firmicutes	327	222	90.984	1	243	118GBA27 | Dialister invisus | HMT-118 | Strain: GBA27 | GB: AF287788 | Status: Named | Preferred Habitat: Oral | Genome: Genome: yes	244	21	1
V3V5_419_Firmicutes	322	225	90.000	1	249	122_6527 | Megasphaera micronuciformis | HMT-122 | Clone: 16sps19-3e12.p1k | GB: FM996527 | Status: Named | Preferred Habitat: Oral | Genome: Genome: yes	250	24	1
V3V5_419_Firmicutes	322	225	90.000	1	249	122BU057 | Megasphaera micronuciformis | HMT-122 | Clone: BU057 | GB: AF385566 | Status: Named | Preferred Habitat: Oral | Genome: Genome: yes	250	24	1
V3V5_419_Firmicutes	322	221	90.574	1	243	736Dpneu | Dialister pneumosintes | HMT-736 | Strain: ATCC 33048 | GB: X82500 | Status: Named | Preferred Habitat: Oral | Genome: Genome: yes	244	22	1
V3V5_419_Firmicutes	320	222	90.612	2	243	876F0540 | Clostridiales [F-3][G-1] bacterium HMT 876 | HMT-876 | Strain: F0540 | GB: tbd | Status: Unnamed | Preferred Habitat: Unassigned | Genome: Genome: yes	245	17	6
V3V5_419_Firmicutes	318	220	90.535	2	243	495JS001 | Peptostreptococcaceae [XI][G-3] bacterium HMT 495 | HMT-495 | Clone: JS001 | GB: AY349378 | Status: Phylotype | Preferred Habitat: Oral | Genome: Genome: no	243	20	3
V3V5_419_Firmicutes	316	222	90.244	1	243	107F0167 | Lachnoanaerobaculum umeaense | HMT-107 | Strain: F0167 | GB: tbd | Status: Named | Preferred Habitat: Oral | Genome: Genome: yes	246	19	5
V3V5_419_Firmicutes	316	224	89.600	1	249	158F0412 | Veillonella rogosae | HMT-158 | Strain: F0412 | GB: tbd | Status: Named | Preferred Habitat: Oral | Genome: Genome: yes	250	25	1
V3V5_419_Firmicutes	316	224	89.600	1	249	158BI029 | Veillonella rogosae | HMT-158 | Clone: BI029 | GB: GQ422725 | Status: Named | Preferred Habitat: Oral | Genome: Genome: yes	250	25	1
V3V5_419_Firmicutes	316	224	89.600	1	249	161BU083 | Veillonella parvula | HMT-161 | Clone: BU083 | GB: AF366266 | Status: Named | Preferred Habitat: Oral | Genome: Genome: yes	250	25	1
V3V5_419_Firmicutes	316	224	89.600	1	249	161Vparv | Veillonella parvula | HMT-161 | Strain: DSM 2008 | GB: X84005 | Status: Named | Preferred Habitat: Oral | Genome: Genome: yes	250	25	1
V3V5_419_Firmicutes	316	224	89.600	1	249	161AA050 | Veillonella parvula | HMT-161 | Clone: AA050 | GB: AF287782 | Status: Named | Preferred Habitat: Oral | Genome: Genome: yes	250	25	1
V3V5_419_Firmicutes	316	224	89.600	1	249	161_X002 | Veillonella parvula | HMT-161 | Clone: _X002 | GB: GU350451 | Status: Named | Preferred Habitat: Oral | Genome: Genome: yes	250	25	1
V3V5_419_Firmicutes	316	224	89.600	1	249	161_X042 | Veillonella parvula | HMT-161 | Clone: _X042 | GB: AF287781 | Status: Named | Preferred Habitat: Oral | Genome: Genome: yes	250	25	1
V3V5_419_Firmicutes	316	224	89.600	1	249	887_5167 | Veillonella denticariosi | HMT-887 | Strain: CCUG 54362 | GB: EF185167 | Status: Named | Preferred Habitat: Oral | Genome: Genome: yes	250	25	1
V3V5_419_Firmicutes	316	224	89.600	1	249	160Vdisp | Veillonella dispar | HMT-160 | Strain: DSM 20735 | GB: X84006 | Status: Named | Preferred Habitat: Oral | Genome: Genome: yes	250	25	1
V3V5_419_Firmicutes	316	224	89.600	1	249	160_X031 | Veillonella dispar | HMT-160 | Clone: _X031 | GB: GQ422726 | Status: Named | Preferred Habitat: Oral | Genome: Genome: yes	250	25	1
V3V5_419_Firmicutes	316	224	89.600	1	249	524Vatyp | Veillonella atypica | HMT-524 | Strain: DSM 20739 | GB: X84007 | Status: Named | Preferred Habitat: Oral | Genome: Genome: yes	250	25	1
V3V5_419_Firmicutes	316	224	89.600	1	249	524_3631 | Veillonella atypica | HMT-524 | Clone: MB5_P17 | GB: DQ003631 | Status: Named | Preferred Habitat: Oral | Genome: Genome: yes	250	25	1
V3V5_419_Firmicutes	316	224	89.600	1	249	121BB166 | Anaeroglobus geminatus | HMT-121 | Clone: BB166 | GB: AF287783 | Status: Named | Preferred Habitat: Oral | Genome: Genome: yes	250	25	1
V3V5_419_Firmicutes	315	219	90.123	2	243	165EZ006 | Catonella morbi | HMT-165 | Clone: EZ006 | GB: AF385577 | Status: Named | Preferred Habitat: Oral | Genome: Genome: yes	243	23	1
# BLAST processed 1 queries
