# BLASTN 2.12.0+
# Query: V3V5_130_Bacteroidetes
# Database: ../BLAST_DATABASE_ABUNDANCE/HOMD_16S_rRNA_RefSeq_V15.22.p9.fasta
# Fields: query id, bit score, identical, % identity, q. start, q. end, subject title, alignment length, mismatches, gaps
# 30 hits found
V3V5_130_Bacteroidetes	448	242	100.000	1	242	206N109B | Bergeyella sp. HMT 206 | HMT-206 | Clone: 3P2-77 | GB: EF419382 | Status: Phylotype | Preferred Habitat: Unassigned | Genome: Genome: no	242	0	0
V3V5_130_Bacteroidetes	387	231	95.455	1	242	322AK152 | Bergeyella sp. HMT 322 | HMT-322 | Clone: AK152 | GB: AY008691 | Status: Phylotype | Preferred Habitat: Oral | Genome: Genome: no	242	11	0
V3V5_130_Bacteroidetes	383	232	95.082	1	242	931_7552 | Bergeyella sp. HMT 931 | HMT-931 | Clone: 069063_075 | GB: JQ447552 | Status: Phylotype | Preferred Habitat: Oral | Genome: Genome: no	244	10	2
V3V5_130_Bacteroidetes	375	225	95.339	1	236	900-Wade | Bergeyella sp. HMT 900 | HMT-900 | Clone: HS1_1W_C3 | GB: KC203058 | Status: Phylotype | Preferred Habitat: Oral | Genome: Genome: no	236	11	0
V3V5_130_Bacteroidetes	375	229	94.628	1	242	422_0564 | Bergeyella sp. HMT 422 | HMT-422 | Clone: ncd369e02c1 | GB: HM320564 | Status: Phylotype | Preferred Habitat: Unassigned | Genome: Genome: no	242	13	0
V3V5_130_Bacteroidetes	370	224	94.915	1	236	907-Wade | Bergeyella sp. HMT 907 | HMT-907 | Clone: BL190 | GB: JQ406533 | Status: Phylotype | Preferred Habitat: Oral | Genome: Genome: no	236	12	0
V3V5_130_Bacteroidetes	353	225	92.975	1	242	422_8614 | Bergeyella sp. HMT 422 | HMT-422 | Clone: C4MKM119 | GB: AY278614 | Status: Phylotype | Preferred Habitat: Unassigned | Genome: Genome: no	242	17	0
V3V5_130_Bacteroidetes	303	212	89.831	1	236	319AY017 | Bergeyella sp. HMT 319 | HMT-319 | Clone: AY017 | GB: AF385544 | Status: Phylotype | Preferred Habitat: Unassigned | Genome: Genome: no	236	24	0
V3V5_130_Bacteroidetes	254	209	85.656	1	242	323_2733 | Capnocytophaga sp. HMT 323 | HMT-323 | Clone: 071057_454 | GB: JQ472733 | Status: Unnamed | Preferred Habitat: Oral | Genome: Genome: yes	244	31	4
V3V5_130_Bacteroidetes	254	209	85.656	1	242	412_8613 | Capnocytophaga sp. HMT 412 | HMT-412 | Clone: C2MKM106 | GB: AY278613 | Status: Unnamed | Preferred Habitat: Oral | Genome: Genome: yes	244	31	4
V3V5_130_Bacteroidetes	254	209	85.656	1	242	334EL043 | Capnocytophaga sp. HMT 334 | HMT-334 | Clone: EL043 | GB: AY008312 | Status: Phylotype | Preferred Habitat: Unassigned | Genome: Genome: no	244	31	4
V3V5_130_Bacteroidetes	254	209	85.656	1	242	336F0502 | Capnocytophaga sp. HMT 336 | HMT-336 | Strain: F0502 | GB: tbd | Status: Unnamed | Preferred Habitat: Oral | Genome: Genome: yes	244	31	4
V3V5_130_Bacteroidetes	254	209	85.656	1	242	324AA032 | Capnocytophaga sp. HMT 324 | HMT-324 | Clone: AA032 | GB: AY005079 | Status: Unnamed | Preferred Habitat: Oral | Genome: Genome: yes	244	31	4
V3V5_130_Bacteroidetes	248	208	85.246	1	242	335_4775 | Capnocytophaga sp. HMT 335 | HMT-335 | Clone: 069096_232 | GB: JQ454775 | Status: Unnamed | Preferred Habitat: Oral | Genome: Genome: yes	244	32	4
V3V5_130_Bacteroidetes	248	208	85.246	1	242	902-Wade | Capnocytophaga sp. HMT 902 | HMT-902 | Clone: FL163 | GB: JQ406542 | Status: Phylotype | Preferred Habitat: Oral | Genome: Genome: no	244	32	4
V3V5_130_Bacteroidetes	248	208	85.246	1	242	878F0545 | Capnocytophaga sp. HMT 878 | HMT-878 | Strain: F0545 | GB: tbd | Status: Unnamed | Preferred Habitat: Oral | Genome: Genome: no	244	32	4
V3V5_130_Bacteroidetes	248	208	85.246	1	242	329BR085 | Capnocytophaga leadbetteri | HMT-329 | Clone: BR085 | GB: GU350453 | Status: Named | Preferred Habitat: Oral | Genome: Genome: yes	244	32	4
V3V5_130_Bacteroidetes	248	208	85.246	1	242	329BU084 | Capnocytophaga leadbetteri | HMT-329 | Clone: BU084 | GB: AF385569 | Status: Named | Preferred Habitat: Oral | Genome: Genome: yes	244	32	4
V3V5_130_Bacteroidetes	248	208	85.246	1	242	329BM058 | Capnocytophaga leadbetteri | HMT-329 | Clone: BM058 | GB: AY005075 | Status: Named | Preferred Habitat: Oral | Genome: Genome: yes	244	32	4
V3V5_130_Bacteroidetes	248	209	85.306	1	242	901-Wade | Capnocytophaga sp. HMT 901 | HMT-901 | Clone: BL218 | GB: JQ406535 | Status: Phylotype | Preferred Habitat: Unassigned | Genome: Genome: no	245	30	6
V3V5_130_Bacteroidetes	243	207	84.836	1	242	864_1335 | Capnocytophaga sp. HMT 864 | HMT-864 | Clone: GEJ8 | GB: GU561335 | Status: Unnamed | Preferred Habitat: Oral | Genome: Genome: no	244	33	4
V3V5_130_Bacteroidetes	243	207	84.836	1	242	332DS022 | Capnocytophaga sp. HMT 332 | HMT-332 | Clone: DS022 | GB: AF366270 | Status: Unnamed | Preferred Habitat: Oral | Genome: Genome: yes	244	33	4
V3V5_130_Bacteroidetes	241	207	84.836	1	242	412F0487 | Capnocytophaga sp. HMT 412 | HMT-412 | Strain: F0487 | GB: tbd | Status: Unnamed | Preferred Habitat: Oral | Genome: Genome: yes	244	31	6
V3V5_130_Bacteroidetes	241	207	84.836	1	242	336_X089 | Capnocytophaga sp. HMT 336 | HMT-336 | Clone: _X089 | GB: AY005080 | Status: Unnamed | Preferred Habitat: Oral | Genome: Genome: yes	244	31	6
V3V5_130_Bacteroidetes	241	207	84.836	1	242	700_4635 | Capnocytophaga ochracea | HMT-700 | Strain: ATCC 33596 | GB: L14635 | Status: Named | Preferred Habitat: Oral | Genome: Genome: yes	244	31	6
V3V5_130_Bacteroidetes	241	207	84.836	1	242	903-Wade | Capnocytophaga sp. HMT 903 | HMT-903 | Clone: HS5_2W_I24 | GB: KC203061 | Status: Phylotype | Preferred Habitat: Oral | Genome: Genome: no	244	31	6
V3V5_130_Bacteroidetes	241	207	84.836	1	242	380F0488 | Capnocytophaga sp. HMT 380 | HMT-380 | Strain: F0488 | GB: tbd | Status: Unnamed | Preferred Habitat: Oral | Genome: Genome: yes	244	31	6
V3V5_130_Bacteroidetes	237	206	84.426	1	242	335_X066 | Capnocytophaga sp. HMT 335 | HMT-335 | Clone: _X066 | GB: AY005078 | Status: Unnamed | Preferred Habitat: Oral | Genome: Genome: yes	244	34	4
V3V5_130_Bacteroidetes	237	206	84.426	1	242	864F0512 | Capnocytophaga sp. HMT 864 | HMT-864 | Strain: F0512 | GB: tbd | Status: Unnamed | Preferred Habitat: Oral | Genome: Genome: no	244	34	4
V3V5_130_Bacteroidetes	237	206	84.426	1	242	336_2363 | Capnocytophaga sp. HMT 336 | HMT-336 | Clone: 070035_613 | GB: JQ462363 | Status: Unnamed | Preferred Habitat: Oral | Genome: Genome: yes	244	34	4
# BLAST processed 1 queries
