# BLASTN 2.12.0+
# Query: V3V5_072_Firmicutes
# Database: ../BLAST_DATABASE_ABUNDANCE/HOMD_16S_rRNA_RefSeq_V15.22.p9.fasta
# Fields: query id, bit score, identical, % identity, q. start, q. end, subject title, alignment length, mismatches, gaps
# 30 hits found
V3V5_072_Firmicutes	462	250	100.000	1	250	165EZ006 | Catonella morbi | HMT-165 | Clone: EZ006 | GB: AF385577 | Status: Named | Preferred Habitat: Oral | Genome: Genome: yes	250	0	0
V3V5_072_Firmicutes	451	248	99.200	1	250	165_7151 | Catonella morbi | HMT-165 | Strain: ATCC 51271 | GB: X87151 | Status: Named | Preferred Habitat: Oral | Genome: Genome: yes	250	2	0
V3V5_072_Firmicutes	446	247	98.800	1	250	164BR063 | Catonella sp. HMT 164 | HMT-164 | Clone: BR063 | GB: AF385556 | Status: Phylotype | Preferred Habitat: Oral | Genome: Genome: no	250	3	0
V3V5_072_Firmicutes	396	239	95.219	1	250	451_6846 | Catonella sp. HMT 451 | HMT-451 | Clone: 071071_215 | GB: JQ476846 | Status: Phylotype | Preferred Habitat: Oral | Genome: Genome: no	251	10	2
V3V5_072_Firmicutes	364	232	93.173	2	250	094DA074 | Lachnospiraceae [G-10] bacterium HMT 094 | HMT-094 | Clone: DA074 | GB: AF287768 | Status: Phylotype | Preferred Habitat: Unassigned | Genome: Genome: no	249	16	1
V3V5_072_Firmicutes	359	231	92.771	2	250	097DO016 | Stomatobaculum sp. HMT 097 | HMT-097 | Clone: DO016 | GB: AF385510 | Status: Unnamed | Preferred Habitat: Oral | Genome: Genome: no	249	17	1
V3V5_072_Firmicutes	359	231	92.771	2	250	419_8618 | Stomatobaculum longum | HMT-419 | Clone: C4ALM087 | GB: AY278618 | Status: Named | Preferred Habitat: Oral | Genome: Genome: yes	249	17	1
V3V5_072_Firmicutes	359	231	92.771	2	250	910-Wade | Stomatobaculum sp. HMT 910 | HMT-910 | Clone: CL133 | GB: JQ406544 | Status: Phylotype | Preferred Habitat: Oral | Genome: Genome: no	249	17	1
V3V5_072_Firmicutes	348	229	91.968	2	250	090CK030 | Butyrivibrio sp. HMT 090 | HMT-090 | Clone: CK030 | GB: AF287773 | Status: Phylotype | Preferred Habitat: Unassigned | Genome: Genome: no	249	19	1
V3V5_072_Firmicutes	342	228	91.566	2	250	102FB046 | Oribacterium sp. HMT 102 | HMT-102 | Clone: FB046 | GB: GQ422713 | Status: Unnamed | Preferred Habitat: Oral | Genome: Genome: no	249	20	1
V3V5_072_Firmicutes	342	228	91.566	2	250	924_9209 | Lachnospiraceae [G-9] bacterium HMT 924 | HMT-924 | Clone: rRNA436 | GB: AY959209 | Status: Phylotype | Preferred Habitat: Unassigned | Genome: Genome: no	249	20	1
V3V5_072_Firmicutes	342	228	91.566	2	250	496JI012 | Lachnoanaerobaculum sp. HMT 496 | HMT-496 | Clone: JI012 | GB: AY349379 | Status: Phylotype | Preferred Habitat: Unassigned | Genome: Genome: no	249	20	1
V3V5_072_Firmicutes	337	228	91.200	2	250	108_5571 | Oribacterium asaccharolyticum | HMT-108 | Strain: ACB7 | GB: NR_125571 | Status: Named | Preferred Habitat: Oral | Genome: Genome: yes	250	19	3
V3V5_072_Firmicutes	337	228	91.200	2	250	108F0425 | Oribacterium asaccharolyticum | HMT-108 | Strain: F0425 | GB: tbd | Status: Named | Preferred Habitat: Oral | Genome: Genome: yes	250	19	3
V3V5_072_Firmicutes	337	227	91.165	2	250	102_1218 | Oribacterium sp. HMT 102 | HMT-102 | Clone: MCE7_60 | GB: AF481218 | Status: Unnamed | Preferred Habitat: Oral | Genome: Genome: no	249	21	1
V3V5_072_Firmicutes	337	227	91.165	2	250	166CK051 | Johnsonella sp. HMT 166 | HMT-166 | Clone: CK051 | GB: AF287774 | Status: Phylotype | Preferred Habitat: Oral | Genome: Genome: no	249	21	1
V3V5_072_Firmicutes	337	228	91.200	2	250	635_7152 | Johnsonella ignava | HMT-635 | Strain: ATCC 51276 | GB: X87152 | Status: Named | Preferred Habitat: Oral | Genome: Genome: yes	250	18	4
V3V5_072_Firmicutes	335	224	91.429	7	250	163AH153 | Lachnospiraceae [G-7] bacterium HMT 163 | HMT-163 | Clone: AH153 | GB: AF287769 | Status: Phylotype | Preferred Habitat: Oral | Genome: Genome: no	245	20	1
V3V5_072_Firmicutes	335	224	91.429	7	250	086BU061 | Lachnospiraceae [G-7] bacterium HMT 086 | HMT-086 | Clone: BU061 | GB: AF385567 | Status: Phylotype | Preferred Habitat: Oral | Genome: Genome: no	245	20	1
V3V5_072_Firmicutes	333	227	90.800	2	250	100EI074 | Lachnospiraceae [G-3] bacterium HMT 100 | HMT-100 | Clone: EI074 | GB: AF385573 | Status: Phylotype | Preferred Habitat: Oral | Genome: Genome: no	250	22	1
V3V5_072_Firmicutes	331	227	90.800	2	250	934FTB41 | Oribacterium parvum | HMT-934 | Strain: FTB41 | GB: AF287770 | Status: Named | Preferred Habitat: Oral | Genome: Genome: yes	250	20	3
V3V5_072_Firmicutes	331	226	90.763	2	250	934_5570 | Oribacterium parvum | HMT-934 | Strain: ACB1 | GB: NR_125570 | Status: Named | Preferred Habitat: Oral | Genome: Genome: yes	249	22	1
V3V5_072_Firmicutes	331	226	90.763	2	250	457F0268 | Oribacterium sinus | HMT-457 | Strain: F0268 | GB: FJ577261 | Status: Named | Preferred Habitat: Oral | Genome: Genome: yes	249	22	1
V3V5_072_Firmicutes	331	226	90.763	2	250	373_1221 | Stomatobaculum sp. HMT 373 | HMT-373 | Clone: MCE9_173 | GB: AF481221 | Status: Phylotype | Preferred Habitat: Oral | Genome: Genome: no	249	22	1
V3V5_072_Firmicutes	331	226	90.763	2	250	096DO008 | Lachnospiraceae [G-2] bacterium HMT 096 | HMT-096 | Clone: DO008 | GB: AF385508 | Status: Unnamed | Preferred Habitat: Oral | Genome: Genome: no	249	22	1
V3V5_072_Firmicutes	327	226	90.400	2	250	083BS091 | Lachnoanaerobaculum sp. HMT 083 | HMT-083 | Clone: BS091 | GB: AF385562 | Status: Phylotype | Preferred Habitat: Oral | Genome: Genome: yes	250	22	2
V3V5_072_Firmicutes	327	226	90.400	2	250	083BR088 | Lachnoanaerobaculum sp. HMT 083 | HMT-083 | Clone: BR088 | GB: AF385557 | Status: Phylotype | Preferred Habitat: Oral | Genome: Genome: yes	250	22	2
V3V5_072_Firmicutes	326	225	90.361	2	250	095_9956 | Shuttleworthia satelles | HMT-095 | Strain: D143K-13 | GB: AF399956 | Status: Named | Preferred Habitat: Oral | Genome: Genome: yes	249	23	1
V3V5_072_Firmicutes	326	226	90.400	2	250	088CH017 | Lachnospiraceae [G-2] bacterium HMT 088 | HMT-088 | Clone: CH017 | GB: AF287775 | Status: Phylotype | Preferred Habitat: Oral | Genome: Genome: no	250	21	3
V3V5_072_Firmicutes	324	218	91.213	12	250	080BB124 | Butyrivibrio sp. HMT 080 | HMT-080 | Clone: BB124 | GB: AF287772 | Status: Phylotype | Preferred Habitat: Oral | Genome: Genome: no	239	20	1
# BLAST processed 1 queries
