# BLASTN 2.12.0+
# Query: V3V5_028_Betaproteobacteria
# Database: ../BLAST_DATABASE_ABUNDANCE/HOMD_16S_rRNA_RefSeq_V15.22.p9.fasta
# Fields: query id, bit score, identical, % identity, q. start, q. end, subject title, alignment length, mismatches, gaps
# 30 hits found
V3V5_028_Betaproteobacteria	435	235	100.000	1	235	022_3223 | Lautropia mirabilis | HMT-022 | Strain: Fredericksen | GB: X73223 | Status: Named | Preferred Habitat: Oral | Genome: Genome: yes	235	0	0
V3V5_028_Betaproteobacteria	424	233	99.149	1	235	022AP009 | Lautropia mirabilis | HMT-022 | Clone: AP009 | GB: AY005030 | Status: Named | Preferred Habitat: Oral | Genome: Genome: yes	235	2	0
V3V5_028_Betaproteobacteria	366	222	94.872	2	235	406AK168 | Ralstonia sp. HMT 406 | HMT-406 | Clone: AK168 | GB: AY005032 | Status: Phylotype | Preferred Habitat: Unassigned | Genome: Genome: no	234	12	0
V3V5_028_Betaproteobacteria	366	222	94.872	2	235	854_3152 | Ralstonia pickettii | HMT-854 | Strain: ATCC 27511 | GB: NR_043152 | Status: Named | Preferred Habitat: Unassigned | Genome: Genome: yes	234	12	0
V3V5_028_Betaproteobacteria	363	222	94.468	1	235	343_4907 | Achromobacter xylosoxidans | HMT-343 | Strain: DSM 30026 | GB: Y14907 | Status: Named | Preferred Habitat: Unassigned | Genome: Genome: yes	235	13	0
V3V5_028_Betaproteobacteria	357	221	94.043	1	235	828_2327 | Bordetella pertussis | HMT-828 | Strain: CIP 105.894 | GB: AF142327 | Status: Named | Preferred Habitat: Unassigned | Genome: Genome: yes	235	14	0
V3V5_028_Betaproteobacteria	350	219	93.590	2	235	571_7530 | Burkholderia cepacia | HMT-571 | Strain: ATCC 25416 | GB: AF097530 | Status: Named | Preferred Habitat: Unassigned | Genome: Genome: yes	234	15	0
V3V5_028_Betaproteobacteria	339	218	92.766	2	235	027_5039 | Cupriavidus gilardii | HMT-027 | Strain: C37KA | GB: AY005039 | Status: Named | Preferred Habitat: Unassigned | Genome: Genome: yes	235	16	1
V3V5_028_Betaproteobacteria	324	216	91.525	1	235	894-Wade | Ottowia sp. HMT 894 | HMT-894 | Strain: W10237 | GB: tbd | Status: Unnamed | Preferred Habitat: Unassigned | Genome: Genome: yes	236	19	1
V3V5_028_Betaproteobacteria	324	216	91.525	1	235	894Wade2 | Ottowia sp. HMT 894 | HMT-894 | Clone: BL117 | GB: JQ406530 | Status: Unnamed | Preferred Habitat: Unassigned | Genome: Genome: yes	236	19	1
V3V5_028_Betaproteobacteria	311	214	90.678	2	235	737_6167 | Neisseria polysaccharea | HMT-737 | Strain: ATCC 43768 | GB: L06167 | Status: Named | Preferred Habitat: Unassigned | Genome: Genome: yes	236	19	3
V3V5_028_Betaproteobacteria	307	214	90.295	1	235	621_7714 | Neisseria gonorrhoeae | HMT-621 | Strain: NCTC 83785 | GB: X07714 | Status: Named | Preferred Habitat: Unassigned | Genome: Genome: yes	237	20	3
V3V5_028_Betaproteobacteria	307	213	90.254	1	235	023_2803 | Delftia acidovorans | HMT-023 | Strain: 158 | GB: AJ002803 | Status: Named | Preferred Habitat: Unassigned | Genome: Genome: yes	236	22	1
V3V5_028_Betaproteobacteria	307	213	90.254	1	235	023_0186 | Delftia acidovorans | HMT-023 | Strain: MBIC 1305 | GB: AB020186 | Status: Named | Preferred Habitat: Unassigned | Genome: Genome: yes	236	22	1
V3V5_028_Betaproteobacteria	307	213	90.254	1	235	858_9161 | Comamonas testosteroni | HMT-858 | Strain: ATCC 11996 | GB: NR_029161 | Status: Named | Preferred Habitat: Oral | Genome: Genome: yes	236	22	1
V3V5_028_Betaproteobacteria	307	213	90.254	1	235	211N113A | Acidovorax caeni | HMT-211 | Strain: R-24608 | GB: NR_042427 | Status: Named | Preferred Habitat: Unassigned | Genome: Genome: yes	236	22	1
V3V5_028_Betaproteobacteria	305	213	90.254	2	235	101N065A | Neisseria perflava | HMT-101 | Strain: Branham 7078 | GB: NR_117694 | Status: Named | Preferred Habitat: Unassigned | Genome: Genome: no	236	20	3
V3V5_028_Betaproteobacteria	305	213	90.254	2	235	610_1998 | Neisseria flavescens | HMT-610 | Clone: P1D1-762 | GB: EF511998 | Status: Named | Preferred Habitat: Oral | Genome: Genome: yes	236	20	3
V3V5_028_Betaproteobacteria	305	213	90.254	2	235	476_9291 | Neisseria subflava | HMT-476 | Strain: U37 | GB: AJ239291 | Status: Named | Preferred Habitat: Oral | Genome: Genome: yes	236	20	3
V3V5_028_Betaproteobacteria	305	213	90.254	2	235	013_9613 | Neisseria bacilliformis | HMT-013 | Clone: P4D1-729 | GB: EF509613 | Status: Named | Preferred Habitat: Oral | Genome: Genome: yes	236	20	3
V3V5_028_Betaproteobacteria	305	213	90.254	2	235	013_5756 | Neisseria bacilliformis | HMT-013 | Strain: S4 | GB: KM225756 | Status: Named | Preferred Habitat: Oral | Genome: Genome: yes	236	20	3
V3V5_028_Betaproteobacteria	302	212	89.831	1	235	209N112A | Acidovorax ebreus | HMT-209 | Strain: YW12 | GB: KM287569 | Status: Named | Preferred Habitat: Unassigned | Genome: Genome: yes	236	23	1
V3V5_028_Betaproteobacteria	300	212	89.831	2	235	649_9286 | Neisseria lactamica | HMT-649 | Strain: NCTC 10617 | GB: AJ239286 | Status: Named | Preferred Habitat: Oral | Genome: Genome: yes	236	21	3
V3V5_028_Betaproteobacteria	300	212	89.831	2	235	669_2273 | Neisseria meningitidis | HMT-669 | Strain: M8067 | GB: AF382273 | Status: Named | Preferred Habitat: Oral | Genome: Genome: yes	236	21	3
V3V5_028_Betaproteobacteria	300	212	89.831	2	235	013AK105 | Neisseria bacilliformis | HMT-013 | Clone: AK105 | GB: AY005029 | Status: Named | Preferred Habitat: Oral | Genome: Genome: yes	236	21	3
V3V5_028_Betaproteobacteria	300	212	89.831	2	235	018_0511 | Neisseria sp. HMT 018 | HMT-018 | Clone: 069082_036 | GB: JQ450511 | Status: Phylotype | Preferred Habitat: Oral | Genome: Genome: no	236	21	3
V3V5_028_Betaproteobacteria	300	212	89.831	2	235	499JC012 | Neisseria sp. HMT 499 | HMT-499 | Clone: JC012 | GB: AY349388 | Status: Phylotype | Preferred Habitat: Oral | Genome: Genome: no	236	21	3
V3V5_028_Betaproteobacteria	300	212	89.831	2	235	646_1998 | Kingella kingae | HMT-646 | Clone: 070038_218 | GB: AY551998 | Status: Named | Preferred Habitat: Unassigned | Genome: Genome: yes	236	21	3
V3V5_028_Betaproteobacteria	300	212	89.831	2	235	646_1999 | Kingella kingae | HMT-646 | Strain: ATCC 23330 | GB: AY551999 | Status: Named | Preferred Habitat: Unassigned | Genome: Genome: yes	236	21	3
V3V5_028_Betaproteobacteria	300	212	89.831	2	235	014F0314 | Neisseria oralis | HMT-014 | Strain: F0314 | GB: tbd | Status: Named | Preferred Habitat: Oral | Genome: Genome: yes	236	21	3
# BLAST processed 1 queries
