# BLASTN 2.12.0+
# Query: V3V5_106_Firmicutes
# Database: ../BLAST_DATABASE_ABUNDANCE/HOMD_16S_rRNA_RefSeq_V15.22.p9.fasta
# Fields: query id, bit score, identical, % identity, q. start, q. end, subject title, alignment length, mismatches, gaps
# 30 hits found
V3V5_106_Firmicutes	455	248	99.598	1	249	097DO016 | Stomatobaculum sp. HMT 097 | HMT-097 | Clone: DO016 | GB: AF385510 | Status: Unnamed | Preferred Habitat: Oral | Genome: Genome: no	249	1	0
V3V5_106_Firmicutes	455	248	99.598	1	249	419_8618 | Stomatobaculum longum | HMT-419 | Clone: C4ALM087 | GB: AY278618 | Status: Named | Preferred Habitat: Oral | Genome: Genome: yes	249	1	0
V3V5_106_Firmicutes	455	248	99.598	1	249	910-Wade | Stomatobaculum sp. HMT 910 | HMT-910 | Clone: CL133 | GB: JQ406544 | Status: Phylotype | Preferred Habitat: Oral | Genome: Genome: no	249	1	0
V3V5_106_Firmicutes	405	239	95.984	1	249	373_1221 | Stomatobaculum sp. HMT 373 | HMT-373 | Clone: MCE9_173 | GB: AF481221 | Status: Phylotype | Preferred Habitat: Oral | Genome: Genome: no	249	10	0
V3V5_106_Firmicutes	361	231	92.771	1	249	095_9956 | Shuttleworthia satelles | HMT-095 | Strain: D143K-13 | GB: AF399956 | Status: Named | Preferred Habitat: Oral | Genome: Genome: yes	249	18	0
V3V5_106_Firmicutes	359	232	92.800	2	249	165_7151 | Catonella morbi | HMT-165 | Strain: ATCC 51271 | GB: X87151 | Status: Named | Preferred Habitat: Oral | Genome: Genome: yes	250	15	3
V3V5_106_Firmicutes	359	231	92.771	2	249	165EZ006 | Catonella morbi | HMT-165 | Clone: EZ006 | GB: AF385577 | Status: Named | Preferred Habitat: Oral | Genome: Genome: yes	249	17	1
V3V5_106_Firmicutes	359	231	92.771	2	249	164BR063 | Catonella sp. HMT 164 | HMT-164 | Clone: BR063 | GB: AF385556 | Status: Phylotype | Preferred Habitat: Oral | Genome: Genome: no	249	17	1
V3V5_106_Firmicutes	355	230	92.369	1	249	080BB124 | Butyrivibrio sp. HMT 080 | HMT-080 | Clone: BB124 | GB: AF287772 | Status: Phylotype | Preferred Habitat: Oral | Genome: Genome: no	249	19	0
V3V5_106_Firmicutes	355	232	92.430	1	249	166CK051 | Johnsonella sp. HMT 166 | HMT-166 | Clone: CK051 | GB: AF287774 | Status: Phylotype | Preferred Habitat: Oral | Genome: Genome: no	251	15	4
V3V5_106_Firmicutes	355	230	92.369	1	249	094DA074 | Lachnospiraceae [G-10] bacterium HMT 094 | HMT-094 | Clone: DA074 | GB: AF287768 | Status: Phylotype | Preferred Habitat: Unassigned | Genome: Genome: no	249	19	0
V3V5_106_Firmicutes	353	231	92.400	1	249	635_7152 | Johnsonella ignava | HMT-635 | Strain: ATCC 51276 | GB: X87152 | Status: Named | Preferred Habitat: Oral | Genome: Genome: yes	250	16	3
V3V5_106_Firmicutes	344	228	91.566	1	249	102FB046 | Oribacterium sp. HMT 102 | HMT-102 | Clone: FB046 | GB: GQ422713 | Status: Unnamed | Preferred Habitat: Oral | Genome: Genome: no	249	21	0
V3V5_106_Firmicutes	344	229	91.600	2	249	086BU061 | Lachnospiraceae [G-7] bacterium HMT 086 | HMT-086 | Clone: BU061 | GB: AF385567 | Status: Phylotype | Preferred Habitat: Oral | Genome: Genome: no	250	19	2
V3V5_106_Firmicutes	339	227	91.165	1	249	102_1218 | Oribacterium sp. HMT 102 | HMT-102 | Clone: MCE7_60 | GB: AF481218 | Status: Unnamed | Preferred Habitat: Oral | Genome: Genome: no	249	22	0
V3V5_106_Firmicutes	339	227	91.165	1	249	496JI012 | Lachnoanaerobaculum sp. HMT 496 | HMT-496 | Clone: JI012 | GB: AY349379 | Status: Phylotype | Preferred Habitat: Unassigned | Genome: Genome: no	249	22	0
V3V5_106_Firmicutes	339	227	91.165	1	249	088CH017 | Lachnospiraceae [G-2] bacterium HMT 088 | HMT-088 | Clone: CH017 | GB: AF287775 | Status: Phylotype | Preferred Habitat: Oral | Genome: Genome: no	249	22	0
V3V5_106_Firmicutes	339	227	91.165	1	249	096DO008 | Lachnospiraceae [G-2] bacterium HMT 096 | HMT-096 | Clone: DO008 | GB: AF385508 | Status: Unnamed | Preferred Habitat: Oral | Genome: Genome: no	249	22	0
V3V5_106_Firmicutes	339	228	91.200	2	249	163AH153 | Lachnospiraceae [G-7] bacterium HMT 163 | HMT-163 | Clone: AH153 | GB: AF287769 | Status: Phylotype | Preferred Habitat: Oral | Genome: Genome: no	250	20	2
V3V5_106_Firmicutes	337	226	91.129	2	249	078F0262 | Oribacterium sp. HMT 078 | HMT-078 | Strain: F0262 | GB: tbd | Status: Unnamed | Preferred Habitat: Oral | Genome: Genome: yes	248	22	0
V3V5_106_Firmicutes	337	226	91.129	2	249	078AO068 | Oribacterium sp. HMT 078 | HMT-078 | Clone: AO068 | GB: AF287771 | Status: Unnamed | Preferred Habitat: Oral | Genome: Genome: yes	248	22	0
V3V5_106_Firmicutes	337	226	91.129	2	249	078F263a | Oribacterium sp. HMT 078 | HMT-078 | Strain: F0263a | GB: tbd | Status: Unnamed | Preferred Habitat: Oral | Genome: Genome: yes	248	22	0
V3V5_106_Firmicutes	337	226	91.129	2	249	078F263b | Oribacterium sp. HMT 078 | HMT-078 | Strain: F0263b | GB: tbd | Status: Unnamed | Preferred Habitat: Oral | Genome: Genome: yes	248	22	0
V3V5_106_Firmicutes	337	227	91.165	2	249	090CK030 | Butyrivibrio sp. HMT 090 | HMT-090 | Clone: CK030 | GB: AF287773 | Status: Phylotype | Preferred Habitat: Unassigned | Genome: Genome: no	249	20	2
V3V5_106_Firmicutes	333	227	90.800	1	249	082BE088 | Lachnoanaerobaculum orale | HMT-082 | Clone: BE088 | GB: AF385552 | Status: Named | Preferred Habitat: Oral | Genome: Genome: yes	250	22	1
V3V5_106_Firmicutes	333	227	90.800	1	249	082F0431 | Lachnoanaerobaculum orale | HMT-082 | Strain: F0431 | GB: tbd | Status: Named | Preferred Habitat: Oral | Genome: Genome: yes	250	22	1
V3V5_106_Firmicutes	333	227	90.800	1	249	494_RDP | Lachnoanaerobaculum saburreum | HMT-494 | Strain: DSM 3986 | GB: RDP | Status: Named | Preferred Habitat: Oral | Genome: Genome: yes	250	22	1
V3V5_106_Firmicutes	333	227	90.800	1	249	494IR009 | Lachnoanaerobaculum saburreum | HMT-494 | Clone: IR009 | GB: AY349376 | Status: Named | Preferred Habitat: Oral | Genome: Genome: yes	250	22	1
V3V5_106_Firmicutes	333	228	90.837	1	249	089CK004 | Lachnoanaerobaculum sp. HMT 089 | HMT-089 | Clone: CK004 | GB: AF287776 | Status: Phylotype | Preferred Habitat: Unassigned | Genome: Genome: no	251	20	3
V3V5_106_Firmicutes	331	225	90.726	2	249	108_5571 | Oribacterium asaccharolyticum | HMT-108 | Strain: ACB7 | GB: NR_125571 | Status: Named | Preferred Habitat: Oral | Genome: Genome: yes	248	23	0
# BLAST processed 1 queries
