# BLASTN 2.12.0+
# Query: V3V5_332_Firmicutes
# Database: ../BLAST_DATABASE_ABUNDANCE/HOMD_16S_rRNA_RefSeq_V15.22.p9.fasta
# Fields: query id, bit score, identical, % identity, q. start, q. end, subject title, alignment length, mismatches, gaps
# 30 hits found
V3V5_332_Firmicutes	289	219	87.952	4	249	534_2027 | Granulicatella adiacens | HMT-534 | Strain: TKT1 | GB: AB022027 | Status: Named | Preferred Habitat: Oral | Genome: Genome: yes	249	25	5
V3V5_332_Firmicutes	289	219	87.952	4	249	534_0540 | Granulicatella adiacens | HMT-534 | Strain: ATCC 49175 | GB: D50540 | Status: Named | Preferred Habitat: Oral | Genome: Genome: yes	249	25	5
V3V5_332_Firmicutes	289	219	87.952	4	249	596_5408 | Granulicatella elegans | HMT-596 | Strain: 2640-91 | GB: Y15408 | Status: Named | Preferred Habitat: Oral | Genome: Genome: yes	249	25	5
V3V5_332_Firmicutes	289	219	87.952	4	249	596_2532 | Granulicatella elegans | HMT-596 | Clone: ncd32a06c1 | GB: HM252532 | Status: Named | Preferred Habitat: Oral | Genome: Genome: yes	249	25	5
V3V5_332_Firmicutes	283	218	87.550	4	249	803_6902 | Enterococcus italicus | HMT-803 | Strain: LMG 21727 | GB: AJ626902 | Status: Named | Preferred Habitat: Unassigned | Genome: Genome: yes	249	26	5
V3V5_332_Firmicutes	283	218	87.550	4	249	880_0801 | Enterococcus durans | HMT-880 | Strain: CECT 411 | GB: AJ420801 | Status: Named | Preferred Habitat: Unassigned | Genome: Genome: yes	249	26	5
V3V5_332_Firmicutes	283	218	87.550	4	249	756_9108 | Lactobacillus salivarius | HMT-756 | Strain: ATCC 11741 | GB: AF089108 | Status: Named | Preferred Habitat: Oral | Genome: Genome: yes	249	26	5
V3V5_332_Firmicutes	283	216	87.449	4	249	684_1878 | Mitsuokella multacida | HMT-684 | Strain: NCTC 10934 | GB: X81878 | Status: Named | Preferred Habitat: Unassigned | Genome: Genome: yes	247	30	1
V3V5_332_Firmicutes	283	216	87.449	4	249	841_6094 | Megasphaera sp. HMT 841 | HMT-841 | Clone: Y14 | GB: DQ666094 | Status: Phylotype | Preferred Habitat: Unassigned | Genome: Genome: no	247	30	1
V3V5_332_Firmicutes	278	217	87.149	4	249	604_8293 | Enterococcus faecalis | HMT-604 | Strain: not listed | GB: Y18293 | Status: Named | Preferred Habitat: Unassigned | Genome: Genome: yes	249	27	5
V3V5_332_Firmicutes	278	215	87.045	4	249	312N133A | Aerococcus viridans | HMT-312 | Strain: NBRC 12219 | GB: NR_104708 | Status: Named | Preferred Habitat: Unassigned | Genome: Genome: yes	247	31	1
V3V5_332_Firmicutes	278	217	87.149	4	249	389_0541 | Abiotrophia defectiva | HMT-389 | Strain: ATCC 49176 | GB: D50541 | Status: Named | Preferred Habitat: Oral | Genome: Genome: yes	249	27	5
V3V5_332_Firmicutes	278	213	87.295	1	243	167_1292 | Peptococcus sp. HMT 167 | HMT-167 | Clone: 34q_22 | GB: HE681292 | Status: Lost | Preferred Habitat: Oral | Genome: Genome: no	244	30	1
V3V5_332_Firmicutes	278	213	87.295	1	243	167GEA8 | Peptococcus sp. HMT 167 | HMT-167 | Strain: GEA8 | GB: GQ422727 | Status: Lost | Preferred Habitat: Oral | Genome: Genome: no	244	30	1
V3V5_332_Firmicutes	274	209	87.448	12	249	935_8649 | Fastidiosipila sanguinis | HMT-935 | Clone: nck255g10c1 | GB: KF098649 | Status: Named | Preferred Habitat: Unassigned | Genome: Genome: no	239	29	1
V3V5_332_Firmicutes	272	216	86.747	4	249	802_1004 | Enterococcus saccharolyticus | HMT-802 | Strain: ATCC 43076 | GB: AF061004 | Status: Named | Preferred Habitat: Unassigned | Genome: Genome: yes	249	28	5
V3V5_332_Firmicutes	272	216	86.747	4	249	801_9899 | Enterococcus casseliflavus | HMT-801 | Strain: 32 | GB: AF039899 | Status: Named | Preferred Habitat: Unassigned | Genome: Genome: yes	249	28	5
V3V5_332_Firmicutes	272	210	87.137	4	243	402_7065 | Clostridiales [F-1][G-2] bacterium HMT 402 | HMT-402 | Clone: P4PA_66 | GB: AY207065 | Status: Phylotype | Preferred Habitat: Unassigned | Genome: Genome: no	241	30	1
V3V5_332_Firmicutes	272	212	86.885	1	243	168_I070 | Peptococcus sp. HMT 168 | HMT-168 | Clone: _I070 | GB: AF287780 | Status: Phylotype | Preferred Habitat: Oral | Genome: Genome: no	244	31	1
V3V5_332_Firmicutes	272	214	86.640	4	249	501JI021 | Selenomonas sp. HMT 501 | HMT-501 | Clone: JI021 | GB: AY349409 | Status: Phylotype | Preferred Habitat: Unassigned | Genome: Genome: no	247	32	1
V3V5_332_Firmicutes	267	213	86.235	4	249	119BS016 | Dialister sp. HMT 119 | HMT-119 | Clone: BS016 | GB: AF287786 | Status: Phylotype | Preferred Habitat: Oral | Genome: Genome: no	247	33	1
V3V5_332_Firmicutes	265	214	85.944	2	249	831_7475 | Alloiococcus otitis | HMT-831 | Strain: not listed | GB: AY957475 | Status: Named | Preferred Habitat: Unassigned | Genome: Genome: yes	249	34	1
V3V5_332_Firmicutes	265	208	86.667	4	243	112A21H2 | Peptostreptococcus stomatis | HMT-112 | Strain: A21H2 | GB: GQ422715 | Status: Named | Preferred Habitat: Oral | Genome: Genome: yes	240	31	1
V3V5_332_Firmicutes	265	208	86.667	4	243	112CK035 | Peptostreptococcus stomatis | HMT-112 | Clone: CK035 | GB: AF287763 | Status: Named | Preferred Habitat: Oral | Genome: Genome: yes	240	31	1
V3V5_332_Firmicutes	265	208	86.667	4	243	542_6462 | Peptostreptococcus anaerobius | HMT-542 | Strain: NCTC 11460 | GB: AY326462 | Status: Named | Preferred Habitat: Oral | Genome: Genome: yes	240	31	1
V3V5_332_Firmicutes	265	204	87.179	14	246	366_1208 | Ruminococcaceae [G-3] bacterium HMT 366 | HMT-366 | Clone: MCE3_9 | GB: AF481208 | Status: Phylotype | Preferred Habitat: Unassigned | Genome: Genome: no	234	29	1
V3V5_332_Firmicutes	261	215	86.000	4	249	241N118A | Brochothrix thermosphacta | HMT-241 | Strain: FSL F6-1036 | GB: NR_113587 | Status: Named | Preferred Habitat: Unassigned | Genome: Genome: yes	250	28	7
V3V5_332_Firmicutes	259	205	86.498	14	249	883_9211 | Lactobacillus pentosus | HMT-883 | Strain: ATCC 8041 | GB: D79211 | Status: Named | Preferred Habitat: Unassigned | Genome: Genome: yes	237	31	1
V3V5_332_Firmicutes	259	205	86.498	14	249	861_9598 | Lactobacillus plantarum | HMT-861 | Strain: ZDY78 | GB: EU559598 | Status: Named | Preferred Habitat: Unassigned | Genome: Genome: yes	237	31	1
V3V5_332_Firmicutes	257	200	86.957	14	243	493JH012 | Peptostreptococcaceae [XI][G-5] bacterium HMT 493 | HMT-493 | Clone: JH012 | GB: AY349373 | Status: Phylotype | Preferred Habitat: Unassigned | Genome: Genome: no	230	28	2
# BLAST processed 1 queries
