# BLASTN 2.12.0+
# Query: V3V5_450_Bacteroidetes
# Database: ../BLAST_DATABASE_ABUNDANCE/HOMD_16S_rRNA_RefSeq_V15.22.p9.fasta
# Fields: query id, bit score, identical, % identity, q. start, q. end, subject title, alignment length, mismatches, gaps
# 30 hits found
V3V5_450_Bacteroidetes	276	212	87.243	1	242	516_3623 | Bacteroidetes [G-6] bacterium HMT 516 | HMT-516 | Clone: MB3_P19 | GB: DQ003623 | Status: Phylotype | Preferred Habitat: Oral | Genome: Genome: no	243	30	1
V3V5_450_Bacteroidetes	231	190	85.586	22	242	507_3617 | Bacteroidetes [G-5] bacterium HMT 507 | HMT-507 | Clone: MB2_G17 | GB: DQ003617 | Status: Phylotype | Preferred Habitat: Oral | Genome: Genome: no	222	30	2
V3V5_450_Bacteroidetes	226	189	85.135	22	242	505_3615 | Bacteroidetes [G-5] bacterium HMT 505 | HMT-505 | Clone: MB1_G34 | GB: DQ003615 | Status: Phylotype | Preferred Habitat: Oral | Genome: Genome: no	222	31	2
V3V5_450_Bacteroidetes	209	186	83.784	22	242	511_3634 | Bacteroidetes [G-5] bacterium HMT 511 | HMT-511 | Clone: MB3_C19 | GB: DQ003634 | Status: Phylotype | Preferred Habitat: Oral | Genome: Genome: no	222	34	2
V3V5_450_Bacteroidetes	207	201	82.377	3	242	619_3964 | Porphyromonas gingivalis | HMT-619 | Strain: DSM 20709 | GB: X73964 | Status: Named | Preferred Habitat: Oral | Genome: Genome: yes	244	37	6
V3V5_450_Bacteroidetes	198	198	81.481	1	242	930_8499 | Porphyromonas sp. HMT 930 | HMT-930 | Clone: 071041_260 | GB: JQ468499 | Status: Phylotype | Preferred Habitat: Oral | Genome: Genome: no	243	43	2
V3V5_450_Bacteroidetes	198	197	81.405	1	242	273_7054 | Porphyromonas endodontalis | HMT-273 | Clone: P2PB_52 | GB: AY207054 | Status: Named | Preferred Habitat: Oral | Genome: Genome: yes	242	45	0
V3V5_450_Bacteroidetes	198	197	81.405	1	242	273_6491 | Porphyromonas endodontalis | HMT-273 | Strain: ATCC 35406 | GB: L16491 | Status: Named | Preferred Habitat: Oral | Genome: Genome: yes	242	45	0
V3V5_450_Bacteroidetes	198	201	81.707	1	242	933_3217 | Pedobacter sp. HMT 933 | HMT-933 | Clone: nbu291f04c1 | GB: GQ023217 | Status: Phylotype | Preferred Habitat: Unassigned | Genome: Genome: no	246	37	8
V3V5_450_Bacteroidetes	198	201	81.707	1	242	321AZ123 | Pedobacter sp. HMT 321 | HMT-321 | Clone: AZ123 | GB: AF385549 | Status: Phylotype | Preferred Habitat: Unassigned | Genome: Genome: no	246	37	8
V3V5_450_Bacteroidetes	198	201	81.707	1	242	318AV100 | Pedobacter sp. HMT 318 | HMT-318 | Clone: AV100 | GB: AF385531 | Status: Phylotype | Preferred Habitat: Unassigned | Genome: Genome: no	246	37	8
V3V5_450_Bacteroidetes	193	196	80.992	1	242	273BB134 | Porphyromonas endodontalis | HMT-273 | Clone: BB134 | GB: AY005068 | Status: Named | Preferred Habitat: Oral | Genome: Genome: yes	242	46	0
V3V5_450_Bacteroidetes	193	196	80.992	1	242	273AJ002 | Porphyromonas endodontalis | HMT-273 | Clone: AJ002 | GB: AY005067 | Status: Named | Preferred Habitat: Oral | Genome: Genome: yes	242	46	0
V3V5_450_Bacteroidetes	193	196	80.992	1	242	285_F016 | Porphyromonas sp. HMT 285 | HMT-285 | Clone: _F016 | GB: AY005069 | Status: Phylotype | Preferred Habitat: Oral | Genome: Genome: no	242	46	0
V3V5_450_Bacteroidetes	191	195	80.913	2	242	630F0110 | Bacteroides heparinolyticus | HMT-630 | Strain: F0110 | GB: GQ422742 | Status: Named | Preferred Habitat: Unassigned | Genome: Genome: no	241	46	0
V3V5_450_Bacteroidetes	191	195	80.913	2	242	630_6487 | Bacteroides heparinolyticus | HMT-630 | Strain: ATCC 35895 | GB: L16487 | Status: Named | Preferred Habitat: Unassigned | Genome: Genome: no	241	46	0
V3V5_450_Bacteroidetes	191	196	80.992	2	242	465_6488 | Bacteroides zoogleoformans | HMT-465 | Strain: ATCC 33285 | GB: L16488 | Status: Named | Preferred Habitat: Unassigned | Genome: Genome: no	242	44	2
V3V5_450_Bacteroidetes	191	197	81.070	2	242	320AZ105 | Flavitalea sp. HMT 320 | HMT-320 | Clone: AZ105 | GB: AF385548 | Status: Phylotype | Preferred Habitat: Unassigned | Genome: Genome: no	243	42	4
V3V5_450_Bacteroidetes	187	196	80.658	1	242	278BS045 | Porphyromonas sp. HMT 278 | HMT-278 | Clone: BS045 | GB: AF385560 | Status: Unnamed | Preferred Habitat: Oral | Genome: Genome: yes	243	45	2
V3V5_450_Bacteroidetes	187	196	80.658	1	242	279F450d | Porphyromonas pasteri | HMT-279 | Strain: F0450d | GB: tbd | Status: Named | Preferred Habitat: Oral | Genome: Genome: yes	243	45	2
V3V5_450_Bacteroidetes	187	196	80.658	1	242	279F450c | Porphyromonas pasteri | HMT-279 | Strain: F0450c | GB: tbd | Status: Named | Preferred Habitat: Oral | Genome: Genome: yes	243	45	2
V3V5_450_Bacteroidetes	187	196	80.658	1	242	279CW034 | Porphyromonas pasteri | HMT-279 | Clone: CW034 | GB: AY008310 | Status: Named | Preferred Habitat: Oral | Genome: Genome: yes	243	45	2
V3V5_450_Bacteroidetes	187	196	80.658	1	242	279DP023 | Porphyromonas pasteri | HMT-279 | Clone: DP023 | GB: AF385516 | Status: Named | Preferred Habitat: Oral | Genome: Genome: yes	243	45	2
V3V5_450_Bacteroidetes	187	196	80.658	1	242	279F450a | Porphyromonas pasteri | HMT-279 | Strain: F0450a | GB: tbd | Status: Named | Preferred Habitat: Oral | Genome: Genome: yes	243	45	2
V3V5_450_Bacteroidetes	187	196	80.658	1	242	279F450b | Porphyromonas pasteri | HMT-279 | Strain: F0450b | GB: tbd | Status: Named | Preferred Habitat: Oral | Genome: Genome: yes	243	45	2
V3V5_450_Bacteroidetes	187	196	80.658	1	242	274_8173 | Bacteroidales [G-2] bacterium HMT 274 | HMT-274 | Clone: 071040_120 | GB: JQ468173 | Status: Unnamed | Preferred Habitat: Oral | Genome: Genome: yes	243	45	2
V3V5_450_Bacteroidetes	187	199	80.894	1	242	422_8614 | Bergeyella sp. HMT 422 | HMT-422 | Clone: C4MKM119 | GB: AY278614 | Status: Phylotype | Preferred Habitat: Unassigned | Genome: Genome: no	246	39	8
V3V5_450_Bacteroidetes	187	198	80.816	1	242	422_0564 | Bergeyella sp. HMT 422 | HMT-422 | Clone: ncd369e02c1 | GB: HM320564 | Status: Phylotype | Preferred Habitat: Unassigned | Genome: Genome: no	245	41	6
V3V5_450_Bacteroidetes	185	197	80.738	2	242	473IK062 | Alloprevotella sp. HMT 473 | HMT-473 | Clone: IK062 | GB: AY349402 | Status: Unnamed | Preferred Habitat: Oral | Genome: Genome: yes	244	42	5
V3V5_450_Bacteroidetes	182	195	80.247	1	242	283_2823 | Porphyromonas catoniae | HMT-283 | Strain: ATCC 51270 | GB: X82823 | Status: Named | Preferred Habitat: Oral | Genome: Genome: yes	243	46	2
# BLAST processed 1 queries
