# BLASTN 2.12.0+
# Query: V3V5_373_Spirochaetes
# Database: ../BLAST_DATABASE_ABUNDANCE/HOMD_16S_rRNA_RefSeq_V15.22.p9.fasta
# Fields: query id, bit score, identical, % identity, q. start, q. end, subject title, alignment length, mismatches, gaps
# 30 hits found
V3V5_373_Spirochaetes	390	211	100.000	1	211	253BQ032 | Treponema sp. HMT 253 | HMT-253 | Clone: BQ032 | GB: AF182838 | Status: Phylotype | Preferred Habitat: Oral | Genome: Genome: no	211	0	0
V3V5_373_Spirochaetes	374	208	98.578	1	211	250_D024 | Treponema sp. HMT 250 | HMT-250 | Clone: _D024 | GB: AF023028 | Status: Phylotype | Preferred Habitat: Unassigned | Genome: Genome: no	211	3	0
V3V5_373_Spirochaetes	361	206	97.630	1	211	951_0103 | Treponema sp. HMT 951 | HMT-951 | Clone: 303D03 | GB: AM420103 | Status: Phylotype | Preferred Habitat: Oral | Genome: Genome: no	211	4	1
V3V5_373_Spirochaetes	361	206	97.630	1	211	517_3624 | Treponema sp. HMT 517 | HMT-517 | Clone: MB3_P23 | GB: DQ003624 | Status: Phylotype | Preferred Habitat: Oral | Genome: Genome: no	211	4	1
V3V5_373_Spirochaetes	361	206	97.630	1	211	251_U008 | Treponema sp. HMT 251 | HMT-251 | Clone: _U008A | GB: AF056340 | Status: Phylotype | Preferred Habitat: Unassigned | Genome: Genome: no	211	4	1
V3V5_373_Spirochaetes	344	203	96.209	1	211	256BB003 | Treponema sp. HMT 256 | HMT-256 | Clone: BB003 | GB: AF182835 | Status: Phylotype | Preferred Habitat: Oral | Genome: Genome: no	211	7	1
V3V5_373_Spirochaetes	335	201	95.261	1	211	252BA213 | Treponema sp. HMT 252 | HMT-252 | Clone: BA213 | GB: AF056341 | Status: Phylotype | Preferred Habitat: Oral | Genome: Genome: no	211	10	0
V3V5_373_Spirochaetes	333	201	95.261	1	211	254AT013 | Treponema sp. HMT 254 | HMT-254 | Clone: AT013 | GB: AF182836 | Status: Phylotype | Preferred Habitat: Oral | Genome: Genome: no	211	9	1
V3V5_373_Spirochaetes	327	200	94.787	1	211	518_3625 | Treponema sp. HMT 518 | HMT-518 | Clone: MB4_G11 | GB: DQ003625 | Status: Phylotype | Preferred Habitat: Oral | Genome: Genome: no	211	10	1
V3V5_373_Spirochaetes	324	199	94.313	1	211	508_3618 | Treponema sp. HMT 508 | HMT-508 | Clone: MB2_G19 | GB: DQ003618 | Status: Phylotype | Preferred Habitat: Oral | Genome: Genome: no	211	12	0
V3V5_373_Spirochaetes	324	201	94.366	1	211	246_T001 | Treponema sp. HMT 246 | HMT-246 | Clone: _T001 | GB: AF023031 | Status: Phylotype | Preferred Habitat: Oral | Genome: Genome: no	213	9	3
V3V5_373_Spirochaetes	318	200	93.897	1	211	247_G093 | Treponema sp. HMT 247 | HMT-247 | Clone: _G093 | GB: AF023032 | Status: Phylotype | Preferred Habitat: Oral | Genome: Genome: no	213	10	3
V3V5_373_Spirochaetes	302	197	92.488	1	211	584_D012 | Treponema denticola | HMT-584 | Clone: _D012 | GB: AF023030 | Status: Named | Preferred Habitat: Oral | Genome: Genome: yes	213	13	3
V3V5_373_Spirochaetes	302	197	92.488	1	211	805_8726 | Treponema pallidum | HMT-805 | Strain: Nichols | GB: M88726 | Status: Named | Preferred Habitat: Unassigned | Genome: Genome: yes	213	13	3
V3V5_373_Spirochaetes	296	196	92.019	1	211	584_1236 | Treponema denticola | HMT-584 | Strain: ATCC 33520 | GB: M71236 | Status: Named | Preferred Habitat: Oral | Genome: Genome: yes	213	14	3
V3V5_373_Spirochaetes	291	195	91.549	1	211	236AF016 | Treponema sp. HMT 236 | HMT-236 | Clone: AF016 | GB: AF056338 | Status: Phylotype | Preferred Habitat: Oral | Genome: Genome: no	213	15	3
V3V5_373_Spirochaetes	291	195	91.549	1	211	743_9249 | Treponema putidum | HMT-743 | Strain: OMZ 844 | GB: AY369249 | Status: Named | Preferred Habitat: Oral | Genome: Genome: yes	213	15	3
V3V5_373_Spirochaetes	285	194	91.080	1	211	237_G057 | Treponema sp. HMT 237 | HMT-237 | Clone: _G057 | GB: AF056337 | Status: Phylotype | Preferred Habitat: Oral | Genome: Genome: no	213	16	3
V3V5_373_Spirochaetes	285	194	91.080	1	211	237AT024 | Treponema sp. HMT 237 | HMT-237 | Clone: AT024 | GB: AF061350 | Status: Phylotype | Preferred Habitat: Oral | Genome: Genome: no	213	16	3
V3V5_373_Spirochaetes	285	194	91.080	1	211	237_1822 | Treponema sp. HMT 237 | HMT-237 | Clone: P4GB_42 | GB: AY341822 | Status: Phylotype | Preferred Habitat: Oral | Genome: Genome: no	213	16	3
V3V5_373_Spirochaetes	285	194	91.080	1	211	237AT039 | Treponema sp. HMT 237 | HMT-237 | Clone: AT039 | GB: AF061349 | Status: Phylotype | Preferred Habitat: Oral | Genome: Genome: no	213	16	3
V3V5_373_Spirochaetes	285	194	91.080	1	211	231_T021 | Treponema sp. HMT 231 | HMT-231 | Clone: _T021 | GB: AF023055 | Status: Phylotype | Preferred Habitat: Oral | Genome: Genome: no	213	16	3
V3V5_373_Spirochaetes	285	194	91.080	1	211	667_3051 | Treponema medium | HMT-667 | Clone: _C007 | GB: AF023051 | Status: Named | Preferred Habitat: Oral | Genome: Genome: yes	213	16	3
V3V5_373_Spirochaetes	285	194	91.080	1	211	029_3309 | Treponema vincentii | HMT-029 | Strain: ATCC 35580 | GB: AF033309 | Status: Named | Preferred Habitat: Oral | Genome: Genome: yes	213	16	3
V3V5_373_Spirochaetes	285	194	91.080	1	211	227BA223 | Treponema sp. HMT 227 | HMT-227 | Clone: BA223 | GB: AF056339 | Status: Phylotype | Preferred Habitat: Oral | Genome: Genome: no	213	16	3
V3V5_373_Spirochaetes	285	194	91.080	1	211	234_Y001 | Treponema sp. HMT 234 | HMT-234 | Clone: _Y001 | GB: AF023056 | Status: Phylotype | Preferred Habitat: Oral | Genome: Genome: no	213	16	3
V3V5_373_Spirochaetes	285	194	91.080	1	211	230_D013 | Treponema sp. HMT 230 | HMT-230 | Clone: _D013 | GB: AF023053 | Status: Phylotype | Preferred Habitat: Oral | Genome: Genome: no	213	16	3
V3V5_373_Spirochaetes	285	194	91.080	1	211	230AF068 | Treponema sp. HMT 230 | HMT-230 | Clone: AF068 | GB: AY005081 | Status: Phylotype | Preferred Habitat: Oral | Genome: Genome: no	213	16	3
V3V5_373_Spirochaetes	285	194	91.080	1	211	238AT020 | Treponema sp. HMT 238 | HMT-238 | Clone: AT020 | GB: AF061347 | Status: Phylotype | Preferred Habitat: Oral | Genome: Genome: no	213	16	3
V3V5_373_Spirochaetes	285	194	91.080	1	211	226_G054 | Treponema sp. HMT 226 | HMT-226 | Clone: _G054 | GB: AF023062 | Status: Phylotype | Preferred Habitat: Oral | Genome: Genome: no	213	16	3
# BLAST processed 1 queries
