# BLASTN 2.12.0+
# Query: V3V5_428_Bacteroidetes
# Database: ../BLAST_DATABASE_ABUNDANCE/HOMD_16S_rRNA_RefSeq_V15.22.p9.fasta
# Fields: query id, bit score, identical, % identity, q. start, q. end, subject title, alignment length, mismatches, gaps
# 30 hits found
V3V5_428_Bacteroidetes	370	229	94.239	1	243	291_3524 | Prevotella denticola | HMT-291 | Strain: ATCC 35308 | GB: AY323524 | Status: Named | Preferred Habitat: Oral | Genome: Genome: yes	243	12	2
V3V5_428_Bacteroidetes	370	229	94.239	1	243	291AH005 | Prevotella denticola | HMT-291 | Clone: AH005 | GB: AY005053 | Status: Named | Preferred Habitat: Oral | Genome: Genome: yes	243	12	2
V3V5_428_Bacteroidetes	364	228	93.827	1	243	291AO036 | Prevotella denticola | HMT-291 | Clone: AO036 | GB: AY005054 | Status: Named | Preferred Habitat: Oral | Genome: Genome: yes	243	13	2
V3V5_428_Bacteroidetes	364	228	93.827	1	243	685_2483 | Prevotella multiformis | HMT-685 | Strain: PPPA21 | GB: AB182483 | Status: Named | Preferred Habitat: Oral | Genome: Genome: yes	243	13	2
V3V5_428_Bacteroidetes	353	226	93.004	1	243	782F0012 | Prevotella fusca | HMT-782 | Strain: F0012 | GB: GQ422745 | Status: Named | Preferred Habitat: Oral | Genome: Genome: yes	243	15	2
V3V5_428_Bacteroidetes	348	225	92.593	1	243	782_4304 | Prevotella fusca | HMT-782 | Strain: JCM 17724 | GB: NR_114304 | Status: Named | Preferred Habitat: Oral | Genome: Genome: yes	243	16	2
V3V5_428_Bacteroidetes	348	225	92.593	1	243	306DO027 | Prevotella sp. HMT 306 | HMT-306 | Clone: DO027 | GB: AF385511 | Status: Unnamed | Preferred Habitat: Oral | Genome: Genome: yes	243	16	2
V3V5_428_Bacteroidetes	348	225	92.593	1	243	298BE073 | Prevotella histicola | HMT-298 | Clone: BE073 | GB: AF385551 | Status: Named | Preferred Habitat: Oral | Genome: Genome: yes	243	16	2
V3V5_428_Bacteroidetes	342	224	92.181	1	243	572_6473 | Prevotella veroralis | HMT-572 | Strain: ATCC 33779 | GB: L16473 | Status: Named | Preferred Habitat: Oral | Genome: Genome: yes	243	17	2
V3V5_428_Bacteroidetes	342	224	92.181	1	243	313FM005 | Prevotella sp. HMT 313 | HMT-313 | Clone: FM005 | GB: AF432133 | Status: Unnamed | Preferred Habitat: Oral | Genome: Genome: no	243	17	2
V3V5_428_Bacteroidetes	342	225	92.213	1	243	376_1226 | Prevotella sp. HMT 376 | HMT-376 | Strain: E7_34 | GB: AF481226 | Status: Unnamed | Preferred Habitat: Oral | Genome: Genome: no	244	15	4
V3V5_428_Bacteroidetes	337	223	91.770	1	243	885_3253 | Prevotella scopos | HMT-885 | Strain: JCM 17725 | GB: AB683253 | Status: Named | Preferred Habitat: Oral | Genome: Genome: yes	243	18	2
V3V5_428_Bacteroidetes	337	223	91.770	1	243	469_3525 | Prevotella melaninogenica | HMT-469 | Strain: ATCC 25845 | GB: AY323525 | Status: Named | Preferred Habitat: Oral | Genome: Genome: yes	243	18	2
V3V5_428_Bacteroidetes	337	223	91.770	1	243	572_3124 | Prevotella veroralis | HMT-572 | Strain: JCM 6290 | GB: NR_113124 | Status: Named | Preferred Habitat: Oral | Genome: Genome: yes	243	18	2
V3V5_428_Bacteroidetes	337	223	91.770	1	243	572_4079 | Prevotella veroralis | HMT-572 | Clone: 071062_262 | GB: JQ474079 | Status: Named | Preferred Habitat: Oral | Genome: Genome: yes	243	18	2
V3V5_428_Bacteroidetes	337	223	91.770	1	243	313_9254 | Prevotella sp. HMT 313 | HMT-313 | Clone: 069104_177 | GB: JQ449254 | Status: Unnamed | Preferred Habitat: Oral | Genome: Genome: no	243	18	2
V3V5_428_Bacteroidetes	337	223	91.770	1	243	314FU048 | Prevotella sp. HMT 314 | HMT-314 | Clone: FU048 | GB: AY349393 | Status: Unnamed | Preferred Habitat: Oral | Genome: Genome: no	243	18	2
V3V5_428_Bacteroidetes	335	222	91.736	2	243	515_3622 | Prevotella sp. HMT 515 | HMT-515 | Clone: MB3_P13 | GB: DQ003622 | Status: Phylotype | Preferred Habitat: Oral | Genome: Genome: no	242	18	2
V3V5_428_Bacteroidetes	326	221	90.947	1	243	305_0424 | Prevotella sp. HMT 305 | HMT-305 | Clone: 070055_034 | GB: JQ460424 | Status: Phylotype | Preferred Habitat: Oral | Genome: Genome: no	243	20	2
V3V5_428_Bacteroidetes	322	223	90.650	1	243	289_4315 | Prevotella maculosa | HMT-289 | Strain: W1609 | GB: EF534315 | Status: Named | Preferred Habitat: Oral | Genome: Genome: yes	246	17	6
V3V5_428_Bacteroidetes	322	223	90.650	1	243	311_6474 | Prevotella oris | HMT-311 | Strain: ATCC 33573 | GB: L16474 | Status: Named | Preferred Habitat: Oral | Genome: Genome: yes	246	17	6
V3V5_428_Bacteroidetes	320	222	90.612	1	242	311_F045 | Prevotella oris | HMT-311 | Clone: _F045 | GB: AY005056 | Status: Named | Preferred Habitat: Oral | Genome: Genome: yes	245	17	6
V3V5_428_Bacteroidetes	320	220	90.535	1	243	305DO014 | Prevotella sp. HMT 305 | HMT-305 | Clone: DO014 | GB: AF385509 | Status: Phylotype | Preferred Habitat: Oral | Genome: Genome: no	243	21	2
V3V5_428_Bacteroidetes	318	215	91.102	8	243	943_2878 | Prevotella aurantiaca | HMT-943 | Strain: OMA31 | GB: NR_112878 | Status: Named | Preferred Habitat: Oral | Genome: Genome: yes	236	19	2
V3V5_428_Bacteroidetes	318	215	91.102	8	243	714_3121 | Prevotella pallens | HMT-714 | Strain: JCM 11140 | GB: NR_113121 | Status: Named | Preferred Habitat: Oral | Genome: Genome: yes	236	19	2
V3V5_428_Bacteroidetes	318	222	90.244	1	243	583_1876 | Prevotella dentalis | HMT-583 | Strain: DSM 3688 | GB: X81876 | Status: Named | Preferred Habitat: Oral | Genome: Genome: yes	246	20	4
V3V5_428_Bacteroidetes	316	220	90.164	1	243	292AU120 | Prevotella sp. HMT 292 | HMT-292 | Clone: AU120 | GB: GQ422735 | Status: Phylotype | Preferred Habitat: Oral | Genome: Genome: no	244	22	2
V3V5_428_Bacteroidetes	316	220	90.164	1	243	292AH125 | Prevotella sp. HMT 292 | HMT-292 | Clone: AH125 | GB: AY005060 | Status: Phylotype | Preferred Habitat: Oral | Genome: Genome: no	244	22	2
V3V5_428_Bacteroidetes	316	220	90.164	1	243	300_0563 | Prevotella sp. HMT 300 | HMT-300 | Clone: ncd2142e01c1 | GB: JF180563 | Status: Phylotype | Preferred Habitat: Oral | Genome: Genome: no	244	22	2
V3V5_428_Bacteroidetes	316	220	90.164	1	243	300BR014 | Prevotella sp. HMT 300 | HMT-300 | Clone: BR014 | GB: AF385554 | Status: Phylotype | Preferred Habitat: Oral | Genome: Genome: no	244	22	2
# BLAST processed 1 queries
