# BLASTN 2.12.0+
# Query: V3V5_327_Firmicutes
# Database: ../BLAST_DATABASE_ABUNDANCE/HOMD_16S_rRNA_RefSeq_V15.22.p9.fasta
# Fields: query id, bit score, identical, % identity, q. start, q. end, subject title, alignment length, mismatches, gaps
# 30 hits found
V3V5_327_Firmicutes	457	249	99.600	1	250	151_N011 | Selenomonas sputigena | HMT-151 | Clone: _N001 | GB: GQ422723 | Status: Named | Preferred Habitat: Oral | Genome: Genome: yes	250	1	0
V3V5_327_Firmicutes	457	249	99.600	1	250	151Ssput | Selenomonas sputigena | HMT-151 | Strain: ATCC 35185 | GB: AF287793 | Status: Named | Preferred Habitat: Oral | Genome: Genome: yes	250	1	0
V3V5_327_Firmicutes	457	249	99.600	1	250	151_K168 | Selenomonas sputigena | HMT-151 | Clone: _K168 | GB: GQ422722 | Status: Named | Preferred Habitat: Oral | Genome: Genome: yes	250	1	0
V3V5_327_Firmicutes	457	249	99.600	1	250	442_1820 | Selenomonas sp. HMT 442 | HMT-442 | Clone: P4PA_145 | GB: AY341820 | Status: Phylotype | Preferred Habitat: Oral | Genome: Genome: no	250	1	0
V3V5_327_Firmicutes	451	248	99.200	1	250	134DD020 | Selenomonas sp. HMT 134 | HMT-134 | Clone: DD020 | GB: AF287794 | Status: Phylotype | Preferred Habitat: Oral | Genome: Genome: no	250	2	0
V3V5_327_Firmicutes	435	245	98.000	1	250	521_3628 | Mitsuokella sp. HMT 521 | HMT-521 | Clone: MB5_P06 | GB: DQ003628 | Status: Phylotype | Preferred Habitat: Oral | Genome: Genome: no	250	5	0
V3V5_327_Firmicutes	429	244	97.600	1	250	521_3746 | Mitsuokella sp. HMT 521 | HMT-521 | Clone: 9-1-7 | GB: AY423746 | Status: Phylotype | Preferred Habitat: Oral | Genome: Genome: no	250	6	0
V3V5_327_Firmicutes	429	244	97.600	1	250	131_8627 | Mitsuokella sp. HMT 131 | HMT-131 | Clone: C5AKM062 | GB: AY278627 | Status: Unnamed | Preferred Habitat: Oral | Genome: Genome: yes	250	6	0
V3V5_327_Firmicutes	429	244	97.600	1	250	131CS002 | Mitsuokella sp. HMT 131 | HMT-131 | Clone: CS002 | GB: AF287795 | Status: Unnamed | Preferred Habitat: Oral | Genome: Genome: yes	250	6	0
V3V5_327_Firmicutes	424	243	97.200	1	250	138DS071 | Selenomonas sp. HMT 138 | HMT-138 | Clone: DS071 | GB: AF366274 | Status: Unnamed | Preferred Habitat: Oral | Genome: Genome: yes	250	7	0
V3V5_327_Firmicutes	424	243	97.200	1	250	639Sinfe | Selenomonas infelix | HMT-639 | Strain: ATCC 43532 | GB: AF287802 | Status: Named | Preferred Habitat: Oral | Genome: Genome: yes	250	7	0
V3V5_327_Firmicutes	424	243	97.200	1	250	919WadeB | Selenomonas sp. HMT 919 | HMT-919 | Strain: W7667 | GB: tbd | Status: Unnamed | Preferred Habitat: Oral | Genome: Genome: no	250	7	0
V3V5_327_Firmicutes	424	243	97.200	1	250	139_Z048 | Selenomonas dianae | HMT-139 | Clone: _Z048 | GB: GQ422719 | Status: Named | Preferred Habitat: Oral | Genome: Genome: no	250	7	0
V3V5_327_Firmicutes	424	243	97.200	1	250	139DY027 | Selenomonas dianae | HMT-139 | Clone: DY027 | GB: AF385492 | Status: Named | Preferred Habitat: Oral | Genome: Genome: no	250	7	0
V3V5_327_Firmicutes	424	243	97.200	1	250	139Sdian | Selenomonas dianae | HMT-139 | Strain: ATCC 43527 | GB: AF287801 | Status: Named | Preferred Habitat: Oral | Genome: Genome: no	250	7	0
V3V5_327_Firmicutes	424	243	97.200	1	250	146EW084 | Selenomonas sp. HMT 146 | HMT-146 | Clone: EW084 | GB: AF385503 | Status: Lost | Preferred Habitat: Oral | Genome: Genome: no	250	7	0
V3V5_327_Firmicutes	424	243	97.200	1	250	936_4994 | Selenomonas sp. HMT 936 | HMT-936 | Clone: ncd436f04c1 | GB: HM324994 | Status: Phylotype | Preferred Habitat: Unassigned | Genome: Genome: no	250	7	0
V3V5_327_Firmicutes	424	243	97.200	1	250	126AJ036 | Selenomonas sp. HMT 126 | HMT-126 | Clone: AJ036 | GB: AF287800 | Status: Unnamed | Preferred Habitat: Oral | Genome: Genome: no	250	7	0
V3V5_327_Firmicutes	424	243	97.200	1	250	919WadeA | Selenomonas sp. HMT 919 | HMT-919 | Strain: W7667 | GB: tbd | Status: Unnamed | Preferred Habitat: Oral | Genome: Genome: no	250	7	0
V3V5_327_Firmicutes	424	243	97.200	1	250	126EY047 | Selenomonas sp. HMT 126 | HMT-126 | Clone: EY047 | GB: AF385576 | Status: Unnamed | Preferred Habitat: Oral | Genome: Genome: no	250	7	0
V3V5_327_Firmicutes	424	243	97.200	1	250	481IK004 | Selenomonas sp. HMT 481 | HMT-481 | Clone: IK004 | GB: AY349407 | Status: Lost | Preferred Habitat: Oral | Genome: Genome: no	250	7	0
V3V5_327_Firmicutes	424	243	97.200	1	250	481_4667 | Selenomonas sp. HMT 481 | HMT-481 | Clone: 069096_081 | GB: JQ454667 | Status: Lost | Preferred Habitat: Oral | Genome: Genome: no	250	7	0
V3V5_327_Firmicutes	424	243	97.200	1	250	726_0963 | Centipeda periodontii | HMT-726 | Strain: DSM 2778 | GB: AJ010963 | Status: Named | Preferred Habitat: Oral | Genome: Genome: yes	250	7	0
V3V5_327_Firmicutes	424	243	97.200	1	250	479GT010 | Selenomonas sp. HMT 479 | HMT-479 | Clone: GT010 | GB: AY349405 | Status: Lost | Preferred Habitat: Oral | Genome: Genome: no	250	7	0
V3V5_327_Firmicutes	424	243	97.200	1	250	920-Wade | Selenomonas sp. HMT 920 | HMT-920 | Strain: W5150 | GB: tbd | Status: Unnamed | Preferred Habitat: Oral | Genome: Genome: no	250	7	0
V3V5_327_Firmicutes	424	243	97.200	1	250	892F0426 | Selenomonas sp. HMT 892 | HMT-892 | Strain: F0426 | GB: tbd | Status: Unnamed | Preferred Habitat: Oral | Genome: Genome: yes	250	7	0
V3V5_327_Firmicutes	424	243	97.200	1	250	124F0399 | Selenomonas artemidis | HMT-124 | Strain: F0399 | GB: HM596274 | Status: Named | Preferred Habitat: Oral | Genome: Genome: yes	250	7	0
V3V5_327_Firmicutes	424	243	97.200	1	250	124AA024 | Selenomonas artemidis | HMT-124 | Clone: AA024 | GB: AF287797 | Status: Named | Preferred Habitat: Oral | Genome: Genome: yes	250	7	0
V3V5_327_Firmicutes	424	243	97.200	1	250	124Sart | Selenomonas artemidis | HMT-124 | Strain: ATCC 43528 | GB: GQ422716 | Status: Named | Preferred Habitat: Oral | Genome: Genome: yes	250	7	0
V3V5_327_Firmicutes	424	243	97.200	1	250	137DS051 | Selenomonas sp. HMT 137 | HMT-137 | Clone: DS051 | GB: AF366273 | Status: Unnamed | Preferred Habitat: Oral | Genome: Genome: yes	250	7	0
# BLAST processed 1 queries
