# BLASTN 2.12.0+
# Query: V3V5_230_Bacteroidetes
# Database: ../BLAST_DATABASE_ABUNDANCE/HOMD_16S_rRNA_RefSeq_V15.22.p9.fasta
# Fields: query id, bit score, identical, % identity, q. start, q. end, subject title, alignment length, mismatches, gaps
# 30 hits found
V3V5_230_Bacteroidetes	429	238	98.755	1	241	317_8624 | Prevotella sp. HMT 317 | HMT-317 | Clone: C3MKM081 | GB: AY278624 | Status: Unnamed | Preferred Habitat: Oral | Genome: Genome: yes	241	3	0
V3V5_230_Bacteroidetes	429	238	98.755	1	241	317_5061 | Prevotella sp. HMT 317 | HMT-317 | Strain: B31FD | GB: AY005061 | Status: Unnamed | Preferred Habitat: Oral | Genome: Genome: yes	241	3	0
V3V5_230_Bacteroidetes	412	235	97.510	1	241	472GU027 | Prevotella sp. HMT 472 | HMT-472 | Clone: GU027 | GB: AY349398 | Status: Unnamed | Preferred Habitat: Oral | Genome: Genome: yes	241	6	0
V3V5_230_Bacteroidetes	412	235	97.510	1	241	472_2261 | Prevotella sp. HMT 472 | HMT-472 | Clone: 070034_820 | GB: JQ462261 | Status: Unnamed | Preferred Habitat: Oral | Genome: Genome: yes	241	6	0
V3V5_230_Bacteroidetes	412	235	97.510	1	241	795_8825 | Prevotella shahii | HMT-795 | Strain: JCM 12083 | GB: AB108825 | Status: Named | Preferred Habitat: Oral | Genome: Genome: yes	241	6	0
V3V5_230_Bacteroidetes	407	235	97.107	1	241	658_6481 | Prevotella loescheii | HMT-658 | Strain: ATCC 15930 | GB: L16481 | Status: Named | Preferred Habitat: Oral | Genome: Genome: yes	242	5	2
V3V5_230_Bacteroidetes	372	229	94.628	2	241	781_3320 | Prevotella saccharolytica | HMT-781 | Strain: JCM 17484 | GB: NR_113320 | Status: Named | Preferred Habitat: Oral | Genome: Genome: yes	242	10	3
V3V5_230_Bacteroidetes	366	227	94.191	2	241	781F0055 | Prevotella saccharolytica | HMT-781 | Strain: F0055 | GB: GQ422744 | Status: Named | Preferred Habitat: Oral | Genome: Genome: yes	241	13	1
V3V5_230_Bacteroidetes	363	227	93.802	1	241	475_7238 | Prevotella sp. HMT 475 | HMT-475 | Clone: ncd2221f05c1 | GB: JF187238 | Status: Unnamed | Preferred Habitat: Oral | Genome: Genome: yes	242	14	1
V3V5_230_Bacteroidetes	357	226	93.388	1	241	475IK053 | Prevotella sp. HMT 475 | HMT-475 | Clone: IK053 | GB: AY349401 | Status: Unnamed | Preferred Habitat: Oral | Genome: Genome: yes	242	15	1
V3V5_230_Bacteroidetes	355	225	93.361	2	241	705_5176 | Prevotella oralis | HMT-705 | Clone: ELU0173-000438 | GB: HQ815176 | Status: Named | Preferred Habitat: Oral | Genome: Genome: yes	241	15	1
V3V5_230_Bacteroidetes	355	225	93.361	2	241	705_3522 | Prevotella oralis | HMT-705 | Strain: ATCC 33269 | GB: AY323522 | Status: Named | Preferred Habitat: Oral | Genome: Genome: yes	241	15	1
V3V5_230_Bacteroidetes	340	220	92.437	4	241	942_6378 | Prevotella sp. HMT 942 | HMT-942 | Clone: 22B412 | GB: FJ976378 | Status: Phylotype | Preferred Habitat: Oral | Genome: Genome: no	238	18	0
V3V5_230_Bacteroidetes	333	219	92.017	6	241	311_6474 | Prevotella oris | HMT-311 | Strain: ATCC 33573 | GB: L16474 | Status: Named | Preferred Habitat: Oral | Genome: Genome: yes	238	17	2
V3V5_230_Bacteroidetes	333	221	91.701	2	241	665_1227 | Prevotella marshii | HMT-665 | Strain: E9_34 | GB: AF481227 | Status: Named | Preferred Habitat: Oral | Genome: Genome: yes	241	19	1
V3V5_230_Bacteroidetes	331	218	91.983	6	240	311_F045 | Prevotella oris | HMT-311 | Clone: _F045 | GB: AY005056 | Status: Named | Preferred Habitat: Oral | Genome: Genome: yes	237	17	2
V3V5_230_Bacteroidetes	329	221	91.322	2	241	562_6476 | Prevotella buccalis | HMT-562 | Strain: ATCC 35310 | GB: L16476 | Status: Named | Preferred Habitat: Unassigned | Genome: Genome: yes	242	19	2
V3V5_230_Bacteroidetes	326	217	91.561	6	241	289AA020 | Prevotella maculosa | HMT-289 | Clone: AA020 | GB: AY005057 | Status: Named | Preferred Habitat: Oral | Genome: Genome: yes	237	19	1
V3V5_230_Bacteroidetes	326	218	91.597	6	241	820_7212 | Prevotella sp. HMT 820 | HMT-820 | Strain: P2A_FAAD4 | GB: AF537212 | Status: Unnamed | Preferred Habitat: Oral | Genome: Genome: no	238	17	3
V3V5_230_Bacteroidetes	318	215	91.102	7	241	291AO036 | Prevotella denticola | HMT-291 | Clone: AO036 | GB: AY005054 | Status: Named | Preferred Habitat: Oral | Genome: Genome: yes	236	19	2
V3V5_230_Bacteroidetes	318	219	90.496	2	241	301BS041 | Prevotella sp. HMT 301 | HMT-301 | Clone: BS041 | GB: AF385558 | Status: Phylotype | Preferred Habitat: Oral | Genome: Genome: no	242	21	2
V3V5_230_Bacteroidetes	318	217	90.795	4	241	299BI027 | Prevotella nanceiensis | HMT-299 | Clone: BI027 | GB: AY005064 | Status: Named | Preferred Habitat: Oral | Genome: Genome: yes	239	21	1
V3V5_230_Bacteroidetes	316	216	90.756	6	241	289_4315 | Prevotella maculosa | HMT-289 | Strain: W1609 | GB: EF534315 | Status: Named | Preferred Habitat: Oral | Genome: Genome: yes	238	20	2
V3V5_230_Bacteroidetes	316	216	90.756	6	241	289AA016 | Prevotella maculosa | HMT-289 | Clone: AA016 | GB: AY005058 | Status: Named | Preferred Habitat: Oral | Genome: Genome: yes	238	20	2
V3V5_230_Bacteroidetes	315	214	90.678	6	241	305_0424 | Prevotella sp. HMT 305 | HMT-305 | Clone: 070055_034 | GB: JQ460424 | Status: Phylotype | Preferred Habitat: Oral | Genome: Genome: no	236	22	0
V3V5_230_Bacteroidetes	315	216	90.756	6	241	443_1415 | Prevotella sp. HMT 443 | HMT-443 | Clone: P4PB_24 | GB: AY331415 | Status: Phylotype | Preferred Habitat: Oral | Genome: Genome: no	238	19	3
V3V5_230_Bacteroidetes	313	214	90.678	7	241	291_3524 | Prevotella denticola | HMT-291 | Strain: ATCC 35308 | GB: AY323524 | Status: Named | Preferred Habitat: Oral | Genome: Genome: yes	236	20	2
V3V5_230_Bacteroidetes	313	214	90.678	7	241	291AH005 | Prevotella denticola | HMT-291 | Clone: AH005 | GB: AY005053 | Status: Named | Preferred Habitat: Oral | Genome: Genome: yes	236	20	2
V3V5_230_Bacteroidetes	313	215	90.336	4	241	378_1228 | Prevotella micans | HMT-378 | Strain: E7_56 | GB: AF481228 | Status: Named | Preferred Habitat: Oral | Genome: Genome: yes	238	23	0
V3V5_230_Bacteroidetes	311	215	90.336	6	241	292AU120 | Prevotella sp. HMT 292 | HMT-292 | Clone: AU120 | GB: GQ422735 | Status: Phylotype | Preferred Habitat: Oral | Genome: Genome: no	238	21	2
# BLAST processed 1 queries
