# BLASTN 2.12.0+
# Query: V3V5_397_Bacteroidetes
# Database: ../BLAST_DATABASE_ABUNDANCE/HOMD_16S_rRNA_RefSeq_V15.22.p9.fasta
# Fields: query id, bit score, identical, % identity, q. start, q. end, subject title, alignment length, mismatches, gaps
# 30 hits found
V3V5_397_Bacteroidetes	287	218	87.903	1	244	911-Wade | Bacteroidetes [G-7] bacterium HMT 911 | HMT-911 | Clone: DL325 | GB: JQ406540 | Status: Phylotype | Preferred Habitat: Unassigned | Genome: Genome: no	248	24	6
V3V5_397_Bacteroidetes	267	215	86.694	1	244	273BB134 | Porphyromonas endodontalis | HMT-273 | Clone: BB134 | GB: AY005068 | Status: Named | Preferred Habitat: Oral | Genome: Genome: yes	248	23	10
V3V5_397_Bacteroidetes	267	215	86.694	1	244	273_7054 | Porphyromonas endodontalis | HMT-273 | Clone: P2PB_52 | GB: AY207054 | Status: Named | Preferred Habitat: Oral | Genome: Genome: yes	248	23	10
V3V5_397_Bacteroidetes	267	215	86.694	1	244	273AJ002 | Porphyromonas endodontalis | HMT-273 | Clone: AJ002 | GB: AY005067 | Status: Named | Preferred Habitat: Oral | Genome: Genome: yes	248	23	10
V3V5_397_Bacteroidetes	267	215	86.694	1	244	273_6491 | Porphyromonas endodontalis | HMT-273 | Strain: ATCC 35406 | GB: L16491 | Status: Named | Preferred Habitat: Oral | Genome: Genome: yes	248	23	10
V3V5_397_Bacteroidetes	267	214	86.640	1	244	285_F016 | Porphyromonas sp. HMT 285 | HMT-285 | Clone: _F016 | GB: AY005069 | Status: Phylotype | Preferred Habitat: Oral | Genome: Genome: no	247	25	8
V3V5_397_Bacteroidetes	255	213	85.887	1	244	278BS045 | Porphyromonas sp. HMT 278 | HMT-278 | Clone: BS045 | GB: AF385560 | Status: Unnamed | Preferred Habitat: Oral | Genome: Genome: yes	248	25	10
V3V5_397_Bacteroidetes	255	213	85.887	1	244	279F450d | Porphyromonas pasteri | HMT-279 | Strain: F0450d | GB: tbd | Status: Named | Preferred Habitat: Oral | Genome: Genome: yes	248	25	10
V3V5_397_Bacteroidetes	255	213	85.887	1	244	279F450c | Porphyromonas pasteri | HMT-279 | Strain: F0450c | GB: tbd | Status: Named | Preferred Habitat: Oral | Genome: Genome: yes	248	25	10
V3V5_397_Bacteroidetes	255	213	85.887	1	244	279CW034 | Porphyromonas pasteri | HMT-279 | Clone: CW034 | GB: AY008310 | Status: Named | Preferred Habitat: Oral | Genome: Genome: yes	248	25	10
V3V5_397_Bacteroidetes	255	213	85.887	1	244	279DP023 | Porphyromonas pasteri | HMT-279 | Clone: DP023 | GB: AF385516 | Status: Named | Preferred Habitat: Oral | Genome: Genome: yes	248	25	10
V3V5_397_Bacteroidetes	255	213	85.887	1	244	279F450a | Porphyromonas pasteri | HMT-279 | Strain: F0450a | GB: tbd | Status: Named | Preferred Habitat: Oral | Genome: Genome: yes	248	25	10
V3V5_397_Bacteroidetes	255	213	85.887	1	244	279F450b | Porphyromonas pasteri | HMT-279 | Strain: F0450b | GB: tbd | Status: Named | Preferred Habitat: Oral | Genome: Genome: yes	248	25	10
V3V5_397_Bacteroidetes	250	212	85.484	1	244	283_2823 | Porphyromonas catoniae | HMT-283 | Strain: ATCC 51270 | GB: X82823 | Status: Named | Preferred Habitat: Oral | Genome: Genome: yes	248	26	10
V3V5_397_Bacteroidetes	250	212	85.484	1	244	283DS033 | Porphyromonas catoniae | HMT-283 | Clone: DS033 | GB: AF366271 | Status: Named | Preferred Habitat: Oral | Genome: Genome: yes	248	26	10
V3V5_397_Bacteroidetes	250	212	85.484	1	244	284EP003 | Porphyromonas sp. HMT 284 | HMT-284 | Clone: EP003 | GB: AY008313 | Status: Lost | Preferred Habitat: Oral | Genome: Genome: no	248	26	10
V3V5_397_Bacteroidetes	250	212	85.484	1	244	277BR037 | Porphyromonas sp. HMT 277 | HMT-277 | Clone: BR037 | GB: AF385555 | Status: Phylotype | Preferred Habitat: Oral | Genome: Genome: no	248	26	10
V3V5_397_Bacteroidetes	250	212	85.484	1	244	275AW032 | Porphyromonas sp. HMT 275 | HMT-275 | Clone: AW032 | GB: AF393476 | Status: Phylotype | Preferred Habitat: Oral | Genome: Genome: no	248	26	10
V3V5_397_Bacteroidetes	250	211	85.425	1	244	785_3091 | Porphyromonas uenonis | HMT-785 | Strain: JCM 13868 | GB: NR_113091 | Status: Named | Preferred Habitat: Unassigned | Genome: Genome: yes	247	28	8
V3V5_397_Bacteroidetes	250	211	85.425	1	244	785F0120 | Porphyromonas uenonis | HMT-785 | Strain: F0120 | GB: GQ422746 | Status: Named | Preferred Habitat: Unassigned | Genome: Genome: yes	247	29	7
V3V5_397_Bacteroidetes	250	207	85.892	8	244	619_3964 | Porphyromonas gingivalis | HMT-619 | Strain: DSM 20709 | GB: X73964 | Status: Named | Preferred Habitat: Oral | Genome: Genome: yes	241	26	8
V3V5_397_Bacteroidetes	250	209	85.306	1	244	916-Wade | Tannerella sp. HMT 916 | HMT-916 | Clone: CP6_C2 | GB: KC203065 | Status: Phylotype | Preferred Habitat: Oral | Genome: Genome: no	245	32	4
V3V5_397_Bacteroidetes	250	209	85.306	1	244	286BU063 | Tannerella sp. HMT 286 | HMT-286 | Clone: BU063 | GB: AY008308 | Status: Unnamed | Preferred Habitat: Oral | Genome: Genome: yes	245	32	4
V3V5_397_Bacteroidetes	248	210	85.714	4	244	658_6481 | Prevotella loescheii | HMT-658 | Strain: ATCC 15930 | GB: L16481 | Status: Named | Preferred Habitat: Oral | Genome: Genome: yes	245	24	11
V3V5_397_Bacteroidetes	248	211	85.772	4	244	317_8624 | Prevotella sp. HMT 317 | HMT-317 | Clone: C3MKM081 | GB: AY278624 | Status: Unnamed | Preferred Habitat: Oral | Genome: Genome: yes	246	22	13
V3V5_397_Bacteroidetes	248	210	85.714	4	244	317_5061 | Prevotella sp. HMT 317 | HMT-317 | Strain: B31FD | GB: AY005061 | Status: Unnamed | Preferred Habitat: Oral | Genome: Genome: yes	245	24	11
V3V5_397_Bacteroidetes	244	211	85.081	1	244	930_8499 | Porphyromonas sp. HMT 930 | HMT-930 | Clone: 071041_260 | GB: JQ468499 | Status: Phylotype | Preferred Habitat: Oral | Genome: Genome: no	248	27	10
V3V5_397_Bacteroidetes	244	209	84.959	1	244	547_6490 | Porphyromonas asaccharolytica | HMT-547 | Strain: ATCC 25260 | GB: L16490 | Status: Named | Preferred Habitat: Unassigned | Genome: Genome: yes	246	31	6
V3V5_397_Bacteroidetes	244	208	84.898	1	244	808BU045 | Tannerella sp. HMT 808 | HMT-808 | Clone: BU045 | GB: AF385565 | Status: Phylotype | Preferred Habitat: Oral | Genome: Genome: no	245	33	4
V3V5_397_Bacteroidetes	244	208	84.898	1	244	613_6495 | Tannerella forsythia | HMT-613 | Strain: FDC 338 | GB: L16495 | Status: Named | Preferred Habitat: Oral | Genome: Genome: yes	245	33	4
# BLAST processed 1 queries
