# BLASTN 2.12.0+
# Query: V3V5_398_Firmicutes
# Database: ../BLAST_DATABASE_ABUNDANCE/HOMD_16S_rRNA_RefSeq_V15.22.p9.fasta
# Fields: query id, bit score, identical, % identity, q. start, q. end, subject title, alignment length, mismatches, gaps
# 30 hits found
V3V5_398_Firmicutes	300	224	88.538	1	249	786F0064 | Paenibacillus phoenicis | HMT-786 | Strain: F0064 | GB: GQ422747 | Status: Named | Preferred Habitat: Unassigned | Genome: Genome: yes	253	22	7
V3V5_398_Firmicutes	300	221	88.400	1	249	684_1878 | Mitsuokella multacida | HMT-684 | Strain: NCTC 10934 | GB: X81878 | Status: Named | Preferred Habitat: Unassigned | Genome: Genome: yes	250	28	1
V3V5_398_Firmicutes	296	214	89.167	12	249	935_8649 | Fastidiosipila sanguinis | HMT-935 | Clone: nck255g10c1 | GB: KF098649 | Status: Named | Preferred Habitat: Unassigned | Genome: Genome: no	240	23	3
V3V5_398_Firmicutes	289	222	87.747	1	249	389_0541 | Abiotrophia defectiva | HMT-389 | Strain: ATCC 49176 | GB: D50541 | Status: Named | Preferred Habitat: Oral | Genome: Genome: yes	253	24	7
V3V5_398_Firmicutes	289	216	88.163	1	243	048_5540 | Paenibacillus sp. HMT 048 | HMT-048 | Clone: CA007 | GB: AF385540 | Status: Phylotype | Preferred Habitat: Unassigned | Genome: Genome: no	245	26	3
V3V5_398_Firmicutes	289	222	87.747	1	249	045_7498 | Bacillus clausii | HMT-045 | Strain: SIN84 | GB: AJ297498 | Status: Named | Preferred Habitat: Unassigned | Genome: Genome: yes	253	24	7
V3V5_398_Firmicutes	289	222	87.747	1	249	045_3853 | Bacillus clausii | HMT-045 | Strain: O-4 | GB: AB043853 | Status: Named | Preferred Habitat: Unassigned | Genome: Genome: yes	253	24	7
V3V5_398_Firmicutes	289	217	87.854	4	249	119BS016 | Dialister sp. HMT 119 | HMT-119 | Clone: BS016 | GB: AF287786 | Status: Phylotype | Preferred Habitat: Oral | Genome: Genome: no	247	29	1
V3V5_398_Firmicutes	287	214	88.066	1	243	112A21H2 | Peptostreptococcus stomatis | HMT-112 | Strain: A21H2 | GB: GQ422715 | Status: Named | Preferred Habitat: Oral | Genome: Genome: yes	243	28	1
V3V5_398_Firmicutes	287	214	88.066	1	243	112CK035 | Peptostreptococcus stomatis | HMT-112 | Clone: CK035 | GB: AF287763 | Status: Named | Preferred Habitat: Oral | Genome: Genome: yes	243	28	1
V3V5_398_Firmicutes	287	214	88.066	1	243	542_6462 | Peptostreptococcus anaerobius | HMT-542 | Strain: NCTC 11460 | GB: AY326462 | Status: Named | Preferred Habitat: Oral | Genome: Genome: yes	243	28	1
V3V5_398_Firmicutes	283	217	87.854	1	243	921-Wade | Paenibacillus glucanolyticus | HMT-921 | Strain: W10507 | GB: tbd | Status: Named | Preferred Habitat: Unassigned | Genome: Genome: yes	247	23	7
V3V5_398_Firmicutes	283	214	88.066	4	243	876F0540 | Clostridiales [F-3][G-1] bacterium HMT 876 | HMT-876 | Strain: F0540 | GB: tbd | Status: Unnamed | Preferred Habitat: Unassigned | Genome: Genome: yes	243	23	6
V3V5_398_Firmicutes	283	216	87.449	4	249	841_6094 | Megasphaera sp. HMT 841 | HMT-841 | Clone: Y14 | GB: DQ666094 | Status: Phylotype | Preferred Habitat: Unassigned | Genome: Genome: no	247	30	1
V3V5_398_Firmicutes	276	207	88.085	14	246	366_1208 | Ruminococcaceae [G-3] bacterium HMT 366 | HMT-366 | Clone: MCE3_9 | GB: AF481208 | Status: Phylotype | Preferred Habitat: Unassigned | Genome: Genome: no	235	25	3
V3V5_398_Firmicutes	272	218	86.508	1	249	534_2027 | Granulicatella adiacens | HMT-534 | Strain: TKT1 | GB: AB022027 | Status: Named | Preferred Habitat: Oral | Genome: Genome: yes	252	29	5
V3V5_398_Firmicutes	272	218	86.508	1	249	534_0540 | Granulicatella adiacens | HMT-534 | Strain: ATCC 49175 | GB: D50540 | Status: Named | Preferred Habitat: Oral | Genome: Genome: yes	252	29	5
V3V5_398_Firmicutes	272	218	86.508	1	249	596_5408 | Granulicatella elegans | HMT-596 | Strain: 2640-91 | GB: Y15408 | Status: Named | Preferred Habitat: Oral | Genome: Genome: yes	252	29	5
V3V5_398_Firmicutes	272	218	86.508	1	249	596_2532 | Granulicatella elegans | HMT-596 | Clone: ncd32a06c1 | GB: HM252532 | Status: Named | Preferred Habitat: Oral | Genome: Genome: yes	252	29	5
V3V5_398_Firmicutes	272	210	87.137	4	243	165EZ006 | Catonella morbi | HMT-165 | Clone: EZ006 | GB: AF385577 | Status: Named | Preferred Habitat: Oral | Genome: Genome: yes	241	30	1
V3V5_398_Firmicutes	270	211	86.831	1	243	495JS001 | Peptostreptococcaceae [XI][G-3] bacterium HMT 495 | HMT-495 | Clone: JS001 | GB: AY349378 | Status: Phylotype | Preferred Habitat: Oral | Genome: Genome: no	243	31	1
V3V5_398_Firmicutes	270	211	87.190	4	243	635_7152 | Johnsonella ignava | HMT-635 | Strain: ATCC 51276 | GB: X87152 | Status: Named | Preferred Habitat: Oral | Genome: Genome: yes	242	26	5
V3V5_398_Firmicutes	270	206	87.660	14	246	381_8854 | Ruminococcaceae [G-3] bacterium HMT 381 | HMT-381 | Clone: P4PB_122 | GB: AF538854 | Status: Phylotype | Preferred Habitat: Unassigned | Genome: Genome: no	235	26	3
V3V5_398_Firmicutes	268	202	87.826	14	243	493JH012 | Peptostreptococcaceae [XI][G-5] bacterium HMT 493 | HMT-493 | Clone: JH012 | GB: AY349373 | Status: Phylotype | Preferred Habitat: Unassigned | Genome: Genome: no	230	26	2
V3V5_398_Firmicutes	267	217	86.111	1	249	803_6902 | Enterococcus italicus | HMT-803 | Strain: LMG 21727 | GB: AJ626902 | Status: Named | Preferred Habitat: Unassigned | Genome: Genome: yes	252	30	5
V3V5_398_Firmicutes	267	217	86.111	1	249	880_0801 | Enterococcus durans | HMT-880 | Strain: CECT 411 | GB: AJ420801 | Status: Named | Preferred Habitat: Unassigned | Genome: Genome: yes	252	30	5
V3V5_398_Firmicutes	267	217	86.111	1	249	756_9108 | Lactobacillus salivarius | HMT-756 | Strain: ATCC 11741 | GB: AF089108 | Status: Named | Preferred Habitat: Oral | Genome: Genome: yes	252	30	5
V3V5_398_Firmicutes	267	218	86.166	1	249	825_0894 | Listeria monocytogenes | HMT-825 | Strain: R1653 | GB: EU090894 | Status: Named | Preferred Habitat: Unassigned | Genome: Genome: yes	253	28	7
V3V5_398_Firmicutes	267	203	87.500	13	243	402_7065 | Clostridiales [F-1][G-2] bacterium HMT 402 | HMT-402 | Clone: P4PA_66 | GB: AY207065 | Status: Phylotype | Preferred Habitat: Unassigned | Genome: Genome: no	232	28	1
V3V5_398_Firmicutes	261	216	85.714	1	249	604_8293 | Enterococcus faecalis | HMT-604 | Strain: not listed | GB: Y18293 | Status: Named | Preferred Habitat: Unassigned | Genome: Genome: yes	252	31	5
# BLAST processed 1 queries
