# BLASTN 2.12.0+
# Query: V3V5_375_Gammaproteobacteria
# Database: ../BLAST_DATABASE_ABUNDANCE/HOMD_16S_rRNA_RefSeq_V15.22.p9.fasta
# Fields: query id, bit score, identical, % identity, q. start, q. end, subject title, alignment length, mismatches, gaps
# 30 hits found
V3V5_375_Gammaproteobacteria	436	236	100.000	1	236	574_5588 | Escherichia coli | HMT-574 | Strain: not listed | GB: M25588 | Status: Named | Preferred Habitat: Unassigned | Genome: Genome: yes	236	0	0
V3V5_375_Gammaproteobacteria	436	236	100.000	1	236	753_4746 | Cronobacter sakazakii | HMT-753 | Strain: JCM1233 | GB: AB004746 | Status: Named | Preferred Habitat: Unassigned | Genome: Genome: yes	236	0	0
V3V5_375_Gammaproteobacteria	431	235	99.576	1	236	565_6078 | Enterobacter cancerogenus | HMT-565 | Strain: LMG 2693 | GB: Z96078 | Status: Named | Preferred Habitat: Unassigned | Genome: Genome: yes	236	1	0
V3V5_375_Gammaproteobacteria	431	235	99.576	1	236	634_3890 | Enterobacter hormaechei | HMT-634 | Strain: DSMZ 16691 | GB: AJ853890 | Status: Named | Preferred Habitat: Unassigned | Genome: Genome: yes	236	1	0
V3V5_375_Gammaproteobacteria	431	235	99.576	1	236	153N098A | Klebsiella aerogenes | HMT-153 | Strain: KCTC 2190 | GB: NR_102493 | Status: Named | Preferred Habitat: Unassigned | Genome: Genome: yes	236	1	0
V3V5_375_Gammaproteobacteria	425	234	99.153	1	236	827_7604 | Yersinia pestis | HMT-827 | Strain: not listed | GB: L37604 | Status: Named | Preferred Habitat: Unassigned | Genome: Genome: yes	236	2	0
V3V5_375_Gammaproteobacteria	420	233	98.729	1	236	731_8919 | Klebsiella pneumoniae | HMT-731 | Strain: ATCC 13885 | GB: AF228919 | Status: Named | Preferred Habitat: Unassigned | Genome: Genome: yes	236	3	0
V3V5_375_Gammaproteobacteria	420	233	98.729	1	236	731N000B | Klebsiella pneumoniae | HMT-731 | Strain: DSM 30104 | GB: NR_117686 | Status: Named | Preferred Habitat: Unassigned | Genome: Genome: yes	236	3	0
V3V5_375_Gammaproteobacteria	420	233	98.729	1	236	731_7657 | Klebsiella pneumoniae | HMT-731 | Strain: ATCC 13884 | GB: Y17657 | Status: Named | Preferred Habitat: Unassigned | Genome: Genome: yes	236	3	0
V3V5_375_Gammaproteobacteria	409	231	97.881	1	236	115N083A | Serratia marcescens | HMT-115 | Strain: DSM 30121 | GB: NR_041980 | Status: Named | Preferred Habitat: Unassigned | Genome: Genome: yes	236	5	0
V3V5_375_Gammaproteobacteria	398	229	97.034	1	236	865F0526 | Kluyvera ascorbata | HMT-865 | Strain: F0526 | GB: tbd | Status: Named | Preferred Habitat: Unassigned | Genome: Genome: yes	236	7	0
V3V5_375_Gammaproteobacteria	398	229	97.034	1	236	865_6566 | Kluyvera ascorbata | HMT-865 | Strain: CDC 0556/74 | GB: AF176566 | Status: Named | Preferred Habitat: Unassigned | Genome: Genome: yes	236	7	0
V3V5_375_Gammaproteobacteria	370	224	94.915	1	236	676_8582 | Proteus mirabilis | HMT-676 | Strain: ATCC 29906 | GB: AF008582 | Status: Named | Preferred Habitat: Unassigned | Genome: Genome: yes	236	12	0
V3V5_375_Gammaproteobacteria	291	212	89.076	1	236	718_3530 | Haemophilus parainfluenzae | HMT-718 | Strain: CIP 102513 | GB: EU083530 | Status: Named | Preferred Habitat: Nasal/Oral | Genome: Genome: yes	238	20	6
V3V5_375_Gammaproteobacteria	291	212	89.076	1	236	944_6642 | Haemophilus sputorum | HMT-944 | Strain: CCUG 13788 | GB: JF506642 | Status: Named | Preferred Habitat: Oral | Genome: Genome: yes	238	20	6
V3V5_375_Gammaproteobacteria	285	211	88.655	1	236	512_3621 | Aggregatibacter sp. HMT 512 | HMT-512 | Clone: MB3_C24 | GB: DQ003621 | Status: Lost | Preferred Habitat: Oral | Genome: Genome: no	238	21	6
V3V5_375_Gammaproteobacteria	285	211	88.655	1	236	762_5043 | Aggregatibacter segnis | HMT-762 | Strain: ATCC 33393 | GB: M75043 | Status: Named | Preferred Habitat: Oral | Genome: Genome: yes	238	21	6
V3V5_375_Gammaproteobacteria	285	211	88.655	1	236	513_3635 | Aggregatibacter sp. HMT 513 | HMT-513 | Clone: MB3_C38 | GB: DQ003635 | Status: Phylotype | Preferred Habitat: Oral | Genome: Genome: no	238	21	6
V3V5_375_Gammaproteobacteria	285	211	88.655	1	236	545_5041 | Aggregatibacter aphrophilus | HMT-545 | Strain: ATCC 33389 | GB: M75041 | Status: Named | Preferred Habitat: Oral | Genome: Genome: yes	238	21	6
V3V5_375_Gammaproteobacteria	285	211	88.655	1	236	545F0387 | Aggregatibacter aphrophilus | HMT-545 | Strain: F0387 | GB: tbd | Status: Named | Preferred Habitat: Oral | Genome: Genome: yes	238	21	6
V3V5_375_Gammaproteobacteria	285	211	88.655	1	236	945_5746 | Haemophilus parahaemolyticus | HMT-945 | Strain: NCTC 8479 | GB: AJ295746 | Status: Named | Preferred Habitat: Oral | Genome: Genome: yes	238	21	6
V3V5_375_Gammaproteobacteria	285	211	88.655	1	236	945_5384 | Haemophilus parahaemolyticus | HMT-945 | Strain: G321 | GB: LK985384 | Status: Named | Preferred Habitat: Oral | Genome: Genome: yes	238	21	6
V3V5_375_Gammaproteobacteria	285	211	88.655	1	236	821_3483 | Haemophilus ducreyi | HMT-821 | Strain: ATCC 33921 | GB: AY513483 | Status: Named | Preferred Habitat: Unassigned | Genome: Genome: yes	238	21	6
V3V5_375_Gammaproteobacteria	279	210	88.235	1	236	720_5042 | Aggregatibacter paraphrophilus | HMT-720 | Strain: ATCC 29241 | GB: M75042 | Status: Named | Preferred Habitat: Oral | Genome: Genome: yes	238	22	6
V3V5_375_Gammaproteobacteria	279	210	88.235	1	236	949_6655 | Aggregatibacter sp. HMT 949 | HMT-949 | Clone: CCUG 36139 | GB: JF506655 | Status: Phylotype | Preferred Habitat: Oral | Genome: Genome: no	238	22	6
V3V5_375_Gammaproteobacteria	279	210	88.235	1	236	718N000A | Haemophilus parainfluenzae | HMT-718 | Clone: ncd81b03c1 | GB: HM255881 | Status: Named | Preferred Habitat: Nasal/Oral | Genome: Genome: yes	238	22	6
V3V5_375_Gammaproteobacteria	279	210	88.235	1	236	035_8142 | Haemophilus paraphrohaemolyticus | HMT-035 | Strain: NCTC 10670 | GB: NR_118142 | Status: Named | Preferred Habitat: Oral | Genome: Genome: yes	238	22	6
V3V5_375_Gammaproteobacteria	279	210	88.235	1	236	035_3523 | Haemophilus paraphrohaemolyticus | HMT-035 | Clone: ELU0153-000341 | GB: HQ803523 | Status: Named | Preferred Habitat: Oral | Genome: Genome: yes	238	22	6
V3V5_375_Gammaproteobacteria	274	209	87.815	1	236	458JM053 | Aggregatibacter sp. HMT 458 | HMT-458 | Clone: JM053 | GB: AY349380 | Status: Unnamed | Preferred Habitat: Oral | Genome: Genome: yes	238	23	6
V3V5_375_Gammaproteobacteria	274	209	87.815	1	236	898_5716 | Aggregatibacter sp. HMT 898 | HMT-898 | Clone: ncd1799g05c1 | GB: JF155716 | Status: Phylotype | Preferred Habitat: Oral | Genome: Genome: no	238	23	6
# BLAST processed 1 queries
