# BLASTN 2.12.0+
# Query: V3V5_005_Betaproteobacteria
# Database: ../BLAST_DATABASE_ABUNDANCE/HOMD_16S_rRNA_RefSeq_V15.22.p9.fasta
# Fields: query id, bit score, identical, % identity, q. start, q. end, subject title, alignment length, mismatches, gaps
# 30 hits found
V3V5_005_Betaproteobacteria	436	236	100.000	1	236	101N065A | Neisseria perflava | HMT-101 | Strain: Branham 7078 | GB: NR_117694 | Status: Named | Preferred Habitat: Unassigned | Genome: Genome: no	236	0	0
V3V5_005_Betaproteobacteria	436	236	100.000	1	236	610_1998 | Neisseria flavescens | HMT-610 | Clone: P1D1-762 | GB: EF511998 | Status: Named | Preferred Habitat: Oral | Genome: Genome: yes	236	0	0
V3V5_005_Betaproteobacteria	436	236	100.000	1	236	476_9291 | Neisseria subflava | HMT-476 | Strain: U37 | GB: AJ239291 | Status: Named | Preferred Habitat: Oral | Genome: Genome: yes	236	0	0
V3V5_005_Betaproteobacteria	431	235	99.576	1	236	018_0511 | Neisseria sp. HMT 018 | HMT-018 | Clone: 069082_036 | GB: JQ450511 | Status: Phylotype | Preferred Habitat: Oral | Genome: Genome: no	236	1	0
V3V5_005_Betaproteobacteria	431	235	99.576	1	236	499JC012 | Neisseria sp. HMT 499 | HMT-499 | Clone: JC012 | GB: AY349388 | Status: Phylotype | Preferred Habitat: Oral | Genome: Genome: no	236	1	0
V3V5_005_Betaproteobacteria	431	235	99.576	1	236	646_1998 | Kingella kingae | HMT-646 | Clone: 070038_218 | GB: AY551998 | Status: Named | Preferred Habitat: Unassigned | Genome: Genome: yes	236	1	0
V3V5_005_Betaproteobacteria	431	235	99.576	1	236	646_1999 | Kingella kingae | HMT-646 | Strain: ATCC 23330 | GB: AY551999 | Status: Named | Preferred Habitat: Unassigned | Genome: Genome: yes	236	1	0
V3V5_005_Betaproteobacteria	425	234	99.153	1	236	669_2273 | Neisseria meningitidis | HMT-669 | Strain: M8067 | GB: AF382273 | Status: Named | Preferred Habitat: Oral | Genome: Genome: yes	236	2	0
V3V5_005_Betaproteobacteria	425	234	99.153	1	236	956_1687 | Neisseria cinerea | HMT-956 | Strain: ATCC 14685 | GB: NR_121687 | Status: Named | Preferred Habitat: Oral | Genome: Genome: yes	236	2	0
V3V5_005_Betaproteobacteria	425	234	99.153	1	236	737_6167 | Neisseria polysaccharea | HMT-737 | Strain: ATCC 43768 | GB: L06167 | Status: Named | Preferred Habitat: Unassigned | Genome: Genome: yes	236	2	0
V3V5_005_Betaproteobacteria	425	234	99.153	1	236	092_0738 | Neisseria weaveri | HMT-092 | Strain: CDC 8142 | GB: L10738 | Status: Named | Preferred Habitat: Oral | Genome: Genome: yes	236	2	0
V3V5_005_Betaproteobacteria	420	233	98.729	1	236	706_6164 | Kingella oralis | HMT-706 | Strain: CCUG 30450 | GB: L06164 | Status: Named | Preferred Habitat: Oral | Genome: Genome: yes	236	3	0
V3V5_005_Betaproteobacteria	420	233	98.729	1	236	577_0620 | Eikenella corrodens | HMT-577 | Strain: 1664276 | GB: AF320620 | Status: Named | Preferred Habitat: Oral | Genome: Genome: yes	236	3	0
V3V5_005_Betaproteobacteria	418	232	98.723	2	236	621_7714 | Neisseria gonorrhoeae | HMT-621 | Strain: NCTC 83785 | GB: X07714 | Status: Named | Preferred Habitat: Unassigned | Genome: Genome: yes	235	3	0
V3V5_005_Betaproteobacteria	414	232	98.305	1	236	011_6165 | Eikenella sp. HMT 011 | HMT-011 | Strain: UB-204 | GB: L06165 | Status: Lost | Preferred Habitat: Oral | Genome: Genome: no	236	4	0
V3V5_005_Betaproteobacteria	414	232	98.305	1	236	582_6166 | Kingella denitrificans | HMT-582 | Strain: UB-294 | GB: L06166 | Status: Named | Preferred Habitat: Oral | Genome: Genome: yes	236	4	0
V3V5_005_Betaproteobacteria	414	232	98.305	1	236	932_4648 | Kingella sp. HMT 932 | HMT-932 | Clone: ELU0155-000287 | GB: HQ804648 | Status: Phylotype | Preferred Habitat: Oral | Genome: Genome: no	236	4	0
V3V5_005_Betaproteobacteria	409	231	97.881	1	236	523_3630 | Neisseria sp. HMT 523 | HMT-523 | Clone: MB5_P15 | GB: DQ003630 | Status: Phylotype | Preferred Habitat: Unassigned | Genome: Genome: no	236	5	0
V3V5_005_Betaproteobacteria	409	231	97.881	1	236	012DE012 | Kingella sp. HMT 012 | HMT-012 | Clone: DE012 | GB: AF366267 | Status: Phylotype | Preferred Habitat: Oral | Genome: Genome: no	236	5	0
V3V5_005_Betaproteobacteria	403	230	97.458	1	236	020_1395 | Neisseria sp. HMT 020 | HMT-020 | Clone: 069085_216 | GB: JQ451395 | Status: Unnamed | Preferred Habitat: Oral | Genome: Genome: yes	236	6	0
V3V5_005_Betaproteobacteria	403	230	97.458	1	236	020_5028 | Neisseria sp. HMT 020 | HMT-020 | Strain: B33KA | GB: AY005028 | Status: Unnamed | Preferred Habitat: Oral | Genome: Genome: yes	236	6	0
V3V5_005_Betaproteobacteria	403	230	97.458	1	236	012_2485 | Kingella sp. HMT 012 | HMT-012 | Clone: 069088_248 | GB: JQ452485 | Status: Phylotype | Preferred Habitat: Oral | Genome: Genome: no	236	6	0
V3V5_005_Betaproteobacteria	403	230	97.458	1	236	012_2982 | Kingella sp. HMT 012 | HMT-012 | Clone: 070038_218 | GB: JQ462982 | Status: Phylotype | Preferred Habitat: Oral | Genome: Genome: no	236	6	0
V3V5_005_Betaproteobacteria	403	230	97.458	1	236	598_6171 | Neisseria elongata | HMT-598 | Strain: ATCC 25295 | GB: L06171 | Status: Named | Preferred Habitat: Oral | Genome: Genome: yes	236	6	0
V3V5_005_Betaproteobacteria	398	229	97.034	1	236	609_9301 | Neisseria flava | HMT-609 | Strain: U40 | GB: AJ239301 | Status: Named | Preferred Habitat: Oral | Genome: Genome: no	236	7	0
V3V5_005_Betaproteobacteria	398	229	97.034	1	236	764_9292 | Neisseria sicca | HMT-764 | Strain: Q13 | GB: AJ239292 | Status: Named | Preferred Habitat: Oral | Genome: Genome: yes	236	7	0
V3V5_005_Betaproteobacteria	398	229	97.034	1	236	099N064A | Neisseria macacae | HMT-099 | Strain: M-740 | GB: NR_117701 | Status: Named | Preferred Habitat: Unassigned | Genome: Genome: yes	236	7	0
V3V5_005_Betaproteobacteria	398	229	97.034	1	236	682_9282 | Neisseria mucosa | HMT-682 | Strain: LNP405 | GB: AJ239282 | Status: Named | Preferred Habitat: Oral | Genome: Genome: yes	236	7	0
V3V5_005_Betaproteobacteria	398	229	97.034	1	236	014F0314 | Neisseria oralis | HMT-014 | Strain: F0314 | GB: tbd | Status: Named | Preferred Habitat: Oral | Genome: Genome: yes	236	7	0
V3V5_005_Betaproteobacteria	392	228	96.610	1	236	649_9286 | Neisseria lactamica | HMT-649 | Strain: NCTC 10617 | GB: AJ239286 | Status: Named | Preferred Habitat: Oral | Genome: Genome: yes	236	8	0
# BLAST processed 1 queries
