# BLASTN 2.12.0+
# Query: V3V5_053_Firmicutes
# Database: ../BLAST_DATABASE_ABUNDANCE/HOMD_16S_rRNA_RefSeq_V15.22.p9.fasta
# Fields: query id, bit score, identical, % identity, q. start, q. end, subject title, alignment length, mismatches, gaps
# 30 hits found
V3V5_053_Firmicutes	462	250	100.000	1	250	138DS071 | Selenomonas sp. HMT 138 | HMT-138 | Clone: DS071 | GB: AF366274 | Status: Unnamed | Preferred Habitat: Oral | Genome: Genome: yes	250	0	0
V3V5_053_Firmicutes	462	250	100.000	1	250	639Sinfe | Selenomonas infelix | HMT-639 | Strain: ATCC 43532 | GB: AF287802 | Status: Named | Preferred Habitat: Oral | Genome: Genome: yes	250	0	0
V3V5_053_Firmicutes	462	250	100.000	1	250	919WadeB | Selenomonas sp. HMT 919 | HMT-919 | Strain: W7667 | GB: tbd | Status: Unnamed | Preferred Habitat: Oral | Genome: Genome: no	250	0	0
V3V5_053_Firmicutes	462	250	100.000	1	250	139_Z048 | Selenomonas dianae | HMT-139 | Clone: _Z048 | GB: GQ422719 | Status: Named | Preferred Habitat: Oral | Genome: Genome: no	250	0	0
V3V5_053_Firmicutes	462	250	100.000	1	250	139DY027 | Selenomonas dianae | HMT-139 | Clone: DY027 | GB: AF385492 | Status: Named | Preferred Habitat: Oral | Genome: Genome: no	250	0	0
V3V5_053_Firmicutes	462	250	100.000	1	250	139Sdian | Selenomonas dianae | HMT-139 | Strain: ATCC 43527 | GB: AF287801 | Status: Named | Preferred Habitat: Oral | Genome: Genome: no	250	0	0
V3V5_053_Firmicutes	462	250	100.000	1	250	146EW084 | Selenomonas sp. HMT 146 | HMT-146 | Clone: EW084 | GB: AF385503 | Status: Lost | Preferred Habitat: Oral | Genome: Genome: no	250	0	0
V3V5_053_Firmicutes	462	250	100.000	1	250	936_4994 | Selenomonas sp. HMT 936 | HMT-936 | Clone: ncd436f04c1 | GB: HM324994 | Status: Phylotype | Preferred Habitat: Unassigned | Genome: Genome: no	250	0	0
V3V5_053_Firmicutes	462	250	100.000	1	250	126AJ036 | Selenomonas sp. HMT 126 | HMT-126 | Clone: AJ036 | GB: AF287800 | Status: Unnamed | Preferred Habitat: Oral | Genome: Genome: no	250	0	0
V3V5_053_Firmicutes	462	250	100.000	1	250	919WadeA | Selenomonas sp. HMT 919 | HMT-919 | Strain: W7667 | GB: tbd | Status: Unnamed | Preferred Habitat: Oral | Genome: Genome: no	250	0	0
V3V5_053_Firmicutes	462	250	100.000	1	250	126EY047 | Selenomonas sp. HMT 126 | HMT-126 | Clone: EY047 | GB: AF385576 | Status: Unnamed | Preferred Habitat: Oral | Genome: Genome: no	250	0	0
V3V5_053_Firmicutes	462	250	100.000	1	250	481IK004 | Selenomonas sp. HMT 481 | HMT-481 | Clone: IK004 | GB: AY349407 | Status: Lost | Preferred Habitat: Oral | Genome: Genome: no	250	0	0
V3V5_053_Firmicutes	462	250	100.000	1	250	481_4667 | Selenomonas sp. HMT 481 | HMT-481 | Clone: 069096_081 | GB: JQ454667 | Status: Lost | Preferred Habitat: Oral | Genome: Genome: no	250	0	0
V3V5_053_Firmicutes	462	250	100.000	1	250	726_0963 | Centipeda periodontii | HMT-726 | Strain: DSM 2778 | GB: AJ010963 | Status: Named | Preferred Habitat: Oral | Genome: Genome: yes	250	0	0
V3V5_053_Firmicutes	462	250	100.000	1	250	479GT010 | Selenomonas sp. HMT 479 | HMT-479 | Clone: GT010 | GB: AY349405 | Status: Lost | Preferred Habitat: Oral | Genome: Genome: no	250	0	0
V3V5_053_Firmicutes	462	250	100.000	1	250	920-Wade | Selenomonas sp. HMT 920 | HMT-920 | Strain: W5150 | GB: tbd | Status: Unnamed | Preferred Habitat: Oral | Genome: Genome: no	250	0	0
V3V5_053_Firmicutes	462	250	100.000	1	250	892F0426 | Selenomonas sp. HMT 892 | HMT-892 | Strain: F0426 | GB: tbd | Status: Unnamed | Preferred Habitat: Oral | Genome: Genome: yes	250	0	0
V3V5_053_Firmicutes	462	250	100.000	1	250	124F0399 | Selenomonas artemidis | HMT-124 | Strain: F0399 | GB: HM596274 | Status: Named | Preferred Habitat: Oral | Genome: Genome: yes	250	0	0
V3V5_053_Firmicutes	462	250	100.000	1	250	124AA024 | Selenomonas artemidis | HMT-124 | Clone: AA024 | GB: AF287797 | Status: Named | Preferred Habitat: Oral | Genome: Genome: yes	250	0	0
V3V5_053_Firmicutes	462	250	100.000	1	250	124Sart | Selenomonas artemidis | HMT-124 | Strain: ATCC 43528 | GB: GQ422716 | Status: Named | Preferred Habitat: Oral | Genome: Genome: yes	250	0	0
V3V5_053_Firmicutes	462	250	100.000	1	250	137DS051 | Selenomonas sp. HMT 137 | HMT-137 | Clone: DS051 | GB: AF366273 | Status: Unnamed | Preferred Habitat: Oral | Genome: Genome: yes	250	0	0
V3V5_053_Firmicutes	462	250	100.000	1	250	133CS024 | Selenomonas sp. HMT 133 | HMT-133 | Clone: CS024 | GB: AF287796 | Status: Unnamed | Preferred Habitat: Oral | Genome: Genome: yes	250	0	0
V3V5_053_Firmicutes	462	250	100.000	1	250	937_5618 | Selenomonas sp. HMT 937 | HMT-937 | Clone: nck300f01c1 | GB: KF105618 | Status: Phylotype | Preferred Habitat: Oral | Genome: Genome: no	250	0	0
V3V5_053_Firmicutes	451	248	99.200	1	250	125_6593 | Selenomonas flueggei | HMT-125 | Clone: ELU0080-000358 | GB: HQ776593 | Status: Named | Preferred Habitat: Oral | Genome: Genome: yes	250	2	0
V3V5_053_Firmicutes	451	248	99.200	1	250	125AH132 | Selenomonas flueggei | HMT-125 | Clone: AH132 | GB: AF287804 | Status: Named | Preferred Habitat: Oral | Genome: Genome: yes	250	2	0
V3V5_053_Firmicutes	451	248	99.200	1	250	388_8861 | Selenomonas sp. HMT 388 | HMT-388 | Clone: P4PA_36 | GB: AF538861 | Status: Phylotype | Preferred Habitat: Unassigned | Genome: Genome: no	250	2	0
V3V5_053_Firmicutes	451	248	99.200	1	250	130Snoxi | Selenomonas noxia | HMT-130 | Strain: ATCC 43541 | GB: AF287799 | Status: Named | Preferred Habitat: Oral | Genome: Genome: yes	250	2	0
V3V5_053_Firmicutes	451	248	99.200	1	250	130CI002 | Selenomonas noxia | HMT-130 | Clone: CI002 | GB: AF287798 | Status: Named | Preferred Habitat: Oral | Genome: Genome: yes	250	2	0
V3V5_053_Firmicutes	446	247	98.800	1	250	478GI064 | Selenomonas sp. HMT 478 | HMT-478 | Clone: GI064 | GB: AY349404 | Status: Unnamed | Preferred Habitat: Oral | Genome: Genome: yes	250	3	0
V3V5_053_Firmicutes	446	247	98.800	1	250	478F0592 | Selenomonas sp. HMT 478 | HMT-478 | Strain: F0592 | GB: tbd | Status: Unnamed | Preferred Habitat: Oral | Genome: Genome: yes	250	3	0
# BLAST processed 1 queries
