# BLASTN 2.12.0+
# Query: V3V5_119_Firmicutes
# Database: ../BLAST_DATABASE_ABUNDANCE/HOMD_16S_rRNA_RefSeq_V15.22.p9.fasta
# Fields: query id, bit score, identical, % identity, q. start, q. end, subject title, alignment length, mismatches, gaps
# 30 hits found
V3V5_119_Firmicutes	457	249	99.600	1	250	058BM035 | Streptococcus oralis subsp. dentisani clade 058 | HMT-058 | Clone: BM035 | GB: AY005043 | Status: Named | Preferred Habitat: Oral | Genome: Genome: yes	250	1	0
V3V5_119_Firmicutes	457	249	99.600	1	250	058_8632 | Streptococcus oralis subsp. dentisani clade 058 | HMT-058 | Clone: C3MLM097 | GB: AY278632 | Status: Named | Preferred Habitat: Oral | Genome: Genome: yes	250	1	0
V3V5_119_Firmicutes	457	249	99.600	1	250	071_8234 | Streptococcus oralis subsp. tigurinus clade 071 | HMT-071 | Strain: AZ_3a | GB: NR_118234 | Status: Named | Preferred Habitat: Oral | Genome: Genome: yes	250	1	0
V3V5_119_Firmicutes	457	249	99.600	1	250	071_8631 | Streptococcus oralis subsp. tigurinus clade 071 | HMT-071 | Clone: C3ALM006 | GB: AY278631 | Status: Named | Preferred Habitat: Oral | Genome: Genome: yes	250	1	0
V3V5_119_Firmicutes	457	249	99.600	1	250	071_7062 | Streptococcus oralis subsp. tigurinus clade 071 | HMT-071 | Clone: P4PA_13 | GB: AY207062 | Status: Named | Preferred Habitat: Oral | Genome: Genome: yes	250	1	0
V3V5_119_Firmicutes	457	249	99.600	1	250	707_3932 | Streptococcus oralis subsp. oralis | HMT-707 | Strain: ATCC 35037 | GB: AF003932 | Status: Named | Preferred Habitat: Oral | Genome: Genome: yes	250	1	0
V3V5_119_Firmicutes	457	249	99.600	1	250	070-7A | Streptococcus oralis subsp. tigurinus clade 070 | HMT-070 | Strain: Hans 7A | GB: AY005040 | Status: Unnamed | Preferred Habitat: Oral | Genome: Genome: yes	250	1	0
V3V5_119_Firmicutes	457	249	99.600	1	250	070-12F | Streptococcus oralis subsp. tigurinus clade 070 | HMT-070 | Strain: Hans 12F | GB: GQ422711 | Status: Unnamed | Preferred Habitat: Oral | Genome: Genome: yes	250	1	0
V3V5_119_Firmicutes	457	249	99.600	1	250	677_3929 | Streptococcus mitis | HMT-677 | Strain: ATCC 49456 | GB: AF003929 | Status: Named | Preferred Habitat: Nasal/Oral | Genome: Genome: yes	250	1	0
V3V5_119_Firmicutes	457	249	99.600	1	250	423_8630 | Streptococcus sp. HMT 423 | HMT-423 | Clone: C2MKM128 | GB: AY278630 | Status: Lost | Preferred Habitat: Oral | Genome: Genome: no	250	1	0
V3V5_119_Firmicutes	457	249	99.600	1	250	064_8609 | Streptococcus sp. HMT 064 | HMT-064 | Clone: C5MLM037 | GB: AY278609 | Status: Unnamed | Preferred Habitat: Oral | Genome: Genome: yes	250	1	0
V3V5_119_Firmicutes	457	249	99.600	1	250	431_8633 | Streptococcus infantis clade 431 | HMT-431 | Clone: C4AKM023 | GB: AY278633 | Status: Named | Preferred Habitat: Oral | Genome: Genome: yes	250	1	0
V3V5_119_Firmicutes	457	249	99.600	1	250	398_5045 | Streptococcus oralis subsp. dentisani clade 398 | HMT-398 | Strain: SK34 | GB: AY005045 | Status: Named | Preferred Habitat: Oral | Genome: Genome: yes	250	1	0
V3V5_119_Firmicutes	457	249	99.600	1	250	398_7051 | Streptococcus oralis subsp. dentisani clade 398 | HMT-398 | Clone: P2PA_41 | GB: AY207051 | Status: Named | Preferred Habitat: Oral | Genome: Genome: yes	250	1	0
V3V5_119_Firmicutes	457	249	99.600	1	250	948_7425 | Streptococcus lactarius | HMT-948 | Strain: MV1 | GB: NR_117425 | Status: Named | Preferred Habitat: Oral | Genome: Genome: no	250	1	0
V3V5_119_Firmicutes	457	249	99.600	1	250	728_8314 | Streptococcus peroris | HMT-728 | Strain: GTC848 | GB: AB008314 | Status: Named | Preferred Habitat: Oral | Genome: Genome: yes	250	1	0
V3V5_119_Firmicutes	451	248	99.200	1	250	058BW009 | Streptococcus oralis subsp. dentisani clade 058 | HMT-058 | Clone: BW009 | GB: AY005042 | Status: Named | Preferred Habitat: Oral | Genome: Genome: yes	250	2	0
V3V5_119_Firmicutes	451	248	99.200	1	250	074-T4E3 | Streptococcus sp. HMT 074 | HMT-074 | Strain: T4-E3 | GB: AF385526 | Status: Lost | Preferred Habitat: Oral | Genome: Genome: no	250	2	0
V3V5_119_Firmicutes	451	248	99.200	1	250	061DN025 | Streptococcus sp. HMT 061 | HMT-061 | Clone: DN025 | GB: AF432131 | Status: Lost | Preferred Habitat: Oral | Genome: Genome: no	250	2	0
V3V5_119_Firmicutes	451	248	99.200	1	250	638_8315 | Streptococcus infantis clade 638 | HMT-638 | Strain: ATCC 700779 | GB: AB008315 | Status: Named | Preferred Habitat: Oral | Genome: Genome: yes	250	2	0
V3V5_119_Firmicutes	446	247	98.800	1	250	734_3930 | Streptococcus pneumoniae | HMT-734 | Strain: ATCC 33400 | GB: AF003930 | Status: Named | Preferred Habitat: Nasal | Genome: Genome: yes	250	3	0
V3V5_119_Firmicutes	429	242	97.976	4	250	758_3928 | Streptococcus sanguinis | HMT-758 | Strain: ATCC 10556 | GB: AF003928 | Status: Named | Preferred Habitat: Oral | Genome: Genome: yes	247	5	0
V3V5_119_Firmicutes	429	242	97.976	4	250	537_5927 | Streptococcus agalactiae | HMT-537 | Strain: ATCC 27956 | GB: AF015927 | Status: Named | Preferred Habitat: Unassigned | Genome: Genome: yes	247	5	0
V3V5_119_Firmicutes	424	241	97.571	4	250	755N000A | Streptococcus salivarius | HMT-755 | Strain: ATCC 7073 | GB: NR_042776 | Status: Named | Preferred Habitat: Oral | Genome: Genome: yes	247	6	0
V3V5_119_Firmicutes	424	241	97.571	4	250	755_8839 | Streptococcus salivarius | HMT-755 | Strain: ATCC 13419 | GB: M58839 | Status: Named | Preferred Habitat: Oral | Genome: Genome: yes	247	6	0
V3V5_119_Firmicutes	424	241	97.571	4	250	021_8353 | Streptococcus vestibularis | HMT-021 | Strain: ATCC 49124 | GB: AY188353 | Status: Named | Preferred Habitat: Oral | Genome: Genome: yes	247	6	0
V3V5_119_Firmicutes	424	241	97.571	4	250	152N096A | Streptococcus thermophilus | HMT-152 | Strain: ATCC 19258 | GB: NR_042778 | Status: Named | Preferred Habitat: Unassigned | Genome: Genome: yes	247	6	0
V3V5_119_Firmicutes	424	241	97.571	4	250	056AY020 | Streptococcus sp. HMT 056 | HMT-056 | Clone: AY020 | GB: AF385545 | Status: Unnamed | Preferred Habitat: Oral | Genome: Genome: yes	247	6	0
V3V5_119_Firmicutes	424	241	97.571	4	250	622_3931 | Streptococcus gordonii | HMT-622 | Strain: ATCC 10558 | GB: AF003931 | Status: Named | Preferred Habitat: Oral | Genome: Genome: yes	247	6	0
V3V5_119_Firmicutes	424	241	97.571	4	250	576_4676 | Streptococcus constellatus | HMT-576 | Strain: ATCC27823 | GB: AF104676 | Status: Named | Preferred Habitat: Oral | Genome: Genome: yes	247	6	0
# BLAST processed 1 queries
