# BLASTN 2.12.0+
# Query: V3V5_100_Epsilonproteobacteria
# Database: ../BLAST_DATABASE_ABUNDANCE/HOMD_16S_rRNA_RefSeq_V15.22.p9.fasta
# Fields: query id, bit score, identical, % identity, q. start, q. end, subject title, alignment length, mismatches, gaps
# 30 hits found
V3V5_100_Epsilonproteobacteria	392	212	100.000	1	212	748_6973 | Campylobacter rectus | HMT-748 | Strain: CCUG 19168 | GB: L06973 | Status: Named | Preferred Habitat: Oral | Genome: Genome: yes	212	0	0
V3V5_100_Epsilonproteobacteria	392	212	100.000	1	212	748_4317 | Campylobacter rectus | HMT-748 | Strain: ATCC 33238 | GB: L04317 | Status: Named | Preferred Habitat: Oral | Genome: Genome: yes	212	0	0
V3V5_100_Epsilonproteobacteria	392	212	100.000	1	212	763_6974 | Campylobacter showae | HMT-763 | Strain: CCUG 3054 | GB: L06974 | Status: Named | Preferred Habitat: Oral | Genome: Genome: yes	212	0	0
V3V5_100_Epsilonproteobacteria	348	204	96.226	1	212	842_4321 | Campylobacter ureolyticus | HMT-842 | Strain: ATCC 33387 | GB: L04321 | Status: Named | Preferred Habitat: Unassigned | Genome: Genome: yes	212	8	0
V3V5_100_Epsilonproteobacteria	342	203	95.755	1	212	580_4313 | Campylobacter curvus | HMT-580 | Strain: ATCC 35224 | GB: L04313 | Status: Named | Preferred Habitat: Oral | Genome: Genome: yes	212	9	0
V3V5_100_Epsilonproteobacteria	342	203	95.755	1	212	580_C10 | Campylobacter curvus | HMT-580 | Strain: Goto C10 | GB: tbd | Status: Named | Preferred Habitat: Oral | Genome: Genome: yes	212	9	0
V3V5_100_Epsilonproteobacteria	342	203	95.755	1	212	575_6977 | Campylobacter concisus | HMT-575 | Strain: FDC 288 | GB: L06977 | Status: Named | Preferred Habitat: Oral | Genome: Genome: yes	212	9	0
V3V5_100_Epsilonproteobacteria	337	202	95.283	1	212	623_4320 | Campylobacter gracilis | HMT-623 | Strain: ATCC 33236 | GB: L04320 | Status: Named | Preferred Habitat: Oral | Genome: Genome: yes	212	10	0
V3V5_100_Epsilonproteobacteria	337	202	95.283	1	212	044BB120 | Campylobacter sp. HMT 044 | HMT-044 | Clone: BB120 | GB: AY005038 | Status: Phylotype | Preferred Habitat: Oral | Genome: Genome: no	212	10	0
V3V5_100_Epsilonproteobacteria	320	199	93.868	1	212	776_2768 | Campylobacter sputorum | HMT-776 | Strain: BU-112B | GB: AF022768 | Status: Named | Preferred Habitat: Unassigned | Genome: Genome: yes	212	13	0
V3V5_100_Epsilonproteobacteria	265	190	89.202	1	212	812_8157 | Helicobacter pylori | HMT-812 | Strain: ATCC 43504 | GB: M88157 | Status: Named | Preferred Habitat: Unassigned | Genome: Genome: yes	213	22	1
V3V5_100_Epsilonproteobacteria	178	175	82.160	3	212	98327201 | Melioribacter roseus | HMT-983 | Strain: P3M-2 | PROKKA: SEQF2720_01862 | Status: NonOralRef | Preferred Habitat: NonOralRef | Genome: Genome_GB: CP003557.1	213	32	6
V3V5_100_Epsilonproteobacteria	176	173	81.991	3	212	98227191 | Ignavibacterium album | HMT-982 | Strain: JCM 16511 | PROKKA: SEQF2719_00714 | Status: NonOralRef | Preferred Habitat: NonOralRef | Genome: Genome_GB: CP003418.1	211	35	3
V3V5_100_Epsilonproteobacteria	167	173	81.221	3	212	876F0540 | Clostridiales [F-3][G-1] bacterium HMT 876 | HMT-876 | Strain: F0540 | GB: tbd | Status: Unnamed | Preferred Habitat: Unassigned | Genome: Genome: yes	213	34	6
V3V5_100_Epsilonproteobacteria	159	170	80.569	3	212	022AP009 | Lautropia mirabilis | HMT-022 | Clone: AP009 | GB: AY005030 | Status: Named | Preferred Habitat: Oral | Genome: Genome: yes	211	38	3
V3V5_100_Epsilonproteobacteria	156	169	80.095	3	212	858_9161 | Comamonas testosteroni | HMT-858 | Strain: ATCC 11996 | GB: NR_029161 | Status: Named | Preferred Habitat: Oral | Genome: Genome: yes	211	40	2
V3V5_100_Epsilonproteobacteria	156	169	80.095	3	212	209N112A | Acidovorax ebreus | HMT-209 | Strain: YW12 | GB: KM287569 | Status: Named | Preferred Habitat: Unassigned | Genome: Genome: yes	211	40	2
V3V5_100_Epsilonproteobacteria	156	169	80.095	3	212	216N114A | Acidovorax temperans | HMT-216 | Strain: PHL | GB: NR_028715 | Status: Named | Preferred Habitat: Unassigned | Genome: Genome: yes	211	40	2
V3V5_100_Epsilonproteobacteria	156	169	80.095	3	212	211N113A | Acidovorax caeni | HMT-211 | Strain: R-24608 | GB: NR_042427 | Status: Named | Preferred Habitat: Unassigned | Genome: Genome: yes	211	40	2
V3V5_100_Epsilonproteobacteria	156	169	80.095	3	212	717_3736 | Variovorax paradoxus | HMT-717 | Strain: NBRC 15149 | GB: NR_113736 | Status: Named | Preferred Habitat: Unassigned | Genome: Genome: yes	211	40	2
V3V5_100_Epsilonproteobacteria	156	135	84.375	53	212	022_3223 | Lautropia mirabilis | HMT-022 | Strain: Fredericksen | GB: X73223 | Status: Named | Preferred Habitat: Oral | Genome: Genome: yes	160	24	1
V3V5_100_Epsilonproteobacteria	156	137	84.568	53	212	343_4907 | Achromobacter xylosoxidans | HMT-343 | Strain: DSM 30026 | GB: Y14907 | Status: Named | Preferred Habitat: Unassigned | Genome: Genome: yes	162	20	5
V3V5_100_Epsilonproteobacteria	156	169	80.095	3	212	027_5039 | Cupriavidus gilardii | HMT-027 | Strain: C37KA | GB: AY005039 | Status: Named | Preferred Habitat: Unassigned | Genome: Genome: yes	211	40	2
V3V5_100_Epsilonproteobacteria	154	172	80.374	3	212	406AK168 | Ralstonia sp. HMT 406 | HMT-406 | Clone: AK168 | GB: AY005032 | Status: Phylotype | Preferred Habitat: Unassigned | Genome: Genome: no	214	33	9
V3V5_100_Epsilonproteobacteria	154	172	80.374	3	212	854_3152 | Ralstonia pickettii | HMT-854 | Strain: ATCC 27511 | GB: NR_043152 | Status: Named | Preferred Habitat: Unassigned | Genome: Genome: yes	214	33	9
V3V5_100_Epsilonproteobacteria	152	135	83.851	53	212	633_4697 | Cardiobacterium hominis | HMT-633 | Strain: AB 2167 | GB: AF144697 | Status: Named | Preferred Habitat: Oral | Genome: Genome: yes	161	24	2
V3V5_100_Epsilonproteobacteria	152	138	84.146	53	212	026CA004 | Schlegelella aquatica | HMT-026 | Clone: CA004 | GB: AF385538 | Status: Named | Preferred Habitat: Unassigned | Genome: Genome: no	164	18	8
V3V5_100_Epsilonproteobacteria	150	170	79.812	3	212	276N126A | Moraxella sp. HMT 276 | HMT-276 | Clone: ncd26f04c1 | GB: JF000627 | Status: Phylotype | Preferred Habitat: Unassigned | Genome: Genome: no	213	37	6
V3V5_100_Epsilonproteobacteria	150	168	79.621	3	212	023_2803 | Delftia acidovorans | HMT-023 | Strain: 158 | GB: AJ002803 | Status: Named | Preferred Habitat: Unassigned | Genome: Genome: yes	211	41	2
V3V5_100_Epsilonproteobacteria	150	168	79.621	3	212	023_0186 | Delftia acidovorans | HMT-023 | Strain: MBIC 1305 | GB: AB020186 | Status: Named | Preferred Habitat: Unassigned | Genome: Genome: yes	211	41	2
# BLAST processed 1 queries
