# BLASTN 2.12.0+
# Query: V3V5_440_Firmicutes
# Database: ../BLAST_DATABASE_ABUNDANCE/HOMD_16S_rRNA_RefSeq_V15.22.p9.fasta
# Fields: query id, bit score, identical, % identity, q. start, q. end, subject title, alignment length, mismatches, gaps
# 30 hits found
V3V5_440_Firmicutes	320	224	89.960	2	249	841_6094 | Megasphaera sp. HMT 841 | HMT-841 | Clone: Y14 | GB: DQ666094 | Status: Phylotype | Preferred Habitat: Unassigned | Genome: Genome: no	249	24	1
V3V5_440_Firmicutes	309	217	89.669	2	243	876F0540 | Clostridiales [F-3][G-1] bacterium HMT 876 | HMT-876 | Strain: F0540 | GB: tbd | Status: Unnamed | Preferred Habitat: Unassigned | Genome: Genome: yes	242	25	0
V3V5_440_Firmicutes	309	223	89.200	2	249	684_1878 | Mitsuokella multacida | HMT-684 | Strain: NCTC 10934 | GB: X81878 | Status: Named | Preferred Habitat: Unassigned | Genome: Genome: yes	250	24	3
V3V5_440_Firmicutes	309	218	89.712	2	243	843_3837 | Dialister micraerophilus | HMT-843 | Strain: ADV 04.01 | GB: AF473837 | Status: Named | Preferred Habitat: Oral | Genome: Genome: yes	243	24	1
V3V5_440_Firmicutes	303	218	89.344	2	243	118BS095 | Dialister invisus | HMT-118 | Clone: BS095 | GB: AF287787 | Status: Named | Preferred Habitat: Oral | Genome: Genome: yes	244	23	3
V3V5_440_Firmicutes	303	218	89.344	2	243	118GBA27 | Dialister invisus | HMT-118 | Strain: GBA27 | GB: AF287788 | Status: Named | Preferred Habitat: Oral | Genome: Genome: yes	244	23	3
V3V5_440_Firmicutes	303	221	88.755	2	249	119BS016 | Dialister sp. HMT 119 | HMT-119 | Clone: BS016 | GB: AF287786 | Status: Phylotype | Preferred Habitat: Oral | Genome: Genome: no	249	27	1
V3V5_440_Firmicutes	302	220	88.710	3	249	935_8649 | Fastidiosipila sanguinis | HMT-935 | Clone: nck255g10c1 | GB: KF098649 | Status: Named | Preferred Habitat: Unassigned | Genome: Genome: no	248	27	1
V3V5_440_Firmicutes	298	220	88.353	2	249	125_6593 | Selenomonas flueggei | HMT-125 | Clone: ELU0080-000358 | GB: HQ776593 | Status: Named | Preferred Habitat: Oral | Genome: Genome: yes	249	28	1
V3V5_440_Firmicutes	298	220	88.353	2	249	125AH132 | Selenomonas flueggei | HMT-125 | Clone: AH132 | GB: AF287804 | Status: Named | Preferred Habitat: Oral | Genome: Genome: yes	249	28	1
V3V5_440_Firmicutes	298	216	88.889	2	243	138DS071 | Selenomonas sp. HMT 138 | HMT-138 | Clone: DS071 | GB: AF366274 | Status: Unnamed | Preferred Habitat: Oral | Genome: Genome: yes	243	26	1
V3V5_440_Firmicutes	298	216	88.889	2	243	639Sinfe | Selenomonas infelix | HMT-639 | Strain: ATCC 43532 | GB: AF287802 | Status: Named | Preferred Habitat: Oral | Genome: Genome: yes	243	26	1
V3V5_440_Firmicutes	298	216	88.889	2	243	919WadeB | Selenomonas sp. HMT 919 | HMT-919 | Strain: W7667 | GB: tbd | Status: Unnamed | Preferred Habitat: Oral | Genome: Genome: no	243	26	1
V3V5_440_Firmicutes	298	216	88.889	2	243	139_Z048 | Selenomonas dianae | HMT-139 | Clone: _Z048 | GB: GQ422719 | Status: Named | Preferred Habitat: Oral | Genome: Genome: no	243	26	1
V3V5_440_Firmicutes	298	216	88.889	2	243	139DY027 | Selenomonas dianae | HMT-139 | Clone: DY027 | GB: AF385492 | Status: Named | Preferred Habitat: Oral | Genome: Genome: no	243	26	1
V3V5_440_Firmicutes	298	216	88.889	2	243	139Sdian | Selenomonas dianae | HMT-139 | Strain: ATCC 43527 | GB: AF287801 | Status: Named | Preferred Habitat: Oral | Genome: Genome: no	243	26	1
V3V5_440_Firmicutes	298	216	88.889	2	243	146EW084 | Selenomonas sp. HMT 146 | HMT-146 | Clone: EW084 | GB: AF385503 | Status: Lost | Preferred Habitat: Oral | Genome: Genome: no	243	26	1
V3V5_440_Firmicutes	298	216	88.889	2	243	936_4994 | Selenomonas sp. HMT 936 | HMT-936 | Clone: ncd436f04c1 | GB: HM324994 | Status: Phylotype | Preferred Habitat: Unassigned | Genome: Genome: no	243	26	1
V3V5_440_Firmicutes	298	216	88.889	2	243	126AJ036 | Selenomonas sp. HMT 126 | HMT-126 | Clone: AJ036 | GB: AF287800 | Status: Unnamed | Preferred Habitat: Oral | Genome: Genome: no	243	26	1
V3V5_440_Firmicutes	298	216	88.889	2	243	919WadeA | Selenomonas sp. HMT 919 | HMT-919 | Strain: W7667 | GB: tbd | Status: Unnamed | Preferred Habitat: Oral | Genome: Genome: no	243	26	1
V3V5_440_Firmicutes	298	216	88.889	2	243	126EY047 | Selenomonas sp. HMT 126 | HMT-126 | Clone: EY047 | GB: AF385576 | Status: Unnamed | Preferred Habitat: Oral | Genome: Genome: no	243	26	1
V3V5_440_Firmicutes	298	216	88.889	2	243	481IK004 | Selenomonas sp. HMT 481 | HMT-481 | Clone: IK004 | GB: AY349407 | Status: Lost | Preferred Habitat: Oral | Genome: Genome: no	243	26	1
V3V5_440_Firmicutes	298	216	88.889	2	243	481_4667 | Selenomonas sp. HMT 481 | HMT-481 | Clone: 069096_081 | GB: JQ454667 | Status: Lost | Preferred Habitat: Oral | Genome: Genome: no	243	26	1
V3V5_440_Firmicutes	298	216	88.889	2	243	726_0963 | Centipeda periodontii | HMT-726 | Strain: DSM 2778 | GB: AJ010963 | Status: Named | Preferred Habitat: Oral | Genome: Genome: yes	243	26	1
V3V5_440_Firmicutes	298	220	88.353	2	249	388_8861 | Selenomonas sp. HMT 388 | HMT-388 | Clone: P4PA_36 | GB: AF538861 | Status: Phylotype | Preferred Habitat: Unassigned | Genome: Genome: no	249	28	1
V3V5_440_Firmicutes	298	216	88.889	2	243	479GT010 | Selenomonas sp. HMT 479 | HMT-479 | Clone: GT010 | GB: AY349405 | Status: Lost | Preferred Habitat: Oral | Genome: Genome: no	243	26	1
V3V5_440_Firmicutes	298	216	88.889	2	243	920-Wade | Selenomonas sp. HMT 920 | HMT-920 | Strain: W5150 | GB: tbd | Status: Unnamed | Preferred Habitat: Oral | Genome: Genome: no	243	26	1
V3V5_440_Firmicutes	298	216	88.889	2	243	892F0426 | Selenomonas sp. HMT 892 | HMT-892 | Strain: F0426 | GB: tbd | Status: Unnamed | Preferred Habitat: Oral | Genome: Genome: yes	243	26	1
V3V5_440_Firmicutes	298	216	88.889	2	243	124F0399 | Selenomonas artemidis | HMT-124 | Strain: F0399 | GB: HM596274 | Status: Named | Preferred Habitat: Oral | Genome: Genome: yes	243	26	1
V3V5_440_Firmicutes	298	216	88.889	2	243	124AA024 | Selenomonas artemidis | HMT-124 | Clone: AA024 | GB: AF287797 | Status: Named | Preferred Habitat: Oral | Genome: Genome: yes	243	26	1
# BLAST processed 1 queries
