# BLASTN 2.12.0+
# Query: V3V5_247_Firmicutes
# Database: ../BLAST_DATABASE_ABUNDANCE/HOMD_16S_rRNA_RefSeq_V15.22.p9.fasta
# Fields: query id, bit score, identical, % identity, q. start, q. end, subject title, alignment length, mismatches, gaps
# 30 hits found
V3V5_247_Firmicutes	429	240	98.361	1	244	106A03MT | Peptostreptococcaceae [XI][G-7] [Eubacterium] yurii subsp. schtitka | HMT-106 | Strain: A03MT | GB: AF287765 | Status: Named | Preferred Habitat: Oral | Genome: Genome: no	244	4	0
V3V5_247_Firmicutes	429	240	98.361	1	244	377_5259 | Peptostreptococcaceae [XI][G-7] [Eubacterium] yurii subsps. yurii & margaretiae | HMT-377 | Strain: ATCC 43715 | GB: NR_115259 | Status: Named | Preferred Habitat: Oral | Genome: Genome: yes	244	4	0
V3V5_247_Firmicutes	429	240	98.361	1	244	377_4629 | Peptostreptococcaceae [XI][G-7] [Eubacterium] yurii subsps. yurii & margaretiae | HMT-377 | Strain: ATCC 43713 | GB: L34629 | Status: Named | Preferred Habitat: Oral | Genome: Genome: yes	244	4	0
V3V5_247_Firmicutes	429	240	98.361	1	244	081W5028 | Peptostreptococcaceae [XI][G-7] bacterium HMT 081 | HMT-081 | Strain: W5028 | GB: tbd | Status: Unnamed | Preferred Habitat: Oral | Genome: Genome: no	244	4	0
V3V5_247_Firmicutes	429	240	98.361	1	244	081BB142 | Peptostreptococcaceae [XI][G-7] bacterium HMT 081 | HMT-081 | Clone: BB142 | GB: AF287764 | Status: Unnamed | Preferred Habitat: Oral | Genome: Genome: no	244	4	0
V3V5_247_Firmicutes	418	238	97.541	1	244	922_2838 | Peptostreptococcaceae [XI][G-7] bacterium HMT 922 | HMT-922 | Clone: ncd2459c12c2 | GB: JF212838 | Status: Phylotype | Preferred Habitat: Oral | Genome: Genome: no	244	6	0
V3V5_247_Firmicutes	327	225	90.726	1	244	383_8856 | Peptostreptococcaceae [XI][G-1] bacterium HMT 383 | HMT-383 | Clone: P2PB_46 | GB: AF538856 | Status: Phylotype | Preferred Habitat: Unassigned | Genome: Genome: no	248	19	4
V3V5_247_Firmicutes	327	226	90.763	2	244	088CH017 | Lachnospiraceae [G-2] bacterium HMT 088 | HMT-088 | Clone: CH017 | GB: AF287775 | Status: Phylotype | Preferred Habitat: Oral | Genome: Genome: no	249	17	6
V3V5_247_Firmicutes	326	220	91.286	1	238	493JH012 | Peptostreptococcaceae [XI][G-5] bacterium HMT 493 | HMT-493 | Clone: JH012 | GB: AY349373 | Status: Phylotype | Preferred Habitat: Unassigned | Genome: Genome: no	241	18	3
V3V5_247_Firmicutes	318	217	90.795	1	237	111BS044 | Parvimonas micra | HMT-111 | Clone: BS044 | GB: AF385559 | Status: Named | Preferred Habitat: Oral | Genome: Genome: yes	239	20	2
V3V5_247_Firmicutes	318	217	90.795	1	237	111_3523 | Parvimonas micra | HMT-111 | Strain: ATCC 33270 | GB: AY323523 | Status: Named | Preferred Habitat: Oral | Genome: Genome: yes	239	20	2
V3V5_247_Firmicutes	318	217	90.795	1	237	110_6545 | Parvimonas sp. HMT 110 | HMT-110 | Strain: MDA2346-2 | GB: AY286545 | Status: Unnamed | Preferred Habitat: Oral | Genome: Genome: yes	239	20	2
V3V5_247_Firmicutes	318	217	90.795	1	237	110HE064 | Parvimonas sp. HMT 110 | HMT-110 | Clone: HE064 | GB: GQ422714 | Status: Unnamed | Preferred Habitat: Oral | Genome: Genome: yes	239	20	2
V3V5_247_Firmicutes	318	217	90.795	1	237	393_7059 | Parvimonas sp. HMT 393 | HMT-393 | Strain: P4P_31 | GB: AY207059 | Status: Unnamed | Preferred Habitat: Oral | Genome: Genome: yes	239	20	2
V3V5_247_Firmicutes	318	222	90.244	1	244	539_6962 | Filifactor alocis | HMT-539 | Strain: ATCC 35896 | GB: AJ006962 | Status: Named | Preferred Habitat: Oral | Genome: Genome: yes	246	21	3
V3V5_247_Firmicutes	316	224	89.960	2	244	166CK051 | Johnsonella sp. HMT 166 | HMT-166 | Clone: CK051 | GB: AF287774 | Status: Phylotype | Preferred Habitat: Oral | Genome: Genome: no	249	19	6
V3V5_247_Firmicutes	316	225	90.000	2	244	096DO008 | Lachnospiraceae [G-2] bacterium HMT 096 | HMT-096 | Clone: DO008 | GB: AF385508 | Status: Unnamed | Preferred Habitat: Oral | Genome: Genome: no	250	17	8
V3V5_247_Firmicutes	313	216	90.377	1	237	111FG014 | Parvimonas micra | HMT-111 | Clone: FG014 | GB: AF385543 | Status: Named | Preferred Habitat: Oral | Genome: Genome: yes	239	21	2
V3V5_247_Firmicutes	313	225	89.641	2	244	100EI074 | Lachnospiraceae [G-3] bacterium HMT 100 | HMT-100 | Clone: EI074 | GB: AF385573 | Status: Phylotype | Preferred Habitat: Oral | Genome: Genome: no	251	18	8
V3V5_247_Firmicutes	311	219	89.754	2	244	386_8859 | Peptoniphilus sp. HMT 386 | HMT-386 | Clone: P4PA_156 | GB: AF538859 | Status: Unnamed | Preferred Habitat: Unassigned | Genome: Genome: yes	244	24	1
V3V5_247_Firmicutes	311	223	89.558	1	244	950_9965 | Peptostreptococcaceae [XI][G-3] bacterium HMT 950 | HMT-950 | Clone: 101E03 | GB: AM419965 | Status: Phylotype | Preferred Habitat: Unassigned | Genome: Genome: no	249	21	5
V3V5_247_Firmicutes	311	223	89.558	1	244	495JS001 | Peptostreptococcaceae [XI][G-3] bacterium HMT 495 | HMT-495 | Clone: JS001 | GB: AY349378 | Status: Phylotype | Preferred Habitat: Oral | Genome: Genome: no	249	21	5
V3V5_247_Firmicutes	311	223	89.558	2	244	094DA074 | Lachnospiraceae [G-10] bacterium HMT 094 | HMT-094 | Clone: DA074 | GB: AF287768 | Status: Phylotype | Preferred Habitat: Unassigned | Genome: Genome: no	249	20	6
V3V5_247_Firmicutes	309	221	89.474	1	244	790EX153 | Peptoniphilaceae [G-2] bacterium HMT 790 | HMT-790 | Clone: EX153 | GB: AY134899 | Status: Phylotype | Preferred Habitat: Unassigned | Genome: Genome: no	247	23	3
V3V5_247_Firmicutes	309	222	89.516	2	244	635_7152 | Johnsonella ignava | HMT-635 | Strain: ATCC 51276 | GB: X87152 | Status: Named | Preferred Habitat: Oral | Genome: Genome: yes	248	21	5
V3V5_247_Firmicutes	305	222	89.157	2	244	102FB046 | Oribacterium sp. HMT 102 | HMT-102 | Clone: FB046 | GB: GQ422713 | Status: Unnamed | Preferred Habitat: Oral | Genome: Genome: no	249	21	6
V3V5_247_Firmicutes	305	222	89.157	2	244	496JI012 | Lachnoanaerobaculum sp. HMT 496 | HMT-496 | Clone: JI012 | GB: AY349379 | Status: Phylotype | Preferred Habitat: Unassigned | Genome: Genome: no	249	21	6
V3V5_247_Firmicutes	303	214	89.916	3	238	759_5987 | Peptostreptococcaceae [XI][G-5] [Eubacterium] saphenum | HMT-759 | Strain: ATCC 49989 | GB: U65987 | Status: Named | Preferred Habitat: Oral | Genome: Genome: yes	238	21	3
V3V5_247_Firmicutes	300	216	89.256	1	238	673_3037 | Peptostreptococcaceae [XI][G-6] [Eubacterium] minutum | HMT-673 | Strain: SC 87K | GB: U13037 | Status: Named | Preferred Habitat: Oral | Genome: Genome: no	242	22	4
V3V5_247_Firmicutes	300	216	89.256	1	238	467_6963 | Peptostreptococcaceae [XI][G-1] [Eubacterium] sulci | HMT-467 | Strain: ATCC 35585 | GB: AJ006963 | Status: Named | Preferred Habitat: Oral | Genome: Genome: yes	242	22	4
# BLAST processed 1 queries
