# BLASTN 2.12.0+
# Query: V3V5_113_Bacteroidetes
# Database: ../BLAST_DATABASE_ABUNDANCE/HOMD_16S_rRNA_RefSeq_V15.22.p9.fasta
# Fields: query id, bit score, identical, % identity, q. start, q. end, subject title, alignment length, mismatches, gaps
# 30 hits found
V3V5_113_Bacteroidetes	440	240	99.585	1	241	472GU027 | Prevotella sp. HMT 472 | HMT-472 | Clone: GU027 | GB: AY349398 | Status: Unnamed | Preferred Habitat: Oral | Genome: Genome: yes	241	1	0
V3V5_113_Bacteroidetes	440	240	99.585	1	241	472_2261 | Prevotella sp. HMT 472 | HMT-472 | Clone: 070034_820 | GB: JQ462261 | Status: Unnamed | Preferred Habitat: Oral | Genome: Genome: yes	241	1	0
V3V5_113_Bacteroidetes	435	239	99.170	1	241	658_6481 | Prevotella loescheii | HMT-658 | Strain: ATCC 15930 | GB: L16481 | Status: Named | Preferred Habitat: Oral | Genome: Genome: yes	241	2	0
V3V5_113_Bacteroidetes	418	236	97.925	1	241	317_8624 | Prevotella sp. HMT 317 | HMT-317 | Clone: C3MKM081 | GB: AY278624 | Status: Unnamed | Preferred Habitat: Oral | Genome: Genome: yes	241	5	0
V3V5_113_Bacteroidetes	412	235	97.510	1	241	317_5061 | Prevotella sp. HMT 317 | HMT-317 | Strain: B31FD | GB: AY005061 | Status: Unnamed | Preferred Habitat: Oral | Genome: Genome: yes	241	6	0
V3V5_113_Bacteroidetes	407	234	97.095	1	241	795_8825 | Prevotella shahii | HMT-795 | Strain: JCM 12083 | GB: AB108825 | Status: Named | Preferred Habitat: Oral | Genome: Genome: yes	241	7	0
V3V5_113_Bacteroidetes	355	225	93.361	2	241	781_3320 | Prevotella saccharolytica | HMT-781 | Strain: JCM 17484 | GB: NR_113320 | Status: Named | Preferred Habitat: Oral | Genome: Genome: yes	241	15	1
V3V5_113_Bacteroidetes	350	224	92.946	2	241	781F0055 | Prevotella saccharolytica | HMT-781 | Strain: F0055 | GB: GQ422744 | Status: Named | Preferred Habitat: Oral | Genome: Genome: yes	241	16	1
V3V5_113_Bacteroidetes	340	223	92.149	1	241	475_7238 | Prevotella sp. HMT 475 | HMT-475 | Clone: ncd2221f05c1 | GB: JF187238 | Status: Unnamed | Preferred Habitat: Oral | Genome: Genome: yes	242	18	1
V3V5_113_Bacteroidetes	339	222	92.116	2	241	705_5176 | Prevotella oralis | HMT-705 | Clone: ELU0173-000438 | GB: HQ815176 | Status: Named | Preferred Habitat: Oral | Genome: Genome: yes	241	18	1
V3V5_113_Bacteroidetes	339	222	92.116	2	241	705_3522 | Prevotella oralis | HMT-705 | Strain: ATCC 33269 | GB: AY323522 | Status: Named | Preferred Habitat: Oral | Genome: Genome: yes	241	18	1
V3V5_113_Bacteroidetes	335	222	91.736	1	241	475IK053 | Prevotella sp. HMT 475 | HMT-475 | Clone: IK053 | GB: AY349401 | Status: Unnamed | Preferred Habitat: Oral | Genome: Genome: yes	242	19	1
V3V5_113_Bacteroidetes	333	221	91.701	2	241	665_1227 | Prevotella marshii | HMT-665 | Strain: E9_34 | GB: AF481227 | Status: Named | Preferred Habitat: Oral | Genome: Genome: yes	241	19	1
V3V5_113_Bacteroidetes	329	218	91.597	4	241	942_6378 | Prevotella sp. HMT 942 | HMT-942 | Clone: 22B412 | GB: FJ976378 | Status: Phylotype | Preferred Habitat: Oral | Genome: Genome: no	238	20	0
V3V5_113_Bacteroidetes	313	214	90.678	7	241	291AO036 | Prevotella denticola | HMT-291 | Clone: AO036 | GB: AY005054 | Status: Named | Preferred Habitat: Oral | Genome: Genome: yes	236	20	2
V3V5_113_Bacteroidetes	313	218	90.083	2	241	562_6476 | Prevotella buccalis | HMT-562 | Strain: ATCC 35310 | GB: L16476 | Status: Named | Preferred Habitat: Unassigned | Genome: Genome: yes	242	22	2
V3V5_113_Bacteroidetes	307	213	90.254	7	241	291_3524 | Prevotella denticola | HMT-291 | Strain: ATCC 35308 | GB: AY323524 | Status: Named | Preferred Habitat: Oral | Genome: Genome: yes	236	21	2
V3V5_113_Bacteroidetes	307	213	90.254	7	241	291AH005 | Prevotella denticola | HMT-291 | Clone: AH005 | GB: AY005053 | Status: Named | Preferred Habitat: Oral | Genome: Genome: yes	236	21	2
V3V5_113_Bacteroidetes	307	217	89.669	2	241	301BS041 | Prevotella sp. HMT 301 | HMT-301 | Clone: BS041 | GB: AF385558 | Status: Phylotype | Preferred Habitat: Oral | Genome: Genome: no	242	23	2
V3V5_113_Bacteroidetes	307	215	89.958	4	241	299BI027 | Prevotella nanceiensis | HMT-299 | Clone: BI027 | GB: AY005064 | Status: Named | Preferred Habitat: Oral | Genome: Genome: yes	239	23	1
V3V5_113_Bacteroidetes	305	215	89.958	6	241	289_4315 | Prevotella maculosa | HMT-289 | Strain: W1609 | GB: EF534315 | Status: Named | Preferred Habitat: Oral | Genome: Genome: yes	239	20	4
V3V5_113_Bacteroidetes	305	214	89.916	6	241	311_6474 | Prevotella oris | HMT-311 | Strain: ATCC 33573 | GB: L16474 | Status: Named | Preferred Habitat: Oral | Genome: Genome: yes	238	22	2
V3V5_113_Bacteroidetes	303	213	89.873	6	241	289AA020 | Prevotella maculosa | HMT-289 | Clone: AA020 | GB: AY005057 | Status: Named | Preferred Habitat: Oral | Genome: Genome: yes	237	23	1
V3V5_113_Bacteroidetes	303	213	89.873	6	240	311_F045 | Prevotella oris | HMT-311 | Clone: _F045 | GB: AY005056 | Status: Named | Preferred Habitat: Oral | Genome: Genome: yes	237	22	2
V3V5_113_Bacteroidetes	303	212	89.831	6	241	305_0424 | Prevotella sp. HMT 305 | HMT-305 | Clone: 070055_034 | GB: JQ460424 | Status: Phylotype | Preferred Habitat: Oral | Genome: Genome: no	236	24	0
V3V5_113_Bacteroidetes	303	214	89.916	7	241	560_6478 | Prevotella buccae | HMT-560 | Strain: ATCC 33690 | GB: L16478 | Status: Named | Preferred Habitat: Oral | Genome: Genome: yes	238	21	3
V3V5_113_Bacteroidetes	300	213	89.496	6	241	289AA016 | Prevotella maculosa | HMT-289 | Clone: AA016 | GB: AY005058 | Status: Named | Preferred Habitat: Oral | Genome: Genome: yes	238	23	2
V3V5_113_Bacteroidetes	300	213	89.496	6	241	553_2605 | Prevotella baroniae | HMT-553 | Clone: PUS9.180 | GB: AJ012605 | Status: Named | Preferred Habitat: Oral | Genome: Genome: yes	238	23	2
V3V5_113_Bacteroidetes	298	211	89.407	6	241	305DO014 | Prevotella sp. HMT 305 | HMT-305 | Clone: DO014 | GB: AF385509 | Status: Phylotype | Preferred Habitat: Oral | Genome: Genome: no	236	25	0
V3V5_113_Bacteroidetes	296	210	89.362	7	241	685_2483 | Prevotella multiformis | HMT-685 | Strain: PPPA21 | GB: AB182483 | Status: Named | Preferred Habitat: Oral | Genome: Genome: yes	235	25	0
# BLAST processed 1 queries
