# BLASTN 2.12.0+
# Query: V3V5_343_Spirochaetes
# Database: ../BLAST_DATABASE_ABUNDANCE/HOMD_16S_rRNA_RefSeq_V15.22.p9.fasta
# Fields: query id, bit score, identical, % identity, q. start, q. end, subject title, alignment length, mismatches, gaps
# 30 hits found
V3V5_343_Spirochaetes	315	198	93.396	1	212	237_G057 | Treponema sp. HMT 237 | HMT-237 | Clone: _G057 | GB: AF056337 | Status: Phylotype | Preferred Habitat: Oral | Genome: Genome: no	212	14	0
V3V5_343_Spirochaetes	315	198	93.396	1	212	237AT024 | Treponema sp. HMT 237 | HMT-237 | Clone: AT024 | GB: AF061350 | Status: Phylotype | Preferred Habitat: Oral | Genome: Genome: no	212	14	0
V3V5_343_Spirochaetes	315	198	93.396	1	212	237_1822 | Treponema sp. HMT 237 | HMT-237 | Clone: P4GB_42 | GB: AY341822 | Status: Phylotype | Preferred Habitat: Oral | Genome: Genome: no	212	14	0
V3V5_343_Spirochaetes	315	198	93.396	1	212	237AT039 | Treponema sp. HMT 237 | HMT-237 | Clone: AT039 | GB: AF061349 | Status: Phylotype | Preferred Habitat: Oral | Genome: Genome: no	212	14	0
V3V5_343_Spirochaetes	315	198	93.396	1	212	667_3051 | Treponema medium | HMT-667 | Clone: _C007 | GB: AF023051 | Status: Named | Preferred Habitat: Oral | Genome: Genome: yes	212	14	0
V3V5_343_Spirochaetes	315	198	93.396	1	212	234_Y001 | Treponema sp. HMT 234 | HMT-234 | Clone: _Y001 | GB: AF023056 | Status: Phylotype | Preferred Habitat: Oral | Genome: Genome: no	212	14	0
V3V5_343_Spirochaetes	315	198	93.396	1	212	230_D013 | Treponema sp. HMT 230 | HMT-230 | Clone: _D013 | GB: AF023053 | Status: Phylotype | Preferred Habitat: Oral | Genome: Genome: no	212	14	0
V3V5_343_Spirochaetes	315	198	93.396	1	212	230AF068 | Treponema sp. HMT 230 | HMT-230 | Clone: AF068 | GB: AY005081 | Status: Phylotype | Preferred Habitat: Oral | Genome: Genome: no	212	14	0
V3V5_343_Spirochaetes	315	198	93.396	1	212	226_G054 | Treponema sp. HMT 226 | HMT-226 | Clone: _G054 | GB: AF023062 | Status: Phylotype | Preferred Habitat: Oral | Genome: Genome: no	212	14	0
V3V5_343_Spirochaetes	315	198	93.396	1	212	235_D047 | Treponema sp. HMT 235 | HMT-235 | Clone: _D047 | GB: AF023063 | Status: Phylotype | Preferred Habitat: Oral | Genome: Genome: no	212	14	0
V3V5_343_Spirochaetes	309	197	92.925	1	212	231_T021 | Treponema sp. HMT 231 | HMT-231 | Clone: _T021 | GB: AF023055 | Status: Phylotype | Preferred Habitat: Oral | Genome: Genome: no	212	15	0
V3V5_343_Spirochaetes	309	197	92.925	1	212	029_3309 | Treponema vincentii | HMT-029 | Strain: ATCC 35580 | GB: AF033309 | Status: Named | Preferred Habitat: Oral | Genome: Genome: yes	212	15	0
V3V5_343_Spirochaetes	309	197	92.925	1	212	228_T031 | Treponema sp. HMT 228 | HMT-228 | Clone: _T031 | GB: AF023054 | Status: Phylotype | Preferred Habitat: Oral | Genome: Genome: no	212	15	0
V3V5_343_Spirochaetes	309	197	92.925	1	212	242AU076 | Treponema sp. HMT 242 | HMT-242 | Clone: AU076 | GB: AF182831 | Status: Phylotype | Preferred Habitat: Oral | Genome: Genome: no	212	15	0
V3V5_343_Spirochaetes	303	196	92.453	1	212	236AF016 | Treponema sp. HMT 236 | HMT-236 | Clone: AF016 | GB: AF056338 | Status: Phylotype | Preferred Habitat: Oral | Genome: Genome: no	212	16	0
V3V5_343_Spirochaetes	303	196	92.453	1	212	227BA223 | Treponema sp. HMT 227 | HMT-227 | Clone: BA223 | GB: AF056339 | Status: Phylotype | Preferred Habitat: Oral | Genome: Genome: no	212	16	0
V3V5_343_Spirochaetes	298	195	91.981	1	212	232_T019 | Treponema sp. HMT 232 | HMT-232 | Clone: _T019 | GB: AF023059 | Status: Phylotype | Preferred Habitat: Unassigned | Genome: Genome: no	212	17	0
V3V5_343_Spirochaetes	298	195	91.981	1	212	238AT020 | Treponema sp. HMT 238 | HMT-238 | Clone: AT020 | GB: AF061347 | Status: Phylotype | Preferred Habitat: Oral | Genome: Genome: no	212	17	0
V3V5_343_Spirochaetes	298	195	91.981	1	212	246_T001 | Treponema sp. HMT 246 | HMT-246 | Clone: _T001 | GB: AF023031 | Status: Phylotype | Preferred Habitat: Oral | Genome: Genome: no	212	17	0
V3V5_343_Spirochaetes	292	194	91.509	1	212	247_G093 | Treponema sp. HMT 247 | HMT-247 | Clone: _G093 | GB: AF023032 | Status: Phylotype | Preferred Habitat: Oral | Genome: Genome: no	212	18	0
V3V5_343_Spirochaetes	287	194	91.080	1	212	239AF026 | Treponema sp. HMT 239 | HMT-239 | Clone: AF026 | GB: AF061348 | Status: Phylotype | Preferred Habitat: Oral | Genome: Genome: no	213	17	2
V3V5_343_Spirochaetes	287	194	91.080	1	212	239JU031 | Treponema sp. HMT 239 | HMT-239 | Clone: JU031 | GB: AY349416 | Status: Phylotype | Preferred Habitat: Oral | Genome: Genome: no	213	17	2
V3V5_343_Spirochaetes	279	192	90.566	1	212	256BB003 | Treponema sp. HMT 256 | HMT-256 | Clone: BB003 | GB: AF182835 | Status: Phylotype | Preferred Habitat: Oral | Genome: Genome: no	212	18	2
V3V5_343_Spirochaetes	265	189	89.151	1	212	805_8726 | Treponema pallidum | HMT-805 | Strain: Nichols | GB: M88726 | Status: Named | Preferred Habitat: Unassigned | Genome: Genome: yes	212	23	0
V3V5_343_Spirochaetes	248	187	87.793	1	212	664_3039 | Treponema maltophilum | HMT-664 | Strain: Smibert D4B | GB: AF023039 | Status: Named | Preferred Habitat: Oral | Genome: Genome: yes	213	24	2
V3V5_343_Spirochaetes	241	185	87.264	2	212	664_C021 | Treponema maltophilum | HMT-664 | Clone: _C021 | GB: AF023038 | Status: Named | Preferred Habitat: Oral | Genome: Genome: yes	212	25	2
V3V5_343_Spirochaetes	241	185	87.264	2	212	260_D031 | Treponema sp. HMT 260 | HMT-260 | Clone: _D031 | GB: AF023041 | Status: Phylotype | Preferred Habitat: Unassigned | Genome: Genome: no	212	25	2
V3V5_343_Spirochaetes	231	183	86.321	1	212	271_C025 | Treponema sp. HMT 271 | HMT-271 | Clone: _C025 | GB: AF023043 | Status: Phylotype | Preferred Habitat: Unassigned | Genome: Genome: no	212	29	0
V3V5_343_Spirochaetes	230	182	86.256	2	212	490JU025 | Treponema sp. HMT 490 | HMT-490 | Clone: JU025 | GB: AY349417 | Status: Unnamed | Preferred Habitat: Unassigned | Genome: Genome: no	211	29	0
V3V5_343_Spirochaetes	230	182	86.256	2	212	490_9247 | Treponema sp. HMT 490 | HMT-490 | Strain: OMZ 839 | GB: AY369247 | Status: Unnamed | Preferred Habitat: Unassigned | Genome: Genome: no	211	29	0
# BLAST processed 1 queries
