# BLASTN 2.12.0+
# Query: V3V5_376_Bacteroidetes
# Database: ../BLAST_DATABASE_ABUNDANCE/HOMD_16S_rRNA_RefSeq_V15.22.p9.fasta
# Fields: query id, bit score, identical, % identity, q. start, q. end, subject title, alignment length, mismatches, gaps
# 30 hits found
V3V5_376_Bacteroidetes	351	224	92.946	2	242	630F0110 | Bacteroides heparinolyticus | HMT-630 | Strain: F0110 | GB: GQ422742 | Status: Named | Preferred Habitat: Unassigned | Genome: Genome: no	241	17	0
V3V5_376_Bacteroidetes	351	224	92.946	2	242	630_6487 | Bacteroides heparinolyticus | HMT-630 | Strain: ATCC 35895 | GB: L16487 | Status: Named | Preferred Habitat: Unassigned | Genome: Genome: no	241	17	0
V3V5_376_Bacteroidetes	346	224	92.562	2	242	465_6488 | Bacteroides zoogleoformans | HMT-465 | Strain: ATCC 33285 | GB: L16488 | Status: Named | Preferred Habitat: Unassigned | Genome: Genome: no	242	16	2
V3V5_376_Bacteroidetes	346	224	92.562	2	242	787F0041 | Bacteroides pyogenes | HMT-787 | Strain: F0041 | GB: GQ422748 | Status: Named | Preferred Habitat: Unassigned | Genome: Genome: yes	242	16	2
V3V5_376_Bacteroidetes	307	216	90.000	4	242	317_8624 | Prevotella sp. HMT 317 | HMT-317 | Clone: C3MKM081 | GB: AY278624 | Status: Unnamed | Preferred Habitat: Oral | Genome: Genome: yes	240	21	3
V3V5_376_Bacteroidetes	307	216	90.000	4	242	317_5061 | Prevotella sp. HMT 317 | HMT-317 | Strain: B31FD | GB: AY005061 | Status: Unnamed | Preferred Habitat: Oral | Genome: Genome: yes	240	21	3
V3V5_376_Bacteroidetes	307	216	90.000	4	242	795_8825 | Prevotella shahii | HMT-795 | Strain: JCM 12083 | GB: AB108825 | Status: Named | Preferred Habitat: Oral | Genome: Genome: yes	240	21	3
V3V5_376_Bacteroidetes	305	211	90.171	9	242	914_7808 | Alloprevotella sp. HMT 914 | HMT-914 | Clone: ncd78e11c1 | GB: HM247808 | Status: Phylotype | Preferred Habitat: Oral | Genome: Genome: no	234	23	0
V3V5_376_Bacteroidetes	298	215	88.843	1	242	930_8499 | Porphyromonas sp. HMT 930 | HMT-930 | Clone: 071041_260 | GB: JQ468499 | Status: Phylotype | Preferred Habitat: Oral | Genome: Genome: no	242	27	0
V3V5_376_Bacteroidetes	294	212	89.076	6	242	705_5176 | Prevotella oralis | HMT-705 | Clone: ELU0173-000438 | GB: HQ815176 | Status: Named | Preferred Habitat: Oral | Genome: Genome: yes	238	24	2
V3V5_376_Bacteroidetes	294	212	89.076	6	242	705_3522 | Prevotella oralis | HMT-705 | Strain: ATCC 33269 | GB: AY323522 | Status: Named | Preferred Habitat: Oral | Genome: Genome: yes	238	24	2
V3V5_376_Bacteroidetes	294	216	88.889	2	242	942_6378 | Prevotella sp. HMT 942 | HMT-942 | Clone: 22B412 | GB: FJ976378 | Status: Phylotype | Preferred Habitat: Oral | Genome: Genome: no	243	22	5
V3V5_376_Bacteroidetes	294	209	89.316	9	242	308DO039 | Alloprevotella sp. HMT 308 | HMT-308 | Clone: DO039 | GB: AF385513 | Status: Phylotype | Preferred Habitat: Oral | Genome: Genome: no	234	25	0
V3V5_376_Bacteroidetes	292	214	88.797	4	242	309DO045 | Prevotella sp. HMT 309 | HMT-309 | Clone: DO045 | GB: AF385515 | Status: Phylotype | Preferred Habitat: Oral | Genome: Genome: no	241	23	4
V3V5_376_Bacteroidetes	292	214	88.797	4	242	309_6203 | Prevotella sp. HMT 309 | HMT-309 | Clone: 3083 | GB: FJ976203 | Status: Phylotype | Preferred Habitat: Oral | Genome: Genome: no	241	23	4
V3V5_376_Bacteroidetes	292	208	89.270	10	242	473HF050 | Alloprevotella sp. HMT 473 | HMT-473 | Clone: HF050 | GB: AY349399 | Status: Unnamed | Preferred Habitat: Oral | Genome: Genome: yes	233	25	0
V3V5_376_Bacteroidetes	291	215	88.477	2	242	526_4134 | Prevotella sp. HMT 526 | HMT-526 | Clone: MB7_G16 | GB: DQ003633 | Status: Phylotype | Preferred Habitat: Oral | Genome: Genome: no	243	24	4
V3V5_376_Bacteroidetes	291	217	88.571	2	242	475IK053 | Prevotella sp. HMT 475 | HMT-475 | Clone: IK053 | GB: AY349401 | Status: Unnamed | Preferred Habitat: Oral | Genome: Genome: yes	245	20	8
V3V5_376_Bacteroidetes	287	207	88.841	10	242	473IK062 | Alloprevotella sp. HMT 473 | HMT-473 | Clone: IK062 | GB: AY349402 | Status: Unnamed | Preferred Habitat: Oral | Genome: Genome: yes	233	26	0
V3V5_376_Bacteroidetes	287	213	88.017	1	242	278BS045 | Porphyromonas sp. HMT 278 | HMT-278 | Clone: BS045 | GB: AF385560 | Status: Unnamed | Preferred Habitat: Oral | Genome: Genome: yes	242	29	0
V3V5_376_Bacteroidetes	287	213	88.017	1	242	279F450d | Porphyromonas pasteri | HMT-279 | Strain: F0450d | GB: tbd | Status: Named | Preferred Habitat: Oral | Genome: Genome: yes	242	29	0
V3V5_376_Bacteroidetes	287	213	88.017	1	242	279F450c | Porphyromonas pasteri | HMT-279 | Strain: F0450c | GB: tbd | Status: Named | Preferred Habitat: Oral | Genome: Genome: yes	242	29	0
V3V5_376_Bacteroidetes	287	213	88.017	1	242	279CW034 | Porphyromonas pasteri | HMT-279 | Clone: CW034 | GB: AY008310 | Status: Named | Preferred Habitat: Oral | Genome: Genome: yes	242	29	0
V3V5_376_Bacteroidetes	287	213	88.017	1	242	279DP023 | Porphyromonas pasteri | HMT-279 | Clone: DP023 | GB: AF385516 | Status: Named | Preferred Habitat: Oral | Genome: Genome: yes	242	29	0
V3V5_376_Bacteroidetes	287	213	88.017	1	242	279F450a | Porphyromonas pasteri | HMT-279 | Strain: F0450a | GB: tbd | Status: Named | Preferred Habitat: Oral | Genome: Genome: yes	242	29	0
V3V5_376_Bacteroidetes	287	213	88.017	1	242	279F450b | Porphyromonas pasteri | HMT-279 | Strain: F0450b | GB: tbd | Status: Named | Preferred Habitat: Oral | Genome: Genome: yes	242	29	0
V3V5_376_Bacteroidetes	285	212	88.333	4	242	472GU027 | Prevotella sp. HMT 472 | HMT-472 | Clone: GU027 | GB: AY349398 | Status: Unnamed | Preferred Habitat: Oral | Genome: Genome: yes	240	25	3
V3V5_376_Bacteroidetes	285	212	88.333	4	242	472_2261 | Prevotella sp. HMT 472 | HMT-472 | Clone: 070034_820 | GB: JQ462261 | Status: Unnamed | Preferred Habitat: Oral | Genome: Genome: yes	240	25	3
V3V5_376_Bacteroidetes	283	212	88.333	6	242	781_3320 | Prevotella saccharolytica | HMT-781 | Strain: JCM 17484 | GB: NR_113320 | Status: Named | Preferred Habitat: Oral | Genome: Genome: yes	240	22	6
V3V5_376_Bacteroidetes	281	212	87.967	4	242	288F0390 | Prevotella oulorum | HMT-288 | Strain: F0390 | GB: tbd | Status: Named | Preferred Habitat: Oral | Genome: Genome: yes	241	25	4
# BLAST processed 1 queries
