# BLASTN 2.12.0+
# Query: V3V5_349_Firmicutes
# Database: ../BLAST_DATABASE_ABUNDANCE/HOMD_16S_rRNA_RefSeq_V15.22.p9.fasta
# Fields: query id, bit score, identical, % identity, q. start, q. end, subject title, alignment length, mismatches, gaps
# 30 hits found
V3V5_349_Firmicutes	265	204	87.179	4	236	484_4201 | Erysipelothrix tonsillarum | HMT-484 | Strain: NA | GB: AB034201 | Status: Named | Preferred Habitat: Unassigned | Genome: Genome: yes	234	28	2
V3V5_349_Firmicutes	250	211	85.425	4	242	841_6094 | Megasphaera sp. HMT 841 | HMT-841 | Clone: Y14 | GB: DQ666094 | Status: Phylotype | Preferred Habitat: Unassigned | Genome: Genome: no	247	28	8
V3V5_349_Firmicutes	250	211	85.425	4	242	119BS016 | Dialister sp. HMT 119 | HMT-119 | Clone: BS016 | GB: AF287786 | Status: Phylotype | Preferred Habitat: Oral | Genome: Genome: no	247	28	8
V3V5_349_Firmicutes	248	200	85.837	4	236	603_0064 | Bulleidia extructa | HMT-603 | Strain: DSM 13220 | GB: AF220064 | Status: Named | Preferred Habitat: Oral | Genome: Genome: yes	233	33	0
V3V5_349_Firmicutes	244	206	85.477	4	236	843_3837 | Dialister micraerophilus | HMT-843 | Strain: ADV 04.01 | GB: AF473837 | Status: Named | Preferred Habitat: Oral | Genome: Genome: yes	241	27	8
V3V5_349_Firmicutes	243	199	85.408	4	236	678_4915 | Solobacterium moorei | HMT-678 | Strain: AHP 13983 | GB: AY044915 | Status: Named | Preferred Habitat: Oral | Genome: Genome: yes	233	34	0
V3V5_349_Firmicutes	239	205	85.062	4	236	118BS095 | Dialister invisus | HMT-118 | Clone: BS095 | GB: AF287787 | Status: Named | Preferred Habitat: Oral | Genome: Genome: yes	241	28	8
V3V5_349_Firmicutes	239	205	85.062	4	236	118GBA27 | Dialister invisus | HMT-118 | Strain: GBA27 | GB: AF287788 | Status: Named | Preferred Habitat: Oral | Genome: Genome: yes	241	28	8
V3V5_349_Firmicutes	233	204	84.647	4	236	736Dpneu | Dialister pneumosintes | HMT-736 | Strain: ATCC 33048 | GB: X82500 | Status: Named | Preferred Habitat: Oral | Genome: Genome: yes	241	29	8
V3V5_349_Firmicutes	230	197	85.281	13	236	732_9061 | Mycoplasma pneumoniae | HMT-732 | Strain: ATCC 15531 | GB: M29061 | Status: Named | Preferred Habitat: Unassigned | Genome: Genome: yes	231	24	10
V3V5_349_Firmicutes	226	197	84.188	4	236	905-Wade | Erysipelotrichaceae [G-1] bacterium HMT 905 | HMT-905 | Clone: DL151 | GB: JQ406538 | Status: Phylotype | Preferred Habitat: Oral | Genome: Genome: no	234	35	2
V3V5_349_Firmicutes	224	196	84.848	13	236	616_7334 | Mycoplasma genitalium | HMT-616 | Strain: G37 | GB: X77334 | Status: Named | Preferred Habitat: Unassigned | Genome: Genome: yes	231	25	10
V3V5_349_Firmicutes	224	205	83.673	4	242	500-Wade | Lachnospiraceae [G-8] bacterium HMT 500 | HMT-500 | Strain: W11650 | GB: tbd | Status: Unnamed | Preferred Habitat: Oral | Genome: Genome: no	245	33	7
V3V5_349_Firmicutes	224	205	83.673	4	242	500JM048 | Lachnospiraceae [G-8] bacterium HMT 500 | HMT-500 | Clone: JM048 | GB: AY349389 | Status: Unnamed | Preferred Habitat: Oral | Genome: Genome: no	245	33	7
V3V5_349_Firmicutes	220	196	83.761	4	236	904-Wade | Erysipelotrichaceae [G-1] bacterium HMT 904 | HMT-904 | Clone: BL163 | GB: JQ406531 | Status: Phylotype | Preferred Habitat: Oral | Genome: Genome: no	234	36	2
V3V5_349_Firmicutes	219	204	82.927	1	242	569_3729 | Eggerthia catenaformis | HMT-569 | Strain: ATCC 25536 | GB: M23729 | Status: Named | Preferred Habitat: Oral | Genome: Genome: yes	246	38	4
V3V5_349_Firmicutes	219	199	83.613	4	236	929W2294 | Peptoniphilaceae [G-3] bacterium HMT 929 | HMT-929 | Strain: W2294 | GB: tbd | Status: Unnamed | Preferred Habitat: Unassigned | Genome: Genome: no	238	34	5
V3V5_349_Firmicutes	206	204	82.258	1	239	352DR034 | Saccharibacteria (TM7) [G-1] bacterium HMT 352 | HMT-352 | Clone: DR034 | GB: AF385520 | Status: Phylotype | Preferred Habitat: Oral | Genome: Genome: no	248	34	10
V3V5_349_Firmicutes	206	202	82.449	4	239	348BN036 | Saccharibacteria (TM7) [G-1] bacterium HMT 348 | HMT-348 | Clone: BN036 | GB: GQ422738 | Status: Phylotype | Preferred Habitat: Oral | Genome: Genome: no	245	33	10
V3V5_349_Firmicutes	200	203	81.855	1	239	488HD027 | Saccharibacteria (TM7) [G-1] bacterium HMT 488 | HMT-488 | Clone: HD027 | GB: AY349415 | Status: Phylotype | Preferred Habitat: Oral | Genome: Genome: no	248	35	10
V3V5_349_Firmicutes	200	203	81.855	1	239	952-TM7x | Saccharibacteria (TM7) [G-1] bacterium HMT 952 | HMT-952 | Strain: TM7x | GB: tbd | Status: Unnamed | Preferred Habitat: Oral | Genome: Genome: yes	248	35	10
V3V5_349_Firmicutes	200	203	81.855	1	239	95731001 | Saccharibacteria (TM7) [G-1] bacterium HMT 957 | HMT-957 | Strain: BB001 | PROKKA: SEQF3100_00133 | Status: Unnamed | Preferred Habitat: Oral | Genome: Genome_GB: CP040004.1	248	35	10
V3V5_349_Firmicutes	200	202	82.114	1	236	98627231 | Saccharibacteria (TM7) [G-7] bacterium HMT 986 | HMT-986 | Strain: JGI 0001002-L20 | PROKKA: SEQF2723_00238 | Status: NonOralRef | Preferred Habitat: NonOralRef | Genome: Genome_GB: AUNW02000068.1	246	32	12
V3V5_349_Firmicutes	200	201	82.041	1	236	954_9972 | Saccharibacteria (TM7) [G-7] bacterium HMT 954 | HMT-954 | Clone: ncd263e08c1 | GB: JF229972 | Status: Phylotype | Preferred Habitat: Oral | Genome: Genome: no	245	34	10
V3V5_349_Firmicutes	200	199	82.231	4	236	350BU080 | Saccharibacteria (TM7) [G-2] bacterium HMT 350 | HMT-350 | Clone: BU080 | GB: AF385568 | Status: Phylotype | Preferred Habitat: Oral | Genome: Genome: no	242	33	10
V3V5_349_Firmicutes	198	193	82.128	4	236	504_3614 | Mollicutes [G-1] bacterium HMT 504 | HMT-504 | Clone: MB1_G23 | GB: DQ003614 | Status: Phylotype | Preferred Habitat: Oral | Genome: Genome: no	235	38	4
V3V5_349_Firmicutes	196	191	81.974	4	236	906-Wade | Mollicutes [G-2] bacterium HMT 906 | HMT-906 | Clone: CP6_C1 | GB: KC203059 | Status: Phylotype | Preferred Habitat: Oral | Genome: Genome: no	233	41	1
V3V5_349_Firmicutes	195	143	88.272	1	162	652_7769 | Afipia sp. genotype 4 | HMT-652 | Strain: G9018 | GB: U87769 | Status: Unnamed | Preferred Habitat: Unassigned | Genome: Genome: no	162	19	0
V3V5_349_Firmicutes	195	143	88.272	1	162	559_7759 | Afipia broomeae | HMT-559 | Strain: ATCC 49717 | GB: U87759 | Status: Named | Preferred Habitat: Unassigned | Genome: Genome: yes	162	19	0
V3V5_349_Firmicutes	195	143	88.272	1	162	597_5000 | Bradyrhizobium elkanii | HMT-597 | Strain: USDA 76 | GB: U35000 | Status: Named | Preferred Habitat: Unassigned | Genome: Genome: yes	162	19	0
# BLAST processed 1 queries
