# BLASTN 2.12.0+
# Query: V3V5_321_Actinobacteria
# Database: ../BLAST_DATABASE_ABUNDANCE/HOMD_16S_rRNA_RefSeq_V15.22.p9.fasta
# Fields: query id, bit score, identical, % identity, q. start, q. end, subject title, alignment length, mismatches, gaps
# 30 hits found
V3V5_321_Actinobacteria	442	239	100.000	1	239	723_2372 | Atopobium parvulum | HMT-723 | Strain: ATCC22793 | GB: AF292372 | Status: Named | Preferred Habitat: Oral | Genome: Genome: yes	239	0	0
V3V5_321_Actinobacteria	420	235	98.326	1	239	199-C19 | Atopobium sp. HMT 199 | HMT-199 | Clone: _C019 | GB: AF287760 | Status: Unnamed | Preferred Habitat: Oral | Genome: Genome: yes	239	4	0
V3V5_321_Actinobacteria	414	234	97.908	1	239	750_2371 | Atopobium rimae | HMT-750 | Strain: ATCC49626 | GB: AF292371 | Status: Named | Preferred Habitat: Oral | Genome: Genome: yes	239	5	0
V3V5_321_Actinobacteria	392	232	96.266	1	239	674_7148 | Atopobium minutum | HMT-674 | Strain: NCFB 2751 | GB: X67148 | Status: Named | Preferred Habitat: Unassigned | Genome: Genome: yes	241	5	4
V3V5_321_Actinobacteria	370	227	94.583	1	239	810_9768 | Atopobium sp. HMT 810 | HMT-810 | Strain: BV3Ac1 | GB: JN809768 | Status: Unnamed | Preferred Habitat: Unassigned | Genome: Genome: yes	240	11	2
V3V5_321_Actinobacteria	364	225	94.142	1	239	810F0209 | Atopobium sp. HMT 810 | HMT-810 | Strain: F0209 | GB: EU592966 | Status: Unnamed | Preferred Habitat: Unassigned | Genome: Genome: yes	239	14	0
V3V5_321_Actinobacteria	364	227	94.191	1	239	806_2374 | Olsenella profusa | HMT-806 | Strain: D315A-29 | GB: AF292374 | Status: Named | Preferred Habitat: Oral | Genome: Genome: yes	241	10	4
V3V5_321_Actinobacteria	364	226	94.167	1	239	807F0004 | Olsenella sp. HMT 807 | HMT-807 | Strain: F0004 | GB: EU592964 | Status: Unnamed | Preferred Habitat: Oral | Genome: Genome: yes	240	12	2
V3V5_321_Actinobacteria	359	226	93.776	1	239	416_8623 | Atopobium sp. HMT 416 | HMT-416 | Clone: C3MLM018 | GB: AY278623 | Status: Unnamed | Preferred Habitat: Unassigned | Genome: Genome: no	241	12	3
V3V5_321_Actinobacteria	359	225	93.750	1	239	809F0206 | Olsenella sp. HMT 809 | HMT-809 | Strain: F0206 | GB: EU592965 | Status: Unnamed | Preferred Habitat: Unassigned | Genome: Genome: yes	240	13	2
V3V5_321_Actinobacteria	359	225	93.750	1	239	038_2373 | Olsenella uli | HMT-038 | Strain: ATCC 49627 | GB: AF292373 | Status: Named | Preferred Habitat: Oral | Genome: Genome: yes	240	13	2
V3V5_321_Actinobacteria	348	225	92.975	1	239	814_5325 | Atopobium vaginae | HMT-814 | Strain: VA14183_00 | GB: AF325325 | Status: Named | Preferred Habitat: Unassigned | Genome: Genome: yes	242	12	5
V3V5_321_Actinobacteria	348	223	92.917	1	239	939_2362 | Olsenella sp. HMT 939 | HMT-939 | Clone: ncd319g05c1 | GB: HM312362 | Status: Phylotype | Preferred Habitat: Unassigned | Genome: Genome: no	240	15	2
V3V5_321_Actinobacteria	305	213	90.254	6	239	579F0066 | Cryptobacterium curtum | HMT-579 | Strain: F0066 | GB: GQ422741 | Status: Named | Preferred Habitat: Oral | Genome: Genome: yes	236	20	3
V3V5_321_Actinobacteria	305	214	89.916	2	239	654_2375 | Eggerthella lenta | HMT-654 | Strain: ATCC 25559 | GB: AF292375 | Status: Named | Preferred Habitat: Unassigned | Genome: Genome: yes	238	22	2
V3V5_321_Actinobacteria	279	215	87.755	2	239	618_0414 | Actinomyces gerencseriae | HMT-618 | Strain: DSM 6844 | GB: X80414 | Status: Named | Preferred Habitat: Oral | Genome: Genome: yes	245	22	8
V3V5_321_Actinobacteria	278	211	87.917	5	239	587_9055 | Rothia dentocariosa | HMT-587 | Strain: ATCC 17931 | GB: M59055 | Status: Named | Preferred Habitat: Oral | Genome: Genome: yes	240	23	6
V3V5_321_Actinobacteria	278	211	87.917	5	239	681_4690 | Rothia mucilaginosa | HMT-681 | Strain: DY-18 | GB: NR_074690 | Status: Named | Preferred Habitat: Oral | Genome: Genome: yes	240	23	6
V3V5_321_Actinobacteria	278	211	87.917	5	239	084N058A | Kocuria palustris | HMT-084 | Strain: TAGA27 | GB: NR_026451 | Status: Named | Preferred Habitat: Unassigned | Genome: Genome: yes	240	23	6
V3V5_321_Actinobacteria	274	214	87.347	2	239	645_2450 | Actinomyces israelii | HMT-645 | Strain: CIP 103259 | GB: X82450 | Status: Named | Preferred Habitat: Oral | Genome: Genome: yes	245	23	8
V3V5_321_Actinobacteria	272	210	87.500	5	239	188_3025 | Rothia aeria | HMT-188 | Strain: CCUG 25688 | GB: Y13025 | Status: Named | Preferred Habitat: Oral | Genome: Genome: yes	240	24	6
V3V5_321_Actinobacteria	272	210	87.500	5	239	188_0891 | Rothia aeria | HMT-188 | Clone: ncd2429e02c1 | GB: JF210891 | Status: Named | Preferred Habitat: Oral | Genome: Genome: yes	240	24	6
V3V5_321_Actinobacteria	272	210	87.500	5	239	189AW006 | Kocuria sp. HMT 189 | HMT-189 | Clone: AW006 | GB: AF385532 | Status: Phylotype | Preferred Habitat: Unassigned | Genome: Genome: no	240	24	6
V3V5_321_Actinobacteria	268	209	87.083	2	239	602_4045 | Slackia exigua | HMT-602 | Strain: S4-C6 | GB: JX104045 | Status: Named | Preferred Habitat: Oral | Genome: Genome: yes	240	28	3
V3V5_321_Actinobacteria	267	206	87.288	1	233	876F0540 | Clostridiales [F-3][G-1] bacterium HMT 876 | HMT-876 | Strain: F0540 | GB: tbd | Status: Unnamed | Preferred Habitat: Unassigned | Genome: Genome: yes	236	26	4
V3V5_321_Actinobacteria	267	210	87.137	5	239	354N047A | Dermabacter hominis | HMT-354 | Strain: NCFB 2769 | GB: NR_119073 | Status: Named | Preferred Habitat: Unassigned | Genome: Genome: yes	241	23	8
V3V5_321_Actinobacteria	267	210	87.137	5	239	047N034A | Corynebacterium jeikeium | HMT-047 | Strain: A376/84 | GB: NR_037035 | Status: Named | Preferred Habitat: Unassigned | Genome: Genome: yes	241	24	7
V3V5_321_Actinobacteria	265	208	87.029	6	239	780F0009 | Veillonella sp. HMT 780 | HMT-780 | Strain: F0009 | GB: GQ422743 | Status: Unnamed | Preferred Habitat: Oral | Genome: Genome: yes	239	25	6
V3V5_321_Actinobacteria	265	208	87.029	5	239	034N030A | Corynebacterium aurimucosum | HMT-034 | Strain: IMMIB D-1488 | GB: NR_028941 | Status: Named | Preferred Habitat: Unassigned | Genome: Genome: yes	239	26	5
V3V5_321_Actinobacteria	265	208	87.029	5	239	072N044A | Corynebacterium striatum | HMT-072 | Strain: Minnett | GB: NR_037041 | Status: Named | Preferred Habitat: Unassigned | Genome: Genome: yes	239	26	5
# BLAST processed 1 queries
