# BLASTN 2.12.0+
# Query: V3V5_010_Firmicutes
# Database: ../BLAST_DATABASE_ABUNDANCE/HOMD_16S_rRNA_RefSeq_V15.22.p9.fasta
# Fields: query id, bit score, identical, % identity, q. start, q. end, subject title, alignment length, mismatches, gaps
# 30 hits found
V3V5_010_Firmicutes	462	250	100.000	1	250	534_2027 | Granulicatella adiacens | HMT-534 | Strain: TKT1 | GB: AB022027 | Status: Named | Preferred Habitat: Oral | Genome: Genome: yes	250	0	0
V3V5_010_Firmicutes	462	250	100.000	1	250	534_0540 | Granulicatella adiacens | HMT-534 | Strain: ATCC 49175 | GB: D50540 | Status: Named | Preferred Habitat: Oral | Genome: Genome: yes	250	0	0
V3V5_010_Firmicutes	462	250	100.000	1	250	596_5408 | Granulicatella elegans | HMT-596 | Strain: 2640-91 | GB: Y15408 | Status: Named | Preferred Habitat: Oral | Genome: Genome: yes	250	0	0
V3V5_010_Firmicutes	462	250	100.000	1	250	596_2532 | Granulicatella elegans | HMT-596 | Clone: ncd32a06c1 | GB: HM252532 | Status: Named | Preferred Habitat: Oral | Genome: Genome: yes	250	0	0
V3V5_010_Firmicutes	446	247	98.800	1	250	803_6902 | Enterococcus italicus | HMT-803 | Strain: LMG 21727 | GB: AJ626902 | Status: Named | Preferred Habitat: Unassigned | Genome: Genome: yes	250	3	0
V3V5_010_Firmicutes	446	247	98.800	1	250	880_0801 | Enterococcus durans | HMT-880 | Strain: CECT 411 | GB: AJ420801 | Status: Named | Preferred Habitat: Unassigned | Genome: Genome: yes	250	3	0
V3V5_010_Firmicutes	440	246	98.400	1	250	604_8293 | Enterococcus faecalis | HMT-604 | Strain: not listed | GB: Y18293 | Status: Named | Preferred Habitat: Unassigned | Genome: Genome: yes	250	4	0
V3V5_010_Firmicutes	435	245	98.000	1	250	802_1004 | Enterococcus saccharolyticus | HMT-802 | Strain: ATCC 43076 | GB: AF061004 | Status: Named | Preferred Habitat: Unassigned | Genome: Genome: yes	250	5	0
V3V5_010_Firmicutes	435	245	98.000	1	250	801_9899 | Enterococcus casseliflavus | HMT-801 | Strain: 32 | GB: AF039899 | Status: Named | Preferred Habitat: Unassigned | Genome: Genome: yes	250	5	0
V3V5_010_Firmicutes	412	241	96.400	1	250	881_5055 | Lactobacillus buchneri | HMT-881 | Strain: JCM 1115 | GB: AB205055 | Status: Named | Preferred Habitat: Unassigned | Genome: Genome: yes	250	9	0
V3V5_010_Firmicutes	412	241	96.400	1	250	424_8620 | Lactobacillus kisonensis | HMT-424 | Strain: C4M_47 | GB: AY278620 | Status: Named | Preferred Habitat: Unassigned | Genome: Genome: yes	250	9	0
V3V5_010_Firmicutes	412	241	96.400	1	250	884_1659 | Lactobacillus rapi | HMT-884 | Strain: YIT 11204 | GB: NR_041659 | Status: Named | Preferred Habitat: Unassigned | Genome: Genome: yes	250	9	0
V3V5_010_Firmicutes	412	241	96.400	1	250	418_8619 | Lactobacillus parafarraginis | HMT-418 | Strain: C4M_55 | GB: AY278619 | Status: Named | Preferred Habitat: Unassigned | Genome: Genome: yes	250	9	0
V3V5_010_Firmicutes	412	241	96.400	1	250	389_0541 | Abiotrophia defectiva | HMT-389 | Strain: ATCC 49176 | GB: D50541 | Status: Named | Preferred Habitat: Oral | Genome: Genome: yes	250	9	0
V3V5_010_Firmicutes	412	241	96.400	1	250	825_0894 | Listeria monocytogenes | HMT-825 | Strain: R1653 | GB: EU090894 | Status: Named | Preferred Habitat: Unassigned | Genome: Genome: yes	250	9	0
V3V5_010_Firmicutes	407	240	96.000	1	250	241N118A | Brochothrix thermosphacta | HMT-241 | Strain: FSL F6-1036 | GB: NR_113587 | Status: Named | Preferred Habitat: Unassigned | Genome: Genome: yes	250	10	0
V3V5_010_Firmicutes	407	240	96.000	1	250	243N119A | Jeotgalicoccus huakuii | HMT-243 | Strain: NY-2 | GB: NR_116550 | Status: Named | Preferred Habitat: Unassigned | Genome: Genome: no	250	10	0
V3V5_010_Firmicutes	401	239	95.600	1	250	558_0328 | Lactobacillus brevis | HMT-558 | Strain: K9 | GB: AF090328 | Status: Named | Preferred Habitat: Unassigned | Genome: Genome: yes	250	11	0
V3V5_010_Firmicutes	401	239	95.600	1	250	756_9108 | Lactobacillus salivarius | HMT-756 | Strain: ATCC 11741 | GB: AF089108 | Status: Named | Preferred Habitat: Oral | Genome: Genome: yes	250	11	0
V3V5_010_Firmicutes	401	239	95.600	1	250	824_5951 | Bacillus anthracis | HMT-824 | Strain: Delta Ames | GB: AF155951 | Status: Named | Preferred Habitat: Unassigned | Genome: Genome: yes	250	11	0
V3V5_010_Firmicutes	396	238	95.200	1	250	839_3159 | Lactobacillus jensenii | HMT-839 | Strain: KC36b | GB: AF243159 | Status: Named | Preferred Habitat: Vaginal | Genome: Genome: yes	250	12	0
V3V5_010_Firmicutes	396	238	95.200	1	250	312N133A | Aerococcus viridans | HMT-312 | Strain: NBRC 12219 | GB: NR_104708 | Status: Named | Preferred Habitat: Unassigned | Genome: Genome: yes	250	12	0
V3V5_010_Firmicutes	390	237	94.800	1	250	461HT070 | Lactobacillus ultunensis | HMT-461 | Clone: HT070 | GB: AY349383 | Status: Named | Preferred Habitat: Unassigned | Genome: Genome: yes	250	13	0
V3V5_010_Firmicutes	390	237	94.800	1	250	461_7065 | Lactobacillus ultunensis | HMT-461 | Strain: CCUG 48460 | GB: NR_117065 | Status: Named | Preferred Habitat: Unassigned | Genome: Genome: yes	250	13	0
V3V5_010_Firmicutes	390	237	94.800	1	250	529_8203 | Lactobacillus acidophilus | HMT-529 | Strain: ATCC 4356 | GB: AB008203 | Status: Named | Preferred Habitat: Unassigned | Genome: Genome: yes	250	13	0
V3V5_010_Firmicutes	390	237	94.800	1	250	817_7362 | Lactobacillus crispatus | HMT-817 | Strain: DSM 20584 | GB: Y17362 | Status: Named | Preferred Habitat: Oral | Genome: Genome: yes	250	13	0
V3V5_010_Firmicutes	390	237	94.800	1	250	819_2515 | Lactobacillus johnsonii | HMT-819 | Strain: ATCC 33200 | GB: AJ002515 | Status: Named | Preferred Habitat: Unassigned | Genome: Genome: yes	250	13	0
V3V5_010_Firmicutes	390	237	94.800	1	250	615_8820 | Lactobacillus gasseri | HMT-615 | Strain: DSM 20243 | GB: M58820 | Status: Named | Preferred Habitat: Oral | Genome: Genome: yes	250	13	0
V3V5_010_Firmicutes	390	237	94.800	1	250	838_6329 | Lactobacillus iners | HMT-838 | Strain: CCUG 28746 | GB: Y16329 | Status: Named | Preferred Habitat: Vaginal | Genome: Genome: yes	250	13	0
V3V5_010_Firmicutes	390	237	94.800	1	250	749_3146 | Lactobacillus rhamnosus | HMT-749 | Strain: F11 | GB: AF243146 | Status: Named | Preferred Habitat: Oral | Genome: Genome: yes	250	13	0
# BLAST processed 1 queries
