# BLASTN 2.12.0+
# Query: V3V5_377_Epsilonproteobacteria
# Database: ../BLAST_DATABASE_ABUNDANCE/HOMD_16S_rRNA_RefSeq_V15.22.p9.fasta
# Fields: query id, bit score, identical, % identity, q. start, q. end, subject title, alignment length, mismatches, gaps
# 30 hits found
V3V5_377_Epsilonproteobacteria	392	212	100.000	1	212	580_4313 | Campylobacter curvus | HMT-580 | Strain: ATCC 35224 | GB: L04313 | Status: Named | Preferred Habitat: Oral | Genome: Genome: yes	212	0	0
V3V5_377_Epsilonproteobacteria	387	211	99.528	1	212	580_C10 | Campylobacter curvus | HMT-580 | Strain: Goto C10 | GB: tbd | Status: Named | Preferred Habitat: Oral | Genome: Genome: yes	212	1	0
V3V5_377_Epsilonproteobacteria	387	211	99.528	1	212	575_6977 | Campylobacter concisus | HMT-575 | Strain: FDC 288 | GB: L06977 | Status: Named | Preferred Habitat: Oral | Genome: Genome: yes	212	1	0
V3V5_377_Epsilonproteobacteria	342	203	95.755	1	212	748_6973 | Campylobacter rectus | HMT-748 | Strain: CCUG 19168 | GB: L06973 | Status: Named | Preferred Habitat: Oral | Genome: Genome: yes	212	9	0
V3V5_377_Epsilonproteobacteria	342	203	95.755	1	212	748_4317 | Campylobacter rectus | HMT-748 | Strain: ATCC 33238 | GB: L04317 | Status: Named | Preferred Habitat: Oral | Genome: Genome: yes	212	9	0
V3V5_377_Epsilonproteobacteria	342	203	95.755	1	212	763_6974 | Campylobacter showae | HMT-763 | Strain: CCUG 3054 | GB: L06974 | Status: Named | Preferred Habitat: Oral | Genome: Genome: yes	212	9	0
V3V5_377_Epsilonproteobacteria	326	200	94.340	1	212	623_4320 | Campylobacter gracilis | HMT-623 | Strain: ATCC 33236 | GB: L04320 | Status: Named | Preferred Habitat: Oral | Genome: Genome: yes	212	12	0
V3V5_377_Epsilonproteobacteria	326	200	94.340	1	212	044BB120 | Campylobacter sp. HMT 044 | HMT-044 | Clone: BB120 | GB: AY005038 | Status: Phylotype | Preferred Habitat: Oral | Genome: Genome: no	212	12	0
V3V5_377_Epsilonproteobacteria	326	200	94.340	1	212	776_2768 | Campylobacter sputorum | HMT-776 | Strain: BU-112B | GB: AF022768 | Status: Named | Preferred Habitat: Unassigned | Genome: Genome: yes	212	12	0
V3V5_377_Epsilonproteobacteria	309	197	92.925	1	212	842_4321 | Campylobacter ureolyticus | HMT-842 | Strain: ATCC 33387 | GB: L04321 | Status: Named | Preferred Habitat: Unassigned | Genome: Genome: yes	212	15	0
V3V5_377_Epsilonproteobacteria	270	191	89.671	1	212	812_8157 | Helicobacter pylori | HMT-812 | Strain: ATCC 43504 | GB: M88157 | Status: Named | Preferred Habitat: Unassigned | Genome: Genome: yes	213	21	1
V3V5_377_Epsilonproteobacteria	182	165	83.333	16	212	023_2803 | Delftia acidovorans | HMT-023 | Strain: 158 | GB: AJ002803 | Status: Named | Preferred Habitat: Unassigned | Genome: Genome: yes	198	31	2
V3V5_377_Epsilonproteobacteria	182	165	83.333	16	212	023_0186 | Delftia acidovorans | HMT-023 | Strain: MBIC 1305 | GB: AB020186 | Status: Named | Preferred Habitat: Unassigned | Genome: Genome: yes	198	31	2
V3V5_377_Epsilonproteobacteria	180	166	83.417	16	212	022_3223 | Lautropia mirabilis | HMT-022 | Strain: Fredericksen | GB: X73223 | Status: Named | Preferred Habitat: Oral | Genome: Genome: yes	199	28	5
V3V5_377_Epsilonproteobacteria	176	164	83.249	18	212	022AP009 | Lautropia mirabilis | HMT-022 | Clone: AP009 | GB: AY005030 | Status: Named | Preferred Habitat: Oral | Genome: Genome: yes	197	28	5
V3V5_377_Epsilonproteobacteria	172	174	81.690	3	212	027_5039 | Cupriavidus gilardii | HMT-027 | Strain: C37KA | GB: AY005039 | Status: Named | Preferred Habitat: Unassigned | Genome: Genome: yes	213	33	6
V3V5_377_Epsilonproteobacteria	171	173	81.604	3	212	406AK168 | Ralstonia sp. HMT 406 | HMT-406 | Clone: AK168 | GB: AY005032 | Status: Phylotype | Preferred Habitat: Unassigned | Genome: Genome: no	212	34	5
V3V5_377_Epsilonproteobacteria	171	173	81.604	3	212	854_3152 | Ralstonia pickettii | HMT-854 | Strain: ATCC 27511 | GB: NR_043152 | Status: Named | Preferred Habitat: Unassigned | Genome: Genome: yes	212	34	5
V3V5_377_Epsilonproteobacteria	165	162	81.818	16	212	894-Wade | Ottowia sp. HMT 894 | HMT-894 | Strain: W10237 | GB: tbd | Status: Unnamed | Preferred Habitat: Unassigned | Genome: Genome: yes	198	34	2
V3V5_377_Epsilonproteobacteria	165	162	81.818	16	212	894Wade2 | Ottowia sp. HMT 894 | HMT-894 | Clone: BL117 | GB: JQ406530 | Status: Unnamed | Preferred Habitat: Unassigned | Genome: Genome: yes	198	34	2
V3V5_377_Epsilonproteobacteria	165	165	82.090	16	212	025AV011 | Leptothrix sp. HMT 025 | HMT-025 | Clone: AV011a | GB: AF385528 | Status: Phylotype | Preferred Habitat: Unassigned | Genome: Genome: no	201	28	8
V3V5_377_Epsilonproteobacteria	165	165	82.090	16	212	266N124A | Leptothrix sp. HMT 266 | HMT-266 | Clone: EV818SWSAP20 | GB: DQ337065 | Status: Phylotype | Preferred Habitat: Unassigned | Genome: Genome: no	201	28	8
V3V5_377_Epsilonproteobacteria	165	172	81.132	3	212	571_7530 | Burkholderia cepacia | HMT-571 | Strain: ATCC 25416 | GB: AF097530 | Status: Named | Preferred Habitat: Unassigned | Genome: Genome: yes	212	35	5
V3V5_377_Epsilonproteobacteria	163	155	82.888	29	212	98327201 | Melioribacter roseus | HMT-983 | Strain: P3M-2 | PROKKA: SEQF2720_01862 | Status: NonOralRef | Preferred Habitat: NonOralRef | Genome: Genome_GB: CP003557.1	187	26	6
V3V5_377_Epsilonproteobacteria	161	172	80.751	3	212	876F0540 | Clostridiales [F-3][G-1] bacterium HMT 876 | HMT-876 | Strain: F0540 | GB: tbd | Status: Unnamed | Preferred Habitat: Unassigned | Genome: Genome: yes	213	35	6
V3V5_377_Epsilonproteobacteria	161	159	82.383	24	212	98227191 | Ignavibacterium album | HMT-982 | Strain: JCM 16511 | PROKKA: SEQF2719_00714 | Status: NonOralRef | Preferred Habitat: NonOralRef | Genome: Genome_GB: CP003418.1	193	26	8
V3V5_377_Epsilonproteobacteria	159	164	81.592	16	212	858_9161 | Comamonas testosteroni | HMT-858 | Strain: ATCC 11996 | GB: NR_029161 | Status: Named | Preferred Habitat: Oral | Genome: Genome: yes	201	29	8
V3V5_377_Epsilonproteobacteria	159	164	81.592	16	212	211N113A | Acidovorax caeni | HMT-211 | Strain: R-24608 | GB: NR_042427 | Status: Named | Preferred Habitat: Unassigned | Genome: Genome: yes	201	29	8
V3V5_377_Epsilonproteobacteria	158	167	80.676	3	207	094DA074 | Lachnospiraceae [G-10] bacterium HMT 094 | HMT-094 | Clone: DA074 | GB: AF287768 | Status: Phylotype | Preferred Habitat: Unassigned | Genome: Genome: no	207	36	4
V3V5_377_Epsilonproteobacteria	158	164	81.592	16	212	343_4907 | Achromobacter xylosoxidans | HMT-343 | Strain: DSM 30026 | GB: Y14907 | Status: Named | Preferred Habitat: Unassigned | Genome: Genome: yes	201	28	9
# BLAST processed 1 queries
