# BLASTN 2.12.0+
# Query: V3V5_361_Bacteroidetes
# Database: ../BLAST_DATABASE_ABUNDANCE/HOMD_16S_rRNA_RefSeq_V15.22.p9.fasta
# Fields: query id, bit score, identical, % identity, q. start, q. end, subject title, alignment length, mismatches, gaps
# 30 hits found
V3V5_361_Bacteroidetes	329	217	91.949	8	242	630F0110 | Bacteroides heparinolyticus | HMT-630 | Strain: F0110 | GB: GQ422742 | Status: Named | Preferred Habitat: Unassigned | Genome: Genome: no	236	17	2
V3V5_361_Bacteroidetes	329	217	91.949	8	242	630_6487 | Bacteroides heparinolyticus | HMT-630 | Strain: ATCC 35895 | GB: L16487 | Status: Named | Preferred Habitat: Unassigned | Genome: Genome: no	236	17	2
V3V5_361_Bacteroidetes	329	220	91.286	2	242	787F0041 | Bacteroides pyogenes | HMT-787 | Strain: F0041 | GB: GQ422748 | Status: Named | Preferred Habitat: Unassigned | Genome: Genome: yes	241	21	0
V3V5_361_Bacteroidetes	324	215	91.489	8	242	465_6488 | Bacteroides zoogleoformans | HMT-465 | Strain: ATCC 33285 | GB: L16488 | Status: Named | Preferred Habitat: Unassigned | Genome: Genome: no	235	20	0
V3V5_361_Bacteroidetes	311	214	90.678	8	242	795_8825 | Prevotella shahii | HMT-795 | Strain: JCM 12083 | GB: AB108825 | Status: Named | Preferred Habitat: Oral | Genome: Genome: yes	236	19	3
V3V5_361_Bacteroidetes	311	217	90.041	2	242	942_6378 | Prevotella sp. HMT 942 | HMT-942 | Clone: 22B412 | GB: FJ976378 | Status: Phylotype | Preferred Habitat: Oral | Genome: Genome: no	241	23	1
V3V5_361_Bacteroidetes	302	216	89.256	2	242	526_4134 | Prevotella sp. HMT 526 | HMT-526 | Clone: MB7_G16 | GB: DQ003633 | Status: Phylotype | Preferred Habitat: Oral | Genome: Genome: no	242	24	2
V3V5_361_Bacteroidetes	302	217	89.300	2	242	299BI027 | Prevotella nanceiensis | HMT-299 | Clone: BI027 | GB: AY005064 | Status: Named | Preferred Habitat: Oral | Genome: Genome: yes	243	22	4
V3V5_361_Bacteroidetes	300	212	89.831	8	242	317_8624 | Prevotella sp. HMT 317 | HMT-317 | Clone: C3MKM081 | GB: AY278624 | Status: Unnamed | Preferred Habitat: Oral | Genome: Genome: yes	236	21	3
V3V5_361_Bacteroidetes	300	212	89.831	8	242	317_5061 | Prevotella sp. HMT 317 | HMT-317 | Strain: B31FD | GB: AY005061 | Status: Unnamed | Preferred Habitat: Oral | Genome: Genome: yes	236	21	3
V3V5_361_Bacteroidetes	291	210	88.983	8	242	705_5176 | Prevotella oralis | HMT-705 | Clone: ELU0173-000438 | GB: HQ815176 | Status: Named | Preferred Habitat: Oral | Genome: Genome: yes	236	24	2
V3V5_361_Bacteroidetes	291	210	88.983	8	242	705_3522 | Prevotella oralis | HMT-705 | Strain: ATCC 33269 | GB: AY323522 | Status: Named | Preferred Habitat: Oral | Genome: Genome: yes	236	24	2
V3V5_361_Bacteroidetes	287	211	88.655	8	242	560_6478 | Prevotella buccae | HMT-560 | Strain: ATCC 33690 | GB: L16478 | Status: Named | Preferred Habitat: Oral | Genome: Genome: yes	238	23	4
V3V5_361_Bacteroidetes	285	210	88.608	8	242	309DO045 | Prevotella sp. HMT 309 | HMT-309 | Clone: DO045 | GB: AF385515 | Status: Phylotype | Preferred Habitat: Oral | Genome: Genome: no	237	23	4
V3V5_361_Bacteroidetes	285	210	88.608	8	242	309_6203 | Prevotella sp. HMT 309 | HMT-309 | Clone: 3083 | GB: FJ976203 | Status: Phylotype | Preferred Habitat: Oral | Genome: Genome: no	237	23	4
V3V5_361_Bacteroidetes	285	213	88.017	2	242	526_3633 | Prevotella sp. HMT 526 | HMT-526 | Clone: P4P_53 | GB: AY944134 | Status: Phylotype | Preferred Habitat: Oral | Genome: Genome: no	242	27	2
V3V5_361_Bacteroidetes	285	216	88.163	2	242	475IK053 | Prevotella sp. HMT 475 | HMT-475 | Clone: IK053 | GB: AY349401 | Status: Unnamed | Preferred Habitat: Oral | Genome: Genome: yes	245	21	8
V3V5_361_Bacteroidetes	285	211	88.655	8	242	301BS041 | Prevotella sp. HMT 301 | HMT-301 | Clone: BS041 | GB: AF385558 | Status: Phylotype | Preferred Habitat: Oral | Genome: Genome: no	238	22	5
V3V5_361_Bacteroidetes	283	209	88.559	8	242	472GU027 | Prevotella sp. HMT 472 | HMT-472 | Clone: GU027 | GB: AY349398 | Status: Unnamed | Preferred Habitat: Oral | Genome: Genome: yes	236	24	3
V3V5_361_Bacteroidetes	283	209	88.559	8	242	472_2261 | Prevotella sp. HMT 472 | HMT-472 | Clone: 070034_820 | GB: JQ462261 | Status: Unnamed | Preferred Habitat: Oral | Genome: Genome: yes	236	24	3
V3V5_361_Bacteroidetes	283	209	88.559	8	242	378_1228 | Prevotella micans | HMT-378 | Strain: E7_56 | GB: AF481228 | Status: Named | Preferred Habitat: Oral | Genome: Genome: yes	236	24	3
V3V5_361_Bacteroidetes	276	207	87.712	7	242	600_5635 | Prevotella enoeca | HMT-600 | Strain: ATCC 51261 | GB: AJ005635 | Status: Named | Preferred Habitat: Oral | Genome: Genome: yes	236	29	0
V3V5_361_Bacteroidetes	274	210	87.500	4	242	714_3121 | Prevotella pallens | HMT-714 | Strain: JCM 11140 | GB: NR_113121 | Status: Named | Preferred Habitat: Oral | Genome: Genome: yes	240	27	3
V3V5_361_Bacteroidetes	274	208	87.764	8	242	288F0390 | Prevotella oulorum | HMT-288 | Strain: F0390 | GB: tbd | Status: Named | Preferred Habitat: Oral | Genome: Genome: yes	237	25	4
V3V5_361_Bacteroidetes	274	208	87.764	8	242	288_6472 | Prevotella oulorum | HMT-288 | Strain: ATCC 43324 | GB: L16472 | Status: Named | Preferred Habitat: Oral | Genome: Genome: yes	237	25	4
V3V5_361_Bacteroidetes	274	208	87.764	8	242	665_1227 | Prevotella marshii | HMT-665 | Strain: E9_34 | GB: AF481227 | Status: Named | Preferred Habitat: Oral | Genome: Genome: yes	237	25	4
V3V5_361_Bacteroidetes	272	209	87.815	8	242	782F0012 | Prevotella fusca | HMT-782 | Strain: F0012 | GB: GQ422745 | Status: Named | Preferred Habitat: Oral | Genome: Genome: yes	238	22	7
V3V5_361_Bacteroidetes	272	209	87.815	8	242	782_4304 | Prevotella fusca | HMT-782 | Strain: JCM 17724 | GB: NR_114304 | Status: Named | Preferred Habitat: Oral | Genome: Genome: yes	238	22	7
V3V5_361_Bacteroidetes	272	207	87.712	8	242	885_3253 | Prevotella scopos | HMT-885 | Strain: JCM 17725 | GB: AB683253 | Status: Named | Preferred Habitat: Oral | Genome: Genome: yes	236	26	3
V3V5_361_Bacteroidetes	272	207	87.712	8	242	469_3525 | Prevotella melaninogenica | HMT-469 | Strain: ATCC 25845 | GB: AY323525 | Status: Named | Preferred Habitat: Oral | Genome: Genome: yes	236	26	3
# BLAST processed 1 queries
