# BLASTN 2.12.0+
# Query: V3V5_155_Bacteroidetes
# Database: ../BLAST_DATABASE_ABUNDANCE/HOMD_16S_rRNA_RefSeq_V15.22.p9.fasta
# Fields: query id, bit score, identical, % identity, q. start, q. end, subject title, alignment length, mismatches, gaps
# 30 hits found
V3V5_155_Bacteroidetes	444	242	99.588	1	243	311_6474 | Prevotella oris | HMT-311 | Strain: ATCC 33573 | GB: L16474 | Status: Named | Preferred Habitat: Oral | Genome: Genome: yes	243	1	0
V3V5_155_Bacteroidetes	442	241	99.587	1	242	311_F045 | Prevotella oris | HMT-311 | Clone: _F045 | GB: AY005056 | Status: Named | Preferred Habitat: Oral | Genome: Genome: yes	242	1	0
V3V5_155_Bacteroidetes	433	240	98.765	1	243	289_4315 | Prevotella maculosa | HMT-289 | Strain: W1609 | GB: EF534315 | Status: Named | Preferred Habitat: Oral | Genome: Genome: yes	243	3	0
V3V5_155_Bacteroidetes	425	239	98.354	1	243	289AA020 | Prevotella maculosa | HMT-289 | Clone: AA020 | GB: AY005057 | Status: Named | Preferred Habitat: Oral | Genome: Genome: yes	243	3	1
V3V5_155_Bacteroidetes	422	238	97.942	1	243	289AA016 | Prevotella maculosa | HMT-289 | Clone: AA016 | GB: AY005058 | Status: Named | Preferred Habitat: Oral | Genome: Genome: yes	243	5	0
V3V5_155_Bacteroidetes	383	233	95.102	1	243	292AU120 | Prevotella sp. HMT 292 | HMT-292 | Clone: AU120 | GB: GQ422735 | Status: Phylotype | Preferred Habitat: Oral | Genome: Genome: no	245	8	4
V3V5_155_Bacteroidetes	383	233	95.102	1	243	292AH125 | Prevotella sp. HMT 292 | HMT-292 | Clone: AH125 | GB: AY005060 | Status: Phylotype | Preferred Habitat: Oral | Genome: Genome: no	245	8	4
V3V5_155_Bacteroidetes	383	233	95.102	1	243	300_0563 | Prevotella sp. HMT 300 | HMT-300 | Clone: ncd2142e01c1 | GB: JF180563 | Status: Phylotype | Preferred Habitat: Oral | Genome: Genome: no	245	8	4
V3V5_155_Bacteroidetes	383	233	95.102	1	243	300BR014 | Prevotella sp. HMT 300 | HMT-300 | Clone: BR014 | GB: AF385554 | Status: Phylotype | Preferred Habitat: Oral | Genome: Genome: no	245	8	4
V3V5_155_Bacteroidetes	383	233	95.102	1	243	293AO009 | Prevotella sp. HMT 293 | HMT-293 | Clone: AO009 | GB: AY005059 | Status: Phylotype | Preferred Habitat: Oral | Genome: Genome: no	245	8	4
V3V5_155_Bacteroidetes	381	231	95.062	1	243	305_0424 | Prevotella sp. HMT 305 | HMT-305 | Clone: 070055_034 | GB: JQ460424 | Status: Phylotype | Preferred Habitat: Oral | Genome: Genome: no	243	10	2
V3V5_155_Bacteroidetes	377	232	94.694	1	243	300_8625 | Prevotella sp. HMT 300 | HMT-300 | Clone: C3MLM058 | GB: AY278625 | Status: Phylotype | Preferred Habitat: Oral | Genome: Genome: no	245	9	4
V3V5_155_Bacteroidetes	375	230	94.650	1	243	305DO014 | Prevotella sp. HMT 305 | HMT-305 | Clone: DO014 | GB: AF385509 | Status: Phylotype | Preferred Habitat: Oral | Genome: Genome: no	243	11	2
V3V5_155_Bacteroidetes	370	230	94.262	1	243	443_1415 | Prevotella sp. HMT 443 | HMT-443 | Clone: P4PB_24 | GB: AY331415 | Status: Phylotype | Preferred Habitat: Oral | Genome: Genome: no	244	11	3
V3V5_155_Bacteroidetes	361	229	93.469	1	243	307_8826 | Prevotella salivae | HMT-307 | Strain: DSM 15606 | GB: AB108826 | Status: Named | Preferred Habitat: Oral | Genome: Genome: yes	245	13	3
V3V5_155_Bacteroidetes	359	228	93.443	1	243	396_7050 | Prevotella sp. HMT 396 | HMT-396 | Clone: P4PB_83 | GB: AY207050 | Status: Phylotype | Preferred Habitat: Oral | Genome: Genome: no	244	13	3
V3V5_155_Bacteroidetes	359	226	93.388	2	243	553_2605 | Prevotella baroniae | HMT-553 | Clone: PUS9.180 | GB: AJ012605 | Status: Named | Preferred Habitat: Oral | Genome: Genome: yes	242	16	0
V3V5_155_Bacteroidetes	359	227	93.416	1	243	820_7212 | Prevotella sp. HMT 820 | HMT-820 | Strain: P2A_FAAD4 | GB: AF537212 | Status: Unnamed | Preferred Habitat: Oral | Genome: Genome: no	243	15	1
V3V5_155_Bacteroidetes	353	226	93.004	1	243	291AO036 | Prevotella denticola | HMT-291 | Clone: AO036 | GB: AY005054 | Status: Named | Preferred Habitat: Oral | Genome: Genome: yes	243	15	2
V3V5_155_Bacteroidetes	353	227	93.033	1	243	288F0390 | Prevotella oulorum | HMT-288 | Strain: F0390 | GB: tbd | Status: Named | Preferred Habitat: Oral | Genome: Genome: yes	244	14	3
V3V5_155_Bacteroidetes	353	227	93.033	1	243	288_6472 | Prevotella oulorum | HMT-288 | Strain: ATCC 43324 | GB: L16472 | Status: Named | Preferred Habitat: Oral | Genome: Genome: yes	244	14	3
V3V5_155_Bacteroidetes	353	224	93.333	4	243	705_5176 | Prevotella oralis | HMT-705 | Clone: ELU0173-000438 | GB: HQ815176 | Status: Named | Preferred Habitat: Oral | Genome: Genome: yes	240	15	1
V3V5_155_Bacteroidetes	353	224	93.333	4	243	705_3522 | Prevotella oralis | HMT-705 | Strain: ATCC 33269 | GB: AY323522 | Status: Named | Preferred Habitat: Oral | Genome: Genome: yes	240	15	1
V3V5_155_Bacteroidetes	348	225	92.593	1	243	291_3524 | Prevotella denticola | HMT-291 | Strain: ATCC 35308 | GB: AY323524 | Status: Named | Preferred Habitat: Oral | Genome: Genome: yes	243	16	2
V3V5_155_Bacteroidetes	348	225	92.593	1	243	291AH005 | Prevotella denticola | HMT-291 | Clone: AH005 | GB: AY005053 | Status: Named | Preferred Habitat: Oral | Genome: Genome: yes	243	16	2
V3V5_155_Bacteroidetes	348	225	92.593	1	243	309DO045 | Prevotella sp. HMT 309 | HMT-309 | Clone: DO045 | GB: AF385515 | Status: Phylotype | Preferred Habitat: Oral | Genome: Genome: no	243	17	1
V3V5_155_Bacteroidetes	348	225	92.593	1	243	309_6203 | Prevotella sp. HMT 309 | HMT-309 | Clone: 3083 | GB: FJ976203 | Status: Phylotype | Preferred Habitat: Oral | Genome: Genome: no	243	17	1
V3V5_155_Bacteroidetes	337	225	91.837	1	243	685_2483 | Prevotella multiformis | HMT-685 | Strain: PPPA21 | GB: AB182483 | Status: Named | Preferred Habitat: Oral | Genome: Genome: yes	245	14	6
V3V5_155_Bacteroidetes	335	224	91.429	1	243	583_1876 | Prevotella dentalis | HMT-583 | Strain: DSM 3688 | GB: X81876 | Status: Named | Preferred Habitat: Oral | Genome: Genome: yes	245	19	2
V3V5_155_Bacteroidetes	333	219	92.017	6	243	317_8624 | Prevotella sp. HMT 317 | HMT-317 | Clone: C3MKM081 | GB: AY278624 | Status: Unnamed | Preferred Habitat: Oral | Genome: Genome: yes	238	17	2
# BLAST processed 1 queries
