# BLASTN 2.12.0+
# Query: V3V5_088_Bacteroidetes
# Database: ../BLAST_DATABASE_ABUNDANCE/HOMD_16S_rRNA_RefSeq_V15.22.p9.fasta
# Fields: query id, bit score, identical, % identity, q. start, q. end, subject title, alignment length, mismatches, gaps
# 30 hits found
V3V5_088_Bacteroidetes	446	241	100.000	1	241	795_8825 | Prevotella shahii | HMT-795 | Strain: JCM 12083 | GB: AB108825 | Status: Named | Preferred Habitat: Oral | Genome: Genome: yes	241	0	0
V3V5_088_Bacteroidetes	424	237	98.340	1	241	317_8624 | Prevotella sp. HMT 317 | HMT-317 | Clone: C3MKM081 | GB: AY278624 | Status: Unnamed | Preferred Habitat: Oral | Genome: Genome: yes	241	4	0
V3V5_088_Bacteroidetes	424	237	98.340	1	241	317_5061 | Prevotella sp. HMT 317 | HMT-317 | Strain: B31FD | GB: AY005061 | Status: Unnamed | Preferred Habitat: Oral | Genome: Genome: yes	241	4	0
V3V5_088_Bacteroidetes	407	234	97.095	1	241	472GU027 | Prevotella sp. HMT 472 | HMT-472 | Clone: GU027 | GB: AY349398 | Status: Unnamed | Preferred Habitat: Oral | Genome: Genome: yes	241	7	0
V3V5_088_Bacteroidetes	407	234	97.095	1	241	472_2261 | Prevotella sp. HMT 472 | HMT-472 | Clone: 070034_820 | GB: JQ462261 | Status: Unnamed | Preferred Habitat: Oral | Genome: Genome: yes	241	7	0
V3V5_088_Bacteroidetes	401	233	96.680	1	241	658_6481 | Prevotella loescheii | HMT-658 | Strain: ATCC 15930 | GB: L16481 | Status: Named | Preferred Habitat: Oral | Genome: Genome: yes	241	8	0
V3V5_088_Bacteroidetes	374	230	94.650	1	241	475IK053 | Prevotella sp. HMT 475 | HMT-475 | Clone: IK053 | GB: AY349401 | Status: Unnamed | Preferred Habitat: Oral | Genome: Genome: yes	243	10	3
V3V5_088_Bacteroidetes	374	230	94.650	1	241	475_7238 | Prevotella sp. HMT 475 | HMT-475 | Clone: ncd2221f05c1 | GB: JF187238 | Status: Unnamed | Preferred Habitat: Oral | Genome: Genome: yes	243	10	3
V3V5_088_Bacteroidetes	363	224	94.118	4	241	942_6378 | Prevotella sp. HMT 942 | HMT-942 | Clone: 22B412 | GB: FJ976378 | Status: Phylotype | Preferred Habitat: Oral | Genome: Genome: no	238	14	0
V3V5_088_Bacteroidetes	361	226	93.776	2	241	781_3320 | Prevotella saccharolytica | HMT-781 | Strain: JCM 17484 | GB: NR_113320 | Status: Named | Preferred Habitat: Oral | Genome: Genome: yes	241	14	1
V3V5_088_Bacteroidetes	350	224	92.946	2	241	781F0055 | Prevotella saccharolytica | HMT-781 | Strain: F0055 | GB: GQ422744 | Status: Named | Preferred Habitat: Oral | Genome: Genome: yes	241	16	1
V3V5_088_Bacteroidetes	350	225	92.975	2	241	665_1227 | Prevotella marshii | HMT-665 | Strain: E9_34 | GB: AF481227 | Status: Named | Preferred Habitat: Oral | Genome: Genome: yes	242	14	3
V3V5_088_Bacteroidetes	350	224	92.946	2	241	705_5176 | Prevotella oralis | HMT-705 | Clone: ELU0173-000438 | GB: HQ815176 | Status: Named | Preferred Habitat: Oral | Genome: Genome: yes	241	16	1
V3V5_088_Bacteroidetes	350	224	92.946	2	241	705_3522 | Prevotella oralis | HMT-705 | Strain: ATCC 33269 | GB: AY323522 | Status: Named | Preferred Habitat: Oral | Genome: Genome: yes	241	16	1
V3V5_088_Bacteroidetes	340	223	92.149	2	241	301BS041 | Prevotella sp. HMT 301 | HMT-301 | Clone: BS041 | GB: AF385558 | Status: Phylotype | Preferred Habitat: Oral | Genome: Genome: no	242	17	2
V3V5_088_Bacteroidetes	335	220	92.050	4	241	299BI027 | Prevotella nanceiensis | HMT-299 | Clone: BI027 | GB: AY005064 | Status: Named | Preferred Habitat: Oral | Genome: Genome: yes	239	18	1
V3V5_088_Bacteroidetes	326	216	91.525	6	241	305_0424 | Prevotella sp. HMT 305 | HMT-305 | Clone: 070055_034 | GB: JQ460424 | Status: Phylotype | Preferred Habitat: Oral | Genome: Genome: no	236	20	0
V3V5_088_Bacteroidetes	324	220	90.909	1	241	309DO045 | Prevotella sp. HMT 309 | HMT-309 | Clone: DO045 | GB: AF385515 | Status: Phylotype | Preferred Habitat: Oral | Genome: Genome: no	242	21	1
V3V5_088_Bacteroidetes	324	220	90.909	1	241	309_6203 | Prevotella sp. HMT 309 | HMT-309 | Clone: 3083 | GB: FJ976203 | Status: Phylotype | Preferred Habitat: Oral | Genome: Genome: no	242	21	1
V3V5_088_Bacteroidetes	322	217	91.176	6	241	292AU120 | Prevotella sp. HMT 292 | HMT-292 | Clone: AU120 | GB: GQ422735 | Status: Phylotype | Preferred Habitat: Oral | Genome: Genome: no	238	19	2
V3V5_088_Bacteroidetes	322	217	91.176	6	241	292AH125 | Prevotella sp. HMT 292 | HMT-292 | Clone: AH125 | GB: AY005060 | Status: Phylotype | Preferred Habitat: Oral | Genome: Genome: no	238	19	2
V3V5_088_Bacteroidetes	322	217	91.176	6	241	300_0563 | Prevotella sp. HMT 300 | HMT-300 | Clone: ncd2142e01c1 | GB: JF180563 | Status: Phylotype | Preferred Habitat: Oral | Genome: Genome: no	238	19	2
V3V5_088_Bacteroidetes	322	217	91.176	6	241	300BR014 | Prevotella sp. HMT 300 | HMT-300 | Clone: BR014 | GB: AF385554 | Status: Phylotype | Preferred Habitat: Oral | Genome: Genome: no	238	19	2
V3V5_088_Bacteroidetes	322	217	91.176	6	241	293AO009 | Prevotella sp. HMT 293 | HMT-293 | Clone: AO009 | GB: AY005059 | Status: Phylotype | Preferred Habitat: Oral | Genome: Genome: no	238	19	2
V3V5_088_Bacteroidetes	320	215	91.102	6	241	305DO014 | Prevotella sp. HMT 305 | HMT-305 | Clone: DO014 | GB: AF385509 | Status: Phylotype | Preferred Habitat: Oral | Genome: Genome: no	236	21	0
V3V5_088_Bacteroidetes	320	216	91.139	6	241	443_1415 | Prevotella sp. HMT 443 | HMT-443 | Clone: P4PB_24 | GB: AY331415 | Status: Phylotype | Preferred Habitat: Oral | Genome: Genome: no	237	20	1
V3V5_088_Bacteroidetes	318	219	90.496	2	241	562_6476 | Prevotella buccalis | HMT-562 | Strain: ATCC 35310 | GB: L16476 | Status: Named | Preferred Habitat: Unassigned | Genome: Genome: yes	242	21	2
V3V5_088_Bacteroidetes	318	216	90.756	4	241	378_1228 | Prevotella micans | HMT-378 | Strain: E7_56 | GB: AF481228 | Status: Named | Preferred Habitat: Oral | Genome: Genome: yes	238	22	0
V3V5_088_Bacteroidetes	316	216	90.756	6	241	300_8625 | Prevotella sp. HMT 300 | HMT-300 | Clone: C3MLM058 | GB: AY278625 | Status: Phylotype | Preferred Habitat: Oral | Genome: Genome: no	238	20	2
V3V5_088_Bacteroidetes	315	220	90.164	1	241	307_8826 | Prevotella salivae | HMT-307 | Strain: DSM 15606 | GB: AB108826 | Status: Named | Preferred Habitat: Oral | Genome: Genome: yes	244	21	3
# BLAST processed 1 queries
