# BLASTN 2.12.0+
# Query: V3V5_447_Firmicutes
# Database: ../BLAST_DATABASE_ABUNDANCE/HOMD_16S_rRNA_RefSeq_V15.22.p9.fasta
# Fields: query id, bit score, identical, % identity, q. start, q. end, subject title, alignment length, mismatches, gaps
# 30 hits found
V3V5_447_Firmicutes	344	225	92.213	2	244	684_1878 | Mitsuokella multacida | HMT-684 | Strain: NCTC 10934 | GB: X81878 | Status: Named | Preferred Habitat: Unassigned | Genome: Genome: yes	244	17	2
V3V5_447_Firmicutes	339	228	91.200	1	250	102FB046 | Oribacterium sp. HMT 102 | HMT-102 | Clone: FB046 | GB: GQ422713 | Status: Unnamed | Preferred Habitat: Oral | Genome: Genome: no	250	21	1
V3V5_447_Firmicutes	335	229	90.873	1	250	107F0167 | Lachnoanaerobaculum umeaense | HMT-107 | Strain: F0167 | GB: tbd | Status: Named | Preferred Habitat: Oral | Genome: Genome: yes	252	19	4
V3V5_447_Firmicutes	335	229	90.873	1	250	089CK004 | Lachnoanaerobaculum sp. HMT 089 | HMT-089 | Clone: CK004 | GB: AF287776 | Status: Phylotype | Preferred Habitat: Unassigned | Genome: Genome: no	252	19	4
V3V5_447_Firmicutes	333	227	90.800	1	250	102_1218 | Oribacterium sp. HMT 102 | HMT-102 | Clone: MCE7_60 | GB: AF481218 | Status: Unnamed | Preferred Habitat: Oral | Genome: Genome: no	250	22	1
V3V5_447_Firmicutes	333	227	90.800	1	250	096DO008 | Lachnospiraceae [G-2] bacterium HMT 096 | HMT-096 | Clone: DO008 | GB: AF385508 | Status: Unnamed | Preferred Habitat: Oral | Genome: Genome: no	250	22	1
V3V5_447_Firmicutes	333	227	90.800	2	250	521_3628 | Mitsuokella sp. HMT 521 | HMT-521 | Clone: MB5_P06 | GB: DQ003628 | Status: Phylotype | Preferred Habitat: Oral | Genome: Genome: no	250	21	2
V3V5_447_Firmicutes	329	228	90.476	1	250	082BE088 | Lachnoanaerobaculum orale | HMT-082 | Clone: BE088 | GB: AF385552 | Status: Named | Preferred Habitat: Oral | Genome: Genome: yes	252	20	4
V3V5_447_Firmicutes	329	228	90.476	1	250	082F0431 | Lachnoanaerobaculum orale | HMT-082 | Strain: F0431 | GB: tbd | Status: Named | Preferred Habitat: Oral | Genome: Genome: yes	252	20	4
V3V5_447_Firmicutes	329	227	90.438	1	250	494_RDP | Lachnoanaerobaculum saburreum | HMT-494 | Strain: DSM 3986 | GB: RDP | Status: Named | Preferred Habitat: Oral | Genome: Genome: yes	251	22	2
V3V5_447_Firmicutes	329	227	90.438	1	250	494IR009 | Lachnoanaerobaculum saburreum | HMT-494 | Clone: IR009 | GB: AY349376 | Status: Named | Preferred Habitat: Oral | Genome: Genome: yes	251	22	2
V3V5_447_Firmicutes	327	226	90.400	1	250	088CH017 | Lachnospiraceae [G-2] bacterium HMT 088 | HMT-088 | Clone: CH017 | GB: AF287775 | Status: Phylotype | Preferred Habitat: Oral | Genome: Genome: no	250	23	1
V3V5_447_Firmicutes	327	226	90.400	2	250	521_3746 | Mitsuokella sp. HMT 521 | HMT-521 | Clone: 9-1-7 | GB: AY423746 | Status: Phylotype | Preferred Habitat: Oral | Genome: Genome: no	250	22	2
V3V5_447_Firmicutes	322	226	90.040	1	250	496JI012 | Lachnoanaerobaculum sp. HMT 496 | HMT-496 | Clone: JI012 | GB: AY349379 | Status: Phylotype | Preferred Habitat: Unassigned | Genome: Genome: no	251	22	3
V3V5_447_Firmicutes	318	226	89.683	1	250	083BS091 | Lachnoanaerobaculum sp. HMT 083 | HMT-083 | Clone: BS091 | GB: AF385562 | Status: Phylotype | Preferred Habitat: Oral | Genome: Genome: yes	252	22	4
V3V5_447_Firmicutes	318	226	89.683	1	250	083BR088 | Lachnoanaerobaculum sp. HMT 083 | HMT-083 | Clone: BR088 | GB: AF385557 | Status: Phylotype | Preferred Habitat: Oral | Genome: Genome: yes	252	22	4
V3V5_447_Firmicutes	316	224	89.600	1	250	080BB124 | Butyrivibrio sp. HMT 080 | HMT-080 | Clone: BB124 | GB: AF287772 | Status: Phylotype | Preferred Habitat: Oral | Genome: Genome: no	250	25	1
V3V5_447_Firmicutes	315	219	90.123	3	244	935_8649 | Fastidiosipila sanguinis | HMT-935 | Clone: nck255g10c1 | GB: KF098649 | Status: Named | Preferred Habitat: Unassigned | Genome: Genome: no	243	22	2
V3V5_447_Firmicutes	313	225	89.286	1	250	100EI074 | Lachnospiraceae [G-3] bacterium HMT 100 | HMT-100 | Clone: EI074 | GB: AF385573 | Status: Phylotype | Preferred Habitat: Oral | Genome: Genome: no	252	24	3
V3V5_447_Firmicutes	311	222	89.157	2	250	167_1292 | Peptococcus sp. HMT 167 | HMT-167 | Clone: 34q_22 | GB: HE681292 | Status: Lost | Preferred Habitat: Oral | Genome: Genome: no	249	27	0
V3V5_447_Firmicutes	311	222	89.157	2	250	167GEA8 | Peptococcus sp. HMT 167 | HMT-167 | Strain: GEA8 | GB: GQ422727 | Status: Lost | Preferred Habitat: Oral | Genome: Genome: no	249	27	0
V3V5_447_Firmicutes	311	223	89.200	1	250	166CK051 | Johnsonella sp. HMT 166 | HMT-166 | Clone: CK051 | GB: AF287774 | Status: Phylotype | Preferred Habitat: Oral | Genome: Genome: no	250	26	1
V3V5_447_Firmicutes	309	220	89.431	1	245	843_3837 | Dialister micraerophilus | HMT-843 | Strain: ADV 04.01 | GB: AF473837 | Status: Named | Preferred Habitat: Oral | Genome: Genome: yes	246	24	2
V3V5_447_Firmicutes	309	218	89.712	3	244	381_8854 | Ruminococcaceae [G-3] bacterium HMT 381 | HMT-381 | Clone: P4PB_122 | GB: AF538854 | Status: Phylotype | Preferred Habitat: Unassigned | Genome: Genome: no	243	23	2
V3V5_447_Firmicutes	305	220	89.431	2	245	876F0540 | Clostridiales [F-3][G-1] bacterium HMT 876 | HMT-876 | Strain: F0540 | GB: tbd | Status: Unnamed | Preferred Habitat: Unassigned | Genome: Genome: yes	246	21	5
V3V5_447_Firmicutes	305	221	88.755	2	250	168_I070 | Peptococcus sp. HMT 168 | HMT-168 | Clone: _I070 | GB: AF287780 | Status: Phylotype | Preferred Habitat: Oral | Genome: Genome: no	249	28	0
V3V5_447_Firmicutes	303	219	89.024	1	245	118BS095 | Dialister invisus | HMT-118 | Clone: BS095 | GB: AF287787 | Status: Named | Preferred Habitat: Oral | Genome: Genome: yes	246	25	2
V3V5_447_Firmicutes	303	219	89.024	1	245	118GBA27 | Dialister invisus | HMT-118 | Strain: GBA27 | GB: AF287788 | Status: Named | Preferred Habitat: Oral | Genome: Genome: yes	246	25	2
V3V5_447_Firmicutes	302	221	88.755	2	250	790EX153 | Peptoniphilaceae [G-2] bacterium HMT 790 | HMT-790 | Clone: EX153 | GB: AY134899 | Status: Phylotype | Preferred Habitat: Unassigned | Genome: Genome: no	249	24	4
V3V5_447_Firmicutes	302	218	88.980	1	244	841_6094 | Megasphaera sp. HMT 841 | HMT-841 | Clone: Y14 | GB: DQ666094 | Status: Phylotype | Preferred Habitat: Unassigned | Genome: Genome: no	245	25	2
# BLAST processed 1 queries
