# BLASTN 2.12.0+
# Query: V3V5_186_Bacteroidetes
# Database: ../BLAST_DATABASE_ABUNDANCE/HOMD_16S_rRNA_RefSeq_V15.22.p9.fasta
# Fields: query id, bit score, identical, % identity, q. start, q. end, subject title, alignment length, mismatches, gaps
# 30 hits found
V3V5_186_Bacteroidetes	442	241	99.587	1	242	274_8173 | Bacteroidales [G-2] bacterium HMT 274 | HMT-274 | Clone: 071040_120 | GB: JQ468173 | Status: Unnamed | Preferred Habitat: Oral | Genome: Genome: yes	242	1	0
V3V5_186_Bacteroidetes	436	240	99.174	1	242	274AU126 | Bacteroidales [G-2] bacterium HMT 274 | HMT-274 | Clone: AU126 | GB: AY005072 | Status: Unnamed | Preferred Habitat: Oral | Genome: Genome: yes	242	2	0
V3V5_186_Bacteroidetes	300	206	90.351	1	228	273_7054 | Porphyromonas endodontalis | HMT-273 | Clone: P2PB_52 | GB: AY207054 | Status: Named | Preferred Habitat: Oral | Genome: Genome: yes	228	22	0
V3V5_186_Bacteroidetes	300	206	90.351	1	228	273_6491 | Porphyromonas endodontalis | HMT-273 | Strain: ATCC 35406 | GB: L16491 | Status: Named | Preferred Habitat: Oral | Genome: Genome: yes	228	22	0
V3V5_186_Bacteroidetes	294	205	89.912	1	228	273BB134 | Porphyromonas endodontalis | HMT-273 | Clone: BB134 | GB: AY005068 | Status: Named | Preferred Habitat: Oral | Genome: Genome: yes	228	23	0
V3V5_186_Bacteroidetes	294	205	89.912	1	228	273AJ002 | Porphyromonas endodontalis | HMT-273 | Clone: AJ002 | GB: AY005067 | Status: Named | Preferred Habitat: Oral | Genome: Genome: yes	228	23	0
V3V5_186_Bacteroidetes	294	205	89.912	1	228	285_F016 | Porphyromonas sp. HMT 285 | HMT-285 | Clone: _F016 | GB: AY005069 | Status: Phylotype | Preferred Habitat: Oral | Genome: Genome: no	228	23	0
V3V5_186_Bacteroidetes	289	205	89.520	1	228	613_6495 | Tannerella forsythia | HMT-613 | Strain: FDC 338 | GB: L16495 | Status: Named | Preferred Habitat: Oral | Genome: Genome: yes	229	22	2
V3V5_186_Bacteroidetes	283	205	89.130	1	228	278BS045 | Porphyromonas sp. HMT 278 | HMT-278 | Clone: BS045 | GB: AF385560 | Status: Unnamed | Preferred Habitat: Oral | Genome: Genome: yes	230	21	4
V3V5_186_Bacteroidetes	283	205	89.130	1	228	279F450d | Porphyromonas pasteri | HMT-279 | Strain: F0450d | GB: tbd | Status: Named | Preferred Habitat: Oral | Genome: Genome: yes	230	21	4
V3V5_186_Bacteroidetes	283	205	89.130	1	228	279F450c | Porphyromonas pasteri | HMT-279 | Strain: F0450c | GB: tbd | Status: Named | Preferred Habitat: Oral | Genome: Genome: yes	230	21	4
V3V5_186_Bacteroidetes	283	205	89.130	1	228	279CW034 | Porphyromonas pasteri | HMT-279 | Clone: CW034 | GB: AY008310 | Status: Named | Preferred Habitat: Oral | Genome: Genome: yes	230	21	4
V3V5_186_Bacteroidetes	283	205	89.130	1	228	279DP023 | Porphyromonas pasteri | HMT-279 | Clone: DP023 | GB: AF385516 | Status: Named | Preferred Habitat: Oral | Genome: Genome: yes	230	21	4
V3V5_186_Bacteroidetes	283	205	89.130	1	228	279F450a | Porphyromonas pasteri | HMT-279 | Strain: F0450a | GB: tbd | Status: Named | Preferred Habitat: Oral | Genome: Genome: yes	230	21	4
V3V5_186_Bacteroidetes	283	205	89.130	1	228	279F450b | Porphyromonas pasteri | HMT-279 | Strain: F0450b | GB: tbd | Status: Named | Preferred Habitat: Oral | Genome: Genome: yes	230	21	4
V3V5_186_Bacteroidetes	283	205	89.130	1	228	785_3091 | Porphyromonas uenonis | HMT-785 | Strain: JCM 13868 | GB: NR_113091 | Status: Named | Preferred Habitat: Unassigned | Genome: Genome: yes	230	21	4
V3V5_186_Bacteroidetes	283	206	89.177	1	228	785F0120 | Porphyromonas uenonis | HMT-785 | Strain: F0120 | GB: GQ422746 | Status: Named | Preferred Habitat: Unassigned | Genome: Genome: yes	231	20	5
V3V5_186_Bacteroidetes	283	205	89.130	1	228	547_6490 | Porphyromonas asaccharolytica | HMT-547 | Strain: ATCC 25260 | GB: L16490 | Status: Named | Preferred Habitat: Unassigned | Genome: Genome: yes	230	21	4
V3V5_186_Bacteroidetes	283	204	89.083	1	228	916-Wade | Tannerella sp. HMT 916 | HMT-916 | Clone: CP6_C2 | GB: KC203065 | Status: Phylotype | Preferred Habitat: Oral | Genome: Genome: no	229	23	2
V3V5_186_Bacteroidetes	283	204	89.083	1	228	286BU063 | Tannerella sp. HMT 286 | HMT-286 | Clone: BU063 | GB: AY008308 | Status: Unnamed | Preferred Habitat: Oral | Genome: Genome: yes	229	23	2
V3V5_186_Bacteroidetes	278	204	88.696	1	228	283_2823 | Porphyromonas catoniae | HMT-283 | Strain: ATCC 51270 | GB: X82823 | Status: Named | Preferred Habitat: Oral | Genome: Genome: yes	230	22	4
V3V5_186_Bacteroidetes	278	204	88.696	1	228	283DS033 | Porphyromonas catoniae | HMT-283 | Clone: DS033 | GB: AF366271 | Status: Named | Preferred Habitat: Oral | Genome: Genome: yes	230	22	4
V3V5_186_Bacteroidetes	278	204	88.696	1	228	284EP003 | Porphyromonas sp. HMT 284 | HMT-284 | Clone: EP003 | GB: AY008313 | Status: Lost | Preferred Habitat: Oral | Genome: Genome: no	230	22	4
V3V5_186_Bacteroidetes	278	204	88.696	1	228	277BR037 | Porphyromonas sp. HMT 277 | HMT-277 | Clone: BR037 | GB: AF385555 | Status: Phylotype | Preferred Habitat: Oral | Genome: Genome: no	230	22	4
V3V5_186_Bacteroidetes	278	204	88.696	1	228	275AW032 | Porphyromonas sp. HMT 275 | HMT-275 | Clone: AW032 | GB: AF393476 | Status: Phylotype | Preferred Habitat: Oral | Genome: Genome: no	230	22	4
V3V5_186_Bacteroidetes	278	203	88.646	1	228	808BU045 | Tannerella sp. HMT 808 | HMT-808 | Clone: BU045 | GB: AF385565 | Status: Phylotype | Preferred Habitat: Oral | Genome: Genome: no	229	24	2
V3V5_186_Bacteroidetes	276	207	87.712	1	236	933_3217 | Pedobacter sp. HMT 933 | HMT-933 | Clone: nbu291f04c1 | GB: GQ023217 | Status: Phylotype | Preferred Habitat: Unassigned | Genome: Genome: no	236	29	0
V3V5_186_Bacteroidetes	276	211	87.190	1	242	318AV100 | Pedobacter sp. HMT 318 | HMT-318 | Clone: AV100 | GB: AF385531 | Status: Phylotype | Preferred Habitat: Unassigned | Genome: Genome: no	242	31	0
V3V5_186_Bacteroidetes	274	212	87.243	1	242	412F0487 | Capnocytophaga sp. HMT 412 | HMT-412 | Strain: F0487 | GB: tbd | Status: Unnamed | Preferred Habitat: Oral | Genome: Genome: yes	243	27	4
V3V5_186_Bacteroidetes	274	212	87.243	1	242	700_4635 | Capnocytophaga ochracea | HMT-700 | Strain: ATCC 33596 | GB: L14635 | Status: Named | Preferred Habitat: Oral | Genome: Genome: yes	243	27	4
# BLAST processed 1 queries
