# BLASTN 2.12.0+
# Query: V3V5_125_Firmicutes
# Database: ../BLAST_DATABASE_ABUNDANCE/HOMD_16S_rRNA_RefSeq_V15.22.p9.fasta
# Fields: query id, bit score, identical, % identity, q. start, q. end, subject title, alignment length, mismatches, gaps
# 30 hits found
V3V5_125_Firmicutes	462	250	100.000	1	250	118BS095 | Dialister invisus | HMT-118 | Clone: BS095 | GB: AF287787 | Status: Named | Preferred Habitat: Oral | Genome: Genome: yes	250	0	0
V3V5_125_Firmicutes	462	250	100.000	1	250	118GBA27 | Dialister invisus | HMT-118 | Strain: GBA27 | GB: AF287788 | Status: Named | Preferred Habitat: Oral | Genome: Genome: yes	250	0	0
V3V5_125_Firmicutes	457	249	99.600	1	250	736Dpneu | Dialister pneumosintes | HMT-736 | Strain: ATCC 33048 | GB: X82500 | Status: Named | Preferred Habitat: Oral | Genome: Genome: yes	250	1	0
V3V5_125_Firmicutes	451	248	99.200	1	250	843_3837 | Dialister micraerophilus | HMT-843 | Strain: ADV 04.01 | GB: AF473837 | Status: Named | Preferred Habitat: Oral | Genome: Genome: yes	250	2	0
V3V5_125_Firmicutes	407	241	96.016	1	250	119BS016 | Dialister sp. HMT 119 | HMT-119 | Clone: BS016 | GB: AF287786 | Status: Phylotype | Preferred Habitat: Oral | Genome: Genome: no	251	9	1
V3V5_125_Firmicutes	385	237	94.422	1	250	841_6094 | Megasphaera sp. HMT 841 | HMT-841 | Clone: Y14 | GB: DQ666094 | Status: Phylotype | Preferred Habitat: Unassigned | Genome: Genome: no	251	13	1
V3V5_125_Firmicutes	374	235	93.625	1	250	158F0412 | Veillonella rogosae | HMT-158 | Strain: F0412 | GB: tbd | Status: Named | Preferred Habitat: Oral | Genome: Genome: yes	251	15	1
V3V5_125_Firmicutes	374	235	93.625	1	250	158BI029 | Veillonella rogosae | HMT-158 | Clone: BI029 | GB: GQ422725 | Status: Named | Preferred Habitat: Oral | Genome: Genome: yes	251	15	1
V3V5_125_Firmicutes	374	235	93.625	1	250	161BU083 | Veillonella parvula | HMT-161 | Clone: BU083 | GB: AF366266 | Status: Named | Preferred Habitat: Oral | Genome: Genome: yes	251	15	1
V3V5_125_Firmicutes	374	235	93.625	1	250	161Vparv | Veillonella parvula | HMT-161 | Strain: DSM 2008 | GB: X84005 | Status: Named | Preferred Habitat: Oral | Genome: Genome: yes	251	15	1
V3V5_125_Firmicutes	374	235	93.625	1	250	161AA050 | Veillonella parvula | HMT-161 | Clone: AA050 | GB: AF287782 | Status: Named | Preferred Habitat: Oral | Genome: Genome: yes	251	15	1
V3V5_125_Firmicutes	374	235	93.625	1	250	161_X002 | Veillonella parvula | HMT-161 | Clone: _X002 | GB: GU350451 | Status: Named | Preferred Habitat: Oral | Genome: Genome: yes	251	15	1
V3V5_125_Firmicutes	374	235	93.625	1	250	161_X042 | Veillonella parvula | HMT-161 | Clone: _X042 | GB: AF287781 | Status: Named | Preferred Habitat: Oral | Genome: Genome: yes	251	15	1
V3V5_125_Firmicutes	374	235	93.625	1	250	887_5167 | Veillonella denticariosi | HMT-887 | Strain: CCUG 54362 | GB: EF185167 | Status: Named | Preferred Habitat: Oral | Genome: Genome: yes	251	15	1
V3V5_125_Firmicutes	374	235	93.625	1	250	160Vdisp | Veillonella dispar | HMT-160 | Strain: DSM 20735 | GB: X84006 | Status: Named | Preferred Habitat: Oral | Genome: Genome: yes	251	15	1
V3V5_125_Firmicutes	374	235	93.625	1	250	160_X031 | Veillonella dispar | HMT-160 | Clone: _X031 | GB: GQ422726 | Status: Named | Preferred Habitat: Oral | Genome: Genome: yes	251	15	1
V3V5_125_Firmicutes	374	235	93.625	1	250	524Vatyp | Veillonella atypica | HMT-524 | Strain: DSM 20739 | GB: X84007 | Status: Named | Preferred Habitat: Oral | Genome: Genome: yes	251	15	1
V3V5_125_Firmicutes	374	235	93.625	1	250	524_3631 | Veillonella atypica | HMT-524 | Clone: MB5_P17 | GB: DQ003631 | Status: Named | Preferred Habitat: Oral | Genome: Genome: yes	251	15	1
V3V5_125_Firmicutes	363	228	93.443	1	244	780F0009 | Veillonella sp. HMT 780 | HMT-780 | Strain: F0009 | GB: GQ422743 | Status: Unnamed | Preferred Habitat: Oral | Genome: Genome: yes	244	16	0
V3V5_125_Firmicutes	357	227	93.033	1	244	780_7189 | Veillonella sp. HMT 780 | HMT-780 | Clone: HB016 | GB: DQ087189 | Status: Unnamed | Preferred Habitat: Oral | Genome: Genome: yes	244	17	0
V3V5_125_Firmicutes	357	227	93.033	1	244	121BB166 | Anaeroglobus geminatus | HMT-121 | Clone: BB166 | GB: AF287783 | Status: Named | Preferred Habitat: Oral | Genome: Genome: yes	244	17	0
V3V5_125_Firmicutes	355	226	93.004	2	244	684_1878 | Mitsuokella multacida | HMT-684 | Strain: NCTC 10934 | GB: X81878 | Status: Named | Preferred Habitat: Unassigned | Genome: Genome: yes	243	17	0
V3V5_125_Firmicutes	348	229	91.968	2	250	876F0540 | Clostridiales [F-3][G-1] bacterium HMT 876 | HMT-876 | Strain: F0540 | GB: tbd | Status: Unnamed | Preferred Habitat: Unassigned | Genome: Genome: yes	249	19	1
V3V5_125_Firmicutes	348	226	92.245	1	245	155_8628 | Veillonellaceae [G-1] bacterium HMT 155 | HMT-155 | Clone: C3MLM071 | GB: AY278628 | Status: Lost | Preferred Habitat: Oral | Genome: Genome: no	245	19	0
V3V5_125_Firmicutes	348	226	92.245	1	245	155GAA14 | Veillonellaceae [G-1] bacterium HMT 155 | HMT-155 | Strain: GAA14 | GB: AF287789 | Status: Lost | Preferred Habitat: Oral | Genome: Genome: no	245	19	0
V3V5_125_Firmicutes	348	226	92.245	1	245	148EZ011 | Veillonellaceae [G-1] bacterium HMT 148 | HMT-148 | Clone: EZ011 | GB: AF385578 | Status: Phylotype | Preferred Habitat: Unassigned | Genome: Genome: no	245	19	0
V3V5_125_Firmicutes	348	226	92.245	1	245	135_0932 | Veillonellaceae [G-1] bacterium HMT 135 | HMT-135 | Clone: ncd1699h10c1 | GB: JF140932 | Status: Phylotype | Preferred Habitat: Oral | Genome: Genome: no	245	19	0
V3V5_125_Firmicutes	348	226	92.245	1	245	135DM071 | Veillonellaceae [G-1] bacterium HMT 135 | HMT-135 | Clone: DM071 | GB: AF287790 | Status: Phylotype | Preferred Habitat: Oral | Genome: Genome: no	245	19	0
V3V5_125_Firmicutes	348	226	92.245	1	245	150_7052 | Veillonellaceae [G-1] bacterium HMT 150 | HMT-150 | Clone: P2PA_80 | GB: AY207052 | Status: Phylotype | Preferred Habitat: Oral | Genome: Genome: no	245	19	0
V3V5_125_Firmicutes	346	230	91.633	1	250	122_6527 | Megasphaera micronuciformis | HMT-122 | Clone: 16sps19-3e12.p1k | GB: FM996527 | Status: Named | Preferred Habitat: Oral | Genome: Genome: yes	251	20	1
# BLAST processed 1 queries
