# BLASTN 2.12.0+
# Query: V3V5_065_Bacteroidetes
# Database: ../BLAST_DATABASE_ABUNDANCE/HOMD_16S_rRNA_RefSeq_V15.22.p9.fasta
# Fields: query id, bit score, identical, % identity, q. start, q. end, subject title, alignment length, mismatches, gaps
# 30 hits found
V3V5_065_Bacteroidetes	449	243	100.000	1	243	075_F058 | Ruminococcaceae [G-1] bacterium HMT 075 | HMT-075 | Clone: _F058 | GB: AF287779 | Status: Phylotype | Preferred Habitat: Oral | Genome: Genome: no	243	0	0
V3V5_065_Bacteroidetes	327	219	91.632	8	243	085BU014 | Ruminococcaceae [G-2] bacterium HMT 085 | HMT-085 | Clone: BU014 | GB: AF385563 | Status: Phylotype | Preferred Habitat: Oral | Genome: Genome: no	239	17	3
V3V5_065_Bacteroidetes	289	217	88.211	3	243	119BS016 | Dialister sp. HMT 119 | HMT-119 | Clone: BS016 | GB: AF287786 | Status: Phylotype | Preferred Habitat: Oral | Genome: Genome: no	246	23	6
V3V5_065_Bacteroidetes	287	216	88.163	3	243	118BS095 | Dialister invisus | HMT-118 | Clone: BS095 | GB: AF287787 | Status: Named | Preferred Habitat: Oral | Genome: Genome: yes	245	24	5
V3V5_065_Bacteroidetes	287	216	88.163	3	243	118GBA27 | Dialister invisus | HMT-118 | Strain: GBA27 | GB: AF287788 | Status: Named | Preferred Habitat: Oral | Genome: Genome: yes	245	24	5
V3V5_065_Bacteroidetes	281	213	87.654	3	243	876F0540 | Clostridiales [F-3][G-1] bacterium HMT 876 | HMT-876 | Strain: F0540 | GB: tbd | Status: Unnamed | Preferred Habitat: Unassigned | Genome: Genome: yes	243	28	2
V3V5_065_Bacteroidetes	281	215	87.755	3	243	736Dpneu | Dialister pneumosintes | HMT-736 | Strain: ATCC 33048 | GB: X82500 | Status: Named | Preferred Habitat: Oral | Genome: Genome: yes	245	25	5
V3V5_065_Bacteroidetes	281	215	87.755	3	243	843_3837 | Dialister micraerophilus | HMT-843 | Strain: ADV 04.01 | GB: AF473837 | Status: Named | Preferred Habitat: Oral | Genome: Genome: yes	245	25	5
V3V5_065_Bacteroidetes	279	210	87.866	1	237	094DA074 | Lachnospiraceae [G-10] bacterium HMT 094 | HMT-094 | Clone: DA074 | GB: AF287768 | Status: Phylotype | Preferred Habitat: Unassigned | Genome: Genome: no	239	27	2
V3V5_065_Bacteroidetes	278	212	87.603	3	243	539_6962 | Filifactor alocis | HMT-539 | Strain: ATCC 35896 | GB: AJ006962 | Status: Named | Preferred Habitat: Oral | Genome: Genome: yes	242	27	3
V3V5_065_Bacteroidetes	278	212	87.603	3	243	538CK057 | Pseudoramibacter alactolyticus | HMT-538 | Clone: CK057 | GB: AF287778 | Status: Named | Preferred Habitat: Oral | Genome: Genome: yes	242	26	4
V3V5_065_Bacteroidetes	278	215	87.398	3	243	841_6094 | Megasphaera sp. HMT 841 | HMT-841 | Clone: Y14 | GB: DQ666094 | Status: Phylotype | Preferred Habitat: Unassigned | Genome: Genome: no	246	25	6
V3V5_065_Bacteroidetes	276	207	87.712	3	238	500-Wade | Lachnospiraceae [G-8] bacterium HMT 500 | HMT-500 | Strain: W11650 | GB: tbd | Status: Unnamed | Preferred Habitat: Oral | Genome: Genome: no	236	29	0
V3V5_065_Bacteroidetes	274	214	86.992	1	243	467_6963 | Peptostreptococcaceae [XI][G-1] [Eubacterium] sulci | HMT-467 | Strain: ATCC 35585 | GB: AJ006963 | Status: Named | Preferred Habitat: Oral | Genome: Genome: yes	246	28	4
V3V5_065_Bacteroidetes	272	211	87.190	5	243	928W2231 | Gemella sp. HMT 928 | HMT-928 | Strain: W2231 | GB: tbd | Status: Unnamed | Preferred Habitat: Oral | Genome: Genome: yes	242	27	4
V3V5_065_Bacteroidetes	272	211	87.190	5	243	555_5050 | Gemella bergeri | HMT-555 | Strain: FDC A31SC | GB: AY005050 | Status: Named | Preferred Habitat: Oral | Genome: Genome: yes	242	27	4
V3V5_065_Bacteroidetes	272	206	87.660	3	237	790EX153 | Peptoniphilaceae [G-2] bacterium HMT 790 | HMT-790 | Clone: EX153 | GB: AY134899 | Status: Phylotype | Preferred Habitat: Unassigned | Genome: Genome: no	235	28	1
V3V5_065_Bacteroidetes	270	207	87.342	2	238	500JM048 | Lachnospiraceae [G-8] bacterium HMT 500 | HMT-500 | Clone: JM048 | GB: AY349389 | Status: Unnamed | Preferred Habitat: Oral | Genome: Genome: no	237	29	1
V3V5_065_Bacteroidetes	268	213	86.585	1	243	105_3039 | Peptostreptococcaceae [XI][G-1] [Eubacterium] infirmum | HMT-105 | Strain: W1471 | GB: U13039 | Status: Named | Preferred Habitat: Oral | Genome: Genome: yes	246	29	4
V3V5_065_Bacteroidetes	263	199	87.665	3	229	111BS044 | Parvimonas micra | HMT-111 | Clone: BS044 | GB: AF385559 | Status: Named | Preferred Habitat: Oral | Genome: Genome: yes	227	27	1
V3V5_065_Bacteroidetes	263	199	87.665	3	229	111_3523 | Parvimonas micra | HMT-111 | Strain: ATCC 33270 | GB: AY323523 | Status: Named | Preferred Habitat: Oral | Genome: Genome: yes	227	27	1
V3V5_065_Bacteroidetes	263	199	87.665	3	229	110_6545 | Parvimonas sp. HMT 110 | HMT-110 | Strain: MDA2346-2 | GB: AY286545 | Status: Unnamed | Preferred Habitat: Oral | Genome: Genome: yes	227	27	1
V3V5_065_Bacteroidetes	263	199	87.665	3	229	110HE064 | Parvimonas sp. HMT 110 | HMT-110 | Clone: HE064 | GB: GQ422714 | Status: Unnamed | Preferred Habitat: Oral | Genome: Genome: yes	227	27	1
V3V5_065_Bacteroidetes	263	199	87.665	3	229	393_7059 | Parvimonas sp. HMT 393 | HMT-393 | Strain: P4P_31 | GB: AY207059 | Status: Unnamed | Preferred Habitat: Oral | Genome: Genome: yes	227	27	1
V3V5_065_Bacteroidetes	263	206	86.920	3	237	950_9965 | Peptostreptococcaceae [XI][G-3] bacterium HMT 950 | HMT-950 | Clone: 101E03 | GB: AM419965 | Status: Phylotype | Preferred Habitat: Unassigned | Genome: Genome: no	237	28	3
V3V5_065_Bacteroidetes	261	209	86.008	1	243	723_2372 | Atopobium parvulum | HMT-723 | Strain: ATCC22793 | GB: AF292372 | Status: Named | Preferred Habitat: Oral | Genome: Genome: yes	243	34	0
V3V5_065_Bacteroidetes	259	204	86.809	3	237	081W5028 | Peptostreptococcaceae [XI][G-7] bacterium HMT 081 | HMT-081 | Strain: W5028 | GB: tbd | Status: Unnamed | Preferred Habitat: Oral | Genome: Genome: no	235	28	3
V3V5_065_Bacteroidetes	259	204	86.809	3	237	081BB142 | Peptostreptococcaceae [XI][G-7] bacterium HMT 081 | HMT-081 | Clone: BB142 | GB: AF287764 | Status: Unnamed | Preferred Habitat: Oral | Genome: Genome: no	235	28	3
V3V5_065_Bacteroidetes	259	205	86.498	3	237	096DO008 | Lachnospiraceae [G-2] bacterium HMT 096 | HMT-096 | Clone: DO008 | GB: AF385508 | Status: Unnamed | Preferred Habitat: Oral | Genome: Genome: no	237	30	2
V3V5_065_Bacteroidetes	257	210	86.066	2	243	294N130A | Anaerococcus sp. HMT 294 | HMT-294 | Clone: nck304d08c1 | GB: KF105918 | Status: Phylotype | Preferred Habitat: Unassigned | Genome: Genome: no	244	28	6
# BLAST processed 1 queries
