# BLASTN 2.12.0+
# Query: V3V5_475_Firmicutes
# Database: ../BLAST_DATABASE_ABUNDANCE/HOMD_16S_rRNA_RefSeq_V15.22.p9.fasta
# Fields: query id, bit score, identical, % identity, q. start, q. end, subject title, alignment length, mismatches, gaps
# 30 hits found
V3V5_475_Firmicutes	429	244	97.600	1	250	118BS095 | Dialister invisus | HMT-118 | Clone: BS095 | GB: AF287787 | Status: Named | Preferred Habitat: Oral | Genome: Genome: yes	250	6	0
V3V5_475_Firmicutes	429	244	97.600	1	250	118GBA27 | Dialister invisus | HMT-118 | Strain: GBA27 | GB: AF287788 | Status: Named | Preferred Habitat: Oral | Genome: Genome: yes	250	6	0
V3V5_475_Firmicutes	429	244	97.600	1	250	843_3837 | Dialister micraerophilus | HMT-843 | Strain: ADV 04.01 | GB: AF473837 | Status: Named | Preferred Habitat: Oral | Genome: Genome: yes	250	6	0
V3V5_475_Firmicutes	424	243	97.200	1	250	736Dpneu | Dialister pneumosintes | HMT-736 | Strain: ATCC 33048 | GB: X82500 | Status: Named | Preferred Habitat: Oral | Genome: Genome: yes	250	7	0
V3V5_475_Firmicutes	396	239	95.219	1	250	119BS016 | Dialister sp. HMT 119 | HMT-119 | Clone: BS016 | GB: AF287786 | Status: Phylotype | Preferred Habitat: Oral | Genome: Genome: no	251	11	1
V3V5_475_Firmicutes	374	235	93.625	1	250	841_6094 | Megasphaera sp. HMT 841 | HMT-841 | Clone: Y14 | GB: DQ666094 | Status: Phylotype | Preferred Habitat: Unassigned | Genome: Genome: no	251	15	1
V3V5_475_Firmicutes	359	230	92.742	3	250	366_1208 | Ruminococcaceae [G-3] bacterium HMT 366 | HMT-366 | Clone: MCE3_9 | GB: AF481208 | Status: Phylotype | Preferred Habitat: Unassigned | Genome: Genome: no	248	18	0
V3V5_475_Firmicutes	353	230	92.369	2	250	876F0540 | Clostridiales [F-3][G-1] bacterium HMT 876 | HMT-876 | Strain: F0540 | GB: tbd | Status: Unnamed | Preferred Habitat: Unassigned | Genome: Genome: yes	249	18	1
V3V5_475_Firmicutes	351	231	92.032	1	250	158F0412 | Veillonella rogosae | HMT-158 | Strain: F0412 | GB: tbd | Status: Named | Preferred Habitat: Oral | Genome: Genome: yes	251	19	1
V3V5_475_Firmicutes	351	231	92.032	1	250	158BI029 | Veillonella rogosae | HMT-158 | Clone: BI029 | GB: GQ422725 | Status: Named | Preferred Habitat: Oral | Genome: Genome: yes	251	19	1
V3V5_475_Firmicutes	351	231	92.032	1	250	161BU083 | Veillonella parvula | HMT-161 | Clone: BU083 | GB: AF366266 | Status: Named | Preferred Habitat: Oral | Genome: Genome: yes	251	19	1
V3V5_475_Firmicutes	351	231	92.032	1	250	161Vparv | Veillonella parvula | HMT-161 | Strain: DSM 2008 | GB: X84005 | Status: Named | Preferred Habitat: Oral | Genome: Genome: yes	251	19	1
V3V5_475_Firmicutes	351	231	92.032	1	250	161AA050 | Veillonella parvula | HMT-161 | Clone: AA050 | GB: AF287782 | Status: Named | Preferred Habitat: Oral | Genome: Genome: yes	251	19	1
V3V5_475_Firmicutes	351	231	92.032	1	250	161_X002 | Veillonella parvula | HMT-161 | Clone: _X002 | GB: GU350451 | Status: Named | Preferred Habitat: Oral | Genome: Genome: yes	251	19	1
V3V5_475_Firmicutes	351	231	92.032	1	250	161_X042 | Veillonella parvula | HMT-161 | Clone: _X042 | GB: AF287781 | Status: Named | Preferred Habitat: Oral | Genome: Genome: yes	251	19	1
V3V5_475_Firmicutes	351	231	92.032	1	250	887_5167 | Veillonella denticariosi | HMT-887 | Strain: CCUG 54362 | GB: EF185167 | Status: Named | Preferred Habitat: Oral | Genome: Genome: yes	251	19	1
V3V5_475_Firmicutes	351	231	92.032	1	250	160Vdisp | Veillonella dispar | HMT-160 | Strain: DSM 20735 | GB: X84006 | Status: Named | Preferred Habitat: Oral | Genome: Genome: yes	251	19	1
V3V5_475_Firmicutes	351	231	92.032	1	250	160_X031 | Veillonella dispar | HMT-160 | Clone: _X031 | GB: GQ422726 | Status: Named | Preferred Habitat: Oral | Genome: Genome: yes	251	19	1
V3V5_475_Firmicutes	351	231	92.032	1	250	524Vatyp | Veillonella atypica | HMT-524 | Strain: DSM 20739 | GB: X84007 | Status: Named | Preferred Habitat: Oral | Genome: Genome: yes	251	19	1
V3V5_475_Firmicutes	351	231	92.032	1	250	524_3631 | Veillonella atypica | HMT-524 | Clone: MB5_P17 | GB: DQ003631 | Status: Named | Preferred Habitat: Oral | Genome: Genome: yes	251	19	1
V3V5_475_Firmicutes	350	225	92.593	2	244	684_1878 | Mitsuokella multacida | HMT-684 | Strain: NCTC 10934 | GB: X81878 | Status: Named | Preferred Habitat: Unassigned | Genome: Genome: yes	243	18	0
V3V5_475_Firmicutes	342	227	91.532	3	250	381_8854 | Ruminococcaceae [G-3] bacterium HMT 381 | HMT-381 | Clone: P4PB_122 | GB: AF538854 | Status: Phylotype | Preferred Habitat: Unassigned | Genome: Genome: no	248	21	0
V3V5_475_Firmicutes	340	224	91.803	1	244	780F0009 | Veillonella sp. HMT 780 | HMT-780 | Strain: F0009 | GB: GQ422743 | Status: Unnamed | Preferred Habitat: Oral | Genome: Genome: yes	244	20	0
V3V5_475_Firmicutes	337	224	91.429	1	245	150_7052 | Veillonellaceae [G-1] bacterium HMT 150 | HMT-150 | Clone: P2PA_80 | GB: AY207052 | Status: Phylotype | Preferred Habitat: Oral | Genome: Genome: no	245	21	0
V3V5_475_Firmicutes	335	223	91.393	1	244	780_7189 | Veillonella sp. HMT 780 | HMT-780 | Clone: HB016 | GB: DQ087189 | Status: Unnamed | Preferred Habitat: Oral | Genome: Genome: yes	244	21	0
V3V5_475_Firmicutes	335	223	91.393	1	244	121BB166 | Anaeroglobus geminatus | HMT-121 | Clone: BB166 | GB: AF287783 | Status: Named | Preferred Habitat: Oral | Genome: Genome: yes	244	21	0
V3V5_475_Firmicutes	331	223	91.020	1	245	150_K024 | Veillonellaceae [G-1] bacterium HMT 150 | HMT-150 | Clone: _K024 | GB: GQ422721 | Status: Phylotype | Preferred Habitat: Oral | Genome: Genome: no	245	22	0
V3V5_475_Firmicutes	331	223	91.020	1	245	132CS015 | Veillonellaceae [G-1] bacterium HMT 132 | HMT-132 | Clone: CS015 | GB: AF287791 | Status: Phylotype | Preferred Habitat: Oral | Genome: Genome: no	245	22	0
V3V5_475_Firmicutes	331	223	91.020	1	245	129FNA3 | Veillonellaceae [G-1] bacterium HMT 129 | HMT-129 | Strain: FNA3 | GB: GQ422718 | Status: Lost | Preferred Habitat: Oral | Genome: Genome: no	245	22	0
V3V5_475_Firmicutes	329	227	90.438	1	250	123_9314 | Megasphaera sp. HMT 123 | HMT-123 | Clone: ELU0026-000399 | GB: HQ749314 | Status: Phylotype | Preferred Habitat: Oral | Genome: Genome: no	251	23	1
# BLAST processed 1 queries
