# BLASTN 2.12.0+
# Query: V3V5_141_Firmicutes
# Database: ../BLAST_DATABASE_ABUNDANCE/HOMD_16S_rRNA_RefSeq_V15.22.p9.fasta
# Fields: query id, bit score, identical, % identity, q. start, q. end, subject title, alignment length, mismatches, gaps
# 30 hits found
V3V5_141_Firmicutes	460	249	100.000	1	249	085BU014 | Ruminococcaceae [G-2] bacterium HMT 085 | HMT-085 | Clone: BU014 | GB: AF385563 | Status: Phylotype | Preferred Habitat: Oral | Genome: Genome: no	249	0	0
V3V5_141_Firmicutes	327	216	91.915	12	246	075_F058 | Ruminococcaceae [G-1] bacterium HMT 075 | HMT-075 | Clone: _F058 | GB: AF287779 | Status: Phylotype | Preferred Habitat: Oral | Genome: Genome: no	235	17	2
V3V5_141_Firmicutes	292	212	89.451	14	249	538CK057 | Pseudoramibacter alactolyticus | HMT-538 | Clone: CK057 | GB: AF287778 | Status: Named | Preferred Habitat: Oral | Genome: Genome: yes	237	18	7
V3V5_141_Firmicutes	289	215	88.115	1	243	088CH017 | Lachnospiraceae [G-2] bacterium HMT 088 | HMT-088 | Clone: CH017 | GB: AF287775 | Status: Phylotype | Preferred Habitat: Oral | Genome: Genome: no	244	27	2
V3V5_141_Firmicutes	289	216	88.163	1	243	096DO008 | Lachnospiraceae [G-2] bacterium HMT 096 | HMT-096 | Clone: DO008 | GB: AF385508 | Status: Unnamed | Preferred Habitat: Oral | Genome: Genome: no	245	25	4
V3V5_141_Firmicutes	287	214	88.066	2	243	108_5571 | Oribacterium asaccharolyticum | HMT-108 | Strain: ACB7 | GB: NR_125571 | Status: Named | Preferred Habitat: Oral | Genome: Genome: yes	243	27	2
V3V5_141_Firmicutes	287	214	88.066	2	243	108F0425 | Oribacterium asaccharolyticum | HMT-108 | Strain: F0425 | GB: tbd | Status: Named | Preferred Habitat: Oral | Genome: Genome: yes	243	27	2
V3V5_141_Firmicutes	287	214	88.066	2	243	934FTB41 | Oribacterium parvum | HMT-934 | Strain: FTB41 | GB: AF287770 | Status: Named | Preferred Habitat: Oral | Genome: Genome: yes	243	27	2
V3V5_141_Firmicutes	285	215	87.755	1	243	100EI074 | Lachnospiraceae [G-3] bacterium HMT 100 | HMT-100 | Clone: EI074 | GB: AF385573 | Status: Phylotype | Preferred Habitat: Oral | Genome: Genome: no	245	28	2
V3V5_141_Firmicutes	285	213	88.382	12	249	119BS016 | Dialister sp. HMT 119 | HMT-119 | Clone: BS016 | GB: AF287786 | Status: Phylotype | Preferred Habitat: Oral | Genome: Genome: no	241	23	5
V3V5_141_Firmicutes	285	209	88.936	12	243	843_3837 | Dialister micraerophilus | HMT-843 | Strain: ADV 04.01 | GB: AF473837 | Status: Named | Preferred Habitat: Oral | Genome: Genome: yes	235	21	5
V3V5_141_Firmicutes	283	214	87.705	1	243	102FB046 | Oribacterium sp. HMT 102 | HMT-102 | Clone: FB046 | GB: GQ422713 | Status: Unnamed | Preferred Habitat: Oral | Genome: Genome: no	244	28	2
V3V5_141_Firmicutes	283	214	87.705	1	243	089CK004 | Lachnoanaerobaculum sp. HMT 089 | HMT-089 | Clone: CK004 | GB: AF287776 | Status: Phylotype | Preferred Habitat: Unassigned | Genome: Genome: no	244	29	1
V3V5_141_Firmicutes	279	208	88.511	12	243	118BS095 | Dialister invisus | HMT-118 | Clone: BS095 | GB: AF287787 | Status: Named | Preferred Habitat: Oral | Genome: Genome: yes	235	22	5
V3V5_141_Firmicutes	279	208	88.511	12	243	118GBA27 | Dialister invisus | HMT-118 | Strain: GBA27 | GB: AF287788 | Status: Named | Preferred Habitat: Oral | Genome: Genome: yes	235	22	5
V3V5_141_Firmicutes	278	213	87.295	1	243	102_1218 | Oribacterium sp. HMT 102 | HMT-102 | Clone: MCE7_60 | GB: AF481218 | Status: Unnamed | Preferred Habitat: Oral | Genome: Genome: no	244	29	2
V3V5_141_Firmicutes	278	215	87.398	1	243	097DO016 | Stomatobaculum sp. HMT 097 | HMT-097 | Clone: DO016 | GB: AF385510 | Status: Unnamed | Preferred Habitat: Oral | Genome: Genome: no	246	25	6
V3V5_141_Firmicutes	278	213	87.295	1	243	419_8618 | Stomatobaculum longum | HMT-419 | Clone: C4ALM087 | GB: AY278618 | Status: Named | Preferred Habitat: Oral | Genome: Genome: yes	244	29	2
V3V5_141_Firmicutes	278	213	87.295	1	243	910-Wade | Stomatobaculum sp. HMT 910 | HMT-910 | Clone: CL133 | GB: JQ406544 | Status: Phylotype | Preferred Habitat: Oral | Genome: Genome: no	244	29	2
V3V5_141_Firmicutes	278	213	87.295	1	243	094DA074 | Lachnospiraceae [G-10] bacterium HMT 094 | HMT-094 | Clone: DA074 | GB: AF287768 | Status: Phylotype | Preferred Habitat: Unassigned | Genome: Genome: no	244	29	2
V3V5_141_Firmicutes	274	207	88.085	12	243	736Dpneu | Dialister pneumosintes | HMT-736 | Strain: ATCC 33048 | GB: X82500 | Status: Named | Preferred Habitat: Oral | Genome: Genome: yes	235	23	5
V3V5_141_Firmicutes	272	212	86.885	1	243	107F0167 | Lachnoanaerobaculum umeaense | HMT-107 | Strain: F0167 | GB: tbd | Status: Named | Preferred Habitat: Oral | Genome: Genome: yes	244	31	1
V3V5_141_Firmicutes	272	212	86.885	1	243	496JI012 | Lachnoanaerobaculum sp. HMT 496 | HMT-496 | Clone: JI012 | GB: AY349379 | Status: Phylotype | Preferred Habitat: Unassigned | Genome: Genome: no	244	30	2
V3V5_141_Firmicutes	270	212	86.885	2	243	090CK030 | Butyrivibrio sp. HMT 090 | HMT-090 | Clone: CK030 | GB: AF287773 | Status: Phylotype | Preferred Habitat: Unassigned | Genome: Genome: no	244	28	4
V3V5_141_Firmicutes	270	204	87.931	14	243	165_7151 | Catonella morbi | HMT-165 | Strain: ATCC 51271 | GB: X87151 | Status: Named | Preferred Habitat: Oral | Genome: Genome: yes	232	25	3
V3V5_141_Firmicutes	270	205	87.983	14	243	164BR063 | Catonella sp. HMT 164 | HMT-164 | Clone: BR063 | GB: AF385556 | Status: Phylotype | Preferred Habitat: Oral | Genome: Genome: no	233	23	5
V3V5_141_Firmicutes	268	204	87.931	12	243	081W5028 | Peptostreptococcaceae [XI][G-7] bacterium HMT 081 | HMT-081 | Strain: W5028 | GB: tbd | Status: Unnamed | Preferred Habitat: Oral | Genome: Genome: no	232	23	5
V3V5_141_Firmicutes	268	204	87.931	12	243	081BB142 | Peptostreptococcaceae [XI][G-7] bacterium HMT 081 | HMT-081 | Clone: BB142 | GB: AF287764 | Status: Unnamed | Preferred Habitat: Oral | Genome: Genome: no	232	23	5
V3V5_141_Firmicutes	268	208	87.395	14	249	500-Wade | Lachnospiraceae [G-8] bacterium HMT 500 | HMT-500 | Strain: W11650 | GB: tbd | Status: Unnamed | Preferred Habitat: Oral | Genome: Genome: no	238	24	6
V3V5_141_Firmicutes	268	208	87.395	14	249	500JM048 | Lachnospiraceae [G-8] bacterium HMT 500 | HMT-500 | Clone: JM048 | GB: AY349389 | Status: Unnamed | Preferred Habitat: Oral | Genome: Genome: no	238	24	6
# BLAST processed 1 queries
