# BLASTN 2.12.0+
# Query: V3V5_293_Bacteroidetes
# Database: ../BLAST_DATABASE_ABUNDANCE/HOMD_16S_rRNA_RefSeq_V15.22.p9.fasta
# Fields: query id, bit score, identical, % identity, q. start, q. end, subject title, alignment length, mismatches, gaps
# 30 hits found
V3V5_293_Bacteroidetes	446	241	100.000	1	241	378_1228 | Prevotella micans | HMT-378 | Strain: E7_56 | GB: AF481228 | Status: Named | Preferred Habitat: Oral | Genome: Genome: yes	241	0	0
V3V5_293_Bacteroidetes	366	227	94.191	2	241	309DO045 | Prevotella sp. HMT 309 | HMT-309 | Clone: DO045 | GB: AF385515 | Status: Phylotype | Preferred Habitat: Oral | Genome: Genome: no	241	13	1
V3V5_293_Bacteroidetes	366	227	94.191	2	241	309_6203 | Prevotella sp. HMT 309 | HMT-309 | Clone: 3083 | GB: FJ976203 | Status: Phylotype | Preferred Habitat: Oral | Genome: Genome: no	241	13	1
V3V5_293_Bacteroidetes	363	224	94.118	4	241	942_6378 | Prevotella sp. HMT 942 | HMT-942 | Clone: 22B412 | GB: FJ976378 | Status: Phylotype | Preferred Habitat: Oral | Genome: Genome: no	238	14	0
V3V5_293_Bacteroidetes	361	227	93.802	2	241	572_6473 | Prevotella veroralis | HMT-572 | Strain: ATCC 33779 | GB: L16473 | Status: Named | Preferred Habitat: Oral | Genome: Genome: yes	242	11	4
V3V5_293_Bacteroidetes	361	227	93.802	2	241	313FM005 | Prevotella sp. HMT 313 | HMT-313 | Clone: FM005 | GB: AF432133 | Status: Unnamed | Preferred Habitat: Oral | Genome: Genome: no	242	11	4
V3V5_293_Bacteroidetes	361	227	93.802	2	241	288F0390 | Prevotella oulorum | HMT-288 | Strain: F0390 | GB: tbd | Status: Named | Preferred Habitat: Oral | Genome: Genome: yes	242	12	3
V3V5_293_Bacteroidetes	361	227	93.802	2	241	288_6472 | Prevotella oulorum | HMT-288 | Strain: ATCC 43324 | GB: L16472 | Status: Named | Preferred Habitat: Oral | Genome: Genome: yes	242	12	3
V3V5_293_Bacteroidetes	361	226	93.776	2	241	556_6475 | Prevotella bivia | HMT-556 | Strain: ATCC 29303 | GB: L16475 | Status: Named | Preferred Habitat: Oral | Genome: Genome: yes	241	13	2
V3V5_293_Bacteroidetes	357	225	93.750	4	241	299BI027 | Prevotella nanceiensis | HMT-299 | Clone: BI027 | GB: AY005064 | Status: Named | Preferred Habitat: Oral | Genome: Genome: yes	240	12	3
V3V5_293_Bacteroidetes	355	226	93.388	2	241	782F0012 | Prevotella fusca | HMT-782 | Strain: F0012 | GB: GQ422745 | Status: Named | Preferred Habitat: Oral | Genome: Genome: yes	242	12	4
V3V5_293_Bacteroidetes	355	226	93.388	2	241	782_4304 | Prevotella fusca | HMT-782 | Strain: JCM 17724 | GB: NR_114304 | Status: Named | Preferred Habitat: Oral | Genome: Genome: yes	242	12	4
V3V5_293_Bacteroidetes	355	226	93.388	2	241	885_3253 | Prevotella scopos | HMT-885 | Strain: JCM 17725 | GB: AB683253 | Status: Named | Preferred Habitat: Oral | Genome: Genome: yes	242	12	4
V3V5_293_Bacteroidetes	355	226	93.388	2	241	469_3525 | Prevotella melaninogenica | HMT-469 | Strain: ATCC 25845 | GB: AY323525 | Status: Named | Preferred Habitat: Oral | Genome: Genome: yes	242	12	4
V3V5_293_Bacteroidetes	355	226	93.388	2	241	572_3124 | Prevotella veroralis | HMT-572 | Strain: JCM 6290 | GB: NR_113124 | Status: Named | Preferred Habitat: Oral | Genome: Genome: yes	242	12	4
V3V5_293_Bacteroidetes	355	226	93.388	2	241	572_4079 | Prevotella veroralis | HMT-572 | Clone: 071062_262 | GB: JQ474079 | Status: Named | Preferred Habitat: Oral | Genome: Genome: yes	242	12	4
V3V5_293_Bacteroidetes	355	226	93.388	2	241	306DO027 | Prevotella sp. HMT 306 | HMT-306 | Clone: DO027 | GB: AF385511 | Status: Unnamed | Preferred Habitat: Oral | Genome: Genome: yes	242	12	4
V3V5_293_Bacteroidetes	355	226	93.388	2	241	298BE073 | Prevotella histicola | HMT-298 | Clone: BE073 | GB: AF385551 | Status: Named | Preferred Habitat: Oral | Genome: Genome: yes	242	12	4
V3V5_293_Bacteroidetes	355	226	93.388	2	241	313_9254 | Prevotella sp. HMT 313 | HMT-313 | Clone: 069104_177 | GB: JQ449254 | Status: Unnamed | Preferred Habitat: Oral | Genome: Genome: no	242	12	4
V3V5_293_Bacteroidetes	355	226	93.388	2	241	314FU048 | Prevotella sp. HMT 314 | HMT-314 | Clone: FU048 | GB: AY349393 | Status: Unnamed | Preferred Habitat: Oral | Genome: Genome: no	242	12	4
V3V5_293_Bacteroidetes	340	225	92.213	2	241	307_8826 | Prevotella salivae | HMT-307 | Strain: DSM 15606 | GB: AB108826 | Status: Named | Preferred Habitat: Oral | Genome: Genome: yes	244	14	5
V3V5_293_Bacteroidetes	339	222	92.116	2	241	943_2878 | Prevotella aurantiaca | HMT-943 | Strain: OMA31 | GB: NR_112878 | Status: Named | Preferred Habitat: Oral | Genome: Genome: yes	241	17	2
V3V5_293_Bacteroidetes	339	222	92.116	2	241	714_3121 | Prevotella pallens | HMT-714 | Strain: JCM 11140 | GB: NR_113121 | Status: Named | Preferred Habitat: Oral | Genome: Genome: yes	241	17	2
V3V5_293_Bacteroidetes	337	219	92.405	6	241	705_5176 | Prevotella oralis | HMT-705 | Clone: ELU0173-000438 | GB: HQ815176 | Status: Named | Preferred Habitat: Oral | Genome: Genome: yes	237	17	1
V3V5_293_Bacteroidetes	337	219	92.405	6	241	705_3522 | Prevotella oralis | HMT-705 | Strain: ATCC 33269 | GB: AY323522 | Status: Named | Preferred Habitat: Oral | Genome: Genome: yes	237	17	1
V3V5_293_Bacteroidetes	333	221	91.701	2	241	443_1415 | Prevotella sp. HMT 443 | HMT-443 | Clone: P4PB_24 | GB: AY331415 | Status: Phylotype | Preferred Habitat: Oral | Genome: Genome: no	241	19	1
V3V5_293_Bacteroidetes	333	221	92.083	6	241	301BS041 | Prevotella sp. HMT 301 | HMT-301 | Clone: BS041 | GB: AF385558 | Status: Phylotype | Preferred Habitat: Oral | Genome: Genome: no	240	13	6
V3V5_293_Bacteroidetes	327	220	91.286	2	241	305_0424 | Prevotella sp. HMT 305 | HMT-305 | Clone: 070055_034 | GB: JQ460424 | Status: Phylotype | Preferred Habitat: Oral | Genome: Genome: no	241	19	2
V3V5_293_Bacteroidetes	324	220	90.909	2	241	311_6474 | Prevotella oris | HMT-311 | Strain: ATCC 33573 | GB: L16474 | Status: Named | Preferred Habitat: Oral | Genome: Genome: yes	242	20	2
V3V5_293_Bacteroidetes	324	221	90.947	2	241	292AU120 | Prevotella sp. HMT 292 | HMT-292 | Clone: AU120 | GB: GQ422735 | Status: Phylotype | Preferred Habitat: Oral | Genome: Genome: no	243	18	4
# BLAST processed 1 queries
