# BLASTN 2.12.0+
# Query: V3V5_444_Firmicutes
# Database: ../BLAST_DATABASE_ABUNDANCE/HOMD_16S_rRNA_RefSeq_V15.22.p9.fasta
# Fields: query id, bit score, identical, % identity, q. start, q. end, subject title, alignment length, mismatches, gaps
# 30 hits found
V3V5_444_Firmicutes	375	233	93.952	2	249	094DA074 | Lachnospiraceae [G-10] bacterium HMT 094 | HMT-094 | Clone: DA074 | GB: AF287768 | Status: Phylotype | Preferred Habitat: Unassigned | Genome: Genome: no	248	15	0
V3V5_444_Firmicutes	364	226	94.167	12	249	086BU061 | Lachnospiraceae [G-7] bacterium HMT 086 | HMT-086 | Clone: BU061 | GB: AF385567 | Status: Phylotype | Preferred Habitat: Oral | Genome: Genome: no	240	12	2
V3V5_444_Firmicutes	353	231	92.400	1	249	495JS001 | Peptostreptococcaceae [XI][G-3] bacterium HMT 495 | HMT-495 | Clone: JS001 | GB: AY349378 | Status: Phylotype | Preferred Habitat: Oral | Genome: Genome: no	250	16	3
V3V5_444_Firmicutes	353	229	92.339	2	249	096DO008 | Lachnospiraceae [G-2] bacterium HMT 096 | HMT-096 | Clone: DO008 | GB: AF385508 | Status: Unnamed | Preferred Habitat: Oral | Genome: Genome: no	248	19	0
V3V5_444_Firmicutes	353	224	93.333	12	249	163AH153 | Lachnospiraceae [G-7] bacterium HMT 163 | HMT-163 | Clone: AH153 | GB: AF287769 | Status: Phylotype | Preferred Habitat: Oral | Genome: Genome: no	240	14	2
V3V5_444_Firmicutes	348	230	92.000	1	249	950_9965 | Peptostreptococcaceae [XI][G-3] bacterium HMT 950 | HMT-950 | Clone: 101E03 | GB: AM419965 | Status: Phylotype | Preferred Habitat: Unassigned | Genome: Genome: no	250	17	3
V3V5_444_Firmicutes	342	227	91.903	1	246	383_8856 | Peptostreptococcaceae [XI][G-1] bacterium HMT 383 | HMT-383 | Clone: P2PB_46 | GB: AF538856 | Status: Phylotype | Preferred Habitat: Unassigned | Genome: Genome: no	247	17	3
V3V5_444_Firmicutes	342	227	91.532	2	249	102FB046 | Oribacterium sp. HMT 102 | HMT-102 | Clone: FB046 | GB: GQ422713 | Status: Unnamed | Preferred Habitat: Oral | Genome: Genome: no	248	21	0
V3V5_444_Firmicutes	342	227	91.532	2	249	095_9956 | Shuttleworthia satelles | HMT-095 | Strain: D143K-13 | GB: AF399956 | Status: Named | Preferred Habitat: Oral | Genome: Genome: yes	248	21	0
V3V5_444_Firmicutes	337	224	91.803	1	243	467_6963 | Peptostreptococcaceae [XI][G-1] [Eubacterium] sulci | HMT-467 | Strain: ATCC 35585 | GB: AJ006963 | Status: Named | Preferred Habitat: Oral | Genome: Genome: yes	244	17	3
V3V5_444_Firmicutes	337	226	91.129	2	249	102_1218 | Oribacterium sp. HMT 102 | HMT-102 | Clone: MCE7_60 | GB: AF481218 | Status: Unnamed | Preferred Habitat: Oral | Genome: Genome: no	248	22	0
V3V5_444_Firmicutes	337	227	91.165	2	249	090CK030 | Butyrivibrio sp. HMT 090 | HMT-090 | Clone: CK030 | GB: AF287773 | Status: Phylotype | Preferred Habitat: Unassigned | Genome: Genome: no	249	20	2
V3V5_444_Firmicutes	333	223	91.393	1	244	593_7874 | Mogibacterium diversum | HMT-593 | Strain: ATCC 700923 | GB: AB037874 | Status: Named | Preferred Habitat: Oral | Genome: Genome: no	244	20	1
V3V5_444_Firmicutes	331	223	91.393	1	243	105_3039 | Peptostreptococcaceae [XI][G-1] [Eubacterium] infirmum | HMT-105 | Strain: W1471 | GB: U13039 | Status: Named | Preferred Habitat: Oral | Genome: Genome: yes	244	18	3
V3V5_444_Firmicutes	331	225	90.726	2	249	097DO016 | Stomatobaculum sp. HMT 097 | HMT-097 | Clone: DO016 | GB: AF385510 | Status: Unnamed | Preferred Habitat: Oral | Genome: Genome: no	248	23	0
V3V5_444_Firmicutes	331	225	90.726	2	249	419_8618 | Stomatobaculum longum | HMT-419 | Clone: C4ALM087 | GB: AY278618 | Status: Named | Preferred Habitat: Oral | Genome: Genome: yes	248	23	0
V3V5_444_Firmicutes	331	225	90.726	2	249	910-Wade | Stomatobaculum sp. HMT 910 | HMT-910 | Clone: CL133 | GB: JQ406544 | Status: Phylotype | Preferred Habitat: Oral | Genome: Genome: no	248	23	0
V3V5_444_Firmicutes	331	226	90.763	2	249	496JI012 | Lachnoanaerobaculum sp. HMT 496 | HMT-496 | Clone: JI012 | GB: AY349379 | Status: Phylotype | Preferred Habitat: Unassigned | Genome: Genome: no	249	21	2
V3V5_444_Firmicutes	327	222	90.984	1	244	691_7875 | Mogibacterium neglectum | HMT-691 | Strain: ATCC 700924 | GB: AB037875 | Status: Named | Preferred Habitat: Oral | Genome: Genome: no	244	20	2
V3V5_444_Firmicutes	327	222	90.984	1	244	742_1701 | Mogibacterium pumilum | HMT-742 | Strain: ATCC 700696 | GB: AB021701 | Status: Named | Preferred Habitat: Unassigned | Genome: Genome: yes	244	20	2
V3V5_444_Firmicutes	327	221	90.947	7	249	080BB124 | Butyrivibrio sp. HMT 080 | HMT-080 | Clone: BB124 | GB: AF287772 | Status: Phylotype | Preferred Habitat: Oral | Genome: Genome: no	243	22	0
V3V5_444_Firmicutes	326	222	90.984	1	243	382_1251 | Peptostreptococcaceae [XI][G-8] bacterium HMT 382 | HMT-382 | Clone: 44q_16 | GB: HE681251 | Status: Phylotype | Preferred Habitat: Unassigned | Genome: Genome: no	244	19	3
V3V5_444_Firmicutes	326	222	90.984	1	244	539_6962 | Filifactor alocis | HMT-539 | Strain: ATCC 35896 | GB: AJ006962 | Status: Named | Preferred Habitat: Oral | Genome: Genome: yes	244	18	4
V3V5_444_Firmicutes	326	225	90.361	2	249	108_5571 | Oribacterium asaccharolyticum | HMT-108 | Strain: ACB7 | GB: NR_125571 | Status: Named | Preferred Habitat: Oral | Genome: Genome: yes	249	22	2
V3V5_444_Firmicutes	326	225	90.361	2	249	108F0425 | Oribacterium asaccharolyticum | HMT-108 | Strain: F0425 | GB: tbd | Status: Named | Preferred Habitat: Oral | Genome: Genome: yes	249	22	2
V3V5_444_Firmicutes	326	224	90.323	2	249	934FTB41 | Oribacterium parvum | HMT-934 | Strain: FTB41 | GB: AF287770 | Status: Named | Preferred Habitat: Oral | Genome: Genome: yes	248	24	0
V3V5_444_Firmicutes	326	225	90.361	2	249	934_5570 | Oribacterium parvum | HMT-934 | Strain: ACB1 | GB: NR_125570 | Status: Named | Preferred Habitat: Oral | Genome: Genome: yes	249	22	2
V3V5_444_Firmicutes	326	225	90.361	2	249	457F0268 | Oribacterium sinus | HMT-457 | Strain: F0268 | GB: FJ577261 | Status: Named | Preferred Habitat: Oral | Genome: Genome: yes	249	22	2
V3V5_444_Firmicutes	326	224	90.323	2	249	166CK051 | Johnsonella sp. HMT 166 | HMT-166 | Clone: CK051 | GB: AF287774 | Status: Phylotype | Preferred Habitat: Oral | Genome: Genome: no	248	24	0
V3V5_444_Firmicutes	322	221	90.574	1	244	042W9173 | Mogibacterium timidum | HMT-042 | Strain: W9173 | GB: tbd | Status: Named | Preferred Habitat: Oral | Genome: Genome: yes	244	22	1
# BLAST processed 1 queries
