# BLASTN 2.12.0+
# Query: V3V5_107_Actinobacteria
# Database: ../BLAST_DATABASE_ABUNDANCE/HOMD_16S_rRNA_RefSeq_V15.22.p9.fasta
# Fields: query id, bit score, identical, % identity, q. start, q. end, subject title, alignment length, mismatches, gaps
# 30 hits found
V3V5_107_Actinobacteria	449	243	100.000	1	243	183_7066 | Peptidiphaga sp. HMT 183 | HMT-183 | Strain: P2P_19 | GB: AY207066 | Status: Unnamed | Preferred Habitat: Oral | Genome: Genome: yes	243	0	0
V3V5_107_Actinobacteria	449	243	100.000	1	243	183_8311 | Peptidiphaga sp. HMT 183 | HMT-183 | Clone: EL030 | GB: AY008311 | Status: Unnamed | Preferred Habitat: Oral | Genome: Genome: yes	243	0	0
V3V5_107_Actinobacteria	399	235	96.311	1	243	848F0332 | Peptidiphaga gingivicola | HMT-848 | Strain: F0332 | GB: GQ131416 | Status: Named | Preferred Habitat: Oral | Genome: Genome: yes	244	7	2
V3V5_107_Actinobacteria	394	234	95.902	1	243	830_7625 | Mobiluncus mulieris | HMT-830 | Strain: CCUG 20071 | GB: AJ427625 | Status: Named | Preferred Habitat: Unassigned | Genome: Genome: yes	244	9	1
V3V5_107_Actinobacteria	381	230	95.041	2	243	084N058A | Kocuria palustris | HMT-084 | Strain: TAGA27 | GB: NR_026451 | Status: Named | Preferred Habitat: Unassigned | Genome: Genome: yes	242	12	0
V3V5_107_Actinobacteria	381	230	95.041	2	243	087N061A | Micrococcus luteus | HMT-087 | Strain: NCTC 2665 | GB: NR_075062 | Status: Named | Preferred Habitat: Unassigned | Genome: Genome: yes	242	12	0
V3V5_107_Actinobacteria	377	228	95.000	4	243	340N141B | Brevibacterium paucivorans | HMT-340 | Strain: 28 | GB: EU086796 | Status: Named | Preferred Habitat: Unassigned | Genome: Genome: no	240	12	0
V3V5_107_Actinobacteria	377	228	95.000	4	243	340N141A | Brevibacterium paucivorans | HMT-340 | Strain: CF 62 | GB: NR_025375 | Status: Named | Preferred Habitat: Unassigned | Genome: Genome: no	240	12	0
V3V5_107_Actinobacteria	377	230	94.650	1	243	856_7595 | Sanguibacter keddieii | HMT-856 | Strain: DSM 10542 | GB: NR_027595 | Status: Named | Preferred Habitat: Unassigned | Genome: Genome: yes	243	13	0
V3V5_107_Actinobacteria	375	229	94.628	2	243	189AW006 | Kocuria sp. HMT 189 | HMT-189 | Clone: AW006 | GB: AF385532 | Status: Phylotype | Preferred Habitat: Unassigned | Genome: Genome: no	242	13	0
V3V5_107_Actinobacteria	375	229	94.628	2	243	197N059A | Kocuria rhizophila | HMT-197 | Strain: TA68 | GB: NR_026452 | Status: Named | Preferred Habitat: Unassigned | Genome: Genome: yes	242	13	0
V3V5_107_Actinobacteria	370	228	94.215	2	243	587_9055 | Rothia dentocariosa | HMT-587 | Strain: ATCC 17931 | GB: M59055 | Status: Named | Preferred Habitat: Oral | Genome: Genome: yes	242	14	0
V3V5_107_Actinobacteria	370	228	94.215	2	243	681_4690 | Rothia mucilaginosa | HMT-681 | Strain: DY-18 | GB: NR_074690 | Status: Named | Preferred Habitat: Oral | Genome: Genome: yes	242	14	0
V3V5_107_Actinobacteria	364	225	94.142	5	243	811_4059 | Arcanobacterium haemolyticum | HMT-811 | Strain: CIP 103370 | GB: AJ234059 | Status: Named | Preferred Habitat: Unassigned | Genome: Genome: yes	239	14	0
V3V5_107_Actinobacteria	364	227	93.802	2	243	188_3025 | Rothia aeria | HMT-188 | Strain: CCUG 25688 | GB: Y13025 | Status: Named | Preferred Habitat: Oral | Genome: Genome: yes	242	15	0
V3V5_107_Actinobacteria	364	227	93.802	2	243	188_0891 | Rothia aeria | HMT-188 | Clone: ncd2429e02c1 | GB: JF210891 | Status: Named | Preferred Habitat: Oral | Genome: Genome: yes	242	15	0
V3V5_107_Actinobacteria	363	227	93.802	4	243	448F0400 | Actinomyces sp. HMT 448 | HMT-448 | Strain: F0400 | GB: tbd | Status: Unnamed | Preferred Habitat: Oral | Genome: Genome: yes	242	13	2
V3V5_107_Actinobacteria	363	227	93.802	4	243	448_3317 | Actinomyces sp. HMT 448 | HMT-448 | Clone: 071059_594 | GB: JQ473317 | Status: Unnamed | Preferred Habitat: Oral | Genome: Genome: yes	242	13	2
V3V5_107_Actinobacteria	363	227	93.802	3	243	866_2167 | Actinomyces graevenitzii | HMT-866 | Strain: CCUG 27294 | GB: NR_042167 | Status: Named | Preferred Habitat: Oral | Genome: Genome: yes	242	14	1
V3V5_107_Actinobacteria	359	226	93.388	2	243	354N047A | Dermabacter hominis | HMT-354 | Strain: NCFB 2769 | GB: NR_119073 | Status: Named | Preferred Habitat: Unassigned | Genome: Genome: yes	242	16	0
V3V5_107_Actinobacteria	357	226	93.388	3	243	866F0530 | Actinomyces graevenitzii | HMT-866 | Strain: F0530 | GB: tbd | Status: Named | Preferred Habitat: Oral | Genome: Genome: yes	242	15	1
V3V5_107_Actinobacteria	355	225	93.361	4	243	618_1735 | Actinomyces gerencseriae | HMT-618 | Clone: 069086_229 | GB: JQ451735 | Status: Named | Preferred Habitat: Oral | Genome: Genome: yes	241	15	1
V3V5_107_Actinobacteria	353	226	93.004	2	243	746_1986 | Actinomyces radicidentis | HMT-746 | Strain: CCUG 36733 | GB: AJ251986 | Status: Named | Preferred Habitat: Unassigned | Genome: Genome: yes	243	16	1
V3V5_107_Actinobacteria	351	225	92.975	2	243	850F0333 | Schaalia cardiffensis | HMT-850 | Strain: F0333 | GB: GU470888 | Status: Named | Preferred Habitat: Oral | Genome: Genome: yes	242	16	1
V3V5_107_Actinobacteria	351	226	93.004	3	243	050N037A | Corynebacterium macginleyi | HMT-050 | Strain: JCL-2 | GB: NR_042138 | Status: Named | Preferred Habitat: Unassigned | Genome: Genome: no	243	13	4
V3V5_107_Actinobacteria	350	226	93.004	4	243	618_0414 | Actinomyces gerencseriae | HMT-618 | Strain: DSM 6844 | GB: X80414 | Status: Named | Preferred Habitat: Oral | Genome: Genome: yes	243	12	5
V3V5_107_Actinobacteria	350	226	93.004	4	243	645_2450 | Actinomyces israelii | HMT-645 | Strain: CIP 103259 | GB: X82450 | Status: Named | Preferred Habitat: Oral | Genome: Genome: yes	243	12	5
V3V5_107_Actinobacteria	350	227	92.653	2	243	852F0489 | Actinomyces massiliensis | HMT-852 | Strain: F0489 | GB: tbd | Status: Named | Preferred Habitat: Oral | Genome: Genome: yes	245	14	4
V3V5_107_Actinobacteria	348	227	92.653	2	243	179B19SC | Actinomyces timonensis | HMT-179 | Strain: B19SC | GB: AF287748 | Status: Named | Preferred Habitat: Oral | Genome: Genome: yes	245	13	5
V3V5_107_Actinobacteria	348	227	92.653	2	243	179F0378 | Actinomyces timonensis | HMT-179 | Strain: F0378 | GB: tbd | Status: Named | Preferred Habitat: Oral | Genome: Genome: yes	245	13	5
# BLAST processed 1 queries
