# BLASTN 2.12.0+
# Query: V3V5_250_Fusobacteria
# Database: ../BLAST_DATABASE_ABUNDANCE/HOMD_16S_rRNA_RefSeq_V15.22.p9.fasta
# Fields: query id, bit score, identical, % identity, q. start, q. end, subject title, alignment length, mismatches, gaps
# 30 hits found
V3V5_250_Fusobacteria	449	255	97.701	1	261	953_0020 | Fusobacterium hwasookii | HMT-953 | Strain: ChDC F128 | GB: ALVD01000020 | Status: Named | Preferred Habitat: Oral | Genome: Genome: yes	261	6	0
V3V5_250_Fusobacteria	449	255	97.701	1	261	370_1217 | Fusobacterium sp. HMT 370 | HMT-370 | Strain: E9_12 | GB: AF481217 | Status: Unnamed | Preferred Habitat: Oral | Genome: Genome: yes	261	6	0
V3V5_250_Fusobacteria	449	253	98.062	4	261	201_5405 | Fusobacterium periodonticum | HMT-201 | Strain: ATCC 33693 | GB: X55405 | Status: Named | Preferred Habitat: Oral | Genome: Genome: yes	258	5	0
V3V5_250_Fusobacteria	449	251	98.431	7	261	201BS011 | Fusobacterium periodonticum | HMT-201 | Clone: BS011 | GB: AF432130 | Status: Named | Preferred Habitat: Oral | Genome: Genome: yes	255	4	0
V3V5_250_Fusobacteria	444	254	97.318	1	261	420_8617 | Fusobacterium nucleatum subsp. animalis | HMT-420 | Clone: C4AKM033 | GB: AY278617 | Status: Named | Preferred Habitat: Oral | Genome: Genome: yes	261	7	0
V3V5_250_Fusobacteria	444	254	97.318	1	261	698_3496 | Fusobacterium nucleatum subsp. nucleatum | HMT-698 | Strain: ATCC 25586 | GB: AJ133496 | Status: Named | Preferred Habitat: Oral | Genome: Genome: yes	261	7	0
V3V5_250_Fusobacteria	444	254	97.318	1	261	203_I035 | Fusobacterium sp. HMT 203 | HMT-203 | Clone: _I035 | GB: AF287815 | Status: Unnamed | Preferred Habitat: Oral | Genome: Genome: yes	261	7	0
V3V5_250_Fusobacteria	444	254	97.318	1	261	203CY024 | Fusobacterium sp. HMT 203 | HMT-203 | Clone: CY024 | GB: AF287809 | Status: Unnamed | Preferred Habitat: Oral | Genome: Genome: yes	261	7	0
V3V5_250_Fusobacteria	444	254	97.318	1	261	203FV003 | Fusobacterium sp. HMT 203 | HMT-203 | Clone: FV003 | GB: GQ422730 | Status: Unnamed | Preferred Habitat: Oral | Genome: Genome: yes	261	7	0
V3V5_250_Fusobacteria	444	254	97.318	1	261	202_7812 | Fusobacterium nucleatum subsp. polymorphum | HMT-202 | Strain: ATCC 10953 | GB: AF287812 | Status: Named | Preferred Habitat: Oral | Genome: Genome: yes	261	7	0
V3V5_250_Fusobacteria	444	252	97.674	4	261	248N122A | Fusobacterium sp. HMT 248 | HMT-248 | Strain: Marseille-P2749 | GB: LT576389 | Status: Unnamed | Preferred Habitat: Unassigned | Genome: Genome: yes	258	6	0
V3V5_250_Fusobacteria	438	253	96.935	1	261	200AJ050 | Fusobacterium nucleatum subsp. vincentii | HMT-200 | Clone: AJ050 | GB: AF287805 | Status: Named | Preferred Habitat: Oral | Genome: Genome: yes	261	8	0
V3V5_250_Fusobacteria	438	253	96.935	1	261	200_7962 | Fusobacterium nucleatum subsp. vincentii | HMT-200 | Clone: 071075_343 | GB: JQ477962 | Status: Named | Preferred Habitat: Oral | Genome: Genome: yes	261	8	0
V3V5_250_Fusobacteria	438	253	96.935	1	261	200_0026 | Fusobacterium nucleatum subsp. vincentii | HMT-200 | Strain: ATCC 49256 | GB: NZ_AABF02000026 | Status: Named | Preferred Habitat: Oral | Genome: Genome: yes	261	8	0
V3V5_250_Fusobacteria	438	253	96.935	1	261	689_6965 | Fusobacterium naviforme | HMT-689 | Strain: DMS 20699 | GB: AJ006965 | Status: Named | Preferred Habitat: Oral | Genome: Genome: no	261	8	0
V3V5_250_Fusobacteria	438	253	96.935	1	261	420_5404 | Fusobacterium nucleatum subsp. animalis | HMT-420 | Strain: NCTC 12276 | GB: X55404 | Status: Named | Preferred Habitat: Oral | Genome: Genome: yes	261	8	0
V3V5_250_Fusobacteria	433	252	96.552	1	261	200_R002 | Fusobacterium nucleatum subsp. vincentii | HMT-200 | Clone: _R002 | GB: AF287806 | Status: Named | Preferred Habitat: Oral | Genome: Genome: yes	261	9	0
V3V5_250_Fusobacteria	433	252	96.552	1	261	204CZ006 | Fusobacterium sp. HMT 204 | HMT-204 | Clone: CZ006 | GB: AF287810 | Status: Phylotype | Preferred Habitat: Oral | Genome: Genome: no	261	9	0
V3V5_250_Fusobacteria	433	252	96.552	1	261	205FL002 | Fusobacterium sp. HMT 205 | HMT-205 | Clone: FL002 | GB: GU350452 | Status: Phylotype | Preferred Habitat: Oral | Genome: Genome: no	261	9	0
V3V5_250_Fusobacteria	427	247	96.863	7	261	690_4948 | Fusobacterium necrophorum | HMT-690 | Strain: D4 | GB: AF044948 | Status: Named | Preferred Habitat: Oral | Genome: Genome: yes	255	8	0
V3V5_250_Fusobacteria	427	247	96.863	7	261	860_9686 | Fusobacterium gonidiaformans | HMT-860 | Strain: VE32H03 | GB: GQ179686 | Status: Named | Preferred Habitat: Unassigned | Genome: Genome: yes	255	8	0
V3V5_250_Fusobacteria	252	222	84.091	1	261	080BB124 | Butyrivibrio sp. HMT 080 | HMT-080 | Clone: BB124 | GB: AF287772 | Status: Phylotype | Preferred Habitat: Oral | Genome: Genome: no	264	39	3
V3V5_250_Fusobacteria	250	218	84.496	7	261	844_8425 | Sneathia amnii [Not Validly Published] | HMT-844 | Strain: AMN-1 | GB: AY078425 | Status: Named | Preferred Habitat: Oral | Genome: Genome: yes	258	35	5
V3V5_250_Fusobacteria	248	208	84.898	17	261	790EX153 | Peptoniphilaceae [G-2] bacterium HMT 790 | HMT-790 | Clone: EX153 | GB: AY134899 | Status: Phylotype | Preferred Habitat: Unassigned | Genome: Genome: no	245	37	0
V3V5_250_Fusobacteria	246	212	84.462	6	255	219EI022 | Leptotrichia sp. HMT 219 | HMT-219 | Clone: EI022 | GB: AF385572 | Status: Phylotype | Preferred Habitat: Oral | Genome: Genome: no	251	38	1
V3V5_250_Fusobacteria	244	220	83.650	1	261	837_8342 | Sneathia sanguinegens | HMT-837 | Strain: CCUG 41628 | GB: NR_118342 | Status: Named | Preferred Habitat: Oral | Genome: Genome: yes	263	40	3
V3V5_250_Fusobacteria	243	221	83.396	1	261	089CK004 | Lachnoanaerobaculum sp. HMT 089 | HMT-089 | Clone: CK004 | GB: AF287776 | Status: Phylotype | Preferred Habitat: Unassigned | Genome: Genome: no	265	40	4
V3V5_250_Fusobacteria	241	214	83.922	4	256	493JH012 | Peptostreptococcaceae [XI][G-5] bacterium HMT 493 | HMT-493 | Clone: JH012 | GB: AY349373 | Status: Phylotype | Preferred Habitat: Unassigned | Genome: Genome: no	255	38	3
V3V5_250_Fusobacteria	237	221	83.083	1	261	107F0167 | Lachnoanaerobaculum umeaense | HMT-107 | Strain: F0167 | GB: tbd | Status: Named | Preferred Habitat: Oral | Genome: Genome: yes	266	39	6
V3V5_250_Fusobacteria	233	212	83.137	7	261	662N000B | Finegoldia magna | HMT-662 | Strain: JCM 1766 | GB: NR_113383 | Status: Named | Preferred Habitat: Unassigned | Genome: Genome: yes	255	43	0
# BLAST processed 1 queries
