# BLASTN 2.12.0+
# Query: V3V5_061_Actinobacteria
# Database: ../BLAST_DATABASE_ABUNDANCE/HOMD_16S_rRNA_RefSeq_V15.22.p9.fasta
# Fields: query id, bit score, identical, % identity, q. start, q. end, subject title, alignment length, mismatches, gaps
# 30 hits found
V3V5_061_Actinobacteria	436	238	99.582	1	239	723_2372 | Atopobium parvulum | HMT-723 | Strain: ATCC22793 | GB: AF292372 | Status: Named | Preferred Habitat: Oral | Genome: Genome: yes	239	1	0
V3V5_061_Actinobacteria	420	235	98.326	1	239	750_2371 | Atopobium rimae | HMT-750 | Strain: ATCC49626 | GB: AF292371 | Status: Named | Preferred Habitat: Oral | Genome: Genome: yes	239	4	0
V3V5_061_Actinobacteria	414	234	97.908	1	239	199-C19 | Atopobium sp. HMT 199 | HMT-199 | Clone: _C019 | GB: AF287760 | Status: Unnamed | Preferred Habitat: Oral | Genome: Genome: yes	239	5	0
V3V5_061_Actinobacteria	398	231	96.653	1	239	674_7148 | Atopobium minutum | HMT-674 | Strain: NCFB 2751 | GB: X67148 | Status: Named | Preferred Habitat: Unassigned | Genome: Genome: yes	239	8	0
V3V5_061_Actinobacteria	375	228	95.000	1	239	810_9768 | Atopobium sp. HMT 810 | HMT-810 | Strain: BV3Ac1 | GB: JN809768 | Status: Unnamed | Preferred Habitat: Unassigned | Genome: Genome: yes	240	10	2
V3V5_061_Actinobacteria	370	226	94.561	1	239	810F0209 | Atopobium sp. HMT 810 | HMT-810 | Strain: F0209 | GB: EU592966 | Status: Unnamed | Preferred Habitat: Unassigned | Genome: Genome: yes	239	13	0
V3V5_061_Actinobacteria	364	225	94.142	1	239	806_2374 | Olsenella profusa | HMT-806 | Strain: D315A-29 | GB: AF292374 | Status: Named | Preferred Habitat: Oral | Genome: Genome: yes	239	14	0
V3V5_061_Actinobacteria	359	224	93.724	1	239	809F0206 | Olsenella sp. HMT 809 | HMT-809 | Strain: F0206 | GB: EU592965 | Status: Unnamed | Preferred Habitat: Unassigned | Genome: Genome: yes	239	15	0
V3V5_061_Actinobacteria	359	224	93.724	1	239	038_2373 | Olsenella uli | HMT-038 | Strain: ATCC 49627 | GB: AF292373 | Status: Named | Preferred Habitat: Oral | Genome: Genome: yes	239	15	0
V3V5_061_Actinobacteria	359	224	93.724	1	239	807F0004 | Olsenella sp. HMT 807 | HMT-807 | Strain: F0004 | GB: EU592964 | Status: Unnamed | Preferred Habitat: Oral | Genome: Genome: yes	239	15	0
V3V5_061_Actinobacteria	353	225	93.361	1	239	416_8623 | Atopobium sp. HMT 416 | HMT-416 | Clone: C3MLM018 | GB: AY278623 | Status: Unnamed | Preferred Habitat: Unassigned | Genome: Genome: no	241	13	3
V3V5_061_Actinobacteria	348	223	92.917	1	239	814_5325 | Atopobium vaginae | HMT-814 | Strain: VA14183_00 | GB: AF325325 | Status: Named | Preferred Habitat: Unassigned | Genome: Genome: yes	240	16	1
V3V5_061_Actinobacteria	348	222	92.887	1	239	939_2362 | Olsenella sp. HMT 939 | HMT-939 | Clone: ncd319g05c1 | GB: HM312362 | Status: Phylotype | Preferred Habitat: Unassigned | Genome: Genome: no	239	17	0
V3V5_061_Actinobacteria	305	214	89.916	2	239	654_2375 | Eggerthella lenta | HMT-654 | Strain: ATCC 25559 | GB: AF292375 | Status: Named | Preferred Habitat: Unassigned | Genome: Genome: yes	238	22	2
V3V5_061_Actinobacteria	300	211	89.787	6	239	579F0066 | Cryptobacterium curtum | HMT-579 | Strain: F0066 | GB: GQ422741 | Status: Named | Preferred Habitat: Oral | Genome: Genome: yes	235	23	1
V3V5_061_Actinobacteria	283	212	88.333	5	239	587_9055 | Rothia dentocariosa | HMT-587 | Strain: ATCC 17931 | GB: M59055 | Status: Named | Preferred Habitat: Oral | Genome: Genome: yes	240	22	6
V3V5_061_Actinobacteria	283	212	88.333	5	239	681_4690 | Rothia mucilaginosa | HMT-681 | Strain: DY-18 | GB: NR_074690 | Status: Named | Preferred Habitat: Oral | Genome: Genome: yes	240	22	6
V3V5_061_Actinobacteria	283	212	88.333	5	239	084N058A | Kocuria palustris | HMT-084 | Strain: TAGA27 | GB: NR_026451 | Status: Named | Preferred Habitat: Unassigned | Genome: Genome: yes	240	22	6
V3V5_061_Actinobacteria	278	211	87.917	5	239	188_3025 | Rothia aeria | HMT-188 | Strain: CCUG 25688 | GB: Y13025 | Status: Named | Preferred Habitat: Oral | Genome: Genome: yes	240	23	6
V3V5_061_Actinobacteria	278	211	87.917	5	239	188_0891 | Rothia aeria | HMT-188 | Clone: ncd2429e02c1 | GB: JF210891 | Status: Named | Preferred Habitat: Oral | Genome: Genome: yes	240	23	6
V3V5_061_Actinobacteria	278	211	87.917	5	239	189AW006 | Kocuria sp. HMT 189 | HMT-189 | Clone: AW006 | GB: AF385532 | Status: Phylotype | Preferred Habitat: Unassigned | Genome: Genome: no	240	23	6
V3V5_061_Actinobacteria	272	206	87.660	1	233	876F0540 | Clostridiales [F-3][G-1] bacterium HMT 876 | HMT-876 | Strain: F0540 | GB: tbd | Status: Unnamed | Preferred Habitat: Unassigned | Genome: Genome: yes	235	27	2
V3V5_061_Actinobacteria	272	211	87.552	5	239	197N059A | Kocuria rhizophila | HMT-197 | Strain: TA68 | GB: NR_026452 | Status: Named | Preferred Habitat: Unassigned | Genome: Genome: yes	241	22	8
V3V5_061_Actinobacteria	270	208	87.395	6	239	478GI064 | Selenomonas sp. HMT 478 | HMT-478 | Clone: GI064 | GB: AY349404 | Status: Unnamed | Preferred Habitat: Oral | Genome: Genome: yes	238	26	4
V3V5_061_Actinobacteria	270	208	87.395	6	239	478F0592 | Selenomonas sp. HMT 478 | HMT-478 | Strain: F0592 | GB: tbd | Status: Unnamed | Preferred Habitat: Oral | Genome: Genome: yes	238	26	4
V3V5_061_Actinobacteria	270	208	87.395	6	239	136DO042 | Selenomonas sp. HMT 136 | HMT-136 | Clone: DO042 | GB: AF385514 | Status: Unnamed | Preferred Habitat: Oral | Genome: Genome: no	238	26	4
V3V5_061_Actinobacteria	270	208	87.395	6	239	136_3497 | Selenomonas sp. HMT 136 | HMT-136 | Clone: ncd2234b08c1 | GB: JF193497 | Status: Unnamed | Preferred Habitat: Oral | Genome: Genome: no	238	26	4
V3V5_061_Actinobacteria	270	208	87.395	6	239	149_7169 | Selenomonas sp. HMT 149 | HMT-149 | Clone: 070007_022 | GB: JQ457169 | Status: Unnamed | Preferred Habitat: Oral | Genome: Genome: yes	238	26	4
V3V5_061_Actinobacteria	270	208	87.395	6	239	780F0009 | Veillonella sp. HMT 780 | HMT-780 | Strain: F0009 | GB: GQ422743 | Status: Unnamed | Preferred Habitat: Oral | Genome: Genome: yes	238	26	4
V3V5_061_Actinobacteria	270	209	87.083	2	239	602_1240 | Slackia exigua | HMT-602 | Strain: ATCC 700122 | GB: AF101240 | Status: Named | Preferred Habitat: Oral | Genome: Genome: yes	240	29	2
# BLAST processed 1 queries
