# BLASTN 2.12.0+
# Query: V3V5_265_Betaproteobacteria
# Database: ../BLAST_DATABASE_ABUNDANCE/HOMD_16S_rRNA_RefSeq_V15.22.p9.fasta
# Fields: query id, bit score, identical, % identity, q. start, q. end, subject title, alignment length, mismatches, gaps
# 30 hits found
V3V5_265_Betaproteobacteria	427	234	99.574	1	234	894-Wade | Ottowia sp. HMT 894 | HMT-894 | Strain: W10237 | GB: tbd | Status: Unnamed | Preferred Habitat: Unassigned | Genome: Genome: yes	235	0	1
V3V5_265_Betaproteobacteria	427	234	99.574	1	234	894Wade2 | Ottowia sp. HMT 894 | HMT-894 | Clone: BL117 | GB: JQ406530 | Status: Unnamed | Preferred Habitat: Unassigned | Genome: Genome: yes	235	0	1
V3V5_265_Betaproteobacteria	394	228	97.021	1	234	023_2803 | Delftia acidovorans | HMT-023 | Strain: 158 | GB: AJ002803 | Status: Named | Preferred Habitat: Unassigned | Genome: Genome: yes	235	6	1
V3V5_265_Betaproteobacteria	394	228	97.021	1	234	023_0186 | Delftia acidovorans | HMT-023 | Strain: MBIC 1305 | GB: AB020186 | Status: Named | Preferred Habitat: Unassigned | Genome: Genome: yes	235	6	1
V3V5_265_Betaproteobacteria	388	227	96.596	1	234	209N112A | Acidovorax ebreus | HMT-209 | Strain: YW12 | GB: KM287569 | Status: Named | Preferred Habitat: Unassigned | Genome: Genome: yes	235	7	1
V3V5_265_Betaproteobacteria	383	226	96.170	1	234	858_9161 | Comamonas testosteroni | HMT-858 | Strain: ATCC 11996 | GB: NR_029161 | Status: Named | Preferred Habitat: Oral | Genome: Genome: yes	235	8	1
V3V5_265_Betaproteobacteria	383	226	96.170	1	234	216N114A | Acidovorax temperans | HMT-216 | Strain: PHL | GB: NR_028715 | Status: Named | Preferred Habitat: Unassigned | Genome: Genome: yes	235	8	1
V3V5_265_Betaproteobacteria	383	226	96.170	1	234	211N113A | Acidovorax caeni | HMT-211 | Strain: R-24608 | GB: NR_042427 | Status: Named | Preferred Habitat: Unassigned | Genome: Genome: yes	235	8	1
V3V5_265_Betaproteobacteria	383	226	96.170	1	234	717_3736 | Variovorax paradoxus | HMT-717 | Strain: NBRC 15149 | GB: NR_113736 | Status: Named | Preferred Habitat: Unassigned | Genome: Genome: yes	235	8	1
V3V5_265_Betaproteobacteria	377	226	95.763	1	234	026CA004 | Schlegelella aquatica | HMT-026 | Clone: CA004 | GB: AF385538 | Status: Named | Preferred Habitat: Unassigned | Genome: Genome: no	236	7	3
V3V5_265_Betaproteobacteria	372	225	95.339	1	234	025AV011 | Leptothrix sp. HMT 025 | HMT-025 | Clone: AV011a | GB: AF385528 | Status: Phylotype | Preferred Habitat: Unassigned | Genome: Genome: no	236	8	3
V3V5_265_Betaproteobacteria	366	224	94.915	1	234	266N124A | Leptothrix sp. HMT 266 | HMT-266 | Clone: EV818SWSAP20 | GB: DQ337065 | Status: Phylotype | Preferred Habitat: Unassigned | Genome: Genome: no	236	9	3
V3V5_265_Betaproteobacteria	350	221	93.644	1	234	024_5876 | Schlegelella thermodepolymerans | HMT-024 | Strain: DhA-71 | GB: AF125876 | Status: Named | Preferred Habitat: Unassigned | Genome: Genome: no	236	12	3
V3V5_265_Betaproteobacteria	331	212	92.982	2	228	571_7530 | Burkholderia cepacia | HMT-571 | Strain: ATCC 25416 | GB: AF097530 | Status: Named | Preferred Habitat: Unassigned | Genome: Genome: yes	228	15	1
V3V5_265_Betaproteobacteria	327	212	92.576	2	228	027_5039 | Cupriavidus gilardii | HMT-027 | Strain: C37KA | GB: AY005039 | Status: Named | Preferred Habitat: Unassigned | Genome: Genome: yes	229	15	2
V3V5_265_Betaproteobacteria	326	211	92.544	2	228	406AK168 | Ralstonia sp. HMT 406 | HMT-406 | Clone: AK168 | GB: AY005032 | Status: Phylotype | Preferred Habitat: Unassigned | Genome: Genome: no	228	16	1
V3V5_265_Betaproteobacteria	326	211	92.544	2	228	854_3152 | Ralstonia pickettii | HMT-854 | Strain: ATCC 27511 | GB: NR_043152 | Status: Named | Preferred Habitat: Unassigned | Genome: Genome: yes	228	16	1
V3V5_265_Betaproteobacteria	322	211	92.140	1	228	022_3223 | Lautropia mirabilis | HMT-022 | Strain: Fredericksen | GB: X73223 | Status: Named | Preferred Habitat: Oral | Genome: Genome: yes	229	17	1
V3V5_265_Betaproteobacteria	311	209	91.266	1	228	022AP009 | Lautropia mirabilis | HMT-022 | Clone: AP009 | GB: AY005030 | Status: Named | Preferred Habitat: Oral | Genome: Genome: yes	229	19	1
V3V5_265_Betaproteobacteria	311	209	91.266	1	228	343_4907 | Achromobacter xylosoxidans | HMT-343 | Strain: DSM 30026 | GB: Y14907 | Status: Named | Preferred Habitat: Unassigned | Genome: Genome: yes	229	19	1
V3V5_265_Betaproteobacteria	307	212	90.598	1	231	028_5031 | Rhodocyclus sp. HMT 028 | HMT-028 | Strain: A08KA | GB: AY005031 | Status: Unnamed | Preferred Habitat: Unassigned | Genome: Genome: no	234	19	3
V3V5_265_Betaproteobacteria	305	208	90.830	1	228	828_2327 | Bordetella pertussis | HMT-828 | Strain: CIP 105.894 | GB: AF142327 | Status: Named | Preferred Habitat: Unassigned | Genome: Genome: yes	229	20	1
V3V5_265_Betaproteobacteria	294	206	89.956	2	228	956_1687 | Neisseria cinerea | HMT-956 | Strain: ATCC 14685 | GB: NR_121687 | Status: Named | Preferred Habitat: Oral | Genome: Genome: yes	229	21	2
V3V5_265_Betaproteobacteria	289	205	89.520	2	228	669_2273 | Neisseria meningitidis | HMT-669 | Strain: M8067 | GB: AF382273 | Status: Named | Preferred Habitat: Oral | Genome: Genome: yes	229	22	2
V3V5_265_Betaproteobacteria	283	204	89.083	2	228	101N065A | Neisseria perflava | HMT-101 | Strain: Branham 7078 | GB: NR_117694 | Status: Named | Preferred Habitat: Unassigned | Genome: Genome: no	229	23	2
V3V5_265_Betaproteobacteria	283	204	89.083	2	228	610_1998 | Neisseria flavescens | HMT-610 | Clone: P1D1-762 | GB: EF511998 | Status: Named | Preferred Habitat: Oral | Genome: Genome: yes	229	23	2
V3V5_265_Betaproteobacteria	283	204	89.083	2	228	476_9291 | Neisseria subflava | HMT-476 | Strain: U37 | GB: AJ239291 | Status: Named | Preferred Habitat: Oral | Genome: Genome: yes	229	23	2
V3V5_265_Betaproteobacteria	278	203	88.646	2	228	737_6167 | Neisseria polysaccharea | HMT-737 | Strain: ATCC 43768 | GB: L06167 | Status: Named | Preferred Habitat: Unassigned | Genome: Genome: yes	229	24	2
V3V5_265_Betaproteobacteria	278	203	88.646	2	228	018_0511 | Neisseria sp. HMT 018 | HMT-018 | Clone: 069082_036 | GB: JQ450511 | Status: Phylotype | Preferred Habitat: Oral | Genome: Genome: no	229	24	2
V3V5_265_Betaproteobacteria	278	203	88.646	2	228	499JC012 | Neisseria sp. HMT 499 | HMT-499 | Clone: JC012 | GB: AY349388 | Status: Phylotype | Preferred Habitat: Oral | Genome: Genome: no	229	24	2
# BLAST processed 1 queries
