# BLASTN 2.7.1+
# Query: V1V3_001_Firmicutes
# Database: ../blastdb_refseq_V15.22.p9/HOMD_16S_rRNA_RefSeq_V15.22.p9.fasta
# Fields: query acc., subject acc., subject ids
# 500 hits found
V1V3_001_Firmicutes	058BW009	058BW009
V1V3_001_Firmicutes	058BM035	058BM035
V1V3_001_Firmicutes	071_8234	071_8234
V1V3_001_Firmicutes	071_8631	071_8631
V1V3_001_Firmicutes	071_7062	071_7062
V1V3_001_Firmicutes	074-T4E3	074-T4E3
V1V3_001_Firmicutes	070-7A	070-7A
V1V3_001_Firmicutes	677_3929	677_3929
V1V3_001_Firmicutes	734_3930	734_3930
V1V3_001_Firmicutes	423_8630	423_8630
V1V3_001_Firmicutes	431_8633	431_8633
V1V3_001_Firmicutes	398_5045	398_5045
V1V3_001_Firmicutes	073_4974	073_4974
V1V3_001_Firmicutes	073-T1E5	073-T1E5
V1V3_001_Firmicutes	066_1230	066_1230
V1V3_001_Firmicutes	578_8313	578_8313
V1V3_001_Firmicutes	058_8632	058_8632
V1V3_001_Firmicutes	061DN025	061DN025
V1V3_001_Firmicutes	707_3932	707_3932
V1V3_001_Firmicutes	070-12F	070-12F
V1V3_001_Firmicutes	064_8609	064_8609
V1V3_001_Firmicutes	638_8315	638_8315
V1V3_001_Firmicutes	398_7051	398_7051
V1V3_001_Firmicutes	721_3933	721_3933
V1V3_001_Firmicutes	066FN051	066FN051
V1V3_001_Firmicutes	886_9095	886_9095
V1V3_001_Firmicutes	622_3931	622_3931
V1V3_001_Firmicutes	758_3928	758_3928
V1V3_001_Firmicutes	948_7425	948_7425
V1V3_001_Firmicutes	411_8635	411_8635
V1V3_001_Firmicutes	411_9017	411_9017
V1V3_001_Firmicutes	411_8629	411_8629
V1V3_001_Firmicutes	411_8634	411_8634
V1V3_001_Firmicutes	057BE024	057BE024
V1V3_001_Firmicutes	728_8314	728_8314
V1V3_001_Firmicutes	056AY020	056AY020
V1V3_001_Firmicutes	767_2856	767_2856
V1V3_001_Firmicutes	686_3965	686_3965
V1V3_001_Firmicutes	755N000A	755N000A
V1V3_001_Firmicutes	755_8839	755_8839
V1V3_001_Firmicutes	021_8353	021_8353
V1V3_001_Firmicutes	152N096A	152N096A
V1V3_001_Firmicutes	576_4676	576_4676
V1V3_001_Firmicutes	644_4671	644_4671
V1V3_001_Firmicutes	543_4678	543_4678
V1V3_001_Firmicutes	537_5927	537_5927
V1V3_001_Firmicutes	594_8350	594_8350
V1V3_001_Firmicutes	768_3966	768_3966
V1V3_001_Firmicutes	801_9899	801_9899
V1V3_001_Firmicutes	745_3575	745_3575
V1V3_001_Firmicutes	804N000B	804N000B
V1V3_001_Firmicutes	804_8837	804_8837
V1V3_001_Firmicutes	802_1004	802_1004
V1V3_001_Firmicutes	803_6902	803_6902
V1V3_001_Firmicutes	880_0801	880_0801
V1V3_001_Firmicutes	604_8293	604_8293
V1V3_001_Firmicutes	241N118A	241N118A
V1V3_001_Firmicutes	534_2027	534_2027
V1V3_001_Firmicutes	534_0540	534_0540
V1V3_001_Firmicutes	824_5951	824_5951
V1V3_001_Firmicutes	424_8620	424_8620
V1V3_001_Firmicutes	389_0541	389_0541
V1V3_001_Firmicutes	825_0894	825_0894
V1V3_001_Firmicutes	468_8486	468_8486
V1V3_001_Firmicutes	884_1659	884_1659
V1V3_001_Firmicutes	596_5408	596_5408
V1V3_001_Firmicutes	596_2532	596_2532
V1V3_001_Firmicutes	626_4326	626_4326
V1V3_001_Firmicutes	243N119A	243N119A
V1V3_001_Firmicutes	233N117A	233N117A
V1V3_001_Firmicutes	182N107A	182N107A
V1V3_001_Firmicutes	757C24KA	757C24KA
V1V3_001_Firmicutes	045_7498	045_7498
V1V3_001_Firmicutes	045_3853	045_3853
V1V3_001_Firmicutes	881_5055	881_5055
V1V3_001_Firmicutes	418_8619	418_8619
V1V3_001_Firmicutes	076_7603	076_7603
V1V3_001_Firmicutes	046_4327	046_4327
V1V3_001_Firmicutes	046_3366	046_3366
V1V3_001_Firmicutes	756_9108	756_9108
V1V3_001_Firmicutes	550_3357	550_3357
V1V3_001_Firmicutes	048_5540	048_5540
V1V3_001_Firmicutes	786F0064	786F0064
V1V3_001_Firmicutes	614_2628	614_2628
V1V3_001_Firmicutes	928W2231	928W2231
V1V3_001_Firmicutes	555_5050	555_5050
V1V3_001_Firmicutes	883_9211	883_9211
V1V3_001_Firmicutes	861_9598	861_9598
V1V3_001_Firmicutes	567_9935	567_9935
V1V3_001_Firmicutes	116N084A	116N084A
V1V3_001_Firmicutes	141N089A	141N089A
V1V3_001_Firmicutes	127N087A	127N087A
V1V3_001_Firmicutes	120N086A	120N086A
V1V3_001_Firmicutes	128N088A	128N088A
V1V3_001_Firmicutes	117N085A	117N085A
V1V3_001_Firmicutes	331N138A	331N138A
V1V3_001_Firmicutes	921-Wade	921-Wade
V1V3_001_Firmicutes	484_4201	484_4201
V1V3_001_Firmicutes	312N133A	312N133A
V1V3_001_Firmicutes	558_0328	558_0328
V1V3_001_Firmicutes	716_9212	716_9212
V1V3_001_Firmicutes	938_0337	938_0337
V1V3_001_Firmicutes	749_3146	749_3146
V1V3_001_Firmicutes	568_6552	568_6552
V1V3_001_Firmicutes	116N084B	116N084B
V1V3_001_Firmicutes	601_3363	601_3363
V1V3_001_Firmicutes	051DoxG3	051DoxG3
V1V3_001_Firmicutes	608_8819	608_8819
V1V3_001_Firmicutes	142N090A	142N090A
V1V3_001_Firmicutes	813_6959	813_6959
V1V3_001_Firmicutes	678_4915	678_4915
V1V3_001_Firmicutes	905-Wade	905-Wade
V1V3_001_Firmicutes	388_8861	388_8861
V1V3_001_Firmicutes	839_3159	839_3159
V1V3_001_Firmicutes	709F0423	709F0423
V1V3_001_Firmicutes	052DoxG2	052DoxG2
V1V3_001_Firmicutes	817_7362	817_7362
V1V3_001_Firmicutes	125AH132	125AH132
V1V3_001_Firmicutes	138DS071	138DS071
V1V3_001_Firmicutes	139_Z048	139_Z048
V1V3_001_Firmicutes	139DY027	139DY027
V1V3_001_Firmicutes	139Sdian	139Sdian
V1V3_001_Firmicutes	146EW084	146EW084
V1V3_001_Firmicutes	126AJ036	126AJ036
V1V3_001_Firmicutes	920-Wade	920-Wade
V1V3_001_Firmicutes	892F0426	892F0426
V1V3_001_Firmicutes	639Sinfe	639Sinfe
V1V3_001_Firmicutes	919WadeB	919WadeB
V1V3_001_Firmicutes	936_4994	936_4994
V1V3_001_Firmicutes	919WadeA	919WadeA
V1V3_001_Firmicutes	126EY047	126EY047
V1V3_001_Firmicutes	481IK004	481IK004
V1V3_001_Firmicutes	481_4667	481_4667
V1V3_001_Firmicutes	726_0963	726_0963
V1V3_001_Firmicutes	479GT010	479GT010
V1V3_001_Firmicutes	478GI064	478GI064
V1V3_001_Firmicutes	478F0592	478F0592
V1V3_001_Firmicutes	136DO042	136DO042
V1V3_001_Firmicutes	136_3497	136_3497
V1V3_001_Firmicutes	149FT050	149FT050
V1V3_001_Firmicutes	149_7169	149_7169
V1V3_001_Firmicutes	937_5618	937_5618
V1V3_001_Firmicutes	124Sart	124Sart
V1V3_001_Firmicutes	133CS024	133CS024
V1V3_001_Firmicutes	501JI021	501JI021
V1V3_001_Firmicutes	461HT070	461HT070
V1V3_001_Firmicutes	461_7065	461_7065
V1V3_001_Firmicutes	529_8203	529_8203
V1V3_001_Firmicutes	882_4230	882_4230
V1V3_001_Firmicutes	904-Wade	904-Wade
V1V3_001_Firmicutes	125_6593	125_6593
V1V3_001_Firmicutes	130Snoxi	130Snoxi
V1V3_001_Firmicutes	130CI002	130CI002
V1V3_001_Firmicutes	841_6094	841_6094
V1V3_001_Firmicutes	816_3776	816_3776
V1V3_001_Firmicutes	603_0064	603_0064
V1V3_001_Firmicutes	124F0399	124F0399
V1V3_001_Firmicutes	124AA024	124AA024
V1V3_001_Firmicutes	137DS051	137DS051
V1V3_001_Firmicutes	819_2515	819_2515
V1V3_001_Firmicutes	521_3746	521_3746
V1V3_001_Firmicutes	521_3628	521_3628
V1V3_001_Firmicutes	615_8820	615_8820
V1V3_001_Firmicutes	838_6329	838_6329
V1V3_001_Firmicutes	569_3729	569_3729
V1V3_001_Firmicutes	442_1820	442_1820
V1V3_001_Firmicutes	151_N011	151_N011
V1V3_001_Firmicutes	151Ssput	151Ssput
V1V3_001_Firmicutes	151_K168	151_K168
V1V3_001_Firmicutes	134DD020	134DD020
V1V3_001_Firmicutes	131CS002	131CS002
V1V3_001_Firmicutes	131_8627	131_8627
V1V3_001_Firmicutes	161BU083	161BU083
V1V3_001_Firmicutes	161Vparv	161Vparv
V1V3_001_Firmicutes	161AA050	161AA050
V1V3_001_Firmicutes	161_X002	161_X002
V1V3_001_Firmicutes	161_X042	161_X042
V1V3_001_Firmicutes	887_5167	887_5167
V1V3_001_Firmicutes	160Vdisp	160Vdisp
V1V3_001_Firmicutes	160_X031	160_X031
V1V3_001_Firmicutes	524Vatyp	524Vatyp
V1V3_001_Firmicutes	524_3631	524_3631
V1V3_001_Firmicutes	831_7475	831_7475
V1V3_001_Firmicutes	158F0412	158F0412
V1V3_001_Firmicutes	158BI029	158BI029
V1V3_001_Firmicutes	818_3507	818_3507
V1V3_001_Firmicutes	096DO008	096DO008
V1V3_001_Firmicutes	500-Wade	500-Wade
V1V3_001_Firmicutes	091CK047	091CK047
V1V3_001_Firmicutes	112A21H2	112A21H2
V1V3_001_Firmicutes	112CK035	112CK035
V1V3_001_Firmicutes	542_6462	542_6462
V1V3_001_Firmicutes	538CK057	538CK057
V1V3_001_Firmicutes	088CH017	088CH017
V1V3_001_Firmicutes	435_1821	435_1821
V1V3_001_Firmicutes	102_1218	102_1218
V1V3_001_Firmicutes	102FB046	102FB046
V1V3_001_Firmicutes	500JM048	500JM048
V1V3_001_Firmicutes	935_8649	935_8649
V1V3_001_Firmicutes	590_9422	590_9422
V1V3_001_Firmicutes	008_1702	008_1702
V1V3_001_Firmicutes	593_7874	593_7874
V1V3_001_Firmicutes	691_7875	691_7875
V1V3_001_Firmicutes	042W9173	042W9173
V1V3_001_Firmicutes	854_3152	854_3152
V1V3_001_Firmicutes	004_9487	004_9487
V1V3_001_Firmicutes	742_1701	742_1701
V1V3_001_Firmicutes	007_3452	007_3452
V1V3_001_Firmicutes	028_5031	028_5031
V1V3_001_Firmicutes	544_4398	544_4398
V1V3_001_Firmicutes	660_5312	660_5312
V1V3_001_Firmicutes	003_0566	003_0566
V1V3_001_Firmicutes	655_4533	655_4533
V1V3_001_Firmicutes	455GI038	455GI038
V1V3_001_Firmicutes	681_4690	681_4690
V1V3_001_Firmicutes	229N115B	229N115B
V1V3_001_Firmicutes	229N115A	229N115A
V1V3_001_Firmicutes	633_4697	633_4697
V1V3_001_Firmicutes	633_5014	633_5014
V1V3_001_Firmicutes	342N143A	342N143A
V1V3_001_Firmicutes	366_1208	366_1208
V1V3_001_Firmicutes	190B46KS	190B46KS
V1V3_001_Firmicutes	185AV005	185AV005
V1V3_001_Firmicutes	621_7714	621_7714
V1V3_001_Firmicutes	013_9613	013_9613
V1V3_001_Firmicutes	013AK105	013AK105
V1V3_001_Firmicutes	013_5756	013_5756
V1V3_001_Firmicutes	646_1998	646_1998
V1V3_001_Firmicutes	086BU061	086BU061
V1V3_001_Firmicutes	406AK168	406AK168
V1V3_001_Firmicutes	330N137A	330N137A
V1V3_001_Firmicutes	540_4696	540_4696
V1V3_001_Firmicutes	609_9301	609_9301
V1V3_001_Firmicutes	764_9292	764_9292
V1V3_001_Firmicutes	099N064A	099N064A
V1V3_001_Firmicutes	682_9282	682_9282
V1V3_001_Firmicutes	669_2273	669_2273
V1V3_001_Firmicutes	956_1687	956_1687
V1V3_001_Firmicutes	737_6167	737_6167
V1V3_001_Firmicutes	101N065A	101N065A
V1V3_001_Firmicutes	610_1998	610_1998
V1V3_001_Firmicutes	476_9291	476_9291
V1V3_001_Firmicutes	092_0738	092_0738
V1V3_001_Firmicutes	020_1395	020_1395
V1V3_001_Firmicutes	020_5028	020_5028
V1V3_001_Firmicutes	499JC012	499JC012
V1V3_001_Firmicutes	706_6164	706_6164
V1V3_001_Firmicutes	598_6171	598_6171
V1V3_001_Firmicutes	659_0166	659_0166
V1V3_001_Firmicutes	747_5837	747_5837
V1V3_001_Firmicutes	188_3025	188_3025
V1V3_001_Firmicutes	188_0891	188_0891
V1V3_001_Firmicutes	587_9055	587_9055
V1V3_001_Firmicutes	197N059A	197N059A
V1V3_001_Firmicutes	084N058A	084N058A
V1V3_001_Firmicutes	087N061A	087N061A
V1V3_001_Firmicutes	190_5598	190_5598
V1V3_001_Firmicutes	186C24KA	186C24KA
V1V3_001_Firmicutes	646_1999	646_1999
V1V3_001_Firmicutes	571_7530	571_7530
V1V3_001_Firmicutes	001A28SC	001A28SC
V1V3_001_Firmicutes	347BE109	347BE109
V1V3_001_Firmicutes	906-Wade	906-Wade
V1V3_001_Firmicutes	467_6963	467_6963
V1V3_001_Firmicutes	402_7065	402_7065
V1V3_001_Firmicutes	163AH153	163AH153
V1V3_001_Firmicutes	856_7595	856_7595
V1V3_001_Firmicutes	368_1211	368_1211
V1V3_001_Firmicutes	950_9965	950_9965
V1V3_001_Firmicutes	408_8636	408_8636
V1V3_001_Firmicutes	018_0511	018_0511
V1V3_001_Firmicutes	085BU014	085BU014
V1V3_001_Firmicutes	339N140A	339N140A
V1V3_001_Firmicutes	649_9286	649_9286
V1V3_001_Firmicutes	582_6166	582_6166
V1V3_001_Firmicutes	027_5039	027_5039
V1V3_001_Firmicutes	245N121A	245N121A
V1V3_001_Firmicutes	244N120A	244N120A
V1V3_001_Firmicutes	954_9972	954_9972
V1V3_001_Firmicutes	105_3039	105_3039
V1V3_001_Firmicutes	811_4059	811_4059
V1V3_001_Firmicutes	725_1237	725_1237
V1V3_001_Firmicutes	189AW006	189AW006
V1V3_001_Firmicutes	173N105C	173N105C
V1V3_001_Firmicutes	173N105B	173N105B
V1V3_001_Firmicutes	270DD012	270DD012
V1V3_001_Firmicutes	833N000A	833N000A
V1V3_001_Firmicutes	833_0876	833_0876
V1V3_001_Firmicutes	098N062C	098N062C
V1V3_001_Firmicutes	098N062A	098N062A
V1V3_001_Firmicutes	276N126A	276N126A
V1V3_001_Firmicutes	297N132A	297N132A
V1V3_001_Firmicutes	104N072A	104N072A
V1V3_001_Firmicutes	002_3433	002_3433
V1V3_001_Firmicutes	006FI012	006FI012
V1V3_001_Firmicutes	915-Wade	915-Wade
V1V3_001_Firmicutes	012DE012	012DE012
V1V3_001_Firmicutes	012_2982	012_2982
V1V3_001_Firmicutes	683_8147	683_8147
V1V3_001_Firmicutes	196N049A	196N049A
V1V3_001_Firmicutes	98927371	98927371
V1V3_001_Firmicutes	154N099C	154N099C
V1V3_001_Firmicutes	154N099A	154N099A
V1V3_001_Firmicutes	154N099B	154N099B
V1V3_001_Firmicutes	012_2485	012_2485
V1V3_001_Firmicutes	022_3223	022_3223
V1V3_001_Firmicutes	022AP009	022AP009
V1V3_001_Firmicutes	511_3634	511_3634
V1V3_001_Firmicutes	924_9209	924_9209
V1V3_001_Firmicutes	635_7152	635_7152
V1V3_001_Firmicutes	855_7359	855_7359
V1V3_001_Firmicutes	853_7597	853_7597
V1V3_001_Firmicutes	692_9564	692_9564
V1V3_001_Firmicutes	010N002A	010N002A
V1V3_001_Firmicutes	005N001A	005N001A
V1V3_001_Firmicutes	014F0314	014F0314
V1V3_001_Firmicutes	014AP085	014AP085
V1V3_001_Firmicutes	577M-D25	577M-D25
V1V3_001_Firmicutes	577_0620	577_0620
V1V3_001_Firmicutes	316N134A	316N134A
V1V3_001_Firmicutes	857_7798	857_7798
V1V3_001_Firmicutes	354N047A	354N047A
V1V3_001_Firmicutes	038_2373	038_2373
V1V3_001_Firmicutes	718N000A	718N000A
V1V3_001_Firmicutes	718_3530	718_3530
V1V3_001_Firmicutes	459ID059	459ID059
V1V3_001_Firmicutes	327N135A	327N135A
V1V3_001_Firmicutes	075_F058	075_F058
V1V3_001_Firmicutes	823_2782	823_2782
V1V3_001_Firmicutes	192C3KA	192C3KA
V1V3_001_Firmicutes	282N127A	282N127A
V1V3_001_Firmicutes	554_1660	554_1660
V1V3_001_Firmicutes	209N112A	209N112A
V1V3_001_Firmicutes	039CA006	039CA006
V1V3_001_Firmicutes	812_8157	812_8157
V1V3_001_Firmicutes	080BB124	080BB124
V1V3_001_Firmicutes	271_C025	271_C025
V1V3_001_Firmicutes	011_6165	011_6165
V1V3_001_Firmicutes	932_4648	932_4648
V1V3_001_Firmicutes	024_5876	024_5876
V1V3_001_Firmicutes	025AV011	025AV011
V1V3_001_Firmicutes	266N124A	266N124A
V1V3_001_Firmicutes	656_4581	656_4581
V1V3_001_Firmicutes	504_3614	504_3614
V1V3_001_Firmicutes	805_8726	805_8726
V1V3_001_Firmicutes	174N106B	174N106B
V1V3_001_Firmicutes	026CA004	026CA004
V1V3_001_Firmicutes	931_7552	931_7552
V1V3_001_Firmicutes	179B19SC	179B19SC
V1V3_001_Firmicutes	179F0378	179F0378
V1V3_001_Firmicutes	746_1986	746_1986
V1V3_001_Firmicutes	822_2917	822_2917
V1V3_001_Firmicutes	676_8582	676_8582
V1V3_001_Firmicutes	023_2803	023_2803
V1V3_001_Firmicutes	023_0186	023_0186
V1V3_001_Firmicutes	211N113A	211N113A
V1V3_001_Firmicutes	505_3615	505_3615
V1V3_001_Firmicutes	351CW040	351CW040
V1V3_001_Firmicutes	290N129A	290N129A
V1V3_001_Firmicutes	788F0127	788F0127
V1V3_001_Firmicutes	759_5987	759_5987
V1V3_001_Firmicutes	183_7066	183_7066
V1V3_001_Firmicutes	183_8311	183_8311
V1V3_001_Firmicutes	848F0332	848F0332
V1V3_001_Firmicutes	530N000A	530N000A
V1V3_001_Firmicutes	530_5256	530_5256
V1V3_001_Firmicutes	602_1240	602_1240
V1V3_001_Firmicutes	343_4907	343_4907
V1V3_001_Firmicutes	507_3617	507_3617
V1V3_001_Firmicutes	607_2937	607_2937
V1V3_001_Firmicutes	175_5563	175_5563
V1V3_001_Firmicutes	175EP005	175EP005
V1V3_001_Firmicutes	893_5935	893_5935
V1V3_001_Firmicutes	893_4727	893_4727
V1V3_001_Firmicutes	169AG004	169AG004
V1V3_001_Firmicutes	169F496a	169F496a
V1V3_001_Firmicutes	169F496b	169F496b
V1V3_001_Firmicutes	897-Wade	897-Wade
V1V3_001_Firmicutes	866F0530	866F0530
V1V3_001_Firmicutes	866_2167	866_2167
V1V3_001_Firmicutes	072N044A	072N044A
V1V3_001_Firmicutes	062N042A	062N042A
V1V3_001_Firmicutes	595_7069	595_7069
V1V3_001_Firmicutes	047N034A	047N034A
V1V3_001_Firmicutes	031N028A	031N028A
V1V3_001_Firmicutes	114N078A	114N078A
V1V3_001_Firmicutes	216N114A	216N114A
V1V3_001_Firmicutes	017N004E	017N004E
V1V3_001_Firmicutes	017N004B	017N004B
V1V3_001_Firmicutes	017N004A	017N004A
V1V3_001_Firmicutes	017N004C	017N004C
V1V3_001_Firmicutes	017N004D	017N004D
V1V3_001_Firmicutes	295N131A	295N131A
V1V3_001_Firmicutes	889_6658	889_6658
V1V3_001_Firmicutes	890_9329	890_9329
V1V3_001_Firmicutes	632_2265	632_2265
V1V3_001_Firmicutes	294N130A	294N130A
V1V3_001_Firmicutes	738_4575	738_4575
V1V3_001_Firmicutes	552_3055	552_3055
V1V3_001_Firmicutes	191FMA5B	191FMA5B
V1V3_001_Firmicutes	939_2362	939_2362
V1V3_001_Firmicutes	809F0206	809F0206
V1V3_001_Firmicutes	807F0004	807F0004
V1V3_001_Firmicutes	602_4045	602_4045
V1V3_001_Firmicutes	717_3736	717_3736
V1V3_001_Firmicutes	206N109B	206N109B
V1V3_001_Firmicutes	575_6977	575_6977
V1V3_001_Firmicutes	754_5583	754_5583
V1V3_001_Firmicutes	561_5586	561_5586
V1V3_001_Firmicutes	176_1062	176_1062
V1V3_001_Firmicutes	688_2453	688_2453
V1V3_001_Firmicutes	849F0330	849F0330
V1V3_001_Firmicutes	171BL008	171BL008
V1V3_001_Firmicutes	171JA063	171JA063
V1V3_001_Firmicutes	170AP064	170AP064
V1V3_001_Firmicutes	852F0489	852F0489
V1V3_001_Firmicutes	180H1083	180H1083
V1V3_001_Firmicutes	172CT047	172CT047
V1V3_001_Firmicutes	701_0504	701_0504
V1V3_001_Firmicutes	850F0333	850F0333
V1V3_001_Firmicutes	050N037A	050N037A
V1V3_001_Firmicutes	019N026A	019N026A
V1V3_001_Firmicutes	034N030A	034N030A
V1V3_001_Firmicutes	063N043A	063N043A
V1V3_001_Firmicutes	595F235a	595F235a
V1V3_001_Firmicutes	595F235b	595F235b
V1V3_001_Firmicutes	328N136B	328N136B
V1V3_001_Firmicutes	328N136A	328N136A
V1V3_001_Firmicutes	208N111A	208N111A
V1V3_001_Firmicutes	832_9809	832_9809
V1V3_001_Firmicutes	891_7363	891_7363
V1V3_001_Firmicutes	862_3437	862_3437
V1V3_001_Firmicutes	895_0136	895_0136
V1V3_001_Firmicutes	895_6185	895_6185
V1V3_001_Firmicutes	264BZ013	264BZ013
V1V3_001_Firmicutes	262AT040	262AT040
V1V3_001_Firmicutes	265_U007	265_U007
V1V3_001_Firmicutes	830_7625	830_7625
V1V3_001_Firmicutes	340N141B	340N141B
V1V3_001_Firmicutes	340N141A	340N141A
V1V3_001_Firmicutes	591_2059	591_2059
V1V3_001_Firmicutes	806_2374	806_2374
V1V3_001_Firmicutes	531_5039	531_5039
V1V3_001_Firmicutes	531_5035	531_5035
V1V3_001_Firmicutes	322AK152	322AK152
V1V3_001_Firmicutes	176_0512	176_0512
V1V3_001_Firmicutes	525_3632	525_3632
V1V3_001_Firmicutes	193METC3	193METC3
V1V3_001_Firmicutes	810F0209	810F0209
V1V3_001_Firmicutes	810_9768	810_9768
V1V3_001_Firmicutes	268IL034	268IL034
V1V3_001_Firmicutes	268_D120	268_D120
V1V3_001_Firmicutes	257_D36	257_D36
V1V3_001_Firmicutes	858_9161	858_9161
V1V3_001_Firmicutes	894-Wade	894-Wade
V1V3_001_Firmicutes	894Wade2	894Wade2
V1V3_001_Firmicutes	828_2327	828_2327
V1V3_001_Firmicutes	900-Wade	900-Wade
V1V3_001_Firmicutes	704_6060	704_6060
V1V3_001_Firmicutes	451_6846	451_6846
V1V3_001_Firmicutes	176EP011	176EP011
V1V3_001_Firmicutes	618_0414	618_0414
V1V3_001_Firmicutes	618_1735	618_1735
V1V3_001_Firmicutes	180_8611	180_8611
V1V3_001_Firmicutes	180C29KA	180C29KA
V1V3_001_Firmicutes	181H1065	181H1065
V1V3_001_Firmicutes	181_1692	181_1692
V1V3_001_Firmicutes	181_5255	181_5255
V1V3_001_Firmicutes	877F0543	877F0543
V1V3_001_Firmicutes	178B27SC	178B27SC
V1V3_001_Firmicutes	617_0413	617_0413
V1V3_001_Firmicutes	671_2451	671_2451
V1V3_001_Firmicutes	077N045A	077N045A
V1V3_001_Firmicutes	053N038A	053N038A
V1V3_001_Firmicutes	341N142B	341N142B
V1V3_001_Firmicutes	341N142A	341N142A
V1V3_001_Firmicutes	341N142D	341N142D
V1V3_001_Firmicutes	341N142C	341N142C
V1V3_001_Firmicutes	835_7599	835_7599
V1V3_001_Firmicutes	054N039A	054N039A
V1V3_001_Firmicutes	030N027A	030N027A
V1V3_001_Firmicutes	207N110B	207N110B
V1V3_001_Firmicutes	033N029A	033N029A
V1V3_001_Firmicutes	184_3093	184_3093
V1V3_001_Firmicutes	666_3287	666_3287
V1V3_001_Firmicutes	666_2065	666_2065
V1V3_001_Firmicutes	666N000A	666N000A
V1V3_001_Firmicutes	049N035A	049N035A
V1V3_001_Firmicutes	263BH022	263BH022
V1V3_001_Firmicutes	724_3304	724_3304
V1V3_001_Firmicutes	859_3373	859_3373
V1V3_001_Firmicutes	448F0400	448F0400
V1V3_001_Firmicutes	448_3317	448_3317
V1V3_001_Firmicutes	407_8612	407_8612
V1V3_001_Firmicutes	896-Wade	896-Wade
V1V3_001_Firmicutes	888_7609	888_7609
V1V3_001_Firmicutes	588_6183	588_6183
V1V3_001_Firmicutes	829_4095	829_4095
V1V3_001_Firmicutes	541_3045	541_3045
V1V3_001_Firmicutes	623_4320	623_4320
# BLAST processed 1 queries
